[0.016s] Invoking command in '/home/ubuntu/æ¡Œé¢/Robomaster/RM26_ROS2PKG/build/recive_pkg': CMAKE_PREFIX_PATH=/opt/ros/humble /usr/bin/cmake --build /home/ubuntu/æ¡Œé¢/Robomaster/RM26_ROS2PKG/build/recive_pkg -- -j14 -l14
[0.056s] [35m[1mConsolidate compiler generated dependencies of target recive_pkg[0m
[0.092s] [100%] Built target recive_pkg
[0.112s] Invoked command in '/home/ubuntu/æ¡Œé¢/Robomaster/RM26_ROS2PKG/build/recive_pkg' returned '0': CMAKE_PREFIX_PATH=/opt/ros/humble /usr/bin/cmake --build /home/ubuntu/æ¡Œé¢/Robomaster/RM26_ROS2PKG/build/recive_pkg -- -j14 -l14
[0.117s] Invoking command in '/home/ubuntu/æ¡Œé¢/Robomaster/RM26_ROS2PKG/build/recive_pkg': CMAKE_PREFIX_PATH=/opt/ros/humble /usr/bin/cmake --install /home/ubuntu/æ¡Œé¢/Robomaster/RM26_ROS2PKG/build/recive_pkg
[0.119s] -- Install configuration: ""
[0.119s] -- Up-to-date: /home/ubuntu/æ¡Œé¢/Robomaster/RM26_ROS2PKG/install/recive_pkg/lib/recive_pkg/recive_pkg
[0.119s] -- Up-to-date: /home/ubuntu/æ¡Œé¢/Robomaster/RM26_ROS2PKG/install/recive_pkg/share/ament_index/resource_index/package_run_dependencies/recive_pkg
[0.119s] -- Up-to-date: /home/ubuntu/æ¡Œé¢/Robomaster/RM26_ROS2PKG/install/recive_pkg/share/ament_index/resource_index/parent_prefix_path/recive_pkg
[0.119s] -- Up-to-date: /home/ubuntu/æ¡Œé¢/Robomaster/RM26_ROS2PKG/install/recive_pkg/share/recive_pkg/environment/ament_prefix_path.sh
[0.119s] -- Up-to-date: /home/ubuntu/æ¡Œé¢/Robomaster/RM26_ROS2PKG/install/recive_pkg/share/recive_pkg/environment/ament_prefix_path.dsv
[0.119s] -- Up-to-date: /home/ubuntu/æ¡Œé¢/Robomaster/RM26_ROS2PKG/install/recive_pkg/share/recive_pkg/environment/path.sh
[0.120s] -- Up-to-date: /home/ubuntu/æ¡Œé¢/Robomaster/RM26_ROS2PKG/install/recive_pkg/share/recive_pkg/environment/path.dsv
[0.120s] -- Up-to-date: /home/ubuntu/æ¡Œé¢/Robomaster/RM26_ROS2PKG/install/recive_pkg/share/recive_pkg/local_setup.bash
[0.120s] -- Up-to-date: /home/ubuntu/æ¡Œé¢/Robomaster/RM26_ROS2PKG/install/recive_pkg/share/recive_pkg/local_setup.sh
[0.120s] -- Up-to-date: /home/ubuntu/æ¡Œé¢/Robomaster/RM26_ROS2PKG/install/recive_pkg/share/recive_pkg/local_setup.zsh
[0.120s] -- Up-to-date: /home/ubuntu/æ¡Œé¢/Robomaster/RM26_ROS2PKG/install/recive_pkg/share/recive_pkg/local_setup.dsv
[0.121s] -- Installing: /home/ubuntu/æ¡Œé¢/Robomaster/RM26_ROS2PKG/install/recive_pkg/share/recive_pkg/package.dsv
[0.121s] -- Up-to-date: /home/ubuntu/æ¡Œé¢/Robomaster/RM26_ROS2PKG/install/recive_pkg/share/ament_index/resource_index/packages/recive_pkg
[0.121s] -- Up-to-date: /home/ubuntu/æ¡Œé¢/Robomaster/RM26_ROS2PKG/install/recive_pkg/share/recive_pkg/cmake/recive_pkgConfig.cmake
[0.121s] -- Up-to-date: /home/ubuntu/æ¡Œé¢/Robomaster/RM26_ROS2PKG/install/recive_pkg/share/recive_pkg/cmake/recive_pkgConfig-version.cmake
[0.122s] -- Up-to-date: /home/ubuntu/æ¡Œé¢/Robomaster/RM26_ROS2PKG/install/recive_pkg/share/recive_pkg/package.xml
[0.142s] Invoked command in '/home/ubuntu/æ¡Œé¢/Robomaster/RM26_ROS2PKG/build/recive_pkg' returned '0': CMAKE_PREFIX_PATH=/opt/ros/humble /usr/bin/cmake --install /home/ubuntu/æ¡Œé¢/Robomaster/RM26_ROS2PKG/build/recive_pkg
