[35m[1mConsolidate compiler generated dependencies of target recive_pkg[0m
[100%] Built target recive_pkg
-- Install configuration: ""
-- Installing: /home/ubuntu/æ¡Œé¢/RM26/install/recive_pkg/lib/recive_pkg/recive_pkg
-- Set runtime path of "/home/ubuntu/æ¡Œé¢/RM26/install/recive_pkg/lib/recive_pkg/recive_pkg" to ""
-- Installing: /home/ubuntu/æ¡Œé¢/RM26/install/recive_pkg/share/ament_index/resource_index/package_run_dependencies/recive_pkg
-- Installing: /home/ubuntu/æ¡Œé¢/RM26/install/recive_pkg/share/ament_index/resource_index/parent_prefix_path/recive_pkg
-- Installing: /home/ubuntu/æ¡Œé¢/RM26/install/recive_pkg/share/recive_pkg/environment/ament_prefix_path.sh
-- Installing: /home/ubuntu/æ¡Œé¢/RM26/install/recive_pkg/share/recive_pkg/environment/ament_prefix_path.dsv
-- Installing: /home/ubuntu/æ¡Œé¢/RM26/install/recive_pkg/share/recive_pkg/environment/path.sh
-- Installing: /home/ubuntu/æ¡Œé¢/RM26/install/recive_pkg/share/recive_pkg/environment/path.dsv
-- Installing: /home/ubuntu/æ¡Œé¢/RM26/install/recive_pkg/share/recive_pkg/local_setup.bash
-- Installing: /home/ubuntu/æ¡Œé¢/RM26/install/recive_pkg/share/recive_pkg/local_setup.sh
-- Installing: /home/ubuntu/æ¡Œé¢/RM26/install/recive_pkg/share/recive_pkg/local_setup.zsh
-- Installing: /home/ubuntu/æ¡Œé¢/RM26/install/recive_pkg/share/recive_pkg/local_setup.dsv
-- Installing: /home/ubuntu/æ¡Œé¢/RM26/install/recive_pkg/share/recive_pkg/package.dsv
-- Installing: /home/ubuntu/æ¡Œé¢/RM26/install/recive_pkg/share/ament_index/resource_index/packages/recive_pkg
-- Installing: /home/ubuntu/æ¡Œé¢/RM26/install/recive_pkg/share/recive_pkg/cmake/recive_pkgConfig.cmake
-- Installing: /home/ubuntu/æ¡Œé¢/RM26/install/recive_pkg/share/recive_pkg/cmake/recive_pkgConfig-version.cmake
-- Installing: /home/ubuntu/æ¡Œé¢/RM26/install/recive_pkg/share/recive_pkg/package.xml
