[0.026s] Invoking command in '/home/ubuntu/æ¡Œé¢/RM26/build/hik_camera': CMAKE_PREFIX_PATH=/opt/ros/humble /usr/bin/cmake /home/ubuntu/æ¡Œé¢/RM26/src/ros2_hik_camera-main -DCMAKE_INSTALL_PREFIX=/home/ubuntu/æ¡Œé¢/RM26/install/hik_camera
[0.119s] -- The C compiler identification is GNU 11.4.0
[0.194s] -- The CXX compiler identification is GNU 11.4.0
[0.199s] -- Detecting C compiler ABI info
[0.250s] -- Detecting C compiler ABI info - done
[0.254s] -- Check for working C compiler: /usr/bin/cc - skipped
[0.261s] -- Detecting C compile features
[0.261s] -- Detecting C compile features - done
[0.264s] -- Detecting CXX compiler ABI info
[0.325s] -- Detecting CXX compiler ABI info - done
[0.328s] -- Check for working CXX compiler: /usr/bin/c++ - skipped
[0.328s] -- Detecting CXX compile features
[0.328s] -- Detecting CXX compile features - done
[0.332s] -- Found ament_cmake_auto: 1.3.12 (/opt/ros/humble/share/ament_cmake_auto/cmake)
[0.429s] -- Found Python3: /usr/bin/python3 (found version "3.10.12") found components: Interpreter 
[0.576s] -- Found rosidl_generator_c: 3.1.7 (/opt/ros/humble/share/rosidl_generator_c/cmake)
[0.579s] -- Found rosidl_adapter: 3.1.7 (/opt/ros/humble/share/rosidl_adapter/cmake)
[0.589s] -- Found rosidl_generator_cpp: 3.1.7 (/opt/ros/humble/share/rosidl_generator_cpp/cmake)
[0.603s] -- Using all available rosidl_typesupport_c: rosidl_typesupport_fastrtps_c;rosidl_typesupport_introspection_c
[0.626s] -- Using all available rosidl_typesupport_cpp: rosidl_typesupport_fastrtps_cpp;rosidl_typesupport_introspection_cpp
[0.668s] -- Found rmw_implementation_cmake: 6.1.2 (/opt/ros/humble/share/rmw_implementation_cmake/cmake)
[0.670s] -- Found rmw_fastrtps_cpp: 6.2.8 (/opt/ros/humble/share/rmw_fastrtps_cpp/cmake)
[0.779s] -- Found OpenSSL: /usr/lib/x86_64-linux-gnu/libcrypto.so (found version "3.0.2")  
[0.796s] -- Found FastRTPS: /opt/ros/humble/include  
[0.827s] -- Using RMW implementation 'rmw_fastrtps_cpp' as default
[0.848s] -- Looking for pthread.h
[0.933s] -- Looking for pthread.h - found
[0.933s] -- Performing Test CMAKE_HAVE_LIBC_PTHREAD
[1.016s] -- Performing Test CMAKE_HAVE_LIBC_PTHREAD - Success
[1.016s] -- Found Threads: TRUE  
[1.159s] -- Found OpenCV: /usr (found version "4.5.4") 
[1.167s] -- Found ament_lint_auto: 0.12.14 (/opt/ros/humble/share/ament_lint_auto/cmake)
[1.192s] -- Added test 'cppcheck' to perform static code analysis on C / C++ code
[1.192s] -- Configured cppcheck include dirs: /home/ubuntu/æ¡Œé¢/RM26/src/ros2_hik_camera-main/include;/home/ubuntu/æ¡Œé¢/RM26/src/ros2_hik_camera-main/hikSDK/include
[1.192s] -- Configured cppcheck exclude dirs and/or files: 
[1.192s] -- Added test 'flake8' to check Python code syntax and style conventions
[1.192s] -- Added test 'lint_cmake' to check CMake code style
[1.193s] -- Added test 'pep257' to check Python code against some of the docstring style conventions in PEP 257
[1.193s] -- Added test 'xmllint' to check XML markup files
[1.204s] -- Configuring done
[1.213s] [0mWARNING: Target "hik_camera" requests linking to directory "/usr/include/opencv4".  Targets may link only to libraries.  CMake is dropping the item.[0m
[1.219s] -- Generating done
[1.234s] -- Build files have been written to: /home/ubuntu/æ¡Œé¢/RM26/build/hik_camera
[1.241s] Invoked command in '/home/ubuntu/æ¡Œé¢/RM26/build/hik_camera' returned '0': CMAKE_PREFIX_PATH=/opt/ros/humble /usr/bin/cmake /home/ubuntu/æ¡Œé¢/RM26/src/ros2_hik_camera-main -DCMAKE_INSTALL_PREFIX=/home/ubuntu/æ¡Œé¢/RM26/install/hik_camera
[1.245s] Invoking command in '/home/ubuntu/æ¡Œé¢/RM26/build/hik_camera': CMAKE_PREFIX_PATH=/opt/ros/humble /usr/bin/cmake --build /home/ubuntu/æ¡Œé¢/RM26/build/hik_camera -- -j14 -l14
[1.312s] [ 25%] [32mBuilding CXX object CMakeFiles/hik_camera_node.dir/rclcpp_components/node_main_hik_camera_node.cpp.o[0m
[1.313s] [ 50%] [32mBuilding CXX object CMakeFiles/hik_camera.dir/src/hik_camera_node.cpp.o[0m
[4.992s] [ 75%] [32m[1mLinking CXX executable hik_camera_node[0m
[5.119s] [ 75%] Built target hik_camera_node
[5.304s] [100%] [32m[1mLinking CXX shared library libhik_camera.so[0m
[5.440s] [100%] Built target hik_camera
[5.450s] Invoked command in '/home/ubuntu/æ¡Œé¢/RM26/build/hik_camera' returned '0': CMAKE_PREFIX_PATH=/opt/ros/humble /usr/bin/cmake --build /home/ubuntu/æ¡Œé¢/RM26/build/hik_camera -- -j14 -l14
[5.468s] Invoking command in '/home/ubuntu/æ¡Œé¢/RM26/build/hik_camera': CMAKE_PREFIX_PATH=/opt/ros/humble /usr/bin/cmake --install /home/ubuntu/æ¡Œé¢/RM26/build/hik_camera
[5.473s] -- Install configuration: ""
[5.473s] -- Up-to-date: /home/ubuntu/æ¡Œé¢/RM26/install/hik_camera/lib/amd64
[5.473s] -- Up-to-date: /home/ubuntu/æ¡Œé¢/RM26/install/hik_camera/lib/amd64/libMediaProcess.so
[5.473s] -- Up-to-date: /home/ubuntu/æ¡Œé¢/RM26/install/hik_camera/lib/amd64/libMvCameraControl.so
[5.473s] -- Up-to-date: /home/ubuntu/æ¡Œé¢/RM26/install/hik_camera/lib/amd64/libMVRender.so
[5.473s] -- Up-to-date: /home/ubuntu/æ¡Œé¢/RM26/install/hik_camera/lib/amd64/libFormatConversion.so
[5.473s] -- Up-to-date: /home/ubuntu/æ¡Œé¢/RM26/install/hik_camera/lib/amd64/libMvUsb3vTL.so
[5.473s] -- Installing: /home/ubuntu/æ¡Œé¢/RM26/install/hik_camera/lib/hik_camera/hik_camera_node
[5.474s] -- Set runtime path of "/home/ubuntu/æ¡Œé¢/RM26/install/hik_camera/lib/hik_camera/hik_camera_node" to ""
[5.474s] -- Up-to-date: /home/ubuntu/æ¡Œé¢/RM26/install/hik_camera/share/hik_camera/environment/library_path.sh
[5.474s] -- Installing: /home/ubuntu/æ¡Œé¢/RM26/install/hik_camera/share/hik_camera/environment/library_path.dsv
[5.474s] -- Installing: /home/ubuntu/æ¡Œé¢/RM26/install/hik_camera/lib/libhik_camera.so
[5.474s] -- Set runtime path of "/home/ubuntu/æ¡Œé¢/RM26/install/hik_camera/lib/libhik_camera.so" to ""
[5.474s] -- Up-to-date: /home/ubuntu/æ¡Œé¢/RM26/install/hik_camera/share/hik_camera/config
[5.474s] -- Up-to-date: /home/ubuntu/æ¡Œé¢/RM26/install/hik_camera/share/hik_camera/config/camera_info.yaml
[5.475s] -- Up-to-date: /home/ubuntu/æ¡Œé¢/RM26/install/hik_camera/share/hik_camera/config/camera_params.yaml
[5.475s] -- Up-to-date: /home/ubuntu/æ¡Œé¢/RM26/install/hik_camera/share/hik_camera/launch
[5.475s] -- Up-to-date: /home/ubuntu/æ¡Œé¢/RM26/install/hik_camera/share/hik_camera/launch/hik_camera.launch.py
[5.475s] -- Installing: /home/ubuntu/æ¡Œé¢/RM26/install/hik_camera/share/ament_index/resource_index/package_run_dependencies/hik_camera
[5.475s] -- Installing: /home/ubuntu/æ¡Œé¢/RM26/install/hik_camera/share/ament_index/resource_index/parent_prefix_path/hik_camera
[5.477s] -- Up-to-date: /home/ubuntu/æ¡Œé¢/RM26/install/hik_camera/share/hik_camera/environment/ament_prefix_path.sh
[5.477s] -- Installing: /home/ubuntu/æ¡Œé¢/RM26/install/hik_camera/share/hik_camera/environment/ament_prefix_path.dsv
[5.477s] -- Up-to-date: /home/ubuntu/æ¡Œé¢/RM26/install/hik_camera/share/hik_camera/environment/path.sh
[5.477s] -- Installing: /home/ubuntu/æ¡Œé¢/RM26/install/hik_camera/share/hik_camera/environment/path.dsv
[5.477s] -- Installing: /home/ubuntu/æ¡Œé¢/RM26/install/hik_camera/share/hik_camera/local_setup.bash
[5.477s] -- Installing: /home/ubuntu/æ¡Œé¢/RM26/install/hik_camera/share/hik_camera/local_setup.sh
[5.477s] -- Installing: /home/ubuntu/æ¡Œé¢/RM26/install/hik_camera/share/hik_camera/local_setup.zsh
[5.477s] -- Installing: /home/ubuntu/æ¡Œé¢/RM26/install/hik_camera/share/hik_camera/local_setup.dsv
[5.478s] -- Installing: /home/ubuntu/æ¡Œé¢/RM26/install/hik_camera/share/hik_camera/package.dsv
[5.478s] -- Installing: /home/ubuntu/æ¡Œé¢/RM26/install/hik_camera/share/ament_index/resource_index/packages/hik_camera
[5.478s] -- Installing: /home/ubuntu/æ¡Œé¢/RM26/install/hik_camera/share/ament_index/resource_index/rclcpp_components/hik_camera
[5.478s] -- Installing: /home/ubuntu/æ¡Œé¢/RM26/install/hik_camera/share/hik_camera/cmake/ament_cmake_export_dependencies-extras.cmake
[5.478s] -- Installing: /home/ubuntu/æ¡Œé¢/RM26/install/hik_camera/share/hik_camera/cmake/ament_cmake_export_libraries-extras.cmake
[5.478s] -- Installing: /home/ubuntu/æ¡Œé¢/RM26/install/hik_camera/share/hik_camera/cmake/hik_cameraConfig.cmake
[5.478s] -- Installing: /home/ubuntu/æ¡Œé¢/RM26/install/hik_camera/share/hik_camera/cmake/hik_cameraConfig-version.cmake
[5.478s] -- Up-to-date: /home/ubuntu/æ¡Œé¢/RM26/install/hik_camera/share/hik_camera/package.xml
[5.481s] Invoked command in '/home/ubuntu/æ¡Œé¢/RM26/build/hik_camera' returned '0': CMAKE_PREFIX_PATH=/opt/ros/humble /usr/bin/cmake --install /home/ubuntu/æ¡Œé¢/RM26/build/hik_camera
