[0.024s] Invoking command in '/home/ubuntu/桌面/RM26/build/detection': /usr/bin/cmake /home/ubuntu/桌面/RM26/src/rm_auto_aim/detection -DCMAKE_INSTALL_PREFIX=/home/ubuntu/桌面/RM26/install/detection
[0.123s] -- The C compiler identification is GNU 11.4.0
[0.199s] -- The CXX compiler identification is GNU 11.4.0
[0.209s] -- Detecting C compiler ABI info
[0.261s] -- Detecting C compiler ABI info - done
[0.264s] -- Check for working C compiler: /usr/bin/cc - skipped
[0.269s] -- Detecting C compile features
[0.269s] -- Detecting C compile features - done
[0.273s] -- Detecting CXX compiler ABI info
[0.335s] -- Detecting CXX compiler ABI info - done
[0.339s] -- Check for working CXX compiler: /usr/bin/c++ - skipped
[0.340s] -- Detecting CXX compile features
[0.340s] -- Detecting CXX compile features - done
[0.347s] -- Looking for pthread.h
[0.418s] -- Looking for pthread.h - found
[0.418s] -- Performing Test CMAKE_HAVE_LIBC_PTHREAD
[0.476s] -- Performing Test CMAKE_HAVE_LIBC_PTHREAD - Success
[0.476s] -- Found Threads: TRUE  
[0.484s] -- Found OpenCV: /usr (found version "4.5.4") 
[0.491s] -- Configuring done
[0.494s] -- Generating done
[0.496s] -- Build files have been written to: /home/ubuntu/桌面/RM26/build/detection
[0.498s] Invoked command in '/home/ubuntu/桌面/RM26/build/detection' returned '0': /usr/bin/cmake /home/ubuntu/桌面/RM26/src/rm_auto_aim/detection -DCMAKE_INSTALL_PREFIX=/home/ubuntu/桌面/RM26/install/detection
[0.499s] Invoking command in '/home/ubuntu/桌面/RM26/build/detection': /usr/bin/cmake --build /home/ubuntu/桌面/RM26/build/detection -- -j14 -l14
[0.537s] [ 33%] [32mBuilding CXX object CMakeFiles/detection.dir/main.cpp.o[0m
[0.537s] [ 33%] [32mBuilding CXX object CMakeFiles/detection.dir/TrackerSource/STrack.cpp.o[0m
[0.537s] [ 33%] [32mBuilding CXX object CMakeFiles/detection.dir/TrackerSource/BYTETracker.cpp.o[0m
[0.539s] [ 55%] [32mBuilding CXX object CMakeFiles/detection.dir/TrackerSource/utils.cpp.o[0m
[0.539s] [ 55%] [32mBuilding CXX object CMakeFiles/detection.dir/src/traditional_detector.cpp.o[0m
[0.539s] [ 66%] [32mBuilding CXX object CMakeFiles/detection.dir/src/yolo_detection.cpp.o[0m
[0.542s] [ 77%] [32mBuilding CXX object CMakeFiles/detection.dir/TrackerSource/kalmanFilter.cpp.o[0m
[0.544s] [ 88%] [32mBuilding CXX object CMakeFiles/detection.dir/TrackerSource/lapjv.cpp.o[0m
[7.615s] [100%] [32m[1mLinking CXX executable detection[0m
[8.102s] [100%] Built target detection
[8.118s] Invoked command in '/home/ubuntu/桌面/RM26/build/detection' returned '0': /usr/bin/cmake --build /home/ubuntu/桌面/RM26/build/detection -- -j14 -l14
