34.482
22.04
12.917
14.432
18.172
13.71
14.322
20.61
12.25
10.253
13.684
22.822
12.725
15.59
24.044
12.764
8.749
14.611
7.274
6.287
6.289
13.433
8.755
6.704
19.58
11.248
15.687
10.539
17.823
26.067
13.353
16.72
13.377
15.622
11.196
16.249
16.505
16.954
17.042
15.519
10.01
6.288
6.643
6.524
6.346
6.324
6.527
13.185
20.396
20.675
14.582
12.113
7.959
6.617
15.697
23.942
12.342
10.872
13.456
13.008
13.089
9.234
6.112
18.367
14.819
10.46
23.666
15.032
15.821
13.464
15.705
14.798
15.875
12.731
7.758
8.537
6.433
6.3
6.499
6.2
6.242
15.751
26.064
15.961
12.408
16.225
15.724
13.01
14.641
16.486
11.278
6.841
6.238
8.12
11.334
11.066
11.448
13.526
9.545
6.832
15.811
12.724
8.17
9.397
6.881
10.134
24.914
13.459
11.999
16.602
11.663
7.023
24.272
12.795
15.768
13.767
15.985
12.159
7.094
19.46
19.157
23.993
13.024
9.696
15.078
16.948
13.151
8.951
7.413
15.205
13.583
8.79
7.257
11.447
10.683
10.463
12.825
13.633
15.334
15.278
9.639
18.236
20.508
16.825
12.559
8.949
8.578
6.239
16.484
14.068
13.198
12.266
11.726
14.185
10.732
7.173
15.1
12.006
6.81
7.062
6.183
14.271
14.428
15.342
12.216
15.993
19.248
23.733
12.676
11.83
15.55
14.404
13.829
14.8
15.27
14.826
14.38
18.887
19.731
22.903
14.592
13.63
23.81
12.921
11.062
16.275
13.012
14.836
13.559
14.907
12.18
14.325
16.868
12.193
6.849
6.159
25.754
12.189
10.663
13.513
11.131
8.58
8.252
16.682
