[0.014s] Invoking command in '/home/ubuntu/桌面/RM26/build/hik_camera': CMAKE_PREFIX_PATH=/opt/ros/humble /usr/bin/cmake --build /home/ubuntu/桌面/RM26/build/hik_camera -- -j14 -l14
[0.118s] [ 50%] Built target hik_camera
[0.120s] [100%] Built target hik_camera_node
[0.137s] Invoked command in '/home/ubuntu/桌面/RM26/build/hik_camera' returned '0': CMAKE_PREFIX_PATH=/opt/ros/humble /usr/bin/cmake --build /home/ubuntu/桌面/RM26/build/hik_camera -- -j14 -l14
[0.156s] Invoking command in '/home/ubuntu/桌面/RM26/build/hik_camera': CMAKE_PREFIX_PATH=/opt/ros/humble /usr/bin/cmake --install /home/ubuntu/桌面/RM26/build/hik_camera
[0.161s] -- Install configuration: ""
[0.161s] -- Up-to-date: /home/ubuntu/桌面/RM26/install/hik_camera/lib/amd64
[0.161s] -- Up-to-date: /home/ubuntu/桌面/RM26/install/hik_camera/lib/amd64/libMediaProcess.so
[0.161s] -- Up-to-date: /home/ubuntu/桌面/RM26/install/hik_camera/lib/amd64/libMvCameraControl.so
[0.161s] -- Up-to-date: /home/ubuntu/桌面/RM26/install/hik_camera/lib/amd64/libMVRender.so
[0.161s] -- Up-to-date: /home/ubuntu/桌面/RM26/install/hik_camera/lib/amd64/libFormatConversion.so
[0.161s] -- Up-to-date: /home/ubuntu/桌面/RM26/install/hik_camera/lib/amd64/libMvUsb3vTL.so
[0.161s] -- Up-to-date: /home/ubuntu/桌面/RM26/install/hik_camera/lib/hik_camera/hik_camera_node
[0.162s] -- Up-to-date: /home/ubuntu/桌面/RM26/install/hik_camera/share/hik_camera/environment/library_path.sh
[0.162s] -- Up-to-date: /home/ubuntu/桌面/RM26/install/hik_camera/share/hik_camera/environment/library_path.dsv
[0.162s] -- Up-to-date: /home/ubuntu/桌面/RM26/install/hik_camera/lib/libhik_camera.so
[0.162s] -- Up-to-date: /home/ubuntu/桌面/RM26/install/hik_camera/share/hik_camera/config
[0.162s] -- Up-to-date: /home/ubuntu/桌面/RM26/install/hik_camera/share/hik_camera/config/camera_info.yaml
[0.162s] -- Up-to-date: /home/ubuntu/桌面/RM26/install/hik_camera/share/hik_camera/config/camera_params.yaml
[0.162s] -- Up-to-date: /home/ubuntu/桌面/RM26/install/hik_camera/share/hik_camera/launch
[0.162s] -- Up-to-date: /home/ubuntu/桌面/RM26/install/hik_camera/share/hik_camera/launch/hik_camera.launch.py
[0.162s] -- Up-to-date: /home/ubuntu/桌面/RM26/install/hik_camera/share/ament_index/resource_index/package_run_dependencies/hik_camera
[0.162s] -- Up-to-date: /home/ubuntu/桌面/RM26/install/hik_camera/share/ament_index/resource_index/parent_prefix_path/hik_camera
[0.162s] -- Up-to-date: /home/ubuntu/桌面/RM26/install/hik_camera/share/hik_camera/environment/ament_prefix_path.sh
[0.167s] -- Up-to-date: /home/ubuntu/桌面/RM26/install/hik_camera/share/hik_camera/environment/ament_prefix_path.dsv
[0.167s] -- Up-to-date: /home/ubuntu/桌面/RM26/install/hik_camera/share/hik_camera/environment/path.sh
[0.167s] -- Up-to-date: /home/ubuntu/桌面/RM26/install/hik_camera/share/hik_camera/environment/path.dsv
[0.167s] -- Up-to-date: /home/ubuntu/桌面/RM26/install/hik_camera/share/hik_camera/local_setup.bash
[0.167s] -- Up-to-date: /home/ubuntu/桌面/RM26/install/hik_camera/share/hik_camera/local_setup.sh
[0.167s] -- Up-to-date: /home/ubuntu/桌面/RM26/install/hik_camera/share/hik_camera/local_setup.zsh
[0.168s] -- Up-to-date: /home/ubuntu/桌面/RM26/install/hik_camera/share/hik_camera/local_setup.dsv
[0.168s] -- Installing: /home/ubuntu/桌面/RM26/install/hik_camera/share/hik_camera/package.dsv
[0.168s] -- Up-to-date: /home/ubuntu/桌面/RM26/install/hik_camera/share/ament_index/resource_index/packages/hik_camera
[0.168s] -- Up-to-date: /home/ubuntu/桌面/RM26/install/hik_camera/share/ament_index/resource_index/rclcpp_components/hik_camera
[0.168s] -- Up-to-date: /home/ubuntu/桌面/RM26/install/hik_camera/share/hik_camera/cmake/ament_cmake_export_dependencies-extras.cmake
[0.168s] -- Up-to-date: /home/ubuntu/桌面/RM26/install/hik_camera/share/hik_camera/cmake/ament_cmake_export_libraries-extras.cmake
[0.169s] -- Up-to-date: /home/ubuntu/桌面/RM26/install/hik_camera/share/hik_camera/cmake/hik_cameraConfig.cmake
[0.171s] -- Up-to-date: /home/ubuntu/桌面/RM26/install/hik_camera/share/hik_camera/cmake/hik_cameraConfig-version.cmake
[0.171s] -- Up-to-date: /home/ubuntu/桌面/RM26/install/hik_camera/share/hik_camera/package.xml
[0.172s] Invoked command in '/home/ubuntu/桌面/RM26/build/hik_camera' returned '0': CMAKE_PREFIX_PATH=/opt/ros/humble /usr/bin/cmake --install /home/ubuntu/桌面/RM26/build/hik_camera
