[0.000000] (-) TimerEvent: {}
[0.000065] (-) JobUnselected: {'identifier': 'detection'}
[0.000083] (-) JobUnselected: {'identifier': 'hik_camera'}
[0.000093] (-) JobUnselected: {'identifier': 'ros2_armor_can'}
[0.000104] (recive_pkg) JobQueued: {'identifier': 'recive_pkg', 'dependencies': OrderedDict()}
[0.000117] (recive_pkg) JobStarted: {'identifier': 'recive_pkg'}
[0.006528] (recive_pkg) JobProgress: {'identifier': 'recive_pkg', 'progress': 'cmake'}
[0.006569] (recive_pkg) JobProgress: {'identifier': 'recive_pkg', 'progress': 'build'}
[0.006582] (recive_pkg) Command: {'cmd': ['/usr/bin/cmake', '--build', '/home/ubuntu/桌面/RM26_ROS2PKG/build/recive_pkg', '--', '-j14', '-l14'], 'cwd': '/home/ubuntu/桌面/RM26_ROS2PKG/build/recive_pkg', 'env': OrderedDict([('GJS_DEBUG_TOPICS', 'JS ERROR;JS LOG'), ('LESSOPEN', '| /usr/bin/lesspipe %s'), ('VSCODE_CWD', '/home/ubuntu'), ('VSCODE_ESM_ENTRYPOINT', 'vs/workbench/api/node/extensionHostProcess'), ('LANGUAGE', 'zh_CN:zh'), ('USER', 'ubuntu'), ('VSCODE_NLS_CONFIG', '{"userLocale":"zh-cn","osLocale":"zh-cn","resolvedLanguage":"zh-cn","defaultMessagesFile":"/usr/share/cursor/resources/app/out/nls.messages.json","languagePack":{"translationsConfigFile":"/home/ubuntu/.config/Cursor/clp/6fe284ae87274d9cb2cdffc89b193492.zh-cn/tcf.json","messagesFile":"/home/ubuntu/.config/Cursor/clp/6fe284ae87274d9cb2cdffc89b193492.zh-cn/ba90f2f88e4911312761abab9492c42442117cf0/nls.messages.json","corruptMarkerFile":"/home/ubuntu/.config/Cursor/clp/6fe284ae87274d9cb2cdffc89b193492.zh-cn/corrupted.info"},"locale":"zh-cn","availableLanguages":{"*":"zh-cn"},"_languagePackId":"6fe284ae87274d9cb2cdffc89b193492.zh-cn","_languagePackSupport":true,"_translationsConfigFile":"/home/ubuntu/.config/Cursor/clp/6fe284ae87274d9cb2cdffc89b193492.zh-cn/tcf.json","_cacheRoot":"/home/ubuntu/.config/Cursor/clp/6fe284ae87274d9cb2cdffc89b193492.zh-cn","_resolvedLanguagePackCoreLocation":"/home/ubuntu/.config/Cursor/clp/6fe284ae87274d9cb2cdffc89b193492.zh-cn/ba90f2f88e4911312761abab9492c42442117cf0","_corruptedFile":"/home/ubuntu/.config/Cursor/clp/6fe284ae87274d9cb2cdffc89b193492.zh-cn/corrupted.info"}'), ('VSCODE_HANDLES_UNCAUGHT_ERRORS', 'true'), ('XDG_SESSION_TYPE', 'x11'), ('ALLUSERSPROFILE', '/opt/MVS/MVFG'), ('SHLVL', '0'), ('LD_LIBRARY_PATH', '/opt/MVS/lib/64:/opt/MVS/lib/32:/opt/MVS/lib/64:/opt/MVS/lib/32:/opt/intel/openvino_toolkit_ubuntu22_2025.2.0.19140.c01cd93e24d_x86_64/runtime/3rdparty/tbb/lib:/opt/intel/openvino_toolkit_ubuntu22_2025.2.0.19140.c01cd93e24d_x86_64/runtime/lib/intel64:/opt/MVS/lib/64:/opt/MVS/lib/32:/opt/MVS/lib/64:/opt/MVS/lib/32:/opt/MVS/lib/64:/opt/MVS/lib/32:/opt/intel/openvino_toolkit_ubuntu22_2025.2.0.19140.c01cd93e24d_x86_64/runtime/3rdparty/tbb/lib:/opt/intel/openvino_toolkit_ubuntu22_2025.2.0.19140.c01cd93e24d_x86_64/runtime/lib/intel64:/opt/ros/humble/opt/rviz_ogre_vendor/lib:/opt/ros/humble/lib/x86_64-linux-gnu:/opt/ros/humble/lib:/opt/MVS/lib/64:/opt/MVS/lib/32:/opt/MVS/lib/64:/opt/MVS/lib/32:/opt/MVS/lib/64:/opt/MVS/lib/32:'), ('TBB_DIR', '/opt/intel/openvino_toolkit_ubuntu22_2025.2.0.19140.c01cd93e24d_x86_64/runtime/3rdparty/tbb/lib/cmake/TBB'), ('HOME', '/home/ubuntu'), ('CHROME_DESKTOP', 'cursor.desktop'), ('CONDA_SHLVL', '0'), ('OLDPWD', '/home/ubuntu/桌面/RM26_ROS2PKG'), ('DESKTOP_SESSION', 'ubuntu'), ('VSCODE_IPC_HOOK', '/run/user/1000/vscode-91260982-2.0.-main.sock'), ('GIO_LAUNCHED_DESKTOP_FILE', '/usr/share/applications/cursor.desktop'), ('ROS_PYTHON_VERSION', '3'), ('GNOME_SHELL_SESSION_MODE', 'ubuntu'), ('GTK_MODULES', 'gail:atk-bridge'), ('INTEL_OPENVINO_DIR', '/opt/intel/openvino_toolkit_ubuntu22_2025.2.0.19140.c01cd93e24d_x86_64'), ('MANAGERPID', '3416'), ('SYSTEMD_EXEC_PID', '3755'), ('NO_COLOR', '1'), ('DBUS_SESSION_BUS_ADDRESS', 'unix:path=/run/user/1000/bus'), ('_CE_M', ''), ('_CONDA_ROOT', '/home/ubuntu/miniconda3'), ('GIO_LAUNCHED_DESKTOP_FILE_PID', '5102'), ('VSCODE_CRASH_REPORTER_PROCESS_TYPE', 'extensionHost'), ('VSCODE_L10N_BUNDLE_LOCATION', 'file:///home/ubuntu/.cursor/extensions/ms-ceintl.vscode-language-pack-zh-hans-1.99.0-universal/translations/extensions/vscode.markdown-language-features.i18n.json'), ('ROS_DISTRO', 'humble'), ('GTK_IM_MODULE', 'ibus'), ('LOGNAME', 'ubuntu'), ('FORCE_COLOR', '0'), ('JOURNAL_STREAM', '8:24601'), ('_', '/usr/bin/colcon'), ('ROS_VERSION', '2'), ('PKG_CONFIG_PATH', '/opt/intel/openvino_toolkit_ubuntu22_2025.2.0.19140.c01cd93e24d_x86_64/runtime/lib/intel64/pkgconfig:/opt/intel/openvino_toolkit_ubuntu22_2025.2.0.19140.c01cd93e24d_x86_64/runtime/lib/intel64/pkgconfig'), ('XDG_SESSION_CLASS', 'user'), ('USERNAME', 'ubuntu'), ('TERM', 'dumb'), ('GNOME_DESKTOP_SESSION_ID', 'this-is-deprecated'), ('_CE_CONDA', ''), ('ROS_LOCALHOST_ONLY', '0'), ('COMPOSER_NO_INTERACTION', '1'), ('WINDOWPATH', '2'), ('MVCAM_SDK_PATH', '/opt/MVS'), ('PATH', '/home/ubuntu/miniconda3/condabin:/opt/ros/humble/bin:/usr/local/sbin:/usr/local/bin:/usr/sbin:/usr/bin:/sbin:/bin:/usr/games:/usr/local/games:/snap/bin:/snap/bin'), ('SESSION_MANAGER', 'local/ubuntu-NUC15CRKU5:@/tmp/.ICE-unix/3726,unix/ubuntu-NUC15CRKU5:/tmp/.ICE-unix/3726'), ('INVOCATION_ID', 'a8e51a4a55ac44aba490c023b6ad76bc'), ('MVCAM_GENICAM_CLPROTOCOL', '/opt/MVS/lib/CLProtocol'), ('XDG_MENU_PREFIX', 'gnome-'), ('VSCODE_PROCESS_TITLE', 'extension-host  [2-2]'), ('XDG_RUNTIME_DIR', '/run/user/1000'), ('GDK_BACKEND', 'x11'), ('CURSOR_AGENT', '1'), ('DISPLAY', ':1'), ('LANG', 'zh_CN.UTF-8'), ('XDG_CURRENT_DESKTOP', 'Unity'), ('XMODIFIERS', '@im=ibus'), ('XDG_SESSION_DESKTOP', 'ubuntu'), ('XAUTHORITY', '/run/user/1000/gdm/Xauthority'), ('LS_COLORS', ''), ('CURSOR_TRACE_ID', '8423a44d26cb48ec94d1846f2cd5a6a9'), ('SSH_AGENT_LAUNCHER', 'gnome-keyring'), ('SSH_AUTH_SOCK', '/run/user/1000/keyring/ssh'), ('AMENT_PREFIX_PATH', '/opt/ros/humble'), ('CONDA_PYTHON_EXE', '/home/ubuntu/miniconda3/bin/python'), ('ORIGINAL_XDG_CURRENT_DESKTOP', 'ubuntu:GNOME'), ('SHELL', '/bin/bash'), ('QT_ACCESSIBILITY', '1'), ('GDMSESSION', 'ubuntu'), ('LESSCLOSE', '/usr/bin/lesspipe %s %s'), ('GPG_AGENT_INFO', '/run/user/1000/gnupg/S.gpg-agent:0:1'), ('GJS_DEBUG_OUTPUT', 'stderr'), ('_CONDA_EXE', '/home/ubuntu/miniconda3/bin/conda'), ('QT_IM_MODULE', 'ibus'), ('PWD', '/home/ubuntu/桌面/RM26_ROS2PKG/build/recive_pkg'), ('XDG_CONFIG_DIRS', '/etc/xdg/xdg-ubuntu:/etc/xdg'), ('CONDA_EXE', '/home/ubuntu/miniconda3/bin/conda'), ('VSCODE_CODE_CACHE_PATH', '/home/ubuntu/.config/Cursor/CachedData/ba90f2f88e4911312761abab9492c42442117cf0'), ('XDG_DATA_DIRS', '/usr/share/ubuntu:/usr/share/gnome:/usr/local/share/:/usr/share/:/var/lib/snapd/desktop'), ('PYTHONPATH', '/opt/intel/openvino_toolkit_ubuntu22_2025.2.0.19140.c01cd93e24d_x86_64/python:/opt/intel/openvino_toolkit_ubuntu22_2025.2.0.19140.c01cd93e24d_x86_64/python/python3:/opt/intel/openvino_toolkit_ubuntu22_2025.2.0.19140.c01cd93e24d_x86_64/python:/opt/intel/openvino_toolkit_ubuntu22_2025.2.0.19140.c01cd93e24d_x86_64/python/python3:/opt/ros/humble/lib/python3.10/site-packages:/opt/ros/humble/local/lib/python3.10/dist-packages'), ('COLCON', '1'), ('OpenVINO_DIR', '/opt/intel/openvino_toolkit_ubuntu22_2025.2.0.19140.c01cd93e24d_x86_64/runtime/cmake'), ('VSCODE_PID', '5102'), ('MVCAM_COMMON_RUNENV', '/opt/MVS/lib'), ('CMAKE_PREFIX_PATH', '/opt/ros/humble')]), 'shell': False}
[0.070227] (recive_pkg) StdoutLine: {'line': b'Consolidate compiler generated dependencies of target recive_pkg\n'}
[0.084580] (recive_pkg) StdoutLine: {'line': b'[  9%] Building CXX object CMakeFiles/recive_pkg.dir/src/image_subscirber_node.cpp.o\n'}
[0.100978] (-) TimerEvent: {}
[0.201180] (-) TimerEvent: {}
[0.301478] (-) TimerEvent: {}
[0.402198] (-) TimerEvent: {}
[0.502848] (-) TimerEvent: {}
[0.603676] (-) TimerEvent: {}
[0.703966] (-) TimerEvent: {}
[0.804291] (-) TimerEvent: {}
[0.904607] (-) TimerEvent: {}
[1.008432] (-) TimerEvent: {}
[1.109231] (-) TimerEvent: {}
[1.209477] (-) TimerEvent: {}
[1.309703] (-) TimerEvent: {}
[1.409949] (-) TimerEvent: {}
[1.510194] (-) TimerEvent: {}
[1.611361] (-) TimerEvent: {}
[1.711844] (-) TimerEvent: {}
[1.812097] (-) TimerEvent: {}
[1.912352] (-) TimerEvent: {}
[2.012589] (-) TimerEvent: {}
[2.112931] (-) TimerEvent: {}
[2.213403] (-) TimerEvent: {}
[2.313603] (-) TimerEvent: {}
[2.413894] (-) TimerEvent: {}
[2.514326] (-) TimerEvent: {}
[2.614516] (-) TimerEvent: {}
[2.715018] (-) TimerEvent: {}
[2.815231] (-) TimerEvent: {}
[2.915474] (-) TimerEvent: {}
[3.015860] (-) TimerEvent: {}
[3.116093] (-) TimerEvent: {}
[3.216440] (-) TimerEvent: {}
[3.316720] (-) TimerEvent: {}
[3.416958] (-) TimerEvent: {}
[3.517310] (-) TimerEvent: {}
[3.617799] (-) TimerEvent: {}
[3.718017] (-) TimerEvent: {}
[3.818262] (-) TimerEvent: {}
[3.919761] (-) TimerEvent: {}
[4.019972] (-) TimerEvent: {}
[4.120207] (-) TimerEvent: {}
[4.220439] (-) TimerEvent: {}
[4.321872] (-) TimerEvent: {}
[4.424463] (-) TimerEvent: {}
[4.526450] (-) TimerEvent: {}
[4.626684] (-) TimerEvent: {}
[4.726948] (-) TimerEvent: {}
[4.827336] (-) TimerEvent: {}
[4.927753] (-) TimerEvent: {}
[5.028857] (-) TimerEvent: {}
[5.129194] (-) TimerEvent: {}
[5.230160] (-) TimerEvent: {}
[5.330388] (-) TimerEvent: {}
[5.430849] (-) TimerEvent: {}
[5.531234] (-) TimerEvent: {}
[5.631637] (-) TimerEvent: {}
[5.732094] (-) TimerEvent: {}
[5.834200] (-) TimerEvent: {}
[5.934704] (-) TimerEvent: {}
[6.035184] (-) TimerEvent: {}
[6.135756] (-) TimerEvent: {}
[6.236286] (-) TimerEvent: {}
[6.336727] (-) TimerEvent: {}
[6.437355] (-) TimerEvent: {}
[6.537589] (-) TimerEvent: {}
[6.637819] (-) TimerEvent: {}
[6.738228] (-) TimerEvent: {}
[6.838460] (-) TimerEvent: {}
[6.918794] (recive_pkg) StdoutLine: {'line': b'[ 18%] Linking CXX executable recive_pkg\n'}
[6.938639] (-) TimerEvent: {}
[7.041978] (-) TimerEvent: {}
[7.142165] (-) TimerEvent: {}
[7.242347] (-) TimerEvent: {}
[7.342529] (-) TimerEvent: {}
[7.442719] (-) TimerEvent: {}
[7.542900] (-) TimerEvent: {}
[7.643080] (-) TimerEvent: {}
[7.721641] (recive_pkg) StdoutLine: {'line': b'[100%] Built target recive_pkg\n'}
[7.735787] (recive_pkg) CommandEnded: {'returncode': 0}
[7.736502] (recive_pkg) JobProgress: {'identifier': 'recive_pkg', 'progress': 'install'}
[7.747736] (recive_pkg) Command: {'cmd': ['/usr/bin/cmake', '--install', '/home/ubuntu/桌面/RM26_ROS2PKG/build/recive_pkg'], 'cwd': '/home/ubuntu/桌面/RM26_ROS2PKG/build/recive_pkg', 'env': OrderedDict([('GJS_DEBUG_TOPICS', 'JS ERROR;JS LOG'), ('LESSOPEN', '| /usr/bin/lesspipe %s'), ('VSCODE_CWD', '/home/ubuntu'), ('VSCODE_ESM_ENTRYPOINT', 'vs/workbench/api/node/extensionHostProcess'), ('LANGUAGE', 'zh_CN:zh'), ('USER', 'ubuntu'), ('VSCODE_NLS_CONFIG', '{"userLocale":"zh-cn","osLocale":"zh-cn","resolvedLanguage":"zh-cn","defaultMessagesFile":"/usr/share/cursor/resources/app/out/nls.messages.json","languagePack":{"translationsConfigFile":"/home/ubuntu/.config/Cursor/clp/6fe284ae87274d9cb2cdffc89b193492.zh-cn/tcf.json","messagesFile":"/home/ubuntu/.config/Cursor/clp/6fe284ae87274d9cb2cdffc89b193492.zh-cn/ba90f2f88e4911312761abab9492c42442117cf0/nls.messages.json","corruptMarkerFile":"/home/ubuntu/.config/Cursor/clp/6fe284ae87274d9cb2cdffc89b193492.zh-cn/corrupted.info"},"locale":"zh-cn","availableLanguages":{"*":"zh-cn"},"_languagePackId":"6fe284ae87274d9cb2cdffc89b193492.zh-cn","_languagePackSupport":true,"_translationsConfigFile":"/home/ubuntu/.config/Cursor/clp/6fe284ae87274d9cb2cdffc89b193492.zh-cn/tcf.json","_cacheRoot":"/home/ubuntu/.config/Cursor/clp/6fe284ae87274d9cb2cdffc89b193492.zh-cn","_resolvedLanguagePackCoreLocation":"/home/ubuntu/.config/Cursor/clp/6fe284ae87274d9cb2cdffc89b193492.zh-cn/ba90f2f88e4911312761abab9492c42442117cf0","_corruptedFile":"/home/ubuntu/.config/Cursor/clp/6fe284ae87274d9cb2cdffc89b193492.zh-cn/corrupted.info"}'), ('VSCODE_HANDLES_UNCAUGHT_ERRORS', 'true'), ('XDG_SESSION_TYPE', 'x11'), ('ALLUSERSPROFILE', '/opt/MVS/MVFG'), ('SHLVL', '0'), ('LD_LIBRARY_PATH', '/opt/MVS/lib/64:/opt/MVS/lib/32:/opt/MVS/lib/64:/opt/MVS/lib/32:/opt/intel/openvino_toolkit_ubuntu22_2025.2.0.19140.c01cd93e24d_x86_64/runtime/3rdparty/tbb/lib:/opt/intel/openvino_toolkit_ubuntu22_2025.2.0.19140.c01cd93e24d_x86_64/runtime/lib/intel64:/opt/MVS/lib/64:/opt/MVS/lib/32:/opt/MVS/lib/64:/opt/MVS/lib/32:/opt/MVS/lib/64:/opt/MVS/lib/32:/opt/intel/openvino_toolkit_ubuntu22_2025.2.0.19140.c01cd93e24d_x86_64/runtime/3rdparty/tbb/lib:/opt/intel/openvino_toolkit_ubuntu22_2025.2.0.19140.c01cd93e24d_x86_64/runtime/lib/intel64:/opt/ros/humble/opt/rviz_ogre_vendor/lib:/opt/ros/humble/lib/x86_64-linux-gnu:/opt/ros/humble/lib:/opt/MVS/lib/64:/opt/MVS/lib/32:/opt/MVS/lib/64:/opt/MVS/lib/32:/opt/MVS/lib/64:/opt/MVS/lib/32:'), ('TBB_DIR', '/opt/intel/openvino_toolkit_ubuntu22_2025.2.0.19140.c01cd93e24d_x86_64/runtime/3rdparty/tbb/lib/cmake/TBB'), ('HOME', '/home/ubuntu'), ('CHROME_DESKTOP', 'cursor.desktop'), ('CONDA_SHLVL', '0'), ('OLDPWD', '/home/ubuntu/桌面/RM26_ROS2PKG'), ('DESKTOP_SESSION', 'ubuntu'), ('VSCODE_IPC_HOOK', '/run/user/1000/vscode-91260982-2.0.-main.sock'), ('GIO_LAUNCHED_DESKTOP_FILE', '/usr/share/applications/cursor.desktop'), ('ROS_PYTHON_VERSION', '3'), ('GNOME_SHELL_SESSION_MODE', 'ubuntu'), ('GTK_MODULES', 'gail:atk-bridge'), ('INTEL_OPENVINO_DIR', '/opt/intel/openvino_toolkit_ubuntu22_2025.2.0.19140.c01cd93e24d_x86_64'), ('MANAGERPID', '3416'), ('SYSTEMD_EXEC_PID', '3755'), ('NO_COLOR', '1'), ('DBUS_SESSION_BUS_ADDRESS', 'unix:path=/run/user/1000/bus'), ('_CE_M', ''), ('_CONDA_ROOT', '/home/ubuntu/miniconda3'), ('GIO_LAUNCHED_DESKTOP_FILE_PID', '5102'), ('VSCODE_CRASH_REPORTER_PROCESS_TYPE', 'extensionHost'), ('VSCODE_L10N_BUNDLE_LOCATION', 'file:///home/ubuntu/.cursor/extensions/ms-ceintl.vscode-language-pack-zh-hans-1.99.0-universal/translations/extensions/vscode.markdown-language-features.i18n.json'), ('ROS_DISTRO', 'humble'), ('GTK_IM_MODULE', 'ibus'), ('LOGNAME', 'ubuntu'), ('FORCE_COLOR', '0'), ('JOURNAL_STREAM', '8:24601'), ('_', '/usr/bin/colcon'), ('ROS_VERSION', '2'), ('PKG_CONFIG_PATH', '/opt/intel/openvino_toolkit_ubuntu22_2025.2.0.19140.c01cd93e24d_x86_64/runtime/lib/intel64/pkgconfig:/opt/intel/openvino_toolkit_ubuntu22_2025.2.0.19140.c01cd93e24d_x86_64/runtime/lib/intel64/pkgconfig'), ('XDG_SESSION_CLASS', 'user'), ('USERNAME', 'ubuntu'), ('TERM', 'dumb'), ('GNOME_DESKTOP_SESSION_ID', 'this-is-deprecated'), ('_CE_CONDA', ''), ('ROS_LOCALHOST_ONLY', '0'), ('COMPOSER_NO_INTERACTION', '1'), ('WINDOWPATH', '2'), ('MVCAM_SDK_PATH', '/opt/MVS'), ('PATH', '/home/ubuntu/miniconda3/condabin:/opt/ros/humble/bin:/usr/local/sbin:/usr/local/bin:/usr/sbin:/usr/bin:/sbin:/bin:/usr/games:/usr/local/games:/snap/bin:/snap/bin'), ('SESSION_MANAGER', 'local/ubuntu-NUC15CRKU5:@/tmp/.ICE-unix/3726,unix/ubuntu-NUC15CRKU5:/tmp/.ICE-unix/3726'), ('INVOCATION_ID', 'a8e51a4a55ac44aba490c023b6ad76bc'), ('MVCAM_GENICAM_CLPROTOCOL', '/opt/MVS/lib/CLProtocol'), ('XDG_MENU_PREFIX', 'gnome-'), ('VSCODE_PROCESS_TITLE', 'extension-host  [2-2]'), ('XDG_RUNTIME_DIR', '/run/user/1000'), ('GDK_BACKEND', 'x11'), ('CURSOR_AGENT', '1'), ('DISPLAY', ':1'), ('LANG', 'zh_CN.UTF-8'), ('XDG_CURRENT_DESKTOP', 'Unity'), ('XMODIFIERS', '@im=ibus'), ('XDG_SESSION_DESKTOP', 'ubuntu'), ('XAUTHORITY', '/run/user/1000/gdm/Xauthority'), ('LS_COLORS', ''), ('CURSOR_TRACE_ID', '8423a44d26cb48ec94d1846f2cd5a6a9'), ('SSH_AGENT_LAUNCHER', 'gnome-keyring'), ('SSH_AUTH_SOCK', '/run/user/1000/keyring/ssh'), ('AMENT_PREFIX_PATH', '/opt/ros/humble'), ('CONDA_PYTHON_EXE', '/home/ubuntu/miniconda3/bin/python'), ('ORIGINAL_XDG_CURRENT_DESKTOP', 'ubuntu:GNOME'), ('SHELL', '/bin/bash'), ('QT_ACCESSIBILITY', '1'), ('GDMSESSION', 'ubuntu'), ('LESSCLOSE', '/usr/bin/lesspipe %s %s'), ('GPG_AGENT_INFO', '/run/user/1000/gnupg/S.gpg-agent:0:1'), ('GJS_DEBUG_OUTPUT', 'stderr'), ('_CONDA_EXE', '/home/ubuntu/miniconda3/bin/conda'), ('QT_IM_MODULE', 'ibus'), ('PWD', '/home/ubuntu/桌面/RM26_ROS2PKG/build/recive_pkg'), ('XDG_CONFIG_DIRS', '/etc/xdg/xdg-ubuntu:/etc/xdg'), ('CONDA_EXE', '/home/ubuntu/miniconda3/bin/conda'), ('VSCODE_CODE_CACHE_PATH', '/home/ubuntu/.config/Cursor/CachedData/ba90f2f88e4911312761abab9492c42442117cf0'), ('XDG_DATA_DIRS', '/usr/share/ubuntu:/usr/share/gnome:/usr/local/share/:/usr/share/:/var/lib/snapd/desktop'), ('PYTHONPATH', '/opt/intel/openvino_toolkit_ubuntu22_2025.2.0.19140.c01cd93e24d_x86_64/python:/opt/intel/openvino_toolkit_ubuntu22_2025.2.0.19140.c01cd93e24d_x86_64/python/python3:/opt/intel/openvino_toolkit_ubuntu22_2025.2.0.19140.c01cd93e24d_x86_64/python:/opt/intel/openvino_toolkit_ubuntu22_2025.2.0.19140.c01cd93e24d_x86_64/python/python3:/opt/ros/humble/lib/python3.10/site-packages:/opt/ros/humble/local/lib/python3.10/dist-packages'), ('COLCON', '1'), ('OpenVINO_DIR', '/opt/intel/openvino_toolkit_ubuntu22_2025.2.0.19140.c01cd93e24d_x86_64/runtime/cmake'), ('VSCODE_PID', '5102'), ('MVCAM_COMMON_RUNENV', '/opt/MVS/lib'), ('CMAKE_PREFIX_PATH', '/opt/ros/humble')]), 'shell': False}
[7.749003] (-) TimerEvent: {}
[7.754792] (recive_pkg) StdoutLine: {'line': b'-- Install configuration: ""\n'}
[7.754973] (recive_pkg) StdoutLine: {'line': b'-- Installing: /home/ubuntu/\xe6\xa1\x8c\xe9\x9d\xa2/RM26_ROS2PKG/install/recive_pkg/lib/recive_pkg/recive_pkg\n'}
[7.766071] (recive_pkg) StdoutLine: {'line': b'-- Set runtime path of "/home/ubuntu/\xe6\xa1\x8c\xe9\x9d\xa2/RM26_ROS2PKG/install/recive_pkg/lib/recive_pkg/recive_pkg" to ""\n'}
[7.766213] (recive_pkg) StdoutLine: {'line': b'-- Up-to-date: /home/ubuntu/\xe6\xa1\x8c\xe9\x9d\xa2/RM26_ROS2PKG/install/recive_pkg/share/ament_index/resource_index/package_run_dependencies/recive_pkg\n'}
[7.766261] (recive_pkg) StdoutLine: {'line': b'-- Up-to-date: /home/ubuntu/\xe6\xa1\x8c\xe9\x9d\xa2/RM26_ROS2PKG/install/recive_pkg/share/ament_index/resource_index/parent_prefix_path/recive_pkg\n'}
[7.766297] (recive_pkg) StdoutLine: {'line': b'-- Up-to-date: /home/ubuntu/\xe6\xa1\x8c\xe9\x9d\xa2/RM26_ROS2PKG/install/recive_pkg/share/recive_pkg/environment/ament_prefix_path.sh\n'}
[7.766339] (recive_pkg) StdoutLine: {'line': b'-- Up-to-date: /home/ubuntu/\xe6\xa1\x8c\xe9\x9d\xa2/RM26_ROS2PKG/install/recive_pkg/share/recive_pkg/environment/ament_prefix_path.dsv\n'}
[7.766365] (recive_pkg) StdoutLine: {'line': b'-- Up-to-date: /home/ubuntu/\xe6\xa1\x8c\xe9\x9d\xa2/RM26_ROS2PKG/install/recive_pkg/share/recive_pkg/environment/path.sh\n'}
[7.766389] (recive_pkg) StdoutLine: {'line': b'-- Up-to-date: /home/ubuntu/\xe6\xa1\x8c\xe9\x9d\xa2/RM26_ROS2PKG/install/recive_pkg/share/recive_pkg/environment/path.dsv\n'}
[7.766415] (recive_pkg) StdoutLine: {'line': b'-- Up-to-date: /home/ubuntu/\xe6\xa1\x8c\xe9\x9d\xa2/RM26_ROS2PKG/install/recive_pkg/share/recive_pkg/local_setup.bash\n'}
[7.766439] (recive_pkg) StdoutLine: {'line': b'-- Up-to-date: /home/ubuntu/\xe6\xa1\x8c\xe9\x9d\xa2/RM26_ROS2PKG/install/recive_pkg/share/recive_pkg/local_setup.sh\n'}
[7.766463] (recive_pkg) StdoutLine: {'line': b'-- Up-to-date: /home/ubuntu/\xe6\xa1\x8c\xe9\x9d\xa2/RM26_ROS2PKG/install/recive_pkg/share/recive_pkg/local_setup.zsh\n'}
[7.766487] (recive_pkg) StdoutLine: {'line': b'-- Up-to-date: /home/ubuntu/\xe6\xa1\x8c\xe9\x9d\xa2/RM26_ROS2PKG/install/recive_pkg/share/recive_pkg/local_setup.dsv\n'}
[7.766509] (recive_pkg) StdoutLine: {'line': b'-- Installing: /home/ubuntu/\xe6\xa1\x8c\xe9\x9d\xa2/RM26_ROS2PKG/install/recive_pkg/share/recive_pkg/package.dsv\n'}
[7.766533] (recive_pkg) StdoutLine: {'line': b'-- Up-to-date: /home/ubuntu/\xe6\xa1\x8c\xe9\x9d\xa2/RM26_ROS2PKG/install/recive_pkg/share/ament_index/resource_index/packages/recive_pkg\n'}
[7.766557] (recive_pkg) StdoutLine: {'line': b'-- Up-to-date: /home/ubuntu/\xe6\xa1\x8c\xe9\x9d\xa2/RM26_ROS2PKG/install/recive_pkg/share/recive_pkg/cmake/recive_pkgConfig.cmake\n'}
[7.766580] (recive_pkg) StdoutLine: {'line': b'-- Up-to-date: /home/ubuntu/\xe6\xa1\x8c\xe9\x9d\xa2/RM26_ROS2PKG/install/recive_pkg/share/recive_pkg/cmake/recive_pkgConfig-version.cmake\n'}
[7.766603] (recive_pkg) StdoutLine: {'line': b'-- Up-to-date: /home/ubuntu/\xe6\xa1\x8c\xe9\x9d\xa2/RM26_ROS2PKG/install/recive_pkg/share/recive_pkg/package.xml\n'}
[7.768010] (recive_pkg) CommandEnded: {'returncode': 0}
[7.780569] (recive_pkg) JobEnded: {'identifier': 'recive_pkg', 'rc': 0}
[7.780908] (-) EventReactorShutdown: {}
