[0.000000] (-) TimerEvent: {}
[0.000159] (-) JobUnselected: {'identifier': 'hik_camera'}
[0.000574] (-) JobUnselected: {'identifier': 'recive_pkg'}
[0.000594] (-) JobUnselected: {'identifier': 'ros2_armor_can'}
[0.000681] (detection) JobQueued: {'identifier': 'detection', 'dependencies': OrderedDict()}
[0.000694] (detection) JobStarted: {'identifier': 'detection'}
[0.005671] (detection) JobProgress: {'identifier': 'detection', 'progress': 'cmake'}
[0.006884] (detection) JobProgress: {'identifier': 'detection', 'progress': 'build'}
[0.007043] (detection) Command: {'cmd': ['/usr/bin/cmake', '--build', '/home/ubuntu/桌面/RM26_ROS2PKG/build/detection', '--', '-j14', '-l14'], 'cwd': '/home/ubuntu/桌面/RM26_ROS2PKG/build/detection', 'env': OrderedDict([('GJS_DEBUG_TOPICS', 'JS ERROR;JS LOG'), ('LESSOPEN', '| /usr/bin/lesspipe %s'), ('VSCODE_CWD', '/home/ubuntu'), ('VSCODE_ESM_ENTRYPOINT', 'vs/workbench/api/node/extensionHostProcess'), ('LANGUAGE', 'zh_CN:zh'), ('USER', 'ubuntu'), ('VSCODE_NLS_CONFIG', '{"userLocale":"zh-cn","osLocale":"zh-cn","resolvedLanguage":"zh-cn","defaultMessagesFile":"/usr/share/cursor/resources/app/out/nls.messages.json","languagePack":{"translationsConfigFile":"/home/ubuntu/.config/Cursor/clp/6fe284ae87274d9cb2cdffc89b193492.zh-cn/tcf.json","messagesFile":"/home/ubuntu/.config/Cursor/clp/6fe284ae87274d9cb2cdffc89b193492.zh-cn/ba90f2f88e4911312761abab9492c42442117cf0/nls.messages.json","corruptMarkerFile":"/home/ubuntu/.config/Cursor/clp/6fe284ae87274d9cb2cdffc89b193492.zh-cn/corrupted.info"},"locale":"zh-cn","availableLanguages":{"*":"zh-cn"},"_languagePackId":"6fe284ae87274d9cb2cdffc89b193492.zh-cn","_languagePackSupport":true,"_translationsConfigFile":"/home/ubuntu/.config/Cursor/clp/6fe284ae87274d9cb2cdffc89b193492.zh-cn/tcf.json","_cacheRoot":"/home/ubuntu/.config/Cursor/clp/6fe284ae87274d9cb2cdffc89b193492.zh-cn","_resolvedLanguagePackCoreLocation":"/home/ubuntu/.config/Cursor/clp/6fe284ae87274d9cb2cdffc89b193492.zh-cn/ba90f2f88e4911312761abab9492c42442117cf0","_corruptedFile":"/home/ubuntu/.config/Cursor/clp/6fe284ae87274d9cb2cdffc89b193492.zh-cn/corrupted.info"}'), ('VSCODE_HANDLES_UNCAUGHT_ERRORS', 'true'), ('XDG_SESSION_TYPE', 'x11'), ('ALLUSERSPROFILE', '/opt/MVS/MVFG'), ('SHLVL', '1'), ('LD_LIBRARY_PATH', '/opt/MVS/lib/64:/opt/MVS/lib/32:/opt/MVS/lib/64:/opt/MVS/lib/32:/opt/intel/openvino_toolkit_ubuntu22_2025.2.0.19140.c01cd93e24d_x86_64/runtime/3rdparty/tbb/lib:/opt/intel/openvino_toolkit_ubuntu22_2025.2.0.19140.c01cd93e24d_x86_64/runtime/lib/intel64:/opt/MVS/lib/64:/opt/MVS/lib/32:/opt/MVS/lib/64:/opt/MVS/lib/32:/opt/MVS/lib/64:/opt/MVS/lib/32:/opt/intel/openvino_toolkit_ubuntu22_2025.2.0.19140.c01cd93e24d_x86_64/runtime/3rdparty/tbb/lib:/opt/intel/openvino_toolkit_ubuntu22_2025.2.0.19140.c01cd93e24d_x86_64/runtime/lib/intel64:/opt/ros/humble/opt/rviz_ogre_vendor/lib:/opt/ros/humble/lib/x86_64-linux-gnu:/opt/ros/humble/lib:/opt/MVS/lib/64:/opt/MVS/lib/32:/opt/MVS/lib/64:/opt/MVS/lib/32:/opt/MVS/lib/64:/opt/MVS/lib/32:'), ('TBB_DIR', '/opt/intel/openvino_toolkit_ubuntu22_2025.2.0.19140.c01cd93e24d_x86_64/runtime/3rdparty/tbb/lib/cmake/TBB'), ('HOME', '/home/ubuntu'), ('CHROME_DESKTOP', 'cursor.desktop'), ('CONDA_SHLVL', '0'), ('OLDPWD', '/home/ubuntu/桌面/RM26_ROS2PKG'), ('DESKTOP_SESSION', 'ubuntu'), ('VSCODE_IPC_HOOK', '/run/user/1000/vscode-91260982-2.0.-main.sock'), ('GIO_LAUNCHED_DESKTOP_FILE', '/usr/share/applications/cursor.desktop'), ('ROS_PYTHON_VERSION', '3'), ('GNOME_SHELL_SESSION_MODE', 'ubuntu'), ('GTK_MODULES', 'gail:atk-bridge'), ('INTEL_OPENVINO_DIR', '/opt/intel/openvino_toolkit_ubuntu22_2025.2.0.19140.c01cd93e24d_x86_64'), ('MANAGERPID', '3324'), ('SYSTEMD_EXEC_PID', '3740'), ('NO_COLOR', '1'), ('DBUS_SESSION_BUS_ADDRESS', 'unix:path=/run/user/1000/bus'), ('_CE_M', ''), ('_CONDA_ROOT', '/home/ubuntu/miniconda3'), ('GIO_LAUNCHED_DESKTOP_FILE_PID', '22752'), ('VSCODE_CRASH_REPORTER_PROCESS_TYPE', 'extensionHost'), ('VSCODE_L10N_BUNDLE_LOCATION', 'file:///home/ubuntu/.cursor/extensions/ms-ceintl.vscode-language-pack-zh-hans-1.99.0-universal/translations/extensions/vscode.json-language-features.i18n.json'), ('ROS_DISTRO', 'humble'), ('GTK_IM_MODULE', 'ibus'), ('LOGNAME', 'ubuntu'), ('FORCE_COLOR', '0'), ('JOURNAL_STREAM', '8:13981'), ('_', '/usr/bin/colcon'), ('ROS_VERSION', '2'), ('PKG_CONFIG_PATH', '/opt/intel/openvino_toolkit_ubuntu22_2025.2.0.19140.c01cd93e24d_x86_64/runtime/lib/intel64/pkgconfig:/opt/intel/openvino_toolkit_ubuntu22_2025.2.0.19140.c01cd93e24d_x86_64/runtime/lib/intel64/pkgconfig'), ('XDG_SESSION_CLASS', 'user'), ('USERNAME', 'ubuntu'), ('TERM', 'dumb'), ('GNOME_DESKTOP_SESSION_ID', 'this-is-deprecated'), ('_CE_CONDA', ''), ('ROS_LOCALHOST_ONLY', '0'), ('COMPOSER_NO_INTERACTION', '1'), ('WINDOWPATH', '2'), ('MVCAM_SDK_PATH', '/opt/MVS'), ('PATH', '/home/ubuntu/miniconda3/condabin:/opt/ros/humble/bin:/usr/local/sbin:/usr/local/bin:/usr/sbin:/usr/bin:/sbin:/bin:/usr/games:/usr/local/games:/snap/bin:/snap/bin'), ('SESSION_MANAGER', 'local/ubuntu-NUC15CRKU5:@/tmp/.ICE-unix/3712,unix/ubuntu-NUC15CRKU5:/tmp/.ICE-unix/3712'), ('INVOCATION_ID', '9e3b464a42474ecd8fd8a62ff11490cd'), ('MVCAM_GENICAM_CLPROTOCOL', '/opt/MVS/lib/CLProtocol'), ('XDG_MENU_PREFIX', 'gnome-'), ('VSCODE_PROCESS_TITLE', 'extension-host  [2-1]'), ('XDG_RUNTIME_DIR', '/run/user/1000'), ('GDK_BACKEND', 'x11'), ('CURSOR_AGENT', '1'), ('DISPLAY', ':1'), ('LANG', 'zh_CN.UTF-8'), ('XDG_CURRENT_DESKTOP', 'Unity'), ('XMODIFIERS', '@im=ibus'), ('XDG_SESSION_DESKTOP', 'ubuntu'), ('XAUTHORITY', '/run/user/1000/gdm/Xauthority'), ('LS_COLORS', ''), ('CURSOR_TRACE_ID', 'db29afce4b5d4eb3a148c7c136fa94e1'), ('SSH_AGENT_LAUNCHER', 'gnome-keyring'), ('SSH_AUTH_SOCK', '/run/user/1000/keyring/ssh'), ('AMENT_PREFIX_PATH', '/opt/ros/humble'), ('CONDA_PYTHON_EXE', '/home/ubuntu/miniconda3/bin/python'), ('ORIGINAL_XDG_CURRENT_DESKTOP', 'ubuntu:GNOME'), ('SHELL', '/bin/bash'), ('QT_ACCESSIBILITY', '1'), ('GDMSESSION', 'ubuntu'), ('LESSCLOSE', '/usr/bin/lesspipe %s %s'), ('GPG_AGENT_INFO', '/run/user/1000/gnupg/S.gpg-agent:0:1'), ('GJS_DEBUG_OUTPUT', 'stderr'), ('_CONDA_EXE', '/home/ubuntu/miniconda3/bin/conda'), ('QT_IM_MODULE', 'ibus'), ('PWD', '/home/ubuntu/桌面/RM26_ROS2PKG/build/detection'), ('XDG_CONFIG_DIRS', '/etc/xdg/xdg-ubuntu:/etc/xdg'), ('CONDA_EXE', '/home/ubuntu/miniconda3/bin/conda'), ('VSCODE_CODE_CACHE_PATH', '/home/ubuntu/.config/Cursor/CachedData/ba90f2f88e4911312761abab9492c42442117cf0'), ('XDG_DATA_DIRS', '/usr/share/ubuntu:/usr/share/gnome:/usr/local/share/:/usr/share/:/var/lib/snapd/desktop'), ('PYTHONPATH', '/opt/intel/openvino_toolkit_ubuntu22_2025.2.0.19140.c01cd93e24d_x86_64/python:/opt/intel/openvino_toolkit_ubuntu22_2025.2.0.19140.c01cd93e24d_x86_64/python/python3:/opt/intel/openvino_toolkit_ubuntu22_2025.2.0.19140.c01cd93e24d_x86_64/python:/opt/intel/openvino_toolkit_ubuntu22_2025.2.0.19140.c01cd93e24d_x86_64/python/python3:/opt/ros/humble/lib/python3.10/site-packages:/opt/ros/humble/local/lib/python3.10/dist-packages'), ('COLCON', '1'), ('OpenVINO_DIR', '/opt/intel/openvino_toolkit_ubuntu22_2025.2.0.19140.c01cd93e24d_x86_64/runtime/cmake'), ('VSCODE_PID', '22752'), ('MVCAM_COMMON_RUNENV', '/opt/MVS/lib')]), 'shell': False}
[0.050876] (detection) StdoutLine: {'line': b'Consolidate compiler generated dependencies of target detection\n'}
[0.066992] (detection) StdoutLine: {'line': b'[ 10%] Building CXX object CMakeFiles/detection.dir/src/yolo_detection.cpp.o\n'}
[0.099626] (-) TimerEvent: {}
[0.199824] (-) TimerEvent: {}
[0.300082] (-) TimerEvent: {}
[0.400332] (-) TimerEvent: {}
[0.500926] (-) TimerEvent: {}
[0.601125] (-) TimerEvent: {}
[0.703239] (-) TimerEvent: {}
[0.803480] (-) TimerEvent: {}
[0.904722] (-) TimerEvent: {}
[1.005002] (-) TimerEvent: {}
[1.105436] (-) TimerEvent: {}
[1.206341] (-) TimerEvent: {}
[1.306530] (-) TimerEvent: {}
[1.408916] (detection) StderrLine: {'line': b'/home/ubuntu/\xe6\xa1\x8c\xe9\x9d\xa2/RM26_ROS2PKG/src/rm_auto_aim/detection/src/yolo_detection.cpp: In member function \xe2\x80\x98void detection::DetectionArmor::drawObject(cv::Mat&, std::vector<detection::ArmorData>&)\xe2\x80\x99:\n'}
[1.409147] (-) TimerEvent: {}
[1.409174] (detection) StderrLine: {'line': b'/home/ubuntu/\xe6\xa1\x8c\xe9\x9d\xa2/RM26_ROS2PKG/src/rm_auto_aim/detection/src/yolo_detection.cpp:350:31: error: \xe2\x80\x98d\xe2\x80\x99 was not declared in this scope\n'}
[1.409258] (detection) StderrLine: {'line': b'  350 |         calculateGimbalAngles(d.delta_x, d.delta_y, fx, fy, d.target_yaw, d.target_pitch);\n'}
[1.409321] (detection) StderrLine: {'line': b'      |                               ^\n'}
[1.413617] (detection) StderrLine: {'line': b'/home/ubuntu/\xe6\xa1\x8c\xe9\x9d\xa2/RM26_ROS2PKG/src/rm_auto_aim/detection/src/yolo_detection.cpp:374:40: error: \xe2\x80\x98rt\xe2\x80\x99 was not declared in this scope; did you mean \xe2\x80\x98t\xe2\x80\x99?\n'}
[1.413798] (detection) StderrLine: {'line': b'  374 |         cv::putText(image, delta_text, rt, cv::FONT_HERSHEY_SIMPLEX, 0.5,\n'}
[1.413853] (detection) StderrLine: {'line': b'      |                                        ^~\n'}
[1.413899] (detection) StderrLine: {'line': b'      |                                        t\n'}
[1.413940] (detection) StderrLine: {'line': b'/home/ubuntu/\xe6\xa1\x8c\xe9\x9d\xa2/RM26_ROS2PKG/src/rm_auto_aim/detection/src/yolo_detection.cpp: At global scope:\n'}
[1.413983] (detection) StderrLine: {'line': b'/home/ubuntu/\xe6\xa1\x8c\xe9\x9d\xa2/RM26_ROS2PKG/src/rm_auto_aim/detection/src/yolo_detection.cpp:383:15: error: expected constructor, destructor, or type conversion before \xe2\x80\x98(\xe2\x80\x99 token\n'}
[1.414031] (detection) StderrLine: {'line': b'  383 |     cv::imshow("Detection", image);\n'}
[1.414074] (detection) StderrLine: {'line': b'      |               ^\n'}
[1.414115] (detection) StderrLine: {'line': b'/home/ubuntu/\xe6\xa1\x8c\xe9\x9d\xa2/RM26_ROS2PKG/src/rm_auto_aim/detection/src/yolo_detection.cpp:387:1: error: expected declaration before \xe2\x80\x98}\xe2\x80\x99 token\n'}
[1.414155] (detection) StderrLine: {'line': b'  387 | }\n'}
[1.414192] (detection) StderrLine: {'line': b'      | ^\n'}
[1.511533] (-) TimerEvent: {}
[1.612221] (-) TimerEvent: {}
[1.712428] (-) TimerEvent: {}
[1.812666] (-) TimerEvent: {}
[1.856388] (detection) StderrLine: {'line': b'gmake[2]: *** [CMakeFiles/detection.dir/build.make:188\xef\xbc\x9aCMakeFiles/detection.dir/src/yolo_detection.cpp.o] \xe9\x94\x99\xe8\xaf\xaf 1\n'}
[1.856967] (detection) StderrLine: {'line': b'gmake[1]: *** [CMakeFiles/Makefile2:83\xef\xbc\x9aCMakeFiles/detection.dir/all] \xe9\x94\x99\xe8\xaf\xaf 2\n'}
[1.857200] (detection) StderrLine: {'line': b'gmake: *** [Makefile:91\xef\xbc\x9aall] \xe9\x94\x99\xe8\xaf\xaf 2\n'}
[1.860431] (detection) CommandEnded: {'returncode': 2}
[1.860755] (detection) JobEnded: {'identifier': 'detection', 'rc': 2}
[1.870802] (-) EventReactorShutdown: {}
