[35m[1mConsolidate compiler generated dependencies of target armor_send_node[0m
[35m[1mConsolidate compiler generated dependencies of target test_send_node[0m
[ 33%] [32mBuilding CXX object CMakeFiles/armor_send_node.dir/src/armor_send.cpp.o[0m
[ 33%] [32mBuilding CXX object CMakeFiles/armor_send_node.dir/src/bmcan_bus.cpp.o[0m
[ 50%] [32mBuilding CXX object CMakeFiles/test_send_node.dir/src/bmcan_bus.cpp.o[0m
[ 66%] [32m[1mLinking CXX executable test_send_node[0m
[ 83%] Built target test_send_node
[100%] [32m[1mLinking CXX executable armor_send_node[0m
[100%] Built target armor_send_node
-- Install configuration: ""
-- Installing: /home/ubuntu/æ¡Œé¢/RM26/install/ros2_armor_can/lib/ros2_armor_can/armor_send_node
-- Set runtime path of "/home/ubuntu/æ¡Œé¢/RM26/install/ros2_armor_can/lib/ros2_armor_can/armor_send_node" to ""
-- Installing: /home/ubuntu/æ¡Œé¢/RM26/install/ros2_armor_can/lib/ros2_armor_can/test_send_node
-- Set runtime path of "/home/ubuntu/æ¡Œé¢/RM26/install/ros2_armor_can/lib/ros2_armor_can/test_send_node" to ""
-- Up-to-date: /home/ubuntu/æ¡Œé¢/RM26/install/ros2_armor_can/share/ros2_armor_can//launch
-- Up-to-date: /home/ubuntu/æ¡Œé¢/RM26/install/ros2_armor_can/share/ros2_armor_can//launch/__pycache__
-- Up-to-date: /home/ubuntu/æ¡Œé¢/RM26/install/ros2_armor_can/share/ros2_armor_can//launch/__pycache__/motor_all.launch.cpython-310.pyc
-- Up-to-date: /home/ubuntu/æ¡Œé¢/RM26/install/ros2_armor_can/share/ros2_armor_can//launch/test.launch.py
-- Up-to-date: /home/ubuntu/æ¡Œé¢/RM26/install/ros2_armor_can/share/ros2_armor_can//launch/motor_all.launch.py
-- Up-to-date: /home/ubuntu/æ¡Œé¢/RM26/install/ros2_armor_can/share/ament_index/resource_index/package_run_dependencies/ros2_armor_can
-- Up-to-date: /home/ubuntu/æ¡Œé¢/RM26/install/ros2_armor_can/share/ament_index/resource_index/parent_prefix_path/ros2_armor_can
-- Up-to-date: /home/ubuntu/æ¡Œé¢/RM26/install/ros2_armor_can/share/ros2_armor_can/environment/ament_prefix_path.sh
-- Up-to-date: /home/ubuntu/æ¡Œé¢/RM26/install/ros2_armor_can/share/ros2_armor_can/environment/ament_prefix_path.dsv
-- Up-to-date: /home/ubuntu/æ¡Œé¢/RM26/install/ros2_armor_can/share/ros2_armor_can/environment/path.sh
-- Up-to-date: /home/ubuntu/æ¡Œé¢/RM26/install/ros2_armor_can/share/ros2_armor_can/environment/path.dsv
-- Up-to-date: /home/ubuntu/æ¡Œé¢/RM26/install/ros2_armor_can/share/ros2_armor_can/local_setup.bash
-- Up-to-date: /home/ubuntu/æ¡Œé¢/RM26/install/ros2_armor_can/share/ros2_armor_can/local_setup.sh
-- Up-to-date: /home/ubuntu/æ¡Œé¢/RM26/install/ros2_armor_can/share/ros2_armor_can/local_setup.zsh
-- Up-to-date: /home/ubuntu/æ¡Œé¢/RM26/install/ros2_armor_can/share/ros2_armor_can/local_setup.dsv
-- Installing: /home/ubuntu/æ¡Œé¢/RM26/install/ros2_armor_can/share/ros2_armor_can/package.dsv
-- Up-to-date: /home/ubuntu/æ¡Œé¢/RM26/install/ros2_armor_can/share/ament_index/resource_index/packages/ros2_armor_can
-- Up-to-date: /home/ubuntu/æ¡Œé¢/RM26/install/ros2_armor_can/share/ros2_armor_can/cmake/ros2_armor_canConfig.cmake
-- Up-to-date: /home/ubuntu/æ¡Œé¢/RM26/install/ros2_armor_can/share/ros2_armor_can/cmake/ros2_armor_canConfig-version.cmake
-- Up-to-date: /home/ubuntu/æ¡Œé¢/RM26/install/ros2_armor_can/share/ros2_armor_can/package.xml
