[0.014s] Invoking command in '/home/ubuntu/æ¡Œé¢/RM26/build/hik_camera': CMAKE_PREFIX_PATH=/opt/ros/humble /usr/bin/cmake --build /home/ubuntu/æ¡Œé¢/RM26/build/hik_camera -- -j14 -l14
[0.037s] -- Found ament_cmake_auto: 1.3.12 (/opt/ros/humble/share/ament_cmake_auto/cmake)
[0.188s] -- Found rosidl_generator_c: 3.1.7 (/opt/ros/humble/share/rosidl_generator_c/cmake)
[0.189s] -- Found rosidl_adapter: 3.1.7 (/opt/ros/humble/share/rosidl_adapter/cmake)
[0.192s] -- Found rosidl_generator_cpp: 3.1.7 (/opt/ros/humble/share/rosidl_generator_cpp/cmake)
[0.194s] -- Using all available rosidl_typesupport_c: rosidl_typesupport_fastrtps_c;rosidl_typesupport_introspection_c
[0.199s] -- Using all available rosidl_typesupport_cpp: rosidl_typesupport_fastrtps_cpp;rosidl_typesupport_introspection_cpp
[0.216s] -- Found rmw_implementation_cmake: 6.1.2 (/opt/ros/humble/share/rmw_implementation_cmake/cmake)
[0.216s] -- Found rmw_fastrtps_cpp: 6.2.8 (/opt/ros/humble/share/rmw_fastrtps_cpp/cmake)
[0.267s] -- Using RMW implementation 'rmw_fastrtps_cpp' as default
[0.347s] -- Found ament_lint_auto: 0.12.14 (/opt/ros/humble/share/ament_lint_auto/cmake)
[0.352s] -- Added test 'cppcheck' to perform static code analysis on C / C++ code
[0.352s] -- Configured cppcheck include dirs: /home/ubuntu/æ¡Œé¢/RM26/src/ros2_hik_camera-main/include;/home/ubuntu/æ¡Œé¢/RM26/src/ros2_hik_camera-main/hikSDK/include
[0.352s] -- Configured cppcheck exclude dirs and/or files: 
[0.352s] -- Added test 'flake8' to check Python code syntax and style conventions
[0.353s] -- Added test 'lint_cmake' to check CMake code style
[0.353s] -- Added test 'pep257' to check Python code against some of the docstring style conventions in PEP 257
[0.353s] -- Added test 'xmllint' to check XML markup files
[0.353s] -- Configuring done
[0.358s] [0mWARNING: Target "hik_camera" requests linking to directory "/usr/include/opencv4".  Targets may link only to libraries.  CMake is dropping the item.[0m
[0.361s] -- Generating done
[0.363s] -- Build files have been written to: /home/ubuntu/æ¡Œé¢/RM26/build/hik_camera
[0.386s] [35m[1mConsolidate compiler generated dependencies of target hik_camera_node[0m
[0.394s] [ 25%] [32mBuilding CXX object CMakeFiles/hik_camera.dir/src/hik_camera_node.cpp.o[0m
[0.402s] [ 75%] Built target hik_camera_node
[2.068s] [100%] [32m[1mLinking CXX shared library libhik_camera.so[0m
[2.164s] [100%] Built target hik_camera
[2.173s] Invoked command in '/home/ubuntu/æ¡Œé¢/RM26/build/hik_camera' returned '0': CMAKE_PREFIX_PATH=/opt/ros/humble /usr/bin/cmake --build /home/ubuntu/æ¡Œé¢/RM26/build/hik_camera -- -j14 -l14
[2.174s] Invoking command in '/home/ubuntu/æ¡Œé¢/RM26/build/hik_camera': CMAKE_PREFIX_PATH=/opt/ros/humble /usr/bin/cmake --install /home/ubuntu/æ¡Œé¢/RM26/build/hik_camera
[2.186s] -- Install configuration: ""
[2.186s] -- Installing: /home/ubuntu/æ¡Œé¢/RM26/install/hik_camera/lib/amd64
[2.186s] -- Installing: /home/ubuntu/æ¡Œé¢/RM26/install/hik_camera/lib/amd64/libMediaProcess.so
[2.187s] -- Installing: /home/ubuntu/æ¡Œé¢/RM26/install/hik_camera/lib/amd64/libMvCameraControl.so
[2.192s] -- Installing: /home/ubuntu/æ¡Œé¢/RM26/install/hik_camera/lib/amd64/libMVRender.so
[2.192s] -- Installing: /home/ubuntu/æ¡Œé¢/RM26/install/hik_camera/lib/amd64/libFormatConversion.so
[2.192s] -- Installing: /home/ubuntu/æ¡Œé¢/RM26/install/hik_camera/lib/amd64/libMvUsb3vTL.so
[2.194s] -- Installing: /home/ubuntu/æ¡Œé¢/RM26/install/hik_camera/lib/hik_camera/hik_camera_node
[2.194s] -- Set runtime path of "/home/ubuntu/æ¡Œé¢/RM26/install/hik_camera/lib/hik_camera/hik_camera_node" to ""
[2.194s] -- Installing: /home/ubuntu/æ¡Œé¢/RM26/install/hik_camera/share/hik_camera/environment/library_path.sh
[2.194s] -- Installing: /home/ubuntu/æ¡Œé¢/RM26/install/hik_camera/share/hik_camera/environment/library_path.dsv
[2.195s] -- Installing: /home/ubuntu/æ¡Œé¢/RM26/install/hik_camera/lib/libhik_camera.so
[2.195s] -- Set runtime path of "/home/ubuntu/æ¡Œé¢/RM26/install/hik_camera/lib/libhik_camera.so" to ""
[2.195s] -- Installing: /home/ubuntu/æ¡Œé¢/RM26/install/hik_camera/share/hik_camera/config
[2.195s] -- Installing: /home/ubuntu/æ¡Œé¢/RM26/install/hik_camera/share/hik_camera/config/camera_info.yaml
[2.195s] -- Installing: /home/ubuntu/æ¡Œé¢/RM26/install/hik_camera/share/hik_camera/config/camera_params.yaml
[2.195s] -- Installing: /home/ubuntu/æ¡Œé¢/RM26/install/hik_camera/share/hik_camera/launch
[2.195s] -- Installing: /home/ubuntu/æ¡Œé¢/RM26/install/hik_camera/share/hik_camera/launch/hik_camera.launch.py
[2.195s] -- Installing: /home/ubuntu/æ¡Œé¢/RM26/install/hik_camera/share/ament_index/resource_index/package_run_dependencies/hik_camera
[2.195s] -- Installing: /home/ubuntu/æ¡Œé¢/RM26/install/hik_camera/share/ament_index/resource_index/parent_prefix_path/hik_camera
[2.195s] -- Installing: /home/ubuntu/æ¡Œé¢/RM26/install/hik_camera/share/hik_camera/environment/ament_prefix_path.sh
[2.195s] -- Installing: /home/ubuntu/æ¡Œé¢/RM26/install/hik_camera/share/hik_camera/environment/ament_prefix_path.dsv
[2.195s] -- Installing: /home/ubuntu/æ¡Œé¢/RM26/install/hik_camera/share/hik_camera/environment/path.sh
[2.196s] -- Installing: /home/ubuntu/æ¡Œé¢/RM26/install/hik_camera/share/hik_camera/environment/path.dsv
[2.196s] -- Installing: /home/ubuntu/æ¡Œé¢/RM26/install/hik_camera/share/hik_camera/local_setup.bash
[2.196s] -- Installing: /home/ubuntu/æ¡Œé¢/RM26/install/hik_camera/share/hik_camera/local_setup.sh
[2.196s] -- Installing: /home/ubuntu/æ¡Œé¢/RM26/install/hik_camera/share/hik_camera/local_setup.zsh
[2.196s] -- Installing: /home/ubuntu/æ¡Œé¢/RM26/install/hik_camera/share/hik_camera/local_setup.dsv
[2.196s] -- Installing: /home/ubuntu/æ¡Œé¢/RM26/install/hik_camera/share/hik_camera/package.dsv
[2.196s] -- Installing: /home/ubuntu/æ¡Œé¢/RM26/install/hik_camera/share/ament_index/resource_index/packages/hik_camera
[2.196s] -- Installing: /home/ubuntu/æ¡Œé¢/RM26/install/hik_camera/share/ament_index/resource_index/rclcpp_components/hik_camera
[2.196s] -- Installing: /home/ubuntu/æ¡Œé¢/RM26/install/hik_camera/share/hik_camera/cmake/ament_cmake_export_dependencies-extras.cmake
[2.196s] -- Installing: /home/ubuntu/æ¡Œé¢/RM26/install/hik_camera/share/hik_camera/cmake/ament_cmake_export_libraries-extras.cmake
[2.196s] -- Installing: /home/ubuntu/æ¡Œé¢/RM26/install/hik_camera/share/hik_camera/cmake/hik_cameraConfig.cmake
[2.196s] -- Installing: /home/ubuntu/æ¡Œé¢/RM26/install/hik_camera/share/hik_camera/cmake/hik_cameraConfig-version.cmake
[2.196s] -- Installing: /home/ubuntu/æ¡Œé¢/RM26/install/hik_camera/share/hik_camera/package.xml
[2.198s] Invoked command in '/home/ubuntu/æ¡Œé¢/RM26/build/hik_camera' returned '0': CMAKE_PREFIX_PATH=/opt/ros/humble /usr/bin/cmake --install /home/ubuntu/æ¡Œé¢/RM26/build/hik_camera
