[0.047s] DEBUG:colcon:Command line arguments: ['/usr/bin/colcon', 'build']
[0.047s] DEBUG:colcon:Parsed command line arguments: Namespace(log_base=None, log_level=None, verb_name='build', build_base='build', install_base='install', merge_install=False, symlink_install=False, test_result_base=None, continue_on_error=False, executor='parallel', parallel_workers=14, event_handlers=None, ignore_user_meta=False, metas=['./colcon.meta'], base_paths=['.'], packages_ignore=None, packages_ignore_regex=None, paths=None, packages_up_to=None, packages_up_to_regex=None, packages_above=None, packages_above_and_dependencies=None, packages_above_depth=None, packages_select_by_dep=None, packages_skip_by_dep=None, packages_skip_up_to=None, packages_select_build_failed=False, packages_skip_build_finished=False, packages_select_test_failures=False, packages_skip_test_passed=False, packages_select=None, packages_skip=None, packages_select_regex=None, packages_skip_regex=None, packages_start=None, packages_end=None, allow_overriding=[], cmake_args=None, cmake_target=None, cmake_target_skip_unavailable=False, cmake_clean_cache=False, cmake_clean_first=False, cmake_force_configure=False, ament_cmake_args=None, catkin_cmake_args=None, catkin_skip_building_tests=False, verb_parser=<colcon_defaults.argument_parser.defaults.DefaultArgumentsDecorator object at 0x7b93125efc10>, verb_extension=<colcon_core.verb.build.BuildVerb object at 0x7b931271d060>, main=<bound method BuildVerb.main of <colcon_core.verb.build.BuildVerb object at 0x7b931271d060>>)
[0.112s] Level 1:colcon.colcon_core.package_discovery:discover_packages(colcon_meta) check parameters
[0.112s] Level 1:colcon.colcon_core.package_discovery:discover_packages(recursive) check parameters
[0.112s] Level 1:colcon.colcon_core.package_discovery:discover_packages(ignore) check parameters
[0.112s] Level 1:colcon.colcon_core.package_discovery:discover_packages(path) check parameters
[0.112s] Level 1:colcon.colcon_core.package_discovery:discover_packages(colcon_meta) discover
[0.112s] Level 1:colcon.colcon_core.package_discovery:discover_packages(recursive) discover
[0.112s] INFO:colcon.colcon_core.package_discovery:Crawling recursively for packages in '/home/ubuntu/桌面/RM26_ROS2PKG/src/ros2_hik_camera-main'
[0.112s] Level 1:colcon.colcon_core.package_identification:_identify(.) by extensions ['ignore', 'ignore_ament_install']
[0.112s] Level 1:colcon.colcon_core.package_identification:_identify(.) by extension 'ignore'
[0.112s] Level 1:colcon.colcon_core.package_identification:_identify(.) by extension 'ignore_ament_install'
[0.112s] Level 1:colcon.colcon_core.package_identification:_identify(.) by extensions ['colcon_pkg']
[0.112s] Level 1:colcon.colcon_core.package_identification:_identify(.) by extension 'colcon_pkg'
[0.112s] Level 1:colcon.colcon_core.package_identification:_identify(.) by extensions ['colcon_meta']
[0.112s] Level 1:colcon.colcon_core.package_identification:_identify(.) by extension 'colcon_meta'
[0.112s] Level 1:colcon.colcon_core.package_identification:_identify(.) by extensions ['ros']
[0.112s] Level 1:colcon.colcon_core.package_identification:_identify(.) by extension 'ros'
[0.119s] DEBUG:colcon.colcon_core.package_identification:Package '.' with type 'ros.ament_cmake' and name 'hik_camera'
[0.120s] Level 1:colcon.colcon_core.package_discovery:discover_packages(recursive) using defaults
[0.120s] Level 1:colcon.colcon_core.package_discovery:discover_packages(ignore) discover
[0.120s] Level 1:colcon.colcon_core.package_discovery:discover_packages(ignore) using defaults
[0.120s] Level 1:colcon.colcon_core.package_discovery:discover_packages(path) discover
[0.120s] Level 1:colcon.colcon_core.package_discovery:discover_packages(path) using defaults
[0.130s] Level 1:colcon.colcon_core.package_discovery:discover_packages(prefix_path) check parameters
[0.130s] Level 1:colcon.colcon_core.package_discovery:discover_packages(prefix_path) discover
[0.131s] DEBUG:colcon.colcon_installed_package_information.package_discovery:Found 280 installed packages in /opt/ros/humble
[0.132s] Level 1:colcon.colcon_core.package_discovery:discover_packages(prefix_path) using defaults
[0.153s] Level 5:colcon.colcon_core.verb:set package 'hik_camera' build argument 'cmake_args' from command line to 'None'
[0.154s] Level 5:colcon.colcon_core.verb:set package 'hik_camera' build argument 'cmake_target' from command line to 'None'
[0.154s] Level 5:colcon.colcon_core.verb:set package 'hik_camera' build argument 'cmake_target_skip_unavailable' from command line to 'False'
[0.154s] Level 5:colcon.colcon_core.verb:set package 'hik_camera' build argument 'cmake_clean_cache' from command line to 'False'
[0.154s] Level 5:colcon.colcon_core.verb:set package 'hik_camera' build argument 'cmake_clean_first' from command line to 'False'
[0.154s] Level 5:colcon.colcon_core.verb:set package 'hik_camera' build argument 'cmake_force_configure' from command line to 'False'
[0.154s] Level 5:colcon.colcon_core.verb:set package 'hik_camera' build argument 'ament_cmake_args' from command line to 'None'
[0.154s] Level 5:colcon.colcon_core.verb:set package 'hik_camera' build argument 'catkin_cmake_args' from command line to 'None'
[0.154s] Level 5:colcon.colcon_core.verb:set package 'hik_camera' build argument 'catkin_skip_building_tests' from command line to 'False'
[0.154s] DEBUG:colcon.colcon_core.verb:Building package 'hik_camera' with the following arguments: {'ament_cmake_args': None, 'build_base': '/home/ubuntu/桌面/RM26_ROS2PKG/src/ros2_hik_camera-main/build/hik_camera', 'catkin_cmake_args': None, 'catkin_skip_building_tests': False, 'cmake_args': None, 'cmake_clean_cache': False, 'cmake_clean_first': False, 'cmake_force_configure': False, 'cmake_target': None, 'cmake_target_skip_unavailable': False, 'install_base': '/home/ubuntu/桌面/RM26_ROS2PKG/src/ros2_hik_camera-main/install/hik_camera', 'merge_install': False, 'path': '/home/ubuntu/桌面/RM26_ROS2PKG/src/ros2_hik_camera-main', 'symlink_install': False, 'test_result_base': None}
[0.154s] INFO:colcon.colcon_core.executor:Executing jobs using 'parallel' executor
[0.155s] DEBUG:colcon.colcon_parallel_executor.executor.parallel:run_until_complete
[0.155s] INFO:colcon.colcon_ros.task.ament_cmake.build:Building ROS package in '/home/ubuntu/桌面/RM26_ROS2PKG/src/ros2_hik_camera-main' with build type 'ament_cmake'
[0.155s] INFO:colcon.colcon_cmake.task.cmake.build:Building CMake package in '/home/ubuntu/桌面/RM26_ROS2PKG/src/ros2_hik_camera-main'
[0.156s] INFO:colcon.colcon_core.plugin_system:Skipping extension 'colcon_core.shell.bat': Not used on non-Windows systems
[0.156s] INFO:colcon.colcon_core.shell:Skip shell extension 'powershell' for command environment: Not usable outside of PowerShell
[0.156s] DEBUG:colcon.colcon_core.shell:Skip shell extension 'dsv' for command environment
[0.162s] DEBUG:colcon.colcon_core.event_handler.log_command:Invoking command in '/home/ubuntu/桌面/RM26_ROS2PKG/src/ros2_hik_camera-main/build/hik_camera': CMAKE_PREFIX_PATH=/opt/ros/humble /usr/bin/cmake --build /home/ubuntu/桌面/RM26_ROS2PKG/src/ros2_hik_camera-main/build/hik_camera -- -j14 -l14
[0.584s] DEBUG:colcon.colcon_core.event_handler.log_command:Invoked command in '/home/ubuntu/桌面/RM26_ROS2PKG/src/ros2_hik_camera-main/build/hik_camera' returned '0': CMAKE_PREFIX_PATH=/opt/ros/humble /usr/bin/cmake --build /home/ubuntu/桌面/RM26_ROS2PKG/src/ros2_hik_camera-main/build/hik_camera -- -j14 -l14
[0.591s] DEBUG:colcon.colcon_core.event_handler.log_command:Invoking command in '/home/ubuntu/桌面/RM26_ROS2PKG/src/ros2_hik_camera-main/build/hik_camera': CMAKE_PREFIX_PATH=/opt/ros/humble /usr/bin/cmake --install /home/ubuntu/桌面/RM26_ROS2PKG/src/ros2_hik_camera-main/build/hik_camera
[0.597s] Level 1:colcon.colcon_core.environment:create_environment_scripts_only(hik_camera)
[0.598s] Level 1:colcon.colcon_core.environment:checking '/home/ubuntu/桌面/RM26_ROS2PKG/src/ros2_hik_camera-main/install/hik_camera' for CMake module files
[0.599s] DEBUG:colcon.colcon_core.event_handler.log_command:Invoked command in '/home/ubuntu/桌面/RM26_ROS2PKG/src/ros2_hik_camera-main/build/hik_camera' returned '0': CMAKE_PREFIX_PATH=/opt/ros/humble /usr/bin/cmake --install /home/ubuntu/桌面/RM26_ROS2PKG/src/ros2_hik_camera-main/build/hik_camera
[0.600s] Level 1:colcon.colcon_core.environment:checking '/home/ubuntu/桌面/RM26_ROS2PKG/src/ros2_hik_camera-main/install/hik_camera' for CMake config files
[0.601s] Level 1:colcon.colcon_core.shell:create_environment_hook('hik_camera', 'cmake_prefix_path')
[0.601s] INFO:colcon.colcon_core.shell:Creating environment hook '/home/ubuntu/桌面/RM26_ROS2PKG/src/ros2_hik_camera-main/install/hik_camera/share/hik_camera/hook/cmake_prefix_path.ps1'
[0.601s] INFO:colcon.colcon_core.shell:Creating environment descriptor '/home/ubuntu/桌面/RM26_ROS2PKG/src/ros2_hik_camera-main/install/hik_camera/share/hik_camera/hook/cmake_prefix_path.dsv'
[0.602s] INFO:colcon.colcon_core.shell:Creating environment hook '/home/ubuntu/桌面/RM26_ROS2PKG/src/ros2_hik_camera-main/install/hik_camera/share/hik_camera/hook/cmake_prefix_path.sh'
[0.602s] Level 1:colcon.colcon_core.environment:checking '/home/ubuntu/桌面/RM26_ROS2PKG/src/ros2_hik_camera-main/install/hik_camera/lib'
[0.602s] Level 1:colcon.colcon_core.shell:create_environment_hook('hik_camera', 'ld_library_path_lib')
[0.602s] INFO:colcon.colcon_core.shell:Creating environment hook '/home/ubuntu/桌面/RM26_ROS2PKG/src/ros2_hik_camera-main/install/hik_camera/share/hik_camera/hook/ld_library_path_lib.ps1'
[0.603s] INFO:colcon.colcon_core.shell:Creating environment descriptor '/home/ubuntu/桌面/RM26_ROS2PKG/src/ros2_hik_camera-main/install/hik_camera/share/hik_camera/hook/ld_library_path_lib.dsv'
[0.603s] INFO:colcon.colcon_core.shell:Creating environment hook '/home/ubuntu/桌面/RM26_ROS2PKG/src/ros2_hik_camera-main/install/hik_camera/share/hik_camera/hook/ld_library_path_lib.sh'
[0.603s] Level 1:colcon.colcon_core.environment:checking '/home/ubuntu/桌面/RM26_ROS2PKG/src/ros2_hik_camera-main/install/hik_camera/bin'
[0.603s] Level 1:colcon.colcon_core.environment:checking '/home/ubuntu/桌面/RM26_ROS2PKG/src/ros2_hik_camera-main/install/hik_camera/lib/pkgconfig/hik_camera.pc'
[0.603s] Level 1:colcon.colcon_core.environment:checking '/home/ubuntu/桌面/RM26_ROS2PKG/src/ros2_hik_camera-main/install/hik_camera/lib/python3.10/site-packages'
[0.603s] Level 1:colcon.colcon_core.environment:checking '/home/ubuntu/桌面/RM26_ROS2PKG/src/ros2_hik_camera-main/install/hik_camera/bin'
[0.603s] INFO:colcon.colcon_core.shell:Creating package script '/home/ubuntu/桌面/RM26_ROS2PKG/src/ros2_hik_camera-main/install/hik_camera/share/hik_camera/package.ps1'
[0.604s] INFO:colcon.colcon_core.shell:Creating package descriptor '/home/ubuntu/桌面/RM26_ROS2PKG/src/ros2_hik_camera-main/install/hik_camera/share/hik_camera/package.dsv'
[0.604s] INFO:colcon.colcon_core.shell:Creating package script '/home/ubuntu/桌面/RM26_ROS2PKG/src/ros2_hik_camera-main/install/hik_camera/share/hik_camera/package.sh'
[0.604s] INFO:colcon.colcon_core.shell:Creating package script '/home/ubuntu/桌面/RM26_ROS2PKG/src/ros2_hik_camera-main/install/hik_camera/share/hik_camera/package.bash'
[0.605s] INFO:colcon.colcon_core.shell:Creating package script '/home/ubuntu/桌面/RM26_ROS2PKG/src/ros2_hik_camera-main/install/hik_camera/share/hik_camera/package.zsh'
[0.605s] Level 1:colcon.colcon_core.environment:create_file_with_runtime_dependencies(/home/ubuntu/桌面/RM26_ROS2PKG/src/ros2_hik_camera-main/install/hik_camera/share/colcon-core/packages/hik_camera)
[0.605s] Level 1:colcon.colcon_core.environment:create_environment_scripts_only(hik_camera)
[0.606s] Level 1:colcon.colcon_core.environment:checking '/home/ubuntu/桌面/RM26_ROS2PKG/src/ros2_hik_camera-main/install/hik_camera' for CMake module files
[0.606s] Level 1:colcon.colcon_core.environment:checking '/home/ubuntu/桌面/RM26_ROS2PKG/src/ros2_hik_camera-main/install/hik_camera' for CMake config files
[0.606s] Level 1:colcon.colcon_core.shell:create_environment_hook('hik_camera', 'cmake_prefix_path')
[0.606s] INFO:colcon.colcon_core.shell:Creating environment hook '/home/ubuntu/桌面/RM26_ROS2PKG/src/ros2_hik_camera-main/install/hik_camera/share/hik_camera/hook/cmake_prefix_path.ps1'
[0.606s] INFO:colcon.colcon_core.shell:Creating environment descriptor '/home/ubuntu/桌面/RM26_ROS2PKG/src/ros2_hik_camera-main/install/hik_camera/share/hik_camera/hook/cmake_prefix_path.dsv'
[0.606s] INFO:colcon.colcon_core.shell:Creating environment hook '/home/ubuntu/桌面/RM26_ROS2PKG/src/ros2_hik_camera-main/install/hik_camera/share/hik_camera/hook/cmake_prefix_path.sh'
[0.607s] Level 1:colcon.colcon_core.environment:checking '/home/ubuntu/桌面/RM26_ROS2PKG/src/ros2_hik_camera-main/install/hik_camera/lib'
[0.607s] Level 1:colcon.colcon_core.shell:create_environment_hook('hik_camera', 'ld_library_path_lib')
[0.607s] INFO:colcon.colcon_core.shell:Creating environment hook '/home/ubuntu/桌面/RM26_ROS2PKG/src/ros2_hik_camera-main/install/hik_camera/share/hik_camera/hook/ld_library_path_lib.ps1'
[0.607s] INFO:colcon.colcon_core.shell:Creating environment descriptor '/home/ubuntu/桌面/RM26_ROS2PKG/src/ros2_hik_camera-main/install/hik_camera/share/hik_camera/hook/ld_library_path_lib.dsv'
[0.607s] INFO:colcon.colcon_core.shell:Creating environment hook '/home/ubuntu/桌面/RM26_ROS2PKG/src/ros2_hik_camera-main/install/hik_camera/share/hik_camera/hook/ld_library_path_lib.sh'
[0.607s] Level 1:colcon.colcon_core.environment:checking '/home/ubuntu/桌面/RM26_ROS2PKG/src/ros2_hik_camera-main/install/hik_camera/bin'
[0.607s] Level 1:colcon.colcon_core.environment:checking '/home/ubuntu/桌面/RM26_ROS2PKG/src/ros2_hik_camera-main/install/hik_camera/lib/pkgconfig/hik_camera.pc'
[0.607s] Level 1:colcon.colcon_core.environment:checking '/home/ubuntu/桌面/RM26_ROS2PKG/src/ros2_hik_camera-main/install/hik_camera/lib/python3.10/site-packages'
[0.607s] Level 1:colcon.colcon_core.environment:checking '/home/ubuntu/桌面/RM26_ROS2PKG/src/ros2_hik_camera-main/install/hik_camera/bin'
[0.608s] INFO:colcon.colcon_core.shell:Creating package script '/home/ubuntu/桌面/RM26_ROS2PKG/src/ros2_hik_camera-main/install/hik_camera/share/hik_camera/package.ps1'
[0.608s] INFO:colcon.colcon_core.shell:Creating package descriptor '/home/ubuntu/桌面/RM26_ROS2PKG/src/ros2_hik_camera-main/install/hik_camera/share/hik_camera/package.dsv'
[0.608s] INFO:colcon.colcon_core.shell:Creating package script '/home/ubuntu/桌面/RM26_ROS2PKG/src/ros2_hik_camera-main/install/hik_camera/share/hik_camera/package.sh'
[0.608s] INFO:colcon.colcon_core.shell:Creating package script '/home/ubuntu/桌面/RM26_ROS2PKG/src/ros2_hik_camera-main/install/hik_camera/share/hik_camera/package.bash'
[0.608s] INFO:colcon.colcon_core.shell:Creating package script '/home/ubuntu/桌面/RM26_ROS2PKG/src/ros2_hik_camera-main/install/hik_camera/share/hik_camera/package.zsh'
[0.609s] Level 1:colcon.colcon_core.environment:create_file_with_runtime_dependencies(/home/ubuntu/桌面/RM26_ROS2PKG/src/ros2_hik_camera-main/install/hik_camera/share/colcon-core/packages/hik_camera)
[0.609s] DEBUG:colcon.colcon_parallel_executor.executor.parallel:closing loop
[0.609s] DEBUG:colcon.colcon_parallel_executor.executor.parallel:loop closed
[0.609s] DEBUG:colcon.colcon_parallel_executor.executor.parallel:run_until_complete finished with '0'
[0.609s] DEBUG:colcon.colcon_core.event_reactor:joining thread
[0.612s] INFO:colcon.colcon_core.plugin_system:Skipping extension 'colcon_notification.desktop_notification.terminal_notifier': Not used on non-Darwin systems
[0.612s] INFO:colcon.colcon_core.plugin_system:Skipping extension 'colcon_notification.desktop_notification.win32': Not used on non-Windows systems
[0.612s] INFO:colcon.colcon_notification.desktop_notification:Sending desktop notification using 'notify2'
[0.623s] DEBUG:colcon.colcon_core.event_reactor:joined thread
[0.624s] INFO:colcon.colcon_core.shell:Creating prefix script '/home/ubuntu/桌面/RM26_ROS2PKG/src/ros2_hik_camera-main/install/local_setup.ps1'
[0.624s] INFO:colcon.colcon_core.shell:Creating prefix util module '/home/ubuntu/桌面/RM26_ROS2PKG/src/ros2_hik_camera-main/install/_local_setup_util_ps1.py'
[0.625s] INFO:colcon.colcon_core.shell:Creating prefix chain script '/home/ubuntu/桌面/RM26_ROS2PKG/src/ros2_hik_camera-main/install/setup.ps1'
[0.626s] INFO:colcon.colcon_core.shell:Creating prefix script '/home/ubuntu/桌面/RM26_ROS2PKG/src/ros2_hik_camera-main/install/local_setup.sh'
[0.626s] INFO:colcon.colcon_core.shell:Creating prefix util module '/home/ubuntu/桌面/RM26_ROS2PKG/src/ros2_hik_camera-main/install/_local_setup_util_sh.py'
[0.626s] INFO:colcon.colcon_core.shell:Creating prefix chain script '/home/ubuntu/桌面/RM26_ROS2PKG/src/ros2_hik_camera-main/install/setup.sh'
[0.627s] INFO:colcon.colcon_core.shell:Creating prefix script '/home/ubuntu/桌面/RM26_ROS2PKG/src/ros2_hik_camera-main/install/local_setup.bash'
[0.627s] INFO:colcon.colcon_core.shell:Creating prefix chain script '/home/ubuntu/桌面/RM26_ROS2PKG/src/ros2_hik_camera-main/install/setup.bash'
[0.627s] INFO:colcon.colcon_core.shell:Creating prefix script '/home/ubuntu/桌面/RM26_ROS2PKG/src/ros2_hik_camera-main/install/local_setup.zsh'
[0.627s] INFO:colcon.colcon_core.shell:Creating prefix chain script '/home/ubuntu/桌面/RM26_ROS2PKG/src/ros2_hik_camera-main/install/setup.zsh'
