-- The C compiler identification is GNU 11.4.0
-- The CXX compiler identification is GNU 11.4.0
-- Detecting C compiler ABI info
-- Detecting C compiler ABI info - done
-- Check for working C compiler: /usr/bin/cc - skipped
-- Detecting C compile features
-- Detecting C compile features - done
-- Detecting CXX compiler ABI info
-- Detecting CXX compiler ABI info - done
-- Check for working CXX compiler: /usr/bin/c++ - skipped
-- Detecting CXX compile features
-- Detecting CXX compile features - done
-- Found ament_cmake: 1.3.12 (/opt/ros/humble/share/ament_cmake/cmake)
-- Found Python3: /usr/bin/python3 (found version "3.10.12") found components: Interpreter 
-- Found rclcpp: 16.0.14 (/opt/ros/humble/share/rclcpp/cmake)
-- Found rosidl_generator_c: 3.1.7 (/opt/ros/humble/share/rosidl_generator_c/cmake)
-- Found rosidl_adapter: 3.1.7 (/opt/ros/humble/share/rosidl_adapter/cmake)
-- Found rosidl_generator_cpp: 3.1.7 (/opt/ros/humble/share/rosidl_generator_cpp/cmake)
-- Using all available rosidl_typesupport_c: rosidl_typesupport_fastrtps_c;rosidl_typesupport_introspection_c
-- Using all available rosidl_typesupport_cpp: rosidl_typesupport_fastrtps_cpp;rosidl_typesupport_introspection_cpp
-- Found rmw_implementation_cmake: 6.1.2 (/opt/ros/humble/share/rmw_implementation_cmake/cmake)
-- Found rmw_fastrtps_cpp: 6.2.8 (/opt/ros/humble/share/rmw_fastrtps_cpp/cmake)
-- Found OpenSSL: /usr/lib/x86_64-linux-gnu/libcrypto.so (found version "3.0.2")  
-- Found FastRTPS: /opt/ros/humble/include  
-- Using RMW implementation 'rmw_fastrtps_cpp' as default
-- Looking for pthread.h
-- Looking for pthread.h - found
-- Performing Test CMAKE_HAVE_LIBC_PTHREAD
-- Performing Test CMAKE_HAVE_LIBC_PTHREAD - Success
-- Found Threads: TRUE  
-- Found geometry_msgs: 4.9.0 (/opt/ros/humble/share/geometry_msgs/cmake)
-- Configuring done
-- Generating done
-- Build files have been written to: /home/ubuntu/桌面/RM26_ROS2PKG/build/ros2_armor_can
[ 16%] [32mBuilding CXX object CMakeFiles/test_send_node.dir/src/test.cpp.o[0m
[ 33%] [32mBuilding CXX object CMakeFiles/armor_send_node.dir/src/armor_send.cpp.o[0m
[ 50%] [32mBuilding CXX object CMakeFiles/test_send_node.dir/src/bmcan_bus.cpp.o[0m
[ 66%] [32mBuilding CXX object CMakeFiles/armor_send_node.dir/src/bmcan_bus.cpp.o[0m
[ 83%] [32m[1mLinking CXX executable test_send_node[0m
[ 83%] Built target test_send_node
[100%] [32m[1mLinking CXX executable armor_send_node[0m
[100%] Built target armor_send_node
-- Install configuration: ""
-- Installing: /home/ubuntu/桌面/RM26_ROS2PKG/install/ros2_armor_can/lib/ros2_armor_can/armor_send_node
-- Set runtime path of "/home/ubuntu/桌面/RM26_ROS2PKG/install/ros2_armor_can/lib/ros2_armor_can/armor_send_node" to ""
-- Installing: /home/ubuntu/桌面/RM26_ROS2PKG/install/ros2_armor_can/lib/ros2_armor_can/test_send_node
-- Set runtime path of "/home/ubuntu/桌面/RM26_ROS2PKG/install/ros2_armor_can/lib/ros2_armor_can/test_send_node" to ""
-- Installing: /home/ubuntu/桌面/RM26_ROS2PKG/install/ros2_armor_can/share/ros2_armor_can//launch
-- Installing: /home/ubuntu/桌面/RM26_ROS2PKG/install/ros2_armor_can/share/ros2_armor_can//launch/__pycache__
-- Installing: /home/ubuntu/桌面/RM26_ROS2PKG/install/ros2_armor_can/share/ros2_armor_can//launch/__pycache__/motor_all.launch.cpython-310.pyc
-- Installing: /home/ubuntu/桌面/RM26_ROS2PKG/install/ros2_armor_can/share/ros2_armor_can//launch/test.launch.py
-- Installing: /home/ubuntu/桌面/RM26_ROS2PKG/install/ros2_armor_can/share/ros2_armor_can//launch/motor_all.launch.py
-- Installing: /home/ubuntu/桌面/RM26_ROS2PKG/install/ros2_armor_can/share/ament_index/resource_index/package_run_dependencies/ros2_armor_can
-- Installing: /home/ubuntu/桌面/RM26_ROS2PKG/install/ros2_armor_can/share/ament_index/resource_index/parent_prefix_path/ros2_armor_can
-- Installing: /home/ubuntu/桌面/RM26_ROS2PKG/install/ros2_armor_can/share/ros2_armor_can/environment/ament_prefix_path.sh
-- Installing: /home/ubuntu/桌面/RM26_ROS2PKG/install/ros2_armor_can/share/ros2_armor_can/environment/ament_prefix_path.dsv
-- Installing: /home/ubuntu/桌面/RM26_ROS2PKG/install/ros2_armor_can/share/ros2_armor_can/environment/path.sh
-- Installing: /home/ubuntu/桌面/RM26_ROS2PKG/install/ros2_armor_can/share/ros2_armor_can/environment/path.dsv
-- Installing: /home/ubuntu/桌面/RM26_ROS2PKG/install/ros2_armor_can/share/ros2_armor_can/local_setup.bash
-- Installing: /home/ubuntu/桌面/RM26_ROS2PKG/install/ros2_armor_can/share/ros2_armor_can/local_setup.sh
-- Installing: /home/ubuntu/桌面/RM26_ROS2PKG/install/ros2_armor_can/share/ros2_armor_can/local_setup.zsh
-- Installing: /home/ubuntu/桌面/RM26_ROS2PKG/install/ros2_armor_can/share/ros2_armor_can/local_setup.dsv
-- Installing: /home/ubuntu/桌面/RM26_ROS2PKG/install/ros2_armor_can/share/ros2_armor_can/package.dsv
-- Installing: /home/ubuntu/桌面/RM26_ROS2PKG/install/ros2_armor_can/share/ament_index/resource_index/packages/ros2_armor_can
-- Installing: /home/ubuntu/桌面/RM26_ROS2PKG/install/ros2_armor_can/share/ros2_armor_can/cmake/ros2_armor_canConfig.cmake
-- Installing: /home/ubuntu/桌面/RM26_ROS2PKG/install/ros2_armor_can/share/ros2_armor_can/cmake/ros2_armor_canConfig-version.cmake
-- Installing: /home/ubuntu/桌面/RM26_ROS2PKG/install/ros2_armor_can/share/ros2_armor_can/package.xml
