[0.019s] Invoking command in '/home/ubuntu/桌面/RM26_ROS2PKG/build/ros2_armor_can': /usr/bin/cmake /home/ubuntu/桌面/RM26_ROS2PKG/src/ros2_armor_can -DCATKIN_INSTALL_INTO_PREFIX_ROOT=0 -DCMAKE_INSTALL_PREFIX=/home/ubuntu/桌面/RM26_ROS2PKG/install/ros2_armor_can
[0.061s] -- The C compiler identification is GNU 11.4.0
[0.095s] -- The CXX compiler identification is GNU 11.4.0
[0.100s] -- Detecting C compiler ABI info
[0.154s] -- Detecting C compiler ABI info - done
[0.158s] -- Check for working C compiler: /usr/bin/cc - skipped
[0.158s] -- Detecting C compile features
[0.158s] -- Detecting C compile features - done
[0.159s] -- Detecting CXX compiler ABI info
[0.221s] -- Detecting CXX compiler ABI info - done
[0.222s] -- Check for working CXX compiler: /usr/bin/c++ - skipped
[0.222s] -- Detecting CXX compile features
[0.222s] -- Detecting CXX compile features - done
[0.224s] -- Found ament_cmake: 1.3.12 (/opt/ros/humble/share/ament_cmake/cmake)
[0.321s] -- Found Python3: /usr/bin/python3 (found version "3.10.12") found components: Interpreter 
[0.375s] -- Found rclcpp: 16.0.14 (/opt/ros/humble/share/rclcpp/cmake)
[0.394s] -- Found rosidl_generator_c: 3.1.7 (/opt/ros/humble/share/rosidl_generator_c/cmake)
[0.397s] -- Found rosidl_adapter: 3.1.7 (/opt/ros/humble/share/rosidl_adapter/cmake)
[0.400s] -- Found rosidl_generator_cpp: 3.1.7 (/opt/ros/humble/share/rosidl_generator_cpp/cmake)
[0.406s] -- Using all available rosidl_typesupport_c: rosidl_typesupport_fastrtps_c;rosidl_typesupport_introspection_c
[0.423s] -- Using all available rosidl_typesupport_cpp: rosidl_typesupport_fastrtps_cpp;rosidl_typesupport_introspection_cpp
[0.453s] -- Found rmw_implementation_cmake: 6.1.2 (/opt/ros/humble/share/rmw_implementation_cmake/cmake)
[0.453s] -- Found rmw_fastrtps_cpp: 6.2.8 (/opt/ros/humble/share/rmw_fastrtps_cpp/cmake)
[0.541s] -- Found OpenSSL: /usr/lib/x86_64-linux-gnu/libcrypto.so (found version "3.0.2")  
[0.579s] -- Found FastRTPS: /opt/ros/humble/include  
[0.613s] -- Using RMW implementation 'rmw_fastrtps_cpp' as default
[0.619s] -- Looking for pthread.h
[0.689s] -- Looking for pthread.h - found
[0.689s] -- Performing Test CMAKE_HAVE_LIBC_PTHREAD
[0.780s] -- Performing Test CMAKE_HAVE_LIBC_PTHREAD - Success
[0.780s] -- Found Threads: TRUE  
[0.821s] -- Found geometry_msgs: 4.9.0 (/opt/ros/humble/share/geometry_msgs/cmake)
[0.883s] -- Configuring done
[0.891s] -- Generating done
[0.892s] [33mCMake Warning:
[0.892s]   Manually-specified variables were not used by the project:
[0.892s] 
[0.892s]     CATKIN_INSTALL_INTO_PREFIX_ROOT
[0.892s] 
[0.892s] [0m
[0.896s] -- Build files have been written to: /home/ubuntu/桌面/RM26_ROS2PKG/build/ros2_armor_can
[0.916s] Invoked command in '/home/ubuntu/桌面/RM26_ROS2PKG/build/ros2_armor_can' returned '0': /usr/bin/cmake /home/ubuntu/桌面/RM26_ROS2PKG/src/ros2_armor_can -DCATKIN_INSTALL_INTO_PREFIX_ROOT=0 -DCMAKE_INSTALL_PREFIX=/home/ubuntu/桌面/RM26_ROS2PKG/install/ros2_armor_can
[0.918s] Invoking command in '/home/ubuntu/桌面/RM26_ROS2PKG/build/ros2_armor_can': /usr/bin/cmake --build /home/ubuntu/桌面/RM26_ROS2PKG/build/ros2_armor_can -- -j14 -l14
[0.981s] [ 16%] [32mBuilding CXX object CMakeFiles/test_send_node.dir/src/test.cpp.o[0m
[0.981s] [ 33%] [32mBuilding CXX object CMakeFiles/armor_send_node.dir/src/armor_send.cpp.o[0m
[0.981s] [ 50%] [32mBuilding CXX object CMakeFiles/test_send_node.dir/src/bmcan_bus.cpp.o[0m
[0.986s] [ 66%] [32mBuilding CXX object CMakeFiles/armor_send_node.dir/src/bmcan_bus.cpp.o[0m
[3.986s] [ 83%] [32m[1mLinking CXX executable test_send_node[0m
[4.248s] [ 83%] Built target test_send_node
[4.723s] [01m[K/home/ubuntu/桌面/RM26_ROS2PKG/src/ros2_armor_can/src/armor_send.cpp:[m[K In member function ‘[01m[Kvoid ArmorSend::send_motor_cmd(int16_t, int16_t, int16_t, int16_t)[m[K’:
[4.723s] [01m[K/home/ubuntu/桌面/RM26_ROS2PKG/src/ros2_armor_can/src/armor_send.cpp:80:81:[m[K [01;35m[Kwarning: [m[Kunused parameter ‘[01m[Kmotor4[m[K’ [[01;35m[K]8;;https://gcc.gnu.org/onlinedocs/gcc/Warning-Options.html#index-Wunused-parameter-Wunused-parameter]8;;[m[K]
[4.723s]    80 |     void send_motor_cmd(int16_t motor1, int16_t motor2, int16_t motor3, [01;35m[Kint16_t motor4[m[K) {
[4.723s]       |                                                                         [01;35m[K~~~~~~~~^~~~~~[m[K
[4.725s] [01m[K/home/ubuntu/桌面/RM26_ROS2PKG/src/ros2_armor_can/src/armor_send.cpp:[m[K In member function ‘[01m[Kvoid ArmorSend::delta_callback(geometry_msgs::msg::Point_<std::allocator<void> >::SharedPtr)[m[K’:
[4.725s] [01m[K/home/ubuntu/桌面/RM26_ROS2PKG/src/ros2_armor_can/src/armor_send.cpp:123:68:[m[K [01;35m[Kwarning: [m[Kunused parameter ‘[01m[Kmsg[m[K’ [[01;35m[K]8;;https://gcc.gnu.org/onlinedocs/gcc/Warning-Options.html#index-Wunused-parameter-Wunused-parameter]8;;[m[K]
[4.726s]   123 |     void delta_callback([01;35m[Kconst geometry_msgs::msg::Point::SharedPtr msg[m[K) {
[4.726s]       |                         [01;35m[K~~~~~~~~~~~~~~~~~~~~~~~~~~~~~~~~~~~~~~~~~~~^~~[m[K
[8.144s] [100%] [32m[1mLinking CXX executable armor_send_node[0m
[8.372s] [100%] Built target armor_send_node
[8.389s] Invoked command in '/home/ubuntu/桌面/RM26_ROS2PKG/build/ros2_armor_can' returned '0': /usr/bin/cmake --build /home/ubuntu/桌面/RM26_ROS2PKG/build/ros2_armor_can -- -j14 -l14
[8.389s] Invoking command in '/home/ubuntu/桌面/RM26_ROS2PKG/build/ros2_armor_can': /usr/bin/cmake --install /home/ubuntu/桌面/RM26_ROS2PKG/build/ros2_armor_can
[8.395s] -- Install configuration: ""
[8.395s] -- Installing: /home/ubuntu/桌面/RM26_ROS2PKG/install/ros2_armor_can/lib/ros2_armor_can/armor_send_node
[8.396s] -- Set runtime path of "/home/ubuntu/桌面/RM26_ROS2PKG/install/ros2_armor_can/lib/ros2_armor_can/armor_send_node" to ""
[8.396s] -- Installing: /home/ubuntu/桌面/RM26_ROS2PKG/install/ros2_armor_can/lib/ros2_armor_can/test_send_node
[8.396s] -- Set runtime path of "/home/ubuntu/桌面/RM26_ROS2PKG/install/ros2_armor_can/lib/ros2_armor_can/test_send_node" to ""
[8.396s] -- Installing: /home/ubuntu/桌面/RM26_ROS2PKG/install/ros2_armor_can/share/ros2_armor_can//launch
[8.396s] -- Installing: /home/ubuntu/桌面/RM26_ROS2PKG/install/ros2_armor_can/share/ros2_armor_can//launch/__pycache__
[8.396s] -- Installing: /home/ubuntu/桌面/RM26_ROS2PKG/install/ros2_armor_can/share/ros2_armor_can//launch/__pycache__/motor_all.launch.cpython-310.pyc
[8.396s] -- Installing: /home/ubuntu/桌面/RM26_ROS2PKG/install/ros2_armor_can/share/ros2_armor_can//launch/test.launch.py
[8.396s] -- Installing: /home/ubuntu/桌面/RM26_ROS2PKG/install/ros2_armor_can/share/ros2_armor_can//launch/motor_all.launch.py
[8.396s] -- Installing: /home/ubuntu/桌面/RM26_ROS2PKG/install/ros2_armor_can/share/ament_index/resource_index/package_run_dependencies/ros2_armor_can
[8.396s] -- Installing: /home/ubuntu/桌面/RM26_ROS2PKG/install/ros2_armor_can/share/ament_index/resource_index/parent_prefix_path/ros2_armor_can
[8.396s] -- Installing: /home/ubuntu/桌面/RM26_ROS2PKG/install/ros2_armor_can/share/ros2_armor_can/environment/ament_prefix_path.sh
[8.396s] -- Installing: /home/ubuntu/桌面/RM26_ROS2PKG/install/ros2_armor_can/share/ros2_armor_can/environment/ament_prefix_path.dsv
[8.396s] -- Installing: /home/ubuntu/桌面/RM26_ROS2PKG/install/ros2_armor_can/share/ros2_armor_can/environment/path.sh
[8.396s] -- Installing: /home/ubuntu/桌面/RM26_ROS2PKG/install/ros2_armor_can/share/ros2_armor_can/environment/path.dsv
[8.396s] -- Installing: /home/ubuntu/桌面/RM26_ROS2PKG/install/ros2_armor_can/share/ros2_armor_can/local_setup.bash
[8.396s] -- Installing: /home/ubuntu/桌面/RM26_ROS2PKG/install/ros2_armor_can/share/ros2_armor_can/local_setup.sh
[8.397s] -- Installing: /home/ubuntu/桌面/RM26_ROS2PKG/install/ros2_armor_can/share/ros2_armor_can/local_setup.zsh
[8.397s] -- Installing: /home/ubuntu/桌面/RM26_ROS2PKG/install/ros2_armor_can/share/ros2_armor_can/local_setup.dsv
[8.397s] -- Installing: /home/ubuntu/桌面/RM26_ROS2PKG/install/ros2_armor_can/share/ros2_armor_can/package.dsv
[8.397s] -- Installing: /home/ubuntu/桌面/RM26_ROS2PKG/install/ros2_armor_can/share/ament_index/resource_index/packages/ros2_armor_can
[8.397s] -- Installing: /home/ubuntu/桌面/RM26_ROS2PKG/install/ros2_armor_can/share/ros2_armor_can/cmake/ros2_armor_canConfig.cmake
[8.397s] -- Installing: /home/ubuntu/桌面/RM26_ROS2PKG/install/ros2_armor_can/share/ros2_armor_can/cmake/ros2_armor_canConfig-version.cmake
[8.397s] -- Installing: /home/ubuntu/桌面/RM26_ROS2PKG/install/ros2_armor_can/share/ros2_armor_can/package.xml
[8.398s] Invoked command in '/home/ubuntu/桌面/RM26_ROS2PKG/build/ros2_armor_can' returned '0': /usr/bin/cmake --install /home/ubuntu/桌面/RM26_ROS2PKG/build/ros2_armor_can
