-- The C compiler identification is GNU 11.4.0
-- The CXX compiler identification is GNU 11.4.0
-- Detecting C compiler ABI info
-- Detecting C compiler ABI info - done
-- Check for working C compiler: /usr/bin/cc - skipped
-- Detecting C compile features
-- Detecting C compile features - done
-- Detecting CXX compiler ABI info
-- Detecting CXX compiler ABI info - done
-- Check for working CXX compiler: /usr/bin/c++ - skipped
-- Detecting CXX compile features
-- Detecting CXX compile features - done
-- Looking for pthread.h
-- Looking for pthread.h - found
-- Performing Test CMAKE_HAVE_LIBC_PTHREAD
-- Performing Test CMAKE_HAVE_LIBC_PTHREAD - Success
-- Found Threads: TRUE  
-- Found OpenCV: /usr (found version "4.5.4") 
-- Configuring done
-- Generating done
-- Build files have been written to: /home/ubuntu/桌面/Robomaster/RM26_ROS2PKG/build/detection
[ 25%] [32mBuilding CXX object CMakeFiles/test_aim_node.dir/src/traditional_detector.cpp.o[0m
[ 25%] [32mBuilding CXX object CMakeFiles/test_aim_node.dir/test_aim_node.cpp.o[0m
[ 37%] [32mBuilding CXX object CMakeFiles/test_aim_node.dir/src/yolo_detection.cpp.o[0m
[ 50%] [32mBuilding CXX object CMakeFiles/detection.dir/main.cpp.o[0m
[ 62%] [32mBuilding CXX object CMakeFiles/detection.dir/src/yolo_detection.cpp.o[0m
[ 75%] [32mBuilding CXX object CMakeFiles/detection.dir/src/traditional_detector.cpp.o[0m
[ 87%] [32m[1mLinking CXX executable test_aim_node[0m
[100%] [32m[1mLinking CXX executable detection[0m
[100%] Built target test_aim_node
[100%] Built target detection
