[0.049s] DEBUG:colcon:Command line arguments: ['/usr/bin/colcon', 'build']
[0.049s] DEBUG:colcon:Parsed command line arguments: Namespace(log_base=None, log_level=None, verb_name='build', build_base='build', install_base='install', merge_install=False, symlink_install=False, test_result_base=None, continue_on_error=False, executor='parallel', parallel_workers=14, event_handlers=None, ignore_user_meta=False, metas=['./colcon.meta'], base_paths=['.'], packages_ignore=None, packages_ignore_regex=None, paths=None, packages_up_to=None, packages_up_to_regex=None, packages_above=None, packages_above_and_dependencies=None, packages_above_depth=None, packages_select_by_dep=None, packages_skip_by_dep=None, packages_skip_up_to=None, packages_select_build_failed=False, packages_skip_build_finished=False, packages_select_test_failures=False, packages_skip_test_passed=False, packages_select=None, packages_skip=None, packages_select_regex=None, packages_skip_regex=None, packages_start=None, packages_end=None, allow_overriding=[], cmake_args=None, cmake_target=None, cmake_target_skip_unavailable=False, cmake_clean_cache=False, cmake_clean_first=False, cmake_force_configure=False, ament_cmake_args=None, catkin_cmake_args=None, catkin_skip_building_tests=False, verb_parser=<colcon_defaults.argument_parser.defaults.DefaultArgumentsDecorator object at 0x7bf515dcb730>, verb_extension=<colcon_core.verb.build.BuildVerb object at 0x7bf515f109d0>, main=<bound method BuildVerb.main of <colcon_core.verb.build.BuildVerb object at 0x7bf515f109d0>>)
[0.111s] Level 1:colcon.colcon_core.package_discovery:discover_packages(colcon_meta) check parameters
[0.111s] Level 1:colcon.colcon_core.package_discovery:discover_packages(recursive) check parameters
[0.111s] Level 1:colcon.colcon_core.package_discovery:discover_packages(ignore) check parameters
[0.111s] Level 1:colcon.colcon_core.package_discovery:discover_packages(path) check parameters
[0.111s] Level 1:colcon.colcon_core.package_discovery:discover_packages(colcon_meta) discover
[0.111s] Level 1:colcon.colcon_core.package_discovery:discover_packages(recursive) discover
[0.111s] INFO:colcon.colcon_core.package_discovery:Crawling recursively for packages in '/home/ubuntu/桌面/RM26'
[0.111s] Level 1:colcon.colcon_core.package_identification:_identify(.) by extensions ['ignore', 'ignore_ament_install']
[0.111s] Level 1:colcon.colcon_core.package_identification:_identify(.) by extension 'ignore'
[0.111s] Level 1:colcon.colcon_core.package_identification:_identify(.) by extension 'ignore_ament_install'
[0.111s] Level 1:colcon.colcon_core.package_identification:_identify(.) by extensions ['colcon_pkg']
[0.111s] Level 1:colcon.colcon_core.package_identification:_identify(.) by extension 'colcon_pkg'
[0.111s] Level 1:colcon.colcon_core.package_identification:_identify(.) by extensions ['colcon_meta']
[0.111s] Level 1:colcon.colcon_core.package_identification:_identify(.) by extension 'colcon_meta'
[0.111s] Level 1:colcon.colcon_core.package_identification:_identify(.) by extensions ['ros']
[0.111s] Level 1:colcon.colcon_core.package_identification:_identify(.) by extension 'ros'
[0.117s] Level 1:colcon.colcon_core.package_identification:_identify(.) by extensions ['cmake', 'python']
[0.117s] Level 1:colcon.colcon_core.package_identification:_identify(.) by extension 'cmake'
[0.117s] Level 1:colcon.colcon_core.package_identification:_identify(.) by extension 'python'
[0.117s] Level 1:colcon.colcon_core.package_identification:_identify(.) by extensions ['python_setup_py']
[0.117s] Level 1:colcon.colcon_core.package_identification:_identify(.) by extension 'python_setup_py'
[0.117s] Level 1:colcon.colcon_core.package_identification:_identify(build) by extensions ['ignore', 'ignore_ament_install']
[0.117s] Level 1:colcon.colcon_core.package_identification:_identify(build) by extension 'ignore'
[0.117s] Level 1:colcon.colcon_core.package_identification:_identify(build) ignored
[0.117s] Level 1:colcon.colcon_core.package_identification:_identify(install) by extensions ['ignore', 'ignore_ament_install']
[0.117s] Level 1:colcon.colcon_core.package_identification:_identify(install) by extension 'ignore'
[0.117s] Level 1:colcon.colcon_core.package_identification:_identify(install) ignored
[0.117s] Level 1:colcon.colcon_core.package_identification:_identify(log) by extensions ['ignore', 'ignore_ament_install']
[0.117s] Level 1:colcon.colcon_core.package_identification:_identify(log) by extension 'ignore'
[0.117s] Level 1:colcon.colcon_core.package_identification:_identify(log) ignored
[0.117s] Level 1:colcon.colcon_core.package_identification:_identify(src) by extensions ['ignore', 'ignore_ament_install']
[0.117s] Level 1:colcon.colcon_core.package_identification:_identify(src) by extension 'ignore'
[0.117s] Level 1:colcon.colcon_core.package_identification:_identify(src) by extension 'ignore_ament_install'
[0.117s] Level 1:colcon.colcon_core.package_identification:_identify(src) by extensions ['colcon_pkg']
[0.117s] Level 1:colcon.colcon_core.package_identification:_identify(src) by extension 'colcon_pkg'
[0.117s] Level 1:colcon.colcon_core.package_identification:_identify(src) by extensions ['colcon_meta']
[0.117s] Level 1:colcon.colcon_core.package_identification:_identify(src) by extension 'colcon_meta'
[0.117s] Level 1:colcon.colcon_core.package_identification:_identify(src) by extensions ['ros']
[0.117s] Level 1:colcon.colcon_core.package_identification:_identify(src) by extension 'ros'
[0.117s] Level 1:colcon.colcon_core.package_identification:_identify(src) by extensions ['cmake', 'python']
[0.117s] Level 1:colcon.colcon_core.package_identification:_identify(src) by extension 'cmake'
[0.117s] Level 1:colcon.colcon_core.package_identification:_identify(src) by extension 'python'
[0.117s] Level 1:colcon.colcon_core.package_identification:_identify(src) by extensions ['python_setup_py']
[0.117s] Level 1:colcon.colcon_core.package_identification:_identify(src) by extension 'python_setup_py'
[0.117s] Level 1:colcon.colcon_core.package_identification:_identify(src/recive_pkg) by extensions ['ignore', 'ignore_ament_install']
[0.117s] Level 1:colcon.colcon_core.package_identification:_identify(src/recive_pkg) by extension 'ignore'
[0.117s] Level 1:colcon.colcon_core.package_identification:_identify(src/recive_pkg) by extension 'ignore_ament_install'
[0.117s] Level 1:colcon.colcon_core.package_identification:_identify(src/recive_pkg) by extensions ['colcon_pkg']
[0.117s] Level 1:colcon.colcon_core.package_identification:_identify(src/recive_pkg) by extension 'colcon_pkg'
[0.117s] Level 1:colcon.colcon_core.package_identification:_identify(src/recive_pkg) by extensions ['colcon_meta']
[0.117s] Level 1:colcon.colcon_core.package_identification:_identify(src/recive_pkg) by extension 'colcon_meta'
[0.117s] Level 1:colcon.colcon_core.package_identification:_identify(src/recive_pkg) by extensions ['ros']
[0.118s] Level 1:colcon.colcon_core.package_identification:_identify(src/recive_pkg) by extension 'ros'
[0.119s] DEBUG:colcon.colcon_core.package_identification:Package 'src/recive_pkg' with type 'ros.ament_cmake' and name 'recive_pkg'
[0.119s] Level 1:colcon.colcon_core.package_identification:_identify(src/rm_auto_aim) by extensions ['ignore', 'ignore_ament_install']
[0.119s] Level 1:colcon.colcon_core.package_identification:_identify(src/rm_auto_aim) by extension 'ignore'
[0.119s] Level 1:colcon.colcon_core.package_identification:_identify(src/rm_auto_aim) by extension 'ignore_ament_install'
[0.119s] Level 1:colcon.colcon_core.package_identification:_identify(src/rm_auto_aim) by extensions ['colcon_pkg']
[0.119s] Level 1:colcon.colcon_core.package_identification:_identify(src/rm_auto_aim) by extension 'colcon_pkg'
[0.119s] Level 1:colcon.colcon_core.package_identification:_identify(src/rm_auto_aim) by extensions ['colcon_meta']
[0.119s] Level 1:colcon.colcon_core.package_identification:_identify(src/rm_auto_aim) by extension 'colcon_meta'
[0.119s] Level 1:colcon.colcon_core.package_identification:_identify(src/rm_auto_aim) by extensions ['ros']
[0.119s] Level 1:colcon.colcon_core.package_identification:_identify(src/rm_auto_aim) by extension 'ros'
[0.119s] Level 1:colcon.colcon_core.package_identification:_identify(src/rm_auto_aim) by extensions ['cmake', 'python']
[0.119s] Level 1:colcon.colcon_core.package_identification:_identify(src/rm_auto_aim) by extension 'cmake'
[0.119s] Level 1:colcon.colcon_core.package_identification:_identify(src/rm_auto_aim) by extension 'python'
[0.119s] Level 1:colcon.colcon_core.package_identification:_identify(src/rm_auto_aim) by extensions ['python_setup_py']
[0.119s] Level 1:colcon.colcon_core.package_identification:_identify(src/rm_auto_aim) by extension 'python_setup_py'
[0.119s] Level 1:colcon.colcon_core.package_identification:_identify(src/rm_auto_aim/detection) by extensions ['ignore', 'ignore_ament_install']
[0.119s] Level 1:colcon.colcon_core.package_identification:_identify(src/rm_auto_aim/detection) by extension 'ignore'
[0.119s] Level 1:colcon.colcon_core.package_identification:_identify(src/rm_auto_aim/detection) by extension 'ignore_ament_install'
[0.119s] Level 1:colcon.colcon_core.package_identification:_identify(src/rm_auto_aim/detection) by extensions ['colcon_pkg']
[0.119s] Level 1:colcon.colcon_core.package_identification:_identify(src/rm_auto_aim/detection) by extension 'colcon_pkg'
[0.119s] Level 1:colcon.colcon_core.package_identification:_identify(src/rm_auto_aim/detection) by extensions ['colcon_meta']
[0.119s] Level 1:colcon.colcon_core.package_identification:_identify(src/rm_auto_aim/detection) by extension 'colcon_meta'
[0.119s] Level 1:colcon.colcon_core.package_identification:_identify(src/rm_auto_aim/detection) by extensions ['ros']
[0.119s] Level 1:colcon.colcon_core.package_identification:_identify(src/rm_auto_aim/detection) by extension 'ros'
[0.119s] Level 1:colcon.colcon_core.package_identification:_identify(src/rm_auto_aim/detection) by extensions ['cmake', 'python']
[0.119s] Level 1:colcon.colcon_core.package_identification:_identify(src/rm_auto_aim/detection) by extension 'cmake'
[0.121s] Level 1:colcon.colcon_core.package_identification:_identify(src/rm_auto_aim/detection) by extension 'python'
[0.122s] DEBUG:colcon.colcon_core.package_identification:Package 'src/rm_auto_aim/detection' with type 'cmake' and name 'detection'
[0.122s] Level 1:colcon.colcon_core.package_identification:_identify(src/ros2_hik_camera-main) by extensions ['ignore', 'ignore_ament_install']
[0.122s] Level 1:colcon.colcon_core.package_identification:_identify(src/ros2_hik_camera-main) by extension 'ignore'
[0.122s] Level 1:colcon.colcon_core.package_identification:_identify(src/ros2_hik_camera-main) by extension 'ignore_ament_install'
[0.122s] Level 1:colcon.colcon_core.package_identification:_identify(src/ros2_hik_camera-main) by extensions ['colcon_pkg']
[0.122s] Level 1:colcon.colcon_core.package_identification:_identify(src/ros2_hik_camera-main) by extension 'colcon_pkg'
[0.122s] Level 1:colcon.colcon_core.package_identification:_identify(src/ros2_hik_camera-main) by extensions ['colcon_meta']
[0.122s] Level 1:colcon.colcon_core.package_identification:_identify(src/ros2_hik_camera-main) by extension 'colcon_meta'
[0.122s] Level 1:colcon.colcon_core.package_identification:_identify(src/ros2_hik_camera-main) by extensions ['ros']
[0.122s] Level 1:colcon.colcon_core.package_identification:_identify(src/ros2_hik_camera-main) by extension 'ros'
[0.122s] DEBUG:colcon.colcon_core.package_identification:Package 'src/ros2_hik_camera-main' with type 'ros.ament_cmake' and name 'hik_camera'
[0.122s] Level 1:colcon.colcon_core.package_discovery:discover_packages(recursive) using defaults
[0.122s] Level 1:colcon.colcon_core.package_discovery:discover_packages(ignore) discover
[0.122s] Level 1:colcon.colcon_core.package_discovery:discover_packages(ignore) using defaults
[0.122s] Level 1:colcon.colcon_core.package_discovery:discover_packages(path) discover
[0.122s] Level 1:colcon.colcon_core.package_discovery:discover_packages(path) using defaults
[0.132s] Level 1:colcon.colcon_core.package_discovery:discover_packages(prefix_path) check parameters
[0.132s] Level 1:colcon.colcon_core.package_discovery:discover_packages(prefix_path) discover
[0.133s] DEBUG:colcon.colcon_installed_package_information.package_discovery:Found 271 installed packages in /opt/ros/humble
[0.134s] Level 1:colcon.colcon_core.package_discovery:discover_packages(prefix_path) using defaults
[0.155s] Level 5:colcon.colcon_core.verb:set package 'detection' build argument 'cmake_args' from command line to 'None'
[0.155s] Level 5:colcon.colcon_core.verb:set package 'detection' build argument 'cmake_target' from command line to 'None'
[0.155s] Level 5:colcon.colcon_core.verb:set package 'detection' build argument 'cmake_target_skip_unavailable' from command line to 'False'
[0.155s] Level 5:colcon.colcon_core.verb:set package 'detection' build argument 'cmake_clean_cache' from command line to 'False'
[0.155s] Level 5:colcon.colcon_core.verb:set package 'detection' build argument 'cmake_clean_first' from command line to 'False'
[0.155s] Level 5:colcon.colcon_core.verb:set package 'detection' build argument 'cmake_force_configure' from command line to 'False'
[0.155s] Level 5:colcon.colcon_core.verb:set package 'detection' build argument 'ament_cmake_args' from command line to 'None'
[0.155s] Level 5:colcon.colcon_core.verb:set package 'detection' build argument 'catkin_cmake_args' from command line to 'None'
[0.155s] Level 5:colcon.colcon_core.verb:set package 'detection' build argument 'catkin_skip_building_tests' from command line to 'False'
[0.155s] DEBUG:colcon.colcon_core.verb:Building package 'detection' with the following arguments: {'ament_cmake_args': None, 'build_base': '/home/ubuntu/桌面/RM26/build/detection', 'catkin_cmake_args': None, 'catkin_skip_building_tests': False, 'cmake_args': None, 'cmake_clean_cache': False, 'cmake_clean_first': False, 'cmake_force_configure': False, 'cmake_target': None, 'cmake_target_skip_unavailable': False, 'install_base': '/home/ubuntu/桌面/RM26/install/detection', 'merge_install': False, 'path': '/home/ubuntu/桌面/RM26/src/rm_auto_aim/detection', 'symlink_install': False, 'test_result_base': None}
[0.155s] Level 5:colcon.colcon_core.verb:set package 'hik_camera' build argument 'cmake_args' from command line to 'None'
[0.155s] Level 5:colcon.colcon_core.verb:set package 'hik_camera' build argument 'cmake_target' from command line to 'None'
[0.155s] Level 5:colcon.colcon_core.verb:set package 'hik_camera' build argument 'cmake_target_skip_unavailable' from command line to 'False'
[0.155s] Level 5:colcon.colcon_core.verb:set package 'hik_camera' build argument 'cmake_clean_cache' from command line to 'False'
[0.155s] Level 5:colcon.colcon_core.verb:set package 'hik_camera' build argument 'cmake_clean_first' from command line to 'False'
[0.155s] Level 5:colcon.colcon_core.verb:set package 'hik_camera' build argument 'cmake_force_configure' from command line to 'False'
[0.155s] Level 5:colcon.colcon_core.verb:set package 'hik_camera' build argument 'ament_cmake_args' from command line to 'None'
[0.155s] Level 5:colcon.colcon_core.verb:set package 'hik_camera' build argument 'catkin_cmake_args' from command line to 'None'
[0.155s] Level 5:colcon.colcon_core.verb:set package 'hik_camera' build argument 'catkin_skip_building_tests' from command line to 'False'
[0.155s] DEBUG:colcon.colcon_core.verb:Building package 'hik_camera' with the following arguments: {'ament_cmake_args': None, 'build_base': '/home/ubuntu/桌面/RM26/build/hik_camera', 'catkin_cmake_args': None, 'catkin_skip_building_tests': False, 'cmake_args': None, 'cmake_clean_cache': False, 'cmake_clean_first': False, 'cmake_force_configure': False, 'cmake_target': None, 'cmake_target_skip_unavailable': False, 'install_base': '/home/ubuntu/桌面/RM26/install/hik_camera', 'merge_install': False, 'path': '/home/ubuntu/桌面/RM26/src/ros2_hik_camera-main', 'symlink_install': False, 'test_result_base': None}
[0.155s] Level 5:colcon.colcon_core.verb:set package 'recive_pkg' build argument 'cmake_args' from command line to 'None'
[0.155s] Level 5:colcon.colcon_core.verb:set package 'recive_pkg' build argument 'cmake_target' from command line to 'None'
[0.155s] Level 5:colcon.colcon_core.verb:set package 'recive_pkg' build argument 'cmake_target_skip_unavailable' from command line to 'False'
[0.155s] Level 5:colcon.colcon_core.verb:set package 'recive_pkg' build argument 'cmake_clean_cache' from command line to 'False'
[0.155s] Level 5:colcon.colcon_core.verb:set package 'recive_pkg' build argument 'cmake_clean_first' from command line to 'False'
[0.155s] Level 5:colcon.colcon_core.verb:set package 'recive_pkg' build argument 'cmake_force_configure' from command line to 'False'
[0.155s] Level 5:colcon.colcon_core.verb:set package 'recive_pkg' build argument 'ament_cmake_args' from command line to 'None'
[0.155s] Level 5:colcon.colcon_core.verb:set package 'recive_pkg' build argument 'catkin_cmake_args' from command line to 'None'
[0.155s] Level 5:colcon.colcon_core.verb:set package 'recive_pkg' build argument 'catkin_skip_building_tests' from command line to 'False'
[0.155s] DEBUG:colcon.colcon_core.verb:Building package 'recive_pkg' with the following arguments: {'ament_cmake_args': None, 'build_base': '/home/ubuntu/桌面/RM26/build/recive_pkg', 'catkin_cmake_args': None, 'catkin_skip_building_tests': False, 'cmake_args': None, 'cmake_clean_cache': False, 'cmake_clean_first': False, 'cmake_force_configure': False, 'cmake_target': None, 'cmake_target_skip_unavailable': False, 'install_base': '/home/ubuntu/桌面/RM26/install/recive_pkg', 'merge_install': False, 'path': '/home/ubuntu/桌面/RM26/src/recive_pkg', 'symlink_install': False, 'test_result_base': None}
[0.155s] INFO:colcon.colcon_core.executor:Executing jobs using 'parallel' executor
[0.156s] DEBUG:colcon.colcon_parallel_executor.executor.parallel:run_until_complete
[0.156s] INFO:colcon.colcon_cmake.task.cmake.build:Building CMake package in '/home/ubuntu/桌面/RM26/src/rm_auto_aim/detection'
[0.157s] INFO:colcon.colcon_core.plugin_system:Skipping extension 'colcon_core.shell.bat': Not used on non-Windows systems
[0.158s] INFO:colcon.colcon_core.shell:Skip shell extension 'powershell' for command environment: Not usable outside of PowerShell
[0.158s] DEBUG:colcon.colcon_core.shell:Skip shell extension 'dsv' for command environment
[0.159s] INFO:colcon.colcon_ros.task.ament_cmake.build:Building ROS package in '/home/ubuntu/桌面/RM26/src/ros2_hik_camera-main' with build type 'ament_cmake'
[0.159s] INFO:colcon.colcon_cmake.task.cmake.build:Building CMake package in '/home/ubuntu/桌面/RM26/src/ros2_hik_camera-main'
[0.160s] INFO:colcon.colcon_core.shell:Skip shell extension 'powershell' for command environment: Not usable outside of PowerShell
[0.160s] DEBUG:colcon.colcon_core.shell:Skip shell extension 'dsv' for command environment
[0.162s] INFO:colcon.colcon_ros.task.ament_cmake.build:Building ROS package in '/home/ubuntu/桌面/RM26/src/recive_pkg' with build type 'ament_cmake'
[0.162s] INFO:colcon.colcon_cmake.task.cmake.build:Building CMake package in '/home/ubuntu/桌面/RM26/src/recive_pkg'
[0.162s] INFO:colcon.colcon_core.shell:Skip shell extension 'powershell' for command environment: Not usable outside of PowerShell
[0.162s] DEBUG:colcon.colcon_core.shell:Skip shell extension 'dsv' for command environment
[0.167s] DEBUG:colcon.colcon_core.event_handler.log_command:Invoking command in '/home/ubuntu/桌面/RM26/build/detection': /usr/bin/cmake /home/ubuntu/桌面/RM26/src/rm_auto_aim/detection -DCMAKE_INSTALL_PREFIX=/home/ubuntu/桌面/RM26/install/detection
[0.169s] DEBUG:colcon.colcon_core.event_handler.log_command:Invoking command in '/home/ubuntu/桌面/RM26/build/hik_camera': CMAKE_PREFIX_PATH=/opt/ros/humble /usr/bin/cmake /home/ubuntu/桌面/RM26/src/ros2_hik_camera-main -DCMAKE_INSTALL_PREFIX=/home/ubuntu/桌面/RM26/install/hik_camera
[0.171s] DEBUG:colcon.colcon_core.event_handler.log_command:Invoking command in '/home/ubuntu/桌面/RM26/build/recive_pkg': CMAKE_PREFIX_PATH=/opt/ros/humble /usr/bin/cmake /home/ubuntu/桌面/RM26/src/recive_pkg -DCMAKE_INSTALL_PREFIX=/home/ubuntu/桌面/RM26/install/recive_pkg
[0.507s] DEBUG:colcon.colcon_core.event_handler.log_command:Invoked command in '/home/ubuntu/桌面/RM26/build/detection' returned '0': /usr/bin/cmake /home/ubuntu/桌面/RM26/src/rm_auto_aim/detection -DCMAKE_INSTALL_PREFIX=/home/ubuntu/桌面/RM26/install/detection
[0.508s] DEBUG:colcon.colcon_core.event_handler.log_command:Invoking command in '/home/ubuntu/桌面/RM26/build/detection': /usr/bin/cmake --build /home/ubuntu/桌面/RM26/build/detection -- -j14 -l14
[1.111s] DEBUG:colcon.colcon_core.event_handler.log_command:Invoked command in '/home/ubuntu/桌面/RM26/build/recive_pkg' returned '0': CMAKE_PREFIX_PATH=/opt/ros/humble /usr/bin/cmake /home/ubuntu/桌面/RM26/src/recive_pkg -DCMAKE_INSTALL_PREFIX=/home/ubuntu/桌面/RM26/install/recive_pkg
[1.114s] DEBUG:colcon.colcon_core.event_handler.log_command:Invoking command in '/home/ubuntu/桌面/RM26/build/recive_pkg': CMAKE_PREFIX_PATH=/opt/ros/humble /usr/bin/cmake --build /home/ubuntu/桌面/RM26/build/recive_pkg -- -j14 -l14
[1.143s] DEBUG:colcon.colcon_core.event_handler.log_command:Invoked command in '/home/ubuntu/桌面/RM26/build/hik_camera' returned '0': CMAKE_PREFIX_PATH=/opt/ros/humble /usr/bin/cmake /home/ubuntu/桌面/RM26/src/ros2_hik_camera-main -DCMAKE_INSTALL_PREFIX=/home/ubuntu/桌面/RM26/install/hik_camera
[1.143s] DEBUG:colcon.colcon_core.event_handler.log_command:Invoking command in '/home/ubuntu/桌面/RM26/build/hik_camera': CMAKE_PREFIX_PATH=/opt/ros/humble /usr/bin/cmake --build /home/ubuntu/桌面/RM26/build/hik_camera -- -j14 -l14
[4.488s] Level 1:colcon.colcon_core.environment:create_environment_scripts_only(hik_camera)
[4.491s] Level 1:colcon.colcon_core.environment:checking '/home/ubuntu/桌面/RM26/install/hik_camera' for CMake module files
[4.491s] Level 1:colcon.colcon_core.environment:checking '/home/ubuntu/桌面/RM26/install/hik_camera' for CMake config files
[4.492s] Level 1:colcon.colcon_core.environment:checking '/home/ubuntu/桌面/RM26/install/hik_camera/bin'
[4.492s] Level 1:colcon.colcon_core.environment:checking '/home/ubuntu/桌面/RM26/install/hik_camera/lib/pkgconfig/hik_camera.pc'
[4.492s] Level 1:colcon.colcon_core.environment:checking '/home/ubuntu/桌面/RM26/install/hik_camera/lib/python3.10/site-packages'
[4.492s] Level 1:colcon.colcon_core.environment:checking '/home/ubuntu/桌面/RM26/install/hik_camera/bin'
[4.492s] INFO:colcon.colcon_core.shell:Creating package script '/home/ubuntu/桌面/RM26/install/hik_camera/share/hik_camera/package.ps1'
[4.493s] DEBUG:colcon.colcon_core.event_handler.log_command:Invoked command in '/home/ubuntu/桌面/RM26/build/hik_camera' returned '2': CMAKE_PREFIX_PATH=/opt/ros/humble /usr/bin/cmake --build /home/ubuntu/桌面/RM26/build/hik_camera -- -j14 -l14
[4.493s] INFO:colcon.colcon_core.shell:Creating package descriptor '/home/ubuntu/桌面/RM26/install/hik_camera/share/hik_camera/package.dsv'
[4.494s] INFO:colcon.colcon_core.shell:Creating package script '/home/ubuntu/桌面/RM26/install/hik_camera/share/hik_camera/package.sh'
[4.494s] INFO:colcon.colcon_core.shell:Creating package script '/home/ubuntu/桌面/RM26/install/hik_camera/share/hik_camera/package.bash'
[4.495s] INFO:colcon.colcon_core.shell:Creating package script '/home/ubuntu/桌面/RM26/install/hik_camera/share/hik_camera/package.zsh'
[4.495s] Level 1:colcon.colcon_core.environment:create_file_with_runtime_dependencies(/home/ubuntu/桌面/RM26/install/hik_camera/share/colcon-core/packages/hik_camera)
[10.473s] DEBUG:colcon.colcon_parallel_executor.executor.parallel:closing loop
[10.474s] DEBUG:colcon.colcon_parallel_executor.executor.parallel:loop closed
[10.474s] DEBUG:colcon.colcon_parallel_executor.executor.parallel:run_until_complete finished with '2'
[10.474s] DEBUG:colcon.colcon_core.event_reactor:joining thread
[10.483s] INFO:colcon.colcon_core.plugin_system:Skipping extension 'colcon_notification.desktop_notification.terminal_notifier': Not used on non-Darwin systems
[10.484s] INFO:colcon.colcon_core.plugin_system:Skipping extension 'colcon_notification.desktop_notification.win32': Not used on non-Windows systems
[10.484s] INFO:colcon.colcon_notification.desktop_notification:Sending desktop notification using 'notify2'
[10.497s] DEBUG:colcon.colcon_core.event_reactor:joined thread
[10.497s] INFO:colcon.colcon_core.shell:Creating prefix script '/home/ubuntu/桌面/RM26/install/local_setup.ps1'
[10.499s] INFO:colcon.colcon_core.shell:Creating prefix util module '/home/ubuntu/桌面/RM26/install/_local_setup_util_ps1.py'
[10.500s] INFO:colcon.colcon_core.shell:Creating prefix chain script '/home/ubuntu/桌面/RM26/install/setup.ps1'
[10.502s] INFO:colcon.colcon_core.shell:Creating prefix script '/home/ubuntu/桌面/RM26/install/local_setup.sh'
[10.503s] INFO:colcon.colcon_core.shell:Creating prefix util module '/home/ubuntu/桌面/RM26/install/_local_setup_util_sh.py'
[10.503s] INFO:colcon.colcon_core.shell:Creating prefix chain script '/home/ubuntu/桌面/RM26/install/setup.sh'
[10.506s] INFO:colcon.colcon_core.shell:Creating prefix script '/home/ubuntu/桌面/RM26/install/local_setup.bash'
[10.506s] INFO:colcon.colcon_core.shell:Creating prefix chain script '/home/ubuntu/桌面/RM26/install/setup.bash'
[10.507s] INFO:colcon.colcon_core.shell:Creating prefix script '/home/ubuntu/桌面/RM26/install/local_setup.zsh'
[10.508s] INFO:colcon.colcon_core.shell:Creating prefix chain script '/home/ubuntu/桌面/RM26/install/setup.zsh'
