[0.047s] DEBUG:colcon:Command line arguments: ['/usr/bin/colcon', 'build']
[0.047s] DEBUG:colcon:Parsed command line arguments: Namespace(log_base=None, log_level=None, verb_name='build', build_base='build', install_base='install', merge_install=False, symlink_install=False, test_result_base=None, continue_on_error=False, executor='parallel', parallel_workers=14, event_handlers=None, ignore_user_meta=False, metas=['./colcon.meta'], base_paths=['.'], packages_ignore=None, packages_ignore_regex=None, paths=None, packages_up_to=None, packages_up_to_regex=None, packages_above=None, packages_above_and_dependencies=None, packages_above_depth=None, packages_select_by_dep=None, packages_skip_by_dep=None, packages_skip_up_to=None, packages_select_build_failed=False, packages_skip_build_finished=False, packages_select_test_failures=False, packages_skip_test_passed=False, packages_select=None, packages_skip=None, packages_select_regex=None, packages_skip_regex=None, packages_start=None, packages_end=None, allow_overriding=[], cmake_args=None, cmake_target=None, cmake_target_skip_unavailable=False, cmake_clean_cache=False, cmake_clean_first=False, cmake_force_configure=False, ament_cmake_args=None, catkin_cmake_args=None, catkin_skip_building_tests=False, verb_parser=<colcon_defaults.argument_parser.defaults.DefaultArgumentsDecorator object at 0x761ee21e7970>, verb_extension=<colcon_core.verb.build.BuildVerb object at 0x761ee2324e50>, main=<bound method BuildVerb.main of <colcon_core.verb.build.BuildVerb object at 0x761ee2324e50>>)
[0.108s] Level 1:colcon.colcon_core.package_discovery:discover_packages(colcon_meta) check parameters
[0.108s] Level 1:colcon.colcon_core.package_discovery:discover_packages(recursive) check parameters
[0.108s] Level 1:colcon.colcon_core.package_discovery:discover_packages(ignore) check parameters
[0.108s] Level 1:colcon.colcon_core.package_discovery:discover_packages(path) check parameters
[0.108s] Level 1:colcon.colcon_core.package_discovery:discover_packages(colcon_meta) discover
[0.108s] Level 1:colcon.colcon_core.package_discovery:discover_packages(recursive) discover
[0.108s] INFO:colcon.colcon_core.package_discovery:Crawling recursively for packages in '/home/ubuntu/桌面/Robomaster/RM26_ROS2PKG'
[0.108s] Level 1:colcon.colcon_core.package_identification:_identify(.) by extensions ['ignore', 'ignore_ament_install']
[0.108s] Level 1:colcon.colcon_core.package_identification:_identify(.) by extension 'ignore'
[0.108s] Level 1:colcon.colcon_core.package_identification:_identify(.) by extension 'ignore_ament_install'
[0.108s] Level 1:colcon.colcon_core.package_identification:_identify(.) by extensions ['colcon_pkg']
[0.108s] Level 1:colcon.colcon_core.package_identification:_identify(.) by extension 'colcon_pkg'
[0.108s] Level 1:colcon.colcon_core.package_identification:_identify(.) by extensions ['colcon_meta']
[0.108s] Level 1:colcon.colcon_core.package_identification:_identify(.) by extension 'colcon_meta'
[0.108s] Level 1:colcon.colcon_core.package_identification:_identify(.) by extensions ['ros']
[0.109s] Level 1:colcon.colcon_core.package_identification:_identify(.) by extension 'ros'
[0.114s] Level 1:colcon.colcon_core.package_identification:_identify(.) by extensions ['cmake', 'python']
[0.114s] Level 1:colcon.colcon_core.package_identification:_identify(.) by extension 'cmake'
[0.114s] Level 1:colcon.colcon_core.package_identification:_identify(.) by extension 'python'
[0.114s] Level 1:colcon.colcon_core.package_identification:_identify(.) by extensions ['python_setup_py']
[0.114s] Level 1:colcon.colcon_core.package_identification:_identify(.) by extension 'python_setup_py'
[0.114s] Level 1:colcon.colcon_core.package_identification:_identify(build) by extensions ['ignore', 'ignore_ament_install']
[0.114s] Level 1:colcon.colcon_core.package_identification:_identify(build) by extension 'ignore'
[0.114s] Level 1:colcon.colcon_core.package_identification:_identify(build) ignored
[0.114s] Level 1:colcon.colcon_core.package_identification:_identify(install) by extensions ['ignore', 'ignore_ament_install']
[0.114s] Level 1:colcon.colcon_core.package_identification:_identify(install) by extension 'ignore'
[0.114s] Level 1:colcon.colcon_core.package_identification:_identify(install) ignored
[0.114s] Level 1:colcon.colcon_core.package_identification:_identify(log) by extensions ['ignore', 'ignore_ament_install']
[0.114s] Level 1:colcon.colcon_core.package_identification:_identify(log) by extension 'ignore'
[0.114s] Level 1:colcon.colcon_core.package_identification:_identify(log) ignored
[0.114s] Level 1:colcon.colcon_core.package_identification:_identify(src) by extensions ['ignore', 'ignore_ament_install']
[0.114s] Level 1:colcon.colcon_core.package_identification:_identify(src) by extension 'ignore'
[0.114s] Level 1:colcon.colcon_core.package_identification:_identify(src) by extension 'ignore_ament_install'
[0.114s] Level 1:colcon.colcon_core.package_identification:_identify(src) by extensions ['colcon_pkg']
[0.114s] Level 1:colcon.colcon_core.package_identification:_identify(src) by extension 'colcon_pkg'
[0.114s] Level 1:colcon.colcon_core.package_identification:_identify(src) by extensions ['colcon_meta']
[0.114s] Level 1:colcon.colcon_core.package_identification:_identify(src) by extension 'colcon_meta'
[0.115s] Level 1:colcon.colcon_core.package_identification:_identify(src) by extensions ['ros']
[0.115s] Level 1:colcon.colcon_core.package_identification:_identify(src) by extension 'ros'
[0.115s] Level 1:colcon.colcon_core.package_identification:_identify(src) by extensions ['cmake', 'python']
[0.115s] Level 1:colcon.colcon_core.package_identification:_identify(src) by extension 'cmake'
[0.115s] Level 1:colcon.colcon_core.package_identification:_identify(src) by extension 'python'
[0.115s] Level 1:colcon.colcon_core.package_identification:_identify(src) by extensions ['python_setup_py']
[0.115s] Level 1:colcon.colcon_core.package_identification:_identify(src) by extension 'python_setup_py'
[0.115s] Level 1:colcon.colcon_core.package_identification:_identify(src/recive_pkg) by extensions ['ignore', 'ignore_ament_install']
[0.115s] Level 1:colcon.colcon_core.package_identification:_identify(src/recive_pkg) by extension 'ignore'
[0.115s] Level 1:colcon.colcon_core.package_identification:_identify(src/recive_pkg) by extension 'ignore_ament_install'
[0.115s] Level 1:colcon.colcon_core.package_identification:_identify(src/recive_pkg) by extensions ['colcon_pkg']
[0.115s] Level 1:colcon.colcon_core.package_identification:_identify(src/recive_pkg) by extension 'colcon_pkg'
[0.115s] Level 1:colcon.colcon_core.package_identification:_identify(src/recive_pkg) by extensions ['colcon_meta']
[0.115s] Level 1:colcon.colcon_core.package_identification:_identify(src/recive_pkg) by extension 'colcon_meta'
[0.115s] Level 1:colcon.colcon_core.package_identification:_identify(src/recive_pkg) by extensions ['ros']
[0.115s] Level 1:colcon.colcon_core.package_identification:_identify(src/recive_pkg) by extension 'ros'
[0.116s] DEBUG:colcon.colcon_core.package_identification:Package 'src/recive_pkg' with type 'ros.ament_cmake' and name 'recive_pkg'
[0.116s] Level 1:colcon.colcon_core.package_identification:_identify(src/rm_auto_aim) by extensions ['ignore', 'ignore_ament_install']
[0.116s] Level 1:colcon.colcon_core.package_identification:_identify(src/rm_auto_aim) by extension 'ignore'
[0.116s] Level 1:colcon.colcon_core.package_identification:_identify(src/rm_auto_aim) by extension 'ignore_ament_install'
[0.116s] Level 1:colcon.colcon_core.package_identification:_identify(src/rm_auto_aim) by extensions ['colcon_pkg']
[0.116s] Level 1:colcon.colcon_core.package_identification:_identify(src/rm_auto_aim) by extension 'colcon_pkg'
[0.116s] Level 1:colcon.colcon_core.package_identification:_identify(src/rm_auto_aim) by extensions ['colcon_meta']
[0.116s] Level 1:colcon.colcon_core.package_identification:_identify(src/rm_auto_aim) by extension 'colcon_meta'
[0.116s] Level 1:colcon.colcon_core.package_identification:_identify(src/rm_auto_aim) by extensions ['ros']
[0.116s] Level 1:colcon.colcon_core.package_identification:_identify(src/rm_auto_aim) by extension 'ros'
[0.116s] Level 1:colcon.colcon_core.package_identification:_identify(src/rm_auto_aim) by extensions ['cmake', 'python']
[0.116s] Level 1:colcon.colcon_core.package_identification:_identify(src/rm_auto_aim) by extension 'cmake'
[0.116s] Level 1:colcon.colcon_core.package_identification:_identify(src/rm_auto_aim) by extension 'python'
[0.116s] Level 1:colcon.colcon_core.package_identification:_identify(src/rm_auto_aim) by extensions ['python_setup_py']
[0.116s] Level 1:colcon.colcon_core.package_identification:_identify(src/rm_auto_aim) by extension 'python_setup_py'
[0.116s] Level 1:colcon.colcon_core.package_identification:_identify(src/rm_auto_aim/detection) by extensions ['ignore', 'ignore_ament_install']
[0.116s] Level 1:colcon.colcon_core.package_identification:_identify(src/rm_auto_aim/detection) by extension 'ignore'
[0.116s] Level 1:colcon.colcon_core.package_identification:_identify(src/rm_auto_aim/detection) by extension 'ignore_ament_install'
[0.116s] Level 1:colcon.colcon_core.package_identification:_identify(src/rm_auto_aim/detection) by extensions ['colcon_pkg']
[0.116s] Level 1:colcon.colcon_core.package_identification:_identify(src/rm_auto_aim/detection) by extension 'colcon_pkg'
[0.117s] Level 1:colcon.colcon_core.package_identification:_identify(src/rm_auto_aim/detection) by extensions ['colcon_meta']
[0.117s] Level 1:colcon.colcon_core.package_identification:_identify(src/rm_auto_aim/detection) by extension 'colcon_meta'
[0.117s] Level 1:colcon.colcon_core.package_identification:_identify(src/rm_auto_aim/detection) by extensions ['ros']
[0.117s] Level 1:colcon.colcon_core.package_identification:_identify(src/rm_auto_aim/detection) by extension 'ros'
[0.117s] Level 1:colcon.colcon_core.package_identification:_identify(src/rm_auto_aim/detection) by extensions ['cmake', 'python']
[0.117s] Level 1:colcon.colcon_core.package_identification:_identify(src/rm_auto_aim/detection) by extension 'cmake'
[0.118s] Level 1:colcon.colcon_core.package_identification:_identify(src/rm_auto_aim/detection) by extension 'python'
[0.118s] DEBUG:colcon.colcon_core.package_identification:Package 'src/rm_auto_aim/detection' with type 'cmake' and name 'detection'
[0.118s] Level 1:colcon.colcon_core.package_identification:_identify(src/ros2_armor_can) by extensions ['ignore', 'ignore_ament_install']
[0.118s] Level 1:colcon.colcon_core.package_identification:_identify(src/ros2_armor_can) by extension 'ignore'
[0.118s] Level 1:colcon.colcon_core.package_identification:_identify(src/ros2_armor_can) by extension 'ignore_ament_install'
[0.118s] Level 1:colcon.colcon_core.package_identification:_identify(src/ros2_armor_can) by extensions ['colcon_pkg']
[0.118s] Level 1:colcon.colcon_core.package_identification:_identify(src/ros2_armor_can) by extension 'colcon_pkg'
[0.118s] Level 1:colcon.colcon_core.package_identification:_identify(src/ros2_armor_can) by extensions ['colcon_meta']
[0.118s] Level 1:colcon.colcon_core.package_identification:_identify(src/ros2_armor_can) by extension 'colcon_meta'
[0.118s] Level 1:colcon.colcon_core.package_identification:_identify(src/ros2_armor_can) by extensions ['ros']
[0.118s] Level 1:colcon.colcon_core.package_identification:_identify(src/ros2_armor_can) by extension 'ros'
[0.119s] DEBUG:colcon.colcon_core.package_identification:Package 'src/ros2_armor_can' with type 'ros.catkin' and name 'ros2_armor_can'
[0.119s] Level 1:colcon.colcon_core.package_identification:_identify(src/ros2_hik_camera-main) by extensions ['ignore', 'ignore_ament_install']
[0.119s] Level 1:colcon.colcon_core.package_identification:_identify(src/ros2_hik_camera-main) by extension 'ignore'
[0.119s] Level 1:colcon.colcon_core.package_identification:_identify(src/ros2_hik_camera-main) by extension 'ignore_ament_install'
[0.119s] Level 1:colcon.colcon_core.package_identification:_identify(src/ros2_hik_camera-main) by extensions ['colcon_pkg']
[0.119s] Level 1:colcon.colcon_core.package_identification:_identify(src/ros2_hik_camera-main) by extension 'colcon_pkg'
[0.119s] Level 1:colcon.colcon_core.package_identification:_identify(src/ros2_hik_camera-main) by extensions ['colcon_meta']
[0.119s] Level 1:colcon.colcon_core.package_identification:_identify(src/ros2_hik_camera-main) by extension 'colcon_meta'
[0.119s] Level 1:colcon.colcon_core.package_identification:_identify(src/ros2_hik_camera-main) by extensions ['ros']
[0.119s] Level 1:colcon.colcon_core.package_identification:_identify(src/ros2_hik_camera-main) by extension 'ros'
[0.119s] DEBUG:colcon.colcon_core.package_identification:Package 'src/ros2_hik_camera-main' with type 'ros.ament_cmake' and name 'hik_camera'
[0.119s] Level 1:colcon.colcon_core.package_discovery:discover_packages(recursive) using defaults
[0.119s] Level 1:colcon.colcon_core.package_discovery:discover_packages(ignore) discover
[0.119s] Level 1:colcon.colcon_core.package_discovery:discover_packages(ignore) using defaults
[0.119s] Level 1:colcon.colcon_core.package_discovery:discover_packages(path) discover
[0.119s] Level 1:colcon.colcon_core.package_discovery:discover_packages(path) using defaults
[0.133s] Level 1:colcon.colcon_core.package_discovery:discover_packages(prefix_path) check parameters
[0.134s] Level 1:colcon.colcon_core.package_discovery:discover_packages(prefix_path) discover
[0.136s] DEBUG:colcon.colcon_installed_package_information.package_discovery:Found 274 installed packages in /opt/ros/humble
[0.139s] Level 1:colcon.colcon_core.package_discovery:discover_packages(prefix_path) using defaults
[0.171s] Level 5:colcon.colcon_core.verb:set package 'detection' build argument 'cmake_args' from command line to 'None'
[0.171s] Level 5:colcon.colcon_core.verb:set package 'detection' build argument 'cmake_target' from command line to 'None'
[0.171s] Level 5:colcon.colcon_core.verb:set package 'detection' build argument 'cmake_target_skip_unavailable' from command line to 'False'
[0.171s] Level 5:colcon.colcon_core.verb:set package 'detection' build argument 'cmake_clean_cache' from command line to 'False'
[0.171s] Level 5:colcon.colcon_core.verb:set package 'detection' build argument 'cmake_clean_first' from command line to 'False'
[0.171s] Level 5:colcon.colcon_core.verb:set package 'detection' build argument 'cmake_force_configure' from command line to 'False'
[0.171s] Level 5:colcon.colcon_core.verb:set package 'detection' build argument 'ament_cmake_args' from command line to 'None'
[0.171s] Level 5:colcon.colcon_core.verb:set package 'detection' build argument 'catkin_cmake_args' from command line to 'None'
[0.171s] Level 5:colcon.colcon_core.verb:set package 'detection' build argument 'catkin_skip_building_tests' from command line to 'False'
[0.171s] DEBUG:colcon.colcon_core.verb:Building package 'detection' with the following arguments: {'ament_cmake_args': None, 'build_base': '/home/ubuntu/桌面/Robomaster/RM26_ROS2PKG/build/detection', 'catkin_cmake_args': None, 'catkin_skip_building_tests': False, 'cmake_args': None, 'cmake_clean_cache': False, 'cmake_clean_first': False, 'cmake_force_configure': False, 'cmake_target': None, 'cmake_target_skip_unavailable': False, 'install_base': '/home/ubuntu/桌面/Robomaster/RM26_ROS2PKG/install/detection', 'merge_install': False, 'path': '/home/ubuntu/桌面/Robomaster/RM26_ROS2PKG/src/rm_auto_aim/detection', 'symlink_install': False, 'test_result_base': None}
[0.171s] Level 5:colcon.colcon_core.verb:set package 'hik_camera' build argument 'cmake_args' from command line to 'None'
[0.171s] Level 5:colcon.colcon_core.verb:set package 'hik_camera' build argument 'cmake_target' from command line to 'None'
[0.171s] Level 5:colcon.colcon_core.verb:set package 'hik_camera' build argument 'cmake_target_skip_unavailable' from command line to 'False'
[0.171s] Level 5:colcon.colcon_core.verb:set package 'hik_camera' build argument 'cmake_clean_cache' from command line to 'False'
[0.171s] Level 5:colcon.colcon_core.verb:set package 'hik_camera' build argument 'cmake_clean_first' from command line to 'False'
[0.171s] Level 5:colcon.colcon_core.verb:set package 'hik_camera' build argument 'cmake_force_configure' from command line to 'False'
[0.171s] Level 5:colcon.colcon_core.verb:set package 'hik_camera' build argument 'ament_cmake_args' from command line to 'None'
[0.172s] Level 5:colcon.colcon_core.verb:set package 'hik_camera' build argument 'catkin_cmake_args' from command line to 'None'
[0.172s] Level 5:colcon.colcon_core.verb:set package 'hik_camera' build argument 'catkin_skip_building_tests' from command line to 'False'
[0.172s] DEBUG:colcon.colcon_core.verb:Building package 'hik_camera' with the following arguments: {'ament_cmake_args': None, 'build_base': '/home/ubuntu/桌面/Robomaster/RM26_ROS2PKG/build/hik_camera', 'catkin_cmake_args': None, 'catkin_skip_building_tests': False, 'cmake_args': None, 'cmake_clean_cache': False, 'cmake_clean_first': False, 'cmake_force_configure': False, 'cmake_target': None, 'cmake_target_skip_unavailable': False, 'install_base': '/home/ubuntu/桌面/Robomaster/RM26_ROS2PKG/install/hik_camera', 'merge_install': False, 'path': '/home/ubuntu/桌面/Robomaster/RM26_ROS2PKG/src/ros2_hik_camera-main', 'symlink_install': False, 'test_result_base': None}
[0.172s] Level 5:colcon.colcon_core.verb:set package 'recive_pkg' build argument 'cmake_args' from command line to 'None'
[0.172s] Level 5:colcon.colcon_core.verb:set package 'recive_pkg' build argument 'cmake_target' from command line to 'None'
[0.172s] Level 5:colcon.colcon_core.verb:set package 'recive_pkg' build argument 'cmake_target_skip_unavailable' from command line to 'False'
[0.172s] Level 5:colcon.colcon_core.verb:set package 'recive_pkg' build argument 'cmake_clean_cache' from command line to 'False'
[0.172s] Level 5:colcon.colcon_core.verb:set package 'recive_pkg' build argument 'cmake_clean_first' from command line to 'False'
[0.172s] Level 5:colcon.colcon_core.verb:set package 'recive_pkg' build argument 'cmake_force_configure' from command line to 'False'
[0.172s] Level 5:colcon.colcon_core.verb:set package 'recive_pkg' build argument 'ament_cmake_args' from command line to 'None'
[0.172s] Level 5:colcon.colcon_core.verb:set package 'recive_pkg' build argument 'catkin_cmake_args' from command line to 'None'
[0.172s] Level 5:colcon.colcon_core.verb:set package 'recive_pkg' build argument 'catkin_skip_building_tests' from command line to 'False'
[0.172s] DEBUG:colcon.colcon_core.verb:Building package 'recive_pkg' with the following arguments: {'ament_cmake_args': None, 'build_base': '/home/ubuntu/桌面/Robomaster/RM26_ROS2PKG/build/recive_pkg', 'catkin_cmake_args': None, 'catkin_skip_building_tests': False, 'cmake_args': None, 'cmake_clean_cache': False, 'cmake_clean_first': False, 'cmake_force_configure': False, 'cmake_target': None, 'cmake_target_skip_unavailable': False, 'install_base': '/home/ubuntu/桌面/Robomaster/RM26_ROS2PKG/install/recive_pkg', 'merge_install': False, 'path': '/home/ubuntu/桌面/Robomaster/RM26_ROS2PKG/src/recive_pkg', 'symlink_install': False, 'test_result_base': None}
[0.172s] Level 5:colcon.colcon_core.verb:set package 'ros2_armor_can' build argument 'cmake_args' from command line to 'None'
[0.172s] Level 5:colcon.colcon_core.verb:set package 'ros2_armor_can' build argument 'cmake_target' from command line to 'None'
[0.172s] Level 5:colcon.colcon_core.verb:set package 'ros2_armor_can' build argument 'cmake_target_skip_unavailable' from command line to 'False'
[0.172s] Level 5:colcon.colcon_core.verb:set package 'ros2_armor_can' build argument 'cmake_clean_cache' from command line to 'False'
[0.172s] Level 5:colcon.colcon_core.verb:set package 'ros2_armor_can' build argument 'cmake_clean_first' from command line to 'False'
[0.172s] Level 5:colcon.colcon_core.verb:set package 'ros2_armor_can' build argument 'cmake_force_configure' from command line to 'False'
[0.172s] Level 5:colcon.colcon_core.verb:set package 'ros2_armor_can' build argument 'ament_cmake_args' from command line to 'None'
[0.172s] Level 5:colcon.colcon_core.verb:set package 'ros2_armor_can' build argument 'catkin_cmake_args' from command line to 'None'
[0.172s] Level 5:colcon.colcon_core.verb:set package 'ros2_armor_can' build argument 'catkin_skip_building_tests' from command line to 'False'
[0.172s] DEBUG:colcon.colcon_core.verb:Building package 'ros2_armor_can' with the following arguments: {'ament_cmake_args': None, 'build_base': '/home/ubuntu/桌面/Robomaster/RM26_ROS2PKG/build/ros2_armor_can', 'catkin_cmake_args': None, 'catkin_skip_building_tests': False, 'cmake_args': None, 'cmake_clean_cache': False, 'cmake_clean_first': False, 'cmake_force_configure': False, 'cmake_target': None, 'cmake_target_skip_unavailable': False, 'install_base': '/home/ubuntu/桌面/Robomaster/RM26_ROS2PKG/install/ros2_armor_can', 'merge_install': False, 'path': '/home/ubuntu/桌面/Robomaster/RM26_ROS2PKG/src/ros2_armor_can', 'symlink_install': False, 'test_result_base': None}
[0.172s] INFO:colcon.colcon_core.executor:Executing jobs using 'parallel' executor
[0.173s] DEBUG:colcon.colcon_parallel_executor.executor.parallel:run_until_complete
[0.173s] INFO:colcon.colcon_cmake.task.cmake.build:Building CMake package in '/home/ubuntu/桌面/Robomaster/RM26_ROS2PKG/src/rm_auto_aim/detection'
[0.174s] INFO:colcon.colcon_core.plugin_system:Skipping extension 'colcon_core.shell.bat': Not used on non-Windows systems
[0.175s] INFO:colcon.colcon_core.shell:Skip shell extension 'powershell' for command environment: Not usable outside of PowerShell
[0.175s] DEBUG:colcon.colcon_core.shell:Skip shell extension 'dsv' for command environment
[0.177s] INFO:colcon.colcon_ros.task.ament_cmake.build:Building ROS package in '/home/ubuntu/桌面/Robomaster/RM26_ROS2PKG/src/ros2_hik_camera-main' with build type 'ament_cmake'
[0.177s] INFO:colcon.colcon_cmake.task.cmake.build:Building CMake package in '/home/ubuntu/桌面/Robomaster/RM26_ROS2PKG/src/ros2_hik_camera-main'
[0.177s] INFO:colcon.colcon_core.shell:Skip shell extension 'powershell' for command environment: Not usable outside of PowerShell
[0.177s] DEBUG:colcon.colcon_core.shell:Skip shell extension 'dsv' for command environment
[0.178s] INFO:colcon.colcon_ros.task.ament_cmake.build:Building ROS package in '/home/ubuntu/桌面/Robomaster/RM26_ROS2PKG/src/recive_pkg' with build type 'ament_cmake'
[0.178s] INFO:colcon.colcon_cmake.task.cmake.build:Building CMake package in '/home/ubuntu/桌面/Robomaster/RM26_ROS2PKG/src/recive_pkg'
[0.179s] INFO:colcon.colcon_core.shell:Skip shell extension 'powershell' for command environment: Not usable outside of PowerShell
[0.179s] DEBUG:colcon.colcon_core.shell:Skip shell extension 'dsv' for command environment
[0.180s] INFO:colcon.colcon_ros.task.catkin.build:Building ROS package in '/home/ubuntu/桌面/Robomaster/RM26_ROS2PKG/src/ros2_armor_can' with build type 'catkin'
[0.180s] INFO:colcon.colcon_cmake.task.cmake.build:Building CMake package in '/home/ubuntu/桌面/Robomaster/RM26_ROS2PKG/src/ros2_armor_can'
[0.180s] INFO:colcon.colcon_core.shell:Skip shell extension 'powershell' for command environment: Not usable outside of PowerShell
[0.181s] DEBUG:colcon.colcon_core.shell:Skip shell extension 'dsv' for command environment
[0.187s] DEBUG:colcon.colcon_core.event_handler.log_command:Invoking command in '/home/ubuntu/桌面/Robomaster/RM26_ROS2PKG/build/detection': /usr/bin/cmake --build /home/ubuntu/桌面/Robomaster/RM26_ROS2PKG/build/detection -- -j14 -l14
[0.196s] DEBUG:colcon.colcon_core.event_handler.log_command:Invoking command in '/home/ubuntu/桌面/Robomaster/RM26_ROS2PKG/build/hik_camera': CMAKE_PREFIX_PATH=/opt/ros/humble /usr/bin/cmake --build /home/ubuntu/桌面/Robomaster/RM26_ROS2PKG/build/hik_camera -- -j14 -l14
[0.203s] DEBUG:colcon.colcon_core.event_handler.log_command:Invoking command in '/home/ubuntu/桌面/Robomaster/RM26_ROS2PKG/build/recive_pkg': CMAKE_PREFIX_PATH=/opt/ros/humble /usr/bin/cmake --build /home/ubuntu/桌面/Robomaster/RM26_ROS2PKG/build/recive_pkg -- -j14 -l14
[0.210s] DEBUG:colcon.colcon_core.event_handler.log_command:Invoking command in '/home/ubuntu/桌面/Robomaster/RM26_ROS2PKG/build/ros2_armor_can': /usr/bin/cmake --build /home/ubuntu/桌面/Robomaster/RM26_ROS2PKG/build/ros2_armor_can -- -j14 -l14
[0.282s] DEBUG:colcon.colcon_core.event_handler.log_command:Invoked command in '/home/ubuntu/桌面/Robomaster/RM26_ROS2PKG/build/ros2_armor_can' returned '0': /usr/bin/cmake --build /home/ubuntu/桌面/Robomaster/RM26_ROS2PKG/build/ros2_armor_can -- -j14 -l14
[0.297s] DEBUG:colcon.colcon_core.event_handler.log_command:Invoking command in '/home/ubuntu/桌面/Robomaster/RM26_ROS2PKG/build/ros2_armor_can': /usr/bin/cmake --install /home/ubuntu/桌面/Robomaster/RM26_ROS2PKG/build/ros2_armor_can
[0.303s] DEBUG:colcon.colcon_core.event_handler.log_command:Invoked command in '/home/ubuntu/桌面/Robomaster/RM26_ROS2PKG/build/hik_camera' returned '0': CMAKE_PREFIX_PATH=/opt/ros/humble /usr/bin/cmake --build /home/ubuntu/桌面/Robomaster/RM26_ROS2PKG/build/hik_camera -- -j14 -l14
[0.303s] DEBUG:colcon.colcon_core.event_handler.log_command:Invoking command in '/home/ubuntu/桌面/Robomaster/RM26_ROS2PKG/build/hik_camera': CMAKE_PREFIX_PATH=/opt/ros/humble /usr/bin/cmake --install /home/ubuntu/桌面/Robomaster/RM26_ROS2PKG/build/hik_camera
[0.308s] Level 1:colcon.colcon_core.shell:create_environment_hook('ros2_armor_can', 'ros_package_path')
[0.308s] INFO:colcon.colcon_core.shell:Creating environment hook '/home/ubuntu/桌面/Robomaster/RM26_ROS2PKG/install/ros2_armor_can/share/ros2_armor_can/hook/ros_package_path.ps1'
[0.309s] INFO:colcon.colcon_core.shell:Creating environment descriptor '/home/ubuntu/桌面/Robomaster/RM26_ROS2PKG/install/ros2_armor_can/share/ros2_armor_can/hook/ros_package_path.dsv'
[0.309s] INFO:colcon.colcon_core.shell:Creating environment hook '/home/ubuntu/桌面/Robomaster/RM26_ROS2PKG/install/ros2_armor_can/share/ros2_armor_can/hook/ros_package_path.sh'
[0.309s] Level 1:colcon.colcon_core.shell:create_environment_hook('ros2_armor_can', 'pkg_config_path')
[0.309s] INFO:colcon.colcon_core.shell:Creating environment hook '/home/ubuntu/桌面/Robomaster/RM26_ROS2PKG/install/ros2_armor_can/share/ros2_armor_can/hook/pkg_config_path.ps1'
[0.310s] INFO:colcon.colcon_core.shell:Creating environment descriptor '/home/ubuntu/桌面/Robomaster/RM26_ROS2PKG/install/ros2_armor_can/share/ros2_armor_can/hook/pkg_config_path.dsv'
[0.310s] INFO:colcon.colcon_core.shell:Creating environment hook '/home/ubuntu/桌面/Robomaster/RM26_ROS2PKG/install/ros2_armor_can/share/ros2_armor_can/hook/pkg_config_path.sh'
[0.312s] DEBUG:colcon.colcon_core.event_handler.log_command:Invoked command in '/home/ubuntu/桌面/Robomaster/RM26_ROS2PKG/build/ros2_armor_can' returned '0': /usr/bin/cmake --install /home/ubuntu/桌面/Robomaster/RM26_ROS2PKG/build/ros2_armor_can
[0.312s] Level 1:colcon.colcon_core.shell:create_environment_hook('ros2_armor_can', 'pkg_config_path_multiarch')
[0.313s] INFO:colcon.colcon_core.shell:Creating environment hook '/home/ubuntu/桌面/Robomaster/RM26_ROS2PKG/install/ros2_armor_can/share/ros2_armor_can/hook/pkg_config_path_multiarch.ps1'
[0.313s] INFO:colcon.colcon_core.shell:Creating environment descriptor '/home/ubuntu/桌面/Robomaster/RM26_ROS2PKG/install/ros2_armor_can/share/ros2_armor_can/hook/pkg_config_path_multiarch.dsv'
[0.313s] INFO:colcon.colcon_core.shell:Creating environment hook '/home/ubuntu/桌面/Robomaster/RM26_ROS2PKG/install/ros2_armor_can/share/ros2_armor_can/hook/pkg_config_path_multiarch.sh'
[0.319s] Level 1:colcon.colcon_core.environment:create_environment_scripts_only(ros2_armor_can)
[0.320s] Level 1:colcon.colcon_core.environment:checking '/home/ubuntu/桌面/Robomaster/RM26_ROS2PKG/install/ros2_armor_can' for CMake module files
[0.321s] Level 1:colcon.colcon_core.environment:checking '/home/ubuntu/桌面/Robomaster/RM26_ROS2PKG/install/ros2_armor_can' for CMake config files
[0.321s] Level 1:colcon.colcon_core.shell:create_environment_hook('ros2_armor_can', 'cmake_prefix_path')
[0.321s] INFO:colcon.colcon_core.shell:Creating environment hook '/home/ubuntu/桌面/Robomaster/RM26_ROS2PKG/install/ros2_armor_can/share/ros2_armor_can/hook/cmake_prefix_path.ps1'
[0.321s] INFO:colcon.colcon_core.shell:Creating environment descriptor '/home/ubuntu/桌面/Robomaster/RM26_ROS2PKG/install/ros2_armor_can/share/ros2_armor_can/hook/cmake_prefix_path.dsv'
[0.321s] INFO:colcon.colcon_core.shell:Creating environment hook '/home/ubuntu/桌面/Robomaster/RM26_ROS2PKG/install/ros2_armor_can/share/ros2_armor_can/hook/cmake_prefix_path.sh'
[0.322s] Level 1:colcon.colcon_core.environment:checking '/home/ubuntu/桌面/Robomaster/RM26_ROS2PKG/install/ros2_armor_can/lib'
[0.322s] Level 1:colcon.colcon_core.environment:checking '/home/ubuntu/桌面/Robomaster/RM26_ROS2PKG/install/ros2_armor_can/bin'
[0.322s] Level 1:colcon.colcon_core.environment:checking '/home/ubuntu/桌面/Robomaster/RM26_ROS2PKG/install/ros2_armor_can/lib/pkgconfig/ros2_armor_can.pc'
[0.322s] Level 1:colcon.colcon_core.environment:checking '/home/ubuntu/桌面/Robomaster/RM26_ROS2PKG/install/ros2_armor_can/lib/python3.10/site-packages'
[0.322s] Level 1:colcon.colcon_core.environment:checking '/home/ubuntu/桌面/Robomaster/RM26_ROS2PKG/install/ros2_armor_can/bin'
[0.322s] INFO:colcon.colcon_core.shell:Creating package script '/home/ubuntu/桌面/Robomaster/RM26_ROS2PKG/install/ros2_armor_can/share/ros2_armor_can/package.ps1'
[0.323s] INFO:colcon.colcon_core.shell:Creating package descriptor '/home/ubuntu/桌面/Robomaster/RM26_ROS2PKG/install/ros2_armor_can/share/ros2_armor_can/package.dsv'
[0.323s] INFO:colcon.colcon_core.shell:Creating package script '/home/ubuntu/桌面/Robomaster/RM26_ROS2PKG/install/ros2_armor_can/share/ros2_armor_can/package.sh'
[0.323s] INFO:colcon.colcon_core.shell:Creating package script '/home/ubuntu/桌面/Robomaster/RM26_ROS2PKG/install/ros2_armor_can/share/ros2_armor_can/package.bash'
[0.324s] INFO:colcon.colcon_core.shell:Creating package script '/home/ubuntu/桌面/Robomaster/RM26_ROS2PKG/install/ros2_armor_can/share/ros2_armor_can/package.zsh'
[0.324s] Level 1:colcon.colcon_core.environment:create_file_with_runtime_dependencies(/home/ubuntu/桌面/Robomaster/RM26_ROS2PKG/install/ros2_armor_can/share/colcon-core/packages/ros2_armor_can)
[0.325s] Level 1:colcon.colcon_core.environment:create_environment_scripts_only(hik_camera)
[0.325s] Level 1:colcon.colcon_core.environment:checking '/home/ubuntu/桌面/Robomaster/RM26_ROS2PKG/install/hik_camera' for CMake module files
[0.326s] Level 1:colcon.colcon_core.environment:checking '/home/ubuntu/桌面/Robomaster/RM26_ROS2PKG/install/hik_camera' for CMake config files
[0.326s] DEBUG:colcon.colcon_core.event_handler.log_command:Invoked command in '/home/ubuntu/桌面/Robomaster/RM26_ROS2PKG/build/hik_camera' returned '0': CMAKE_PREFIX_PATH=/opt/ros/humble /usr/bin/cmake --install /home/ubuntu/桌面/Robomaster/RM26_ROS2PKG/build/hik_camera
[0.326s] Level 1:colcon.colcon_core.shell:create_environment_hook('hik_camera', 'cmake_prefix_path')
[0.326s] INFO:colcon.colcon_core.shell:Creating environment hook '/home/ubuntu/桌面/Robomaster/RM26_ROS2PKG/install/hik_camera/share/hik_camera/hook/cmake_prefix_path.ps1'
[0.326s] INFO:colcon.colcon_core.shell:Creating environment descriptor '/home/ubuntu/桌面/Robomaster/RM26_ROS2PKG/install/hik_camera/share/hik_camera/hook/cmake_prefix_path.dsv'
[0.327s] INFO:colcon.colcon_core.shell:Creating environment hook '/home/ubuntu/桌面/Robomaster/RM26_ROS2PKG/install/hik_camera/share/hik_camera/hook/cmake_prefix_path.sh'
[0.327s] Level 1:colcon.colcon_core.environment:checking '/home/ubuntu/桌面/Robomaster/RM26_ROS2PKG/install/hik_camera/lib'
[0.327s] Level 1:colcon.colcon_core.shell:create_environment_hook('hik_camera', 'ld_library_path_lib')
[0.327s] INFO:colcon.colcon_core.shell:Creating environment hook '/home/ubuntu/桌面/Robomaster/RM26_ROS2PKG/install/hik_camera/share/hik_camera/hook/ld_library_path_lib.ps1'
[0.329s] INFO:colcon.colcon_core.shell:Creating environment descriptor '/home/ubuntu/桌面/Robomaster/RM26_ROS2PKG/install/hik_camera/share/hik_camera/hook/ld_library_path_lib.dsv'
[0.329s] INFO:colcon.colcon_core.shell:Creating environment hook '/home/ubuntu/桌面/Robomaster/RM26_ROS2PKG/install/hik_camera/share/hik_camera/hook/ld_library_path_lib.sh'
[0.330s] Level 1:colcon.colcon_core.environment:checking '/home/ubuntu/桌面/Robomaster/RM26_ROS2PKG/install/hik_camera/bin'
[0.330s] Level 1:colcon.colcon_core.environment:checking '/home/ubuntu/桌面/Robomaster/RM26_ROS2PKG/install/hik_camera/lib/pkgconfig/hik_camera.pc'
[0.330s] Level 1:colcon.colcon_core.environment:checking '/home/ubuntu/桌面/Robomaster/RM26_ROS2PKG/install/hik_camera/lib/python3.10/site-packages'
[0.330s] Level 1:colcon.colcon_core.environment:checking '/home/ubuntu/桌面/Robomaster/RM26_ROS2PKG/install/hik_camera/bin'
[0.330s] INFO:colcon.colcon_core.shell:Creating package script '/home/ubuntu/桌面/Robomaster/RM26_ROS2PKG/install/hik_camera/share/hik_camera/package.ps1'
[0.331s] INFO:colcon.colcon_core.shell:Creating package descriptor '/home/ubuntu/桌面/Robomaster/RM26_ROS2PKG/install/hik_camera/share/hik_camera/package.dsv'
[0.331s] INFO:colcon.colcon_core.shell:Creating package script '/home/ubuntu/桌面/Robomaster/RM26_ROS2PKG/install/hik_camera/share/hik_camera/package.sh'
[0.331s] INFO:colcon.colcon_core.shell:Creating package script '/home/ubuntu/桌面/Robomaster/RM26_ROS2PKG/install/hik_camera/share/hik_camera/package.bash'
[0.331s] INFO:colcon.colcon_core.shell:Creating package script '/home/ubuntu/桌面/Robomaster/RM26_ROS2PKG/install/hik_camera/share/hik_camera/package.zsh'
[0.332s] Level 1:colcon.colcon_core.environment:create_file_with_runtime_dependencies(/home/ubuntu/桌面/Robomaster/RM26_ROS2PKG/install/hik_camera/share/colcon-core/packages/hik_camera)
[0.332s] Level 1:colcon.colcon_core.environment:create_environment_scripts_only(hik_camera)
[0.332s] Level 1:colcon.colcon_core.environment:checking '/home/ubuntu/桌面/Robomaster/RM26_ROS2PKG/install/hik_camera' for CMake module files
[0.332s] Level 1:colcon.colcon_core.environment:checking '/home/ubuntu/桌面/Robomaster/RM26_ROS2PKG/install/hik_camera' for CMake config files
[0.333s] Level 1:colcon.colcon_core.shell:create_environment_hook('hik_camera', 'cmake_prefix_path')
[0.333s] INFO:colcon.colcon_core.shell:Creating environment hook '/home/ubuntu/桌面/Robomaster/RM26_ROS2PKG/install/hik_camera/share/hik_camera/hook/cmake_prefix_path.ps1'
[0.333s] INFO:colcon.colcon_core.shell:Creating environment descriptor '/home/ubuntu/桌面/Robomaster/RM26_ROS2PKG/install/hik_camera/share/hik_camera/hook/cmake_prefix_path.dsv'
[0.333s] INFO:colcon.colcon_core.shell:Creating environment hook '/home/ubuntu/桌面/Robomaster/RM26_ROS2PKG/install/hik_camera/share/hik_camera/hook/cmake_prefix_path.sh'
[0.333s] Level 1:colcon.colcon_core.environment:checking '/home/ubuntu/桌面/Robomaster/RM26_ROS2PKG/install/hik_camera/lib'
[0.334s] Level 1:colcon.colcon_core.shell:create_environment_hook('hik_camera', 'ld_library_path_lib')
[0.334s] INFO:colcon.colcon_core.shell:Creating environment hook '/home/ubuntu/桌面/Robomaster/RM26_ROS2PKG/install/hik_camera/share/hik_camera/hook/ld_library_path_lib.ps1'
[0.334s] INFO:colcon.colcon_core.shell:Creating environment descriptor '/home/ubuntu/桌面/Robomaster/RM26_ROS2PKG/install/hik_camera/share/hik_camera/hook/ld_library_path_lib.dsv'
[0.334s] INFO:colcon.colcon_core.shell:Creating environment hook '/home/ubuntu/桌面/Robomaster/RM26_ROS2PKG/install/hik_camera/share/hik_camera/hook/ld_library_path_lib.sh'
[0.334s] Level 1:colcon.colcon_core.environment:checking '/home/ubuntu/桌面/Robomaster/RM26_ROS2PKG/install/hik_camera/bin'
[0.334s] Level 1:colcon.colcon_core.environment:checking '/home/ubuntu/桌面/Robomaster/RM26_ROS2PKG/install/hik_camera/lib/pkgconfig/hik_camera.pc'
[0.335s] Level 1:colcon.colcon_core.environment:checking '/home/ubuntu/桌面/Robomaster/RM26_ROS2PKG/install/hik_camera/lib/python3.10/site-packages'
[0.335s] Level 1:colcon.colcon_core.environment:checking '/home/ubuntu/桌面/Robomaster/RM26_ROS2PKG/install/hik_camera/bin'
[0.335s] INFO:colcon.colcon_core.shell:Creating package script '/home/ubuntu/桌面/Robomaster/RM26_ROS2PKG/install/hik_camera/share/hik_camera/package.ps1'
[0.335s] INFO:colcon.colcon_core.shell:Creating package descriptor '/home/ubuntu/桌面/Robomaster/RM26_ROS2PKG/install/hik_camera/share/hik_camera/package.dsv'
[0.335s] INFO:colcon.colcon_core.shell:Creating package script '/home/ubuntu/桌面/Robomaster/RM26_ROS2PKG/install/hik_camera/share/hik_camera/package.sh'
[0.336s] INFO:colcon.colcon_core.shell:Creating package script '/home/ubuntu/桌面/Robomaster/RM26_ROS2PKG/install/hik_camera/share/hik_camera/package.bash'
[0.336s] INFO:colcon.colcon_core.shell:Creating package script '/home/ubuntu/桌面/Robomaster/RM26_ROS2PKG/install/hik_camera/share/hik_camera/package.zsh'
[0.337s] Level 1:colcon.colcon_core.environment:create_file_with_runtime_dependencies(/home/ubuntu/桌面/Robomaster/RM26_ROS2PKG/install/hik_camera/share/colcon-core/packages/hik_camera)
[3.466s] WARNING:colcon.colcon_cmake.task.cmake.build:Could not run installation step for package 'detection' because it has no 'install' target
[3.466s] Level 1:colcon.colcon_core.environment:create_environment_scripts_only(detection)
[3.466s] Level 1:colcon.colcon_core.environment:checking '/home/ubuntu/桌面/Robomaster/RM26_ROS2PKG/install/detection' for CMake module files
[3.467s] Level 1:colcon.colcon_core.environment:checking '/home/ubuntu/桌面/Robomaster/RM26_ROS2PKG/install/detection' for CMake config files
[3.467s] Level 1:colcon.colcon_core.environment:checking '/home/ubuntu/桌面/Robomaster/RM26_ROS2PKG/install/detection/bin'
[3.467s] Level 1:colcon.colcon_core.environment:checking '/home/ubuntu/桌面/Robomaster/RM26_ROS2PKG/install/detection/lib/pkgconfig/detection.pc'
[3.467s] Level 1:colcon.colcon_core.environment:checking '/home/ubuntu/桌面/Robomaster/RM26_ROS2PKG/install/detection/lib/python3.10/site-packages'
[3.467s] Level 1:colcon.colcon_core.environment:checking '/home/ubuntu/桌面/Robomaster/RM26_ROS2PKG/install/detection/bin'
[3.468s] INFO:colcon.colcon_core.shell:Creating package script '/home/ubuntu/桌面/Robomaster/RM26_ROS2PKG/install/detection/share/detection/package.ps1'
[3.468s] INFO:colcon.colcon_core.shell:Creating package descriptor '/home/ubuntu/桌面/Robomaster/RM26_ROS2PKG/install/detection/share/detection/package.dsv'
[3.468s] INFO:colcon.colcon_core.shell:Creating package script '/home/ubuntu/桌面/Robomaster/RM26_ROS2PKG/install/detection/share/detection/package.sh'
[3.468s] INFO:colcon.colcon_core.shell:Creating package script '/home/ubuntu/桌面/Robomaster/RM26_ROS2PKG/install/detection/share/detection/package.bash'
[3.469s] DEBUG:colcon.colcon_core.event_handler.log_command:Invoked command in '/home/ubuntu/桌面/Robomaster/RM26_ROS2PKG/build/detection' returned '0': /usr/bin/cmake --build /home/ubuntu/桌面/Robomaster/RM26_ROS2PKG/build/detection -- -j14 -l14
[3.469s] INFO:colcon.colcon_core.shell:Creating package script '/home/ubuntu/桌面/Robomaster/RM26_ROS2PKG/install/detection/share/detection/package.zsh'
[3.469s] Level 1:colcon.colcon_core.environment:create_file_with_runtime_dependencies(/home/ubuntu/桌面/Robomaster/RM26_ROS2PKG/install/detection/share/colcon-core/packages/detection)
[8.005s] DEBUG:colcon.colcon_core.event_handler.log_command:Invoked command in '/home/ubuntu/桌面/Robomaster/RM26_ROS2PKG/build/recive_pkg' returned '0': CMAKE_PREFIX_PATH=/opt/ros/humble /usr/bin/cmake --build /home/ubuntu/桌面/Robomaster/RM26_ROS2PKG/build/recive_pkg -- -j14 -l14
[8.009s] DEBUG:colcon.colcon_core.event_handler.log_command:Invoking command in '/home/ubuntu/桌面/Robomaster/RM26_ROS2PKG/build/recive_pkg': CMAKE_PREFIX_PATH=/opt/ros/humble /usr/bin/cmake --install /home/ubuntu/桌面/Robomaster/RM26_ROS2PKG/build/recive_pkg
[8.022s] Level 1:colcon.colcon_core.environment:create_environment_scripts_only(recive_pkg)
[8.022s] Level 1:colcon.colcon_core.environment:checking '/home/ubuntu/桌面/Robomaster/RM26_ROS2PKG/install/recive_pkg' for CMake module files
[8.023s] DEBUG:colcon.colcon_core.event_handler.log_command:Invoked command in '/home/ubuntu/桌面/Robomaster/RM26_ROS2PKG/build/recive_pkg' returned '0': CMAKE_PREFIX_PATH=/opt/ros/humble /usr/bin/cmake --install /home/ubuntu/桌面/Robomaster/RM26_ROS2PKG/build/recive_pkg
[8.023s] Level 1:colcon.colcon_core.environment:checking '/home/ubuntu/桌面/Robomaster/RM26_ROS2PKG/install/recive_pkg' for CMake config files
[8.023s] Level 1:colcon.colcon_core.shell:create_environment_hook('recive_pkg', 'cmake_prefix_path')
[8.023s] INFO:colcon.colcon_core.shell:Creating environment hook '/home/ubuntu/桌面/Robomaster/RM26_ROS2PKG/install/recive_pkg/share/recive_pkg/hook/cmake_prefix_path.ps1'
[8.024s] INFO:colcon.colcon_core.shell:Creating environment descriptor '/home/ubuntu/桌面/Robomaster/RM26_ROS2PKG/install/recive_pkg/share/recive_pkg/hook/cmake_prefix_path.dsv'
[8.024s] INFO:colcon.colcon_core.shell:Creating environment hook '/home/ubuntu/桌面/Robomaster/RM26_ROS2PKG/install/recive_pkg/share/recive_pkg/hook/cmake_prefix_path.sh'
[8.025s] Level 1:colcon.colcon_core.environment:checking '/home/ubuntu/桌面/Robomaster/RM26_ROS2PKG/install/recive_pkg/lib'
[8.025s] Level 1:colcon.colcon_core.environment:checking '/home/ubuntu/桌面/Robomaster/RM26_ROS2PKG/install/recive_pkg/bin'
[8.025s] Level 1:colcon.colcon_core.environment:checking '/home/ubuntu/桌面/Robomaster/RM26_ROS2PKG/install/recive_pkg/lib/pkgconfig/recive_pkg.pc'
[8.025s] Level 1:colcon.colcon_core.environment:checking '/home/ubuntu/桌面/Robomaster/RM26_ROS2PKG/install/recive_pkg/lib/python3.10/site-packages'
[8.025s] Level 1:colcon.colcon_core.environment:checking '/home/ubuntu/桌面/Robomaster/RM26_ROS2PKG/install/recive_pkg/bin'
[8.026s] INFO:colcon.colcon_core.shell:Creating package script '/home/ubuntu/桌面/Robomaster/RM26_ROS2PKG/install/recive_pkg/share/recive_pkg/package.ps1'
[8.026s] INFO:colcon.colcon_core.shell:Creating package descriptor '/home/ubuntu/桌面/Robomaster/RM26_ROS2PKG/install/recive_pkg/share/recive_pkg/package.dsv'
[8.027s] INFO:colcon.colcon_core.shell:Creating package script '/home/ubuntu/桌面/Robomaster/RM26_ROS2PKG/install/recive_pkg/share/recive_pkg/package.sh'
[8.027s] INFO:colcon.colcon_core.shell:Creating package script '/home/ubuntu/桌面/Robomaster/RM26_ROS2PKG/install/recive_pkg/share/recive_pkg/package.bash'
[8.027s] INFO:colcon.colcon_core.shell:Creating package script '/home/ubuntu/桌面/Robomaster/RM26_ROS2PKG/install/recive_pkg/share/recive_pkg/package.zsh'
[8.027s] Level 1:colcon.colcon_core.environment:create_file_with_runtime_dependencies(/home/ubuntu/桌面/Robomaster/RM26_ROS2PKG/install/recive_pkg/share/colcon-core/packages/recive_pkg)
[8.028s] Level 1:colcon.colcon_core.environment:create_environment_scripts_only(recive_pkg)
[8.028s] Level 1:colcon.colcon_core.environment:checking '/home/ubuntu/桌面/Robomaster/RM26_ROS2PKG/install/recive_pkg' for CMake module files
[8.028s] Level 1:colcon.colcon_core.environment:checking '/home/ubuntu/桌面/Robomaster/RM26_ROS2PKG/install/recive_pkg' for CMake config files
[8.028s] Level 1:colcon.colcon_core.shell:create_environment_hook('recive_pkg', 'cmake_prefix_path')
[8.028s] INFO:colcon.colcon_core.shell:Creating environment hook '/home/ubuntu/桌面/Robomaster/RM26_ROS2PKG/install/recive_pkg/share/recive_pkg/hook/cmake_prefix_path.ps1'
[8.029s] INFO:colcon.colcon_core.shell:Creating environment descriptor '/home/ubuntu/桌面/Robomaster/RM26_ROS2PKG/install/recive_pkg/share/recive_pkg/hook/cmake_prefix_path.dsv'
[8.029s] INFO:colcon.colcon_core.shell:Creating environment hook '/home/ubuntu/桌面/Robomaster/RM26_ROS2PKG/install/recive_pkg/share/recive_pkg/hook/cmake_prefix_path.sh'
[8.029s] Level 1:colcon.colcon_core.environment:checking '/home/ubuntu/桌面/Robomaster/RM26_ROS2PKG/install/recive_pkg/lib'
[8.029s] Level 1:colcon.colcon_core.environment:checking '/home/ubuntu/桌面/Robomaster/RM26_ROS2PKG/install/recive_pkg/bin'
[8.029s] Level 1:colcon.colcon_core.environment:checking '/home/ubuntu/桌面/Robomaster/RM26_ROS2PKG/install/recive_pkg/lib/pkgconfig/recive_pkg.pc'
[8.029s] Level 1:colcon.colcon_core.environment:checking '/home/ubuntu/桌面/Robomaster/RM26_ROS2PKG/install/recive_pkg/lib/python3.10/site-packages'
[8.030s] Level 1:colcon.colcon_core.environment:checking '/home/ubuntu/桌面/Robomaster/RM26_ROS2PKG/install/recive_pkg/bin'
[8.030s] INFO:colcon.colcon_core.shell:Creating package script '/home/ubuntu/桌面/Robomaster/RM26_ROS2PKG/install/recive_pkg/share/recive_pkg/package.ps1'
[8.030s] INFO:colcon.colcon_core.shell:Creating package descriptor '/home/ubuntu/桌面/Robomaster/RM26_ROS2PKG/install/recive_pkg/share/recive_pkg/package.dsv'
[8.030s] INFO:colcon.colcon_core.shell:Creating package script '/home/ubuntu/桌面/Robomaster/RM26_ROS2PKG/install/recive_pkg/share/recive_pkg/package.sh'
[8.030s] INFO:colcon.colcon_core.shell:Creating package script '/home/ubuntu/桌面/Robomaster/RM26_ROS2PKG/install/recive_pkg/share/recive_pkg/package.bash'
[8.031s] INFO:colcon.colcon_core.shell:Creating package script '/home/ubuntu/桌面/Robomaster/RM26_ROS2PKG/install/recive_pkg/share/recive_pkg/package.zsh'
[8.031s] Level 1:colcon.colcon_core.environment:create_file_with_runtime_dependencies(/home/ubuntu/桌面/Robomaster/RM26_ROS2PKG/install/recive_pkg/share/colcon-core/packages/recive_pkg)
[8.031s] DEBUG:colcon.colcon_parallel_executor.executor.parallel:closing loop
[8.032s] DEBUG:colcon.colcon_parallel_executor.executor.parallel:loop closed
[8.032s] DEBUG:colcon.colcon_parallel_executor.executor.parallel:run_until_complete finished with '0'
[8.032s] DEBUG:colcon.colcon_core.event_reactor:joining thread
[8.035s] INFO:colcon.colcon_core.plugin_system:Skipping extension 'colcon_notification.desktop_notification.terminal_notifier': Not used on non-Darwin systems
[8.036s] INFO:colcon.colcon_core.plugin_system:Skipping extension 'colcon_notification.desktop_notification.win32': Not used on non-Windows systems
[8.036s] INFO:colcon.colcon_notification.desktop_notification:Sending desktop notification using 'notify2'
[8.045s] DEBUG:colcon.colcon_core.event_reactor:joined thread
[8.046s] INFO:colcon.colcon_core.shell:Creating prefix script '/home/ubuntu/桌面/Robomaster/RM26_ROS2PKG/install/local_setup.ps1'
[8.048s] INFO:colcon.colcon_core.shell:Creating prefix util module '/home/ubuntu/桌面/Robomaster/RM26_ROS2PKG/install/_local_setup_util_ps1.py'
[8.049s] INFO:colcon.colcon_core.shell:Creating prefix chain script '/home/ubuntu/桌面/Robomaster/RM26_ROS2PKG/install/setup.ps1'
[8.050s] INFO:colcon.colcon_core.shell:Creating prefix script '/home/ubuntu/桌面/Robomaster/RM26_ROS2PKG/install/local_setup.sh'
[8.051s] INFO:colcon.colcon_core.shell:Creating prefix util module '/home/ubuntu/桌面/Robomaster/RM26_ROS2PKG/install/_local_setup_util_sh.py'
[8.052s] INFO:colcon.colcon_core.shell:Creating prefix chain script '/home/ubuntu/桌面/Robomaster/RM26_ROS2PKG/install/setup.sh'
[8.053s] INFO:colcon.colcon_core.shell:Creating prefix script '/home/ubuntu/桌面/Robomaster/RM26_ROS2PKG/install/local_setup.bash'
[8.053s] INFO:colcon.colcon_core.shell:Creating prefix chain script '/home/ubuntu/桌面/Robomaster/RM26_ROS2PKG/install/setup.bash'
[8.054s] INFO:colcon.colcon_core.shell:Creating prefix script '/home/ubuntu/桌面/Robomaster/RM26_ROS2PKG/install/local_setup.zsh'
[8.055s] INFO:colcon.colcon_core.shell:Creating prefix chain script '/home/ubuntu/桌面/Robomaster/RM26_ROS2PKG/install/setup.zsh'
