[0.015s] Invoking command in '/home/ubuntu/æ¡Œé¢/RM26/build/hik_camera': CMAKE_PREFIX_PATH=/opt/ros/humble /usr/bin/cmake --build /home/ubuntu/æ¡Œé¢/RM26/build/hik_camera -- -j14 -l14
[0.048s] [35m[1mConsolidate compiler generated dependencies of target hik_camera[0m
[0.057s] [ 50%] Built target hik_camera_node
[0.061s] [100%] Built target hik_camera
[0.080s] Invoked command in '/home/ubuntu/æ¡Œé¢/RM26/build/hik_camera' returned '0': CMAKE_PREFIX_PATH=/opt/ros/humble /usr/bin/cmake --build /home/ubuntu/æ¡Œé¢/RM26/build/hik_camera -- -j14 -l14
[0.088s] Invoking command in '/home/ubuntu/æ¡Œé¢/RM26/build/hik_camera': CMAKE_PREFIX_PATH=/opt/ros/humble /usr/bin/cmake --install /home/ubuntu/æ¡Œé¢/RM26/build/hik_camera
[0.092s] -- Install configuration: ""
[0.092s] -- Up-to-date: /home/ubuntu/æ¡Œé¢/RM26/install/hik_camera/lib/amd64
[0.093s] -- Up-to-date: /home/ubuntu/æ¡Œé¢/RM26/install/hik_camera/lib/amd64/libMediaProcess.so
[0.093s] -- Up-to-date: /home/ubuntu/æ¡Œé¢/RM26/install/hik_camera/lib/amd64/libMvCameraControl.so
[0.093s] -- Up-to-date: /home/ubuntu/æ¡Œé¢/RM26/install/hik_camera/lib/amd64/libMVRender.so
[0.093s] -- Up-to-date: /home/ubuntu/æ¡Œé¢/RM26/install/hik_camera/lib/amd64/libFormatConversion.so
[0.093s] -- Up-to-date: /home/ubuntu/æ¡Œé¢/RM26/install/hik_camera/lib/amd64/libMvUsb3vTL.so
[0.093s] -- Up-to-date: /home/ubuntu/æ¡Œé¢/RM26/install/hik_camera/lib/hik_camera/hik_camera_node
[0.093s] -- Up-to-date: /home/ubuntu/æ¡Œé¢/RM26/install/hik_camera/share/hik_camera/environment/library_path.sh
[0.093s] -- Up-to-date: /home/ubuntu/æ¡Œé¢/RM26/install/hik_camera/share/hik_camera/environment/library_path.dsv
[0.094s] -- Up-to-date: /home/ubuntu/æ¡Œé¢/RM26/install/hik_camera/lib/libhik_camera.so
[0.094s] -- Up-to-date: /home/ubuntu/æ¡Œé¢/RM26/install/hik_camera/share/hik_camera/config
[0.094s] -- Up-to-date: /home/ubuntu/æ¡Œé¢/RM26/install/hik_camera/share/hik_camera/config/camera_info.yaml
[0.094s] -- Up-to-date: /home/ubuntu/æ¡Œé¢/RM26/install/hik_camera/share/hik_camera/config/camera_params.yaml
[0.094s] -- Up-to-date: /home/ubuntu/æ¡Œé¢/RM26/install/hik_camera/share/hik_camera/launch
[0.094s] -- Up-to-date: /home/ubuntu/æ¡Œé¢/RM26/install/hik_camera/share/hik_camera/launch/hik_camera.launch.py
[0.094s] -- Up-to-date: /home/ubuntu/æ¡Œé¢/RM26/install/hik_camera/share/ament_index/resource_index/package_run_dependencies/hik_camera
[0.094s] -- Up-to-date: /home/ubuntu/æ¡Œé¢/RM26/install/hik_camera/share/ament_index/resource_index/parent_prefix_path/hik_camera
[0.094s] -- Up-to-date: /home/ubuntu/æ¡Œé¢/RM26/install/hik_camera/share/hik_camera/environment/ament_prefix_path.sh
[0.094s] -- Up-to-date: /home/ubuntu/æ¡Œé¢/RM26/install/hik_camera/share/hik_camera/environment/ament_prefix_path.dsv
[0.094s] -- Up-to-date: /home/ubuntu/æ¡Œé¢/RM26/install/hik_camera/share/hik_camera/environment/path.sh
[0.094s] -- Up-to-date: /home/ubuntu/æ¡Œé¢/RM26/install/hik_camera/share/hik_camera/environment/path.dsv
[0.094s] -- Up-to-date: /home/ubuntu/æ¡Œé¢/RM26/install/hik_camera/share/hik_camera/local_setup.bash
[0.094s] -- Up-to-date: /home/ubuntu/æ¡Œé¢/RM26/install/hik_camera/share/hik_camera/local_setup.sh
[0.094s] -- Up-to-date: /home/ubuntu/æ¡Œé¢/RM26/install/hik_camera/share/hik_camera/local_setup.zsh
[0.094s] -- Up-to-date: /home/ubuntu/æ¡Œé¢/RM26/install/hik_camera/share/hik_camera/local_setup.dsv
[0.094s] -- Installing: /home/ubuntu/æ¡Œé¢/RM26/install/hik_camera/share/hik_camera/package.dsv
[0.094s] -- Up-to-date: /home/ubuntu/æ¡Œé¢/RM26/install/hik_camera/share/ament_index/resource_index/packages/hik_camera
[0.094s] -- Up-to-date: /home/ubuntu/æ¡Œé¢/RM26/install/hik_camera/share/ament_index/resource_index/rclcpp_components/hik_camera
[0.094s] -- Up-to-date: /home/ubuntu/æ¡Œé¢/RM26/install/hik_camera/share/hik_camera/cmake/ament_cmake_export_dependencies-extras.cmake
[0.094s] -- Up-to-date: /home/ubuntu/æ¡Œé¢/RM26/install/hik_camera/share/hik_camera/cmake/ament_cmake_export_libraries-extras.cmake
[0.094s] -- Up-to-date: /home/ubuntu/æ¡Œé¢/RM26/install/hik_camera/share/hik_camera/cmake/hik_cameraConfig.cmake
[0.094s] -- Up-to-date: /home/ubuntu/æ¡Œé¢/RM26/install/hik_camera/share/hik_camera/cmake/hik_cameraConfig-version.cmake
[0.094s] -- Up-to-date: /home/ubuntu/æ¡Œé¢/RM26/install/hik_camera/share/hik_camera/package.xml
[0.097s] Invoked command in '/home/ubuntu/æ¡Œé¢/RM26/build/hik_camera' returned '0': CMAKE_PREFIX_PATH=/opt/ros/humble /usr/bin/cmake --install /home/ubuntu/æ¡Œé¢/RM26/build/hik_camera
