[0.009s] Invoking command in '/home/ubuntu/桌面/RM26_ROS2PKG/build/hik_camera': CMAKE_PREFIX_PATH=/opt/ros/humble /usr/bin/cmake /home/ubuntu/桌面/RM26_ROS2PKG/src/ros2_hik_camera-main -DCMAKE_INSTALL_PREFIX=/home/ubuntu/桌面/RM26_ROS2PKG/install/hik_camera
[0.055s] -- The C compiler identification is GNU 11.4.0
[0.098s] -- The CXX compiler identification is GNU 11.4.0
[0.102s] -- Detecting C compiler ABI info
[0.154s] -- Detecting C compiler ABI info - done
[0.157s] -- Check for working C compiler: /usr/bin/cc - skipped
[0.158s] -- Detecting C compile features
[0.158s] -- Detecting C compile features - done
[0.160s] -- Detecting CXX compiler ABI info
[0.227s] -- Detecting CXX compiler ABI info - done
[0.229s] -- Check for working CXX compiler: /usr/bin/c++ - skipped
[0.229s] -- Detecting CXX compile features
[0.229s] -- Detecting CXX compile features - done
[0.231s] -- Found ament_cmake_auto: 1.3.12 (/opt/ros/humble/share/ament_cmake_auto/cmake)
[0.328s] -- Found Python3: /usr/bin/python3 (found version "3.10.12") found components: Interpreter 
[0.446s] -- Found rosidl_generator_c: 3.1.7 (/opt/ros/humble/share/rosidl_generator_c/cmake)
[0.451s] -- Found rosidl_adapter: 3.1.7 (/opt/ros/humble/share/rosidl_adapter/cmake)
[0.457s] -- Found rosidl_generator_cpp: 3.1.7 (/opt/ros/humble/share/rosidl_generator_cpp/cmake)
[0.461s] -- Using all available rosidl_typesupport_c: rosidl_typesupport_fastrtps_c;rosidl_typesupport_introspection_c
[0.469s] -- Using all available rosidl_typesupport_cpp: rosidl_typesupport_fastrtps_cpp;rosidl_typesupport_introspection_cpp
[0.491s] -- Found rmw_implementation_cmake: 6.1.2 (/opt/ros/humble/share/rmw_implementation_cmake/cmake)
[0.493s] -- Found rmw_fastrtps_cpp: 6.2.8 (/opt/ros/humble/share/rmw_fastrtps_cpp/cmake)
[0.611s] -- Found OpenSSL: /usr/lib/x86_64-linux-gnu/libcrypto.so (found version "3.0.2")  
[0.644s] -- Found FastRTPS: /opt/ros/humble/include  
[0.678s] -- Using RMW implementation 'rmw_fastrtps_cpp' as default
[0.685s] -- Looking for pthread.h
[0.777s] -- Looking for pthread.h - found
[0.777s] -- Performing Test CMAKE_HAVE_LIBC_PTHREAD
[0.849s] -- Performing Test CMAKE_HAVE_LIBC_PTHREAD - Success
[0.849s] -- Found Threads: TRUE  
[0.929s] -- Found OpenCV: /usr (found version "4.5.4") 
[0.937s] -- Found ament_lint_auto: 0.12.14 (/opt/ros/humble/share/ament_lint_auto/cmake)
[0.950s] -- Added test 'cppcheck' to perform static code analysis on C / C++ code
[0.958s] -- Configured cppcheck include dirs: /home/ubuntu/桌面/RM26_ROS2PKG/src/ros2_hik_camera-main/include;/home/ubuntu/桌面/RM26_ROS2PKG/src/ros2_hik_camera-main/hikSDK/include
[0.958s] -- Configured cppcheck exclude dirs and/or files: 
[0.958s] -- Added test 'flake8' to check Python code syntax and style conventions
[0.959s] -- Added test 'lint_cmake' to check CMake code style
[0.959s] -- Added test 'pep257' to check Python code against some of the docstring style conventions in PEP 257
[0.959s] -- Added test 'xmllint' to check XML markup files
[0.959s] -- Configuring done
[0.965s] [0mWARNING: Target "hik_camera" requests linking to directory "/usr/include/opencv4".  Targets may link only to libraries.  CMake is dropping the item.[0m
[0.971s] -- Generating done
[0.971s] -- Build files have been written to: /home/ubuntu/桌面/RM26_ROS2PKG/build/hik_camera
[0.984s] Invoked command in '/home/ubuntu/桌面/RM26_ROS2PKG/build/hik_camera' returned '0': CMAKE_PREFIX_PATH=/opt/ros/humble /usr/bin/cmake /home/ubuntu/桌面/RM26_ROS2PKG/src/ros2_hik_camera-main -DCMAKE_INSTALL_PREFIX=/home/ubuntu/桌面/RM26_ROS2PKG/install/hik_camera
[0.984s] Invoking command in '/home/ubuntu/桌面/RM26_ROS2PKG/build/hik_camera': CMAKE_PREFIX_PATH=/opt/ros/humble /usr/bin/cmake --build /home/ubuntu/桌面/RM26_ROS2PKG/build/hik_camera -- -j14 -l14
[1.105s] [ 25%] [32mBuilding CXX object CMakeFiles/hik_camera.dir/src/hik_camera_node.cpp.o[0m
[1.108s] [ 50%] [32mBuilding CXX object CMakeFiles/hik_camera_node.dir/rclcpp_components/node_main_hik_camera_node.cpp.o[0m
[4.729s] [ 75%] [32m[1mLinking CXX executable hik_camera_node[0m
[4.925s] [100%] [32m[1mLinking CXX shared library libhik_camera.so[0m
[4.953s] [100%] Built target hik_camera_node
[5.058s] [100%] Built target hik_camera
[5.078s] Invoked command in '/home/ubuntu/桌面/RM26_ROS2PKG/build/hik_camera' returned '0': CMAKE_PREFIX_PATH=/opt/ros/humble /usr/bin/cmake --build /home/ubuntu/桌面/RM26_ROS2PKG/build/hik_camera -- -j14 -l14
[5.085s] Invoking command in '/home/ubuntu/桌面/RM26_ROS2PKG/build/hik_camera': CMAKE_PREFIX_PATH=/opt/ros/humble /usr/bin/cmake --install /home/ubuntu/桌面/RM26_ROS2PKG/build/hik_camera
[5.094s] -- Install configuration: ""
[5.094s] -- Installing: /home/ubuntu/桌面/RM26_ROS2PKG/install/hik_camera/lib/amd64
[5.094s] -- Installing: /home/ubuntu/桌面/RM26_ROS2PKG/install/hik_camera/lib/amd64/libMediaProcess.so
[5.095s] -- Installing: /home/ubuntu/桌面/RM26_ROS2PKG/install/hik_camera/lib/amd64/libMvCameraControl.so
[5.098s] -- Installing: /home/ubuntu/桌面/RM26_ROS2PKG/install/hik_camera/lib/amd64/libMVRender.so
[5.099s] -- Installing: /home/ubuntu/桌面/RM26_ROS2PKG/install/hik_camera/lib/amd64/libFormatConversion.so
[5.099s] -- Installing: /home/ubuntu/桌面/RM26_ROS2PKG/install/hik_camera/lib/amd64/libMvUsb3vTL.so
[5.102s] -- Installing: /home/ubuntu/桌面/RM26_ROS2PKG/install/hik_camera/lib/hik_camera/hik_camera_node
[5.102s] -- Set runtime path of "/home/ubuntu/桌面/RM26_ROS2PKG/install/hik_camera/lib/hik_camera/hik_camera_node" to ""
[5.102s] -- Installing: /home/ubuntu/桌面/RM26_ROS2PKG/install/hik_camera/share/hik_camera/environment/library_path.sh
[5.102s] -- Installing: /home/ubuntu/桌面/RM26_ROS2PKG/install/hik_camera/share/hik_camera/environment/library_path.dsv
[5.102s] -- Installing: /home/ubuntu/桌面/RM26_ROS2PKG/install/hik_camera/lib/libhik_camera.so
[5.103s] -- Set runtime path of "/home/ubuntu/桌面/RM26_ROS2PKG/install/hik_camera/lib/libhik_camera.so" to ""
[5.103s] -- Installing: /home/ubuntu/桌面/RM26_ROS2PKG/install/hik_camera/share/hik_camera/config
[5.103s] -- Installing: /home/ubuntu/桌面/RM26_ROS2PKG/install/hik_camera/share/hik_camera/config/camera_info.yaml
[5.103s] -- Installing: /home/ubuntu/桌面/RM26_ROS2PKG/install/hik_camera/share/hik_camera/config/camera_params.yaml
[5.103s] -- Installing: /home/ubuntu/桌面/RM26_ROS2PKG/install/hik_camera/share/hik_camera/launch
[5.103s] -- Installing: /home/ubuntu/桌面/RM26_ROS2PKG/install/hik_camera/share/hik_camera/launch/hik_camera.launch.py
[5.103s] -- Installing: /home/ubuntu/桌面/RM26_ROS2PKG/install/hik_camera/share/ament_index/resource_index/package_run_dependencies/hik_camera
[5.103s] -- Installing: /home/ubuntu/桌面/RM26_ROS2PKG/install/hik_camera/share/ament_index/resource_index/parent_prefix_path/hik_camera
[5.103s] -- Installing: /home/ubuntu/桌面/RM26_ROS2PKG/install/hik_camera/share/hik_camera/environment/ament_prefix_path.sh
[5.103s] -- Installing: /home/ubuntu/桌面/RM26_ROS2PKG/install/hik_camera/share/hik_camera/environment/ament_prefix_path.dsv
[5.103s] -- Installing: /home/ubuntu/桌面/RM26_ROS2PKG/install/hik_camera/share/hik_camera/environment/path.sh
[5.103s] -- Installing: /home/ubuntu/桌面/RM26_ROS2PKG/install/hik_camera/share/hik_camera/environment/path.dsv
[5.103s] -- Installing: /home/ubuntu/桌面/RM26_ROS2PKG/install/hik_camera/share/hik_camera/local_setup.bash
[5.103s] -- Installing: /home/ubuntu/桌面/RM26_ROS2PKG/install/hik_camera/share/hik_camera/local_setup.sh
[5.103s] -- Installing: /home/ubuntu/桌面/RM26_ROS2PKG/install/hik_camera/share/hik_camera/local_setup.zsh
[5.103s] -- Installing: /home/ubuntu/桌面/RM26_ROS2PKG/install/hik_camera/share/hik_camera/local_setup.dsv
[5.103s] -- Installing: /home/ubuntu/桌面/RM26_ROS2PKG/install/hik_camera/share/hik_camera/package.dsv
[5.103s] -- Installing: /home/ubuntu/桌面/RM26_ROS2PKG/install/hik_camera/share/ament_index/resource_index/packages/hik_camera
[5.103s] -- Installing: /home/ubuntu/桌面/RM26_ROS2PKG/install/hik_camera/share/ament_index/resource_index/rclcpp_components/hik_camera
[5.103s] -- Installing: /home/ubuntu/桌面/RM26_ROS2PKG/install/hik_camera/share/hik_camera/cmake/ament_cmake_export_dependencies-extras.cmake
[5.103s] -- Installing: /home/ubuntu/桌面/RM26_ROS2PKG/install/hik_camera/share/hik_camera/cmake/ament_cmake_export_libraries-extras.cmake
[5.103s] -- Installing: /home/ubuntu/桌面/RM26_ROS2PKG/install/hik_camera/share/hik_camera/cmake/hik_cameraConfig.cmake
[5.103s] -- Installing: /home/ubuntu/桌面/RM26_ROS2PKG/install/hik_camera/share/hik_camera/cmake/hik_cameraConfig-version.cmake
[5.103s] -- Installing: /home/ubuntu/桌面/RM26_ROS2PKG/install/hik_camera/share/hik_camera/package.xml
[5.106s] Invoked command in '/home/ubuntu/桌面/RM26_ROS2PKG/build/hik_camera' returned '0': CMAKE_PREFIX_PATH=/opt/ros/humble /usr/bin/cmake --install /home/ubuntu/桌面/RM26_ROS2PKG/build/hik_camera
