[0.009s] Invoking command in '/home/ubuntu/桌面/RM26/src/ros2_hik_camera-main/build/hik_camera': CMAKE_PREFIX_PATH=/opt/ros/humble /usr/bin/cmake /home/ubuntu/桌面/RM26/src/ros2_hik_camera-main -DCMAKE_INSTALL_PREFIX=/home/ubuntu/桌面/RM26/src/ros2_hik_camera-main/install/hik_camera
[0.101s] -- The C compiler identification is GNU 11.4.0
[0.167s] -- The CXX compiler identification is GNU 11.4.0
[0.178s] -- Detecting C compiler ABI info
[0.238s] -- Detecting C compiler ABI info - done
[0.240s] -- Check for working C compiler: /usr/bin/cc - skipped
[0.241s] -- Detecting C compile features
[0.241s] -- Detecting C compile features - done
[0.243s] -- Detecting CXX compiler ABI info
[0.330s] -- Detecting CXX compiler ABI info - done
[0.333s] -- Check for working CXX compiler: /usr/bin/c++ - skipped
[0.333s] -- Detecting CXX compile features
[0.333s] -- Detecting CXX compile features - done
[0.336s] -- Found ament_cmake_auto: 1.3.12 (/opt/ros/humble/share/ament_cmake_auto/cmake)
[0.455s] -- Found Python3: /usr/bin/python3 (found version "3.10.12") found components: Interpreter 
[0.610s] -- Found rosidl_generator_c: 3.1.7 (/opt/ros/humble/share/rosidl_generator_c/cmake)
[0.613s] -- Found rosidl_adapter: 3.1.7 (/opt/ros/humble/share/rosidl_adapter/cmake)
[0.619s] -- Found rosidl_generator_cpp: 3.1.7 (/opt/ros/humble/share/rosidl_generator_cpp/cmake)
[0.632s] -- Using all available rosidl_typesupport_c: rosidl_typesupport_fastrtps_c;rosidl_typesupport_introspection_c
[0.641s] -- Using all available rosidl_typesupport_cpp: rosidl_typesupport_fastrtps_cpp;rosidl_typesupport_introspection_cpp
[0.684s] -- Found rmw_implementation_cmake: 6.1.2 (/opt/ros/humble/share/rmw_implementation_cmake/cmake)
[0.685s] -- Found rmw_fastrtps_cpp: 6.2.8 (/opt/ros/humble/share/rmw_fastrtps_cpp/cmake)
[0.778s] -- Found OpenSSL: /usr/lib/x86_64-linux-gnu/libcrypto.so (found version "3.0.2")  
[0.796s] -- Found FastRTPS: /opt/ros/humble/include  
[0.821s] -- Using RMW implementation 'rmw_fastrtps_cpp' as default
[0.834s] -- Looking for pthread.h
[0.887s] -- Looking for pthread.h - found
[0.887s] -- Performing Test CMAKE_HAVE_LIBC_PTHREAD
[0.953s] -- Performing Test CMAKE_HAVE_LIBC_PTHREAD - Success
[0.954s] -- Found Threads: TRUE  
[1.085s] -- Found OpenCV: /usr (found version "4.5.4") 
[1.094s] -- Found ament_lint_auto: 0.12.14 (/opt/ros/humble/share/ament_lint_auto/cmake)
[1.122s] -- Added test 'cppcheck' to perform static code analysis on C / C++ code
[1.126s] -- Configured cppcheck include dirs: /home/ubuntu/桌面/RM26/src/ros2_hik_camera-main/include;/home/ubuntu/桌面/RM26/src/ros2_hik_camera-main/hikSDK/include
[1.126s] -- Configured cppcheck exclude dirs and/or files: 
[1.126s] -- Added test 'flake8' to check Python code syntax and style conventions
[1.126s] -- Added test 'lint_cmake' to check CMake code style
[1.127s] -- Added test 'pep257' to check Python code against some of the docstring style conventions in PEP 257
[1.129s] -- Added test 'xmllint' to check XML markup files
[1.130s] -- Configuring done
[1.136s] [0mWARNING: Target "hik_camera" requests linking to directory "/usr/include/opencv4".  Targets may link only to libraries.  CMake is dropping the item.[0m
[1.138s] -- Generating done
[1.141s] -- Build files have been written to: /home/ubuntu/桌面/RM26/src/ros2_hik_camera-main/build/hik_camera
[1.150s] Invoked command in '/home/ubuntu/桌面/RM26/src/ros2_hik_camera-main/build/hik_camera' returned '0': CMAKE_PREFIX_PATH=/opt/ros/humble /usr/bin/cmake /home/ubuntu/桌面/RM26/src/ros2_hik_camera-main -DCMAKE_INSTALL_PREFIX=/home/ubuntu/桌面/RM26/src/ros2_hik_camera-main/install/hik_camera
[1.151s] Invoking command in '/home/ubuntu/桌面/RM26/src/ros2_hik_camera-main/build/hik_camera': CMAKE_PREFIX_PATH=/opt/ros/humble /usr/bin/cmake --build /home/ubuntu/桌面/RM26/src/ros2_hik_camera-main/build/hik_camera -- -j14 -l14
[1.199s] [ 50%] [32mBuilding CXX object CMakeFiles/hik_camera_node.dir/rclcpp_components/node_main_hik_camera_node.cpp.o[0m
[1.199s] [ 50%] [32mBuilding CXX object CMakeFiles/hik_camera.dir/src/hik_camera_node.cpp.o[0m
[3.324s] [ 75%] [32m[1mLinking CXX executable hik_camera_node[0m
[3.415s] [ 75%] Built target hik_camera_node
[3.463s] [100%] [32m[1mLinking CXX shared library libhik_camera.so[0m
[3.578s] [100%] Built target hik_camera
[3.590s] Invoked command in '/home/ubuntu/桌面/RM26/src/ros2_hik_camera-main/build/hik_camera' returned '0': CMAKE_PREFIX_PATH=/opt/ros/humble /usr/bin/cmake --build /home/ubuntu/桌面/RM26/src/ros2_hik_camera-main/build/hik_camera -- -j14 -l14
[3.599s] Invoking command in '/home/ubuntu/桌面/RM26/src/ros2_hik_camera-main/build/hik_camera': CMAKE_PREFIX_PATH=/opt/ros/humble /usr/bin/cmake --install /home/ubuntu/桌面/RM26/src/ros2_hik_camera-main/build/hik_camera
[3.607s] -- Install configuration: ""
[3.607s] -- Installing: /home/ubuntu/桌面/RM26/src/ros2_hik_camera-main/install/hik_camera/lib/amd64
[3.607s] -- Installing: /home/ubuntu/桌面/RM26/src/ros2_hik_camera-main/install/hik_camera/lib/amd64/libMediaProcess.so
[3.615s] -- Installing: /home/ubuntu/桌面/RM26/src/ros2_hik_camera-main/install/hik_camera/lib/amd64/libMvCameraControl.so
[3.620s] -- Installing: /home/ubuntu/桌面/RM26/src/ros2_hik_camera-main/install/hik_camera/lib/amd64/libMVRender.so
[3.622s] -- Installing: /home/ubuntu/桌面/RM26/src/ros2_hik_camera-main/install/hik_camera/lib/amd64/libFormatConversion.so
[3.624s] -- Installing: /home/ubuntu/桌面/RM26/src/ros2_hik_camera-main/install/hik_camera/lib/amd64/libMvUsb3vTL.so
[3.631s] -- Installing: /home/ubuntu/桌面/RM26/src/ros2_hik_camera-main/install/hik_camera/lib/hik_camera/hik_camera_node
[3.631s] -- Set runtime path of "/home/ubuntu/桌面/RM26/src/ros2_hik_camera-main/install/hik_camera/lib/hik_camera/hik_camera_node" to ""
[3.631s] -- Installing: /home/ubuntu/桌面/RM26/src/ros2_hik_camera-main/install/hik_camera/share/hik_camera/environment/library_path.sh
[3.631s] -- Installing: /home/ubuntu/桌面/RM26/src/ros2_hik_camera-main/install/hik_camera/share/hik_camera/environment/library_path.dsv
[3.631s] -- Installing: /home/ubuntu/桌面/RM26/src/ros2_hik_camera-main/install/hik_camera/lib/libhik_camera.so
[3.632s] -- Set runtime path of "/home/ubuntu/桌面/RM26/src/ros2_hik_camera-main/install/hik_camera/lib/libhik_camera.so" to ""
[3.632s] -- Installing: /home/ubuntu/桌面/RM26/src/ros2_hik_camera-main/install/hik_camera/share/hik_camera/config
[3.632s] -- Installing: /home/ubuntu/桌面/RM26/src/ros2_hik_camera-main/install/hik_camera/share/hik_camera/config/camera_info.yaml
[3.632s] -- Installing: /home/ubuntu/桌面/RM26/src/ros2_hik_camera-main/install/hik_camera/share/hik_camera/config/camera_params.yaml
[3.632s] -- Installing: /home/ubuntu/桌面/RM26/src/ros2_hik_camera-main/install/hik_camera/share/hik_camera/launch
[3.632s] -- Installing: /home/ubuntu/桌面/RM26/src/ros2_hik_camera-main/install/hik_camera/share/hik_camera/launch/hik_camera.launch.py
[3.632s] -- Installing: /home/ubuntu/桌面/RM26/src/ros2_hik_camera-main/install/hik_camera/share/ament_index/resource_index/package_run_dependencies/hik_camera
[3.632s] -- Installing: /home/ubuntu/桌面/RM26/src/ros2_hik_camera-main/install/hik_camera/share/ament_index/resource_index/parent_prefix_path/hik_camera
[3.632s] -- Installing: /home/ubuntu/桌面/RM26/src/ros2_hik_camera-main/install/hik_camera/share/hik_camera/environment/ament_prefix_path.sh
[3.632s] -- Installing: /home/ubuntu/桌面/RM26/src/ros2_hik_camera-main/install/hik_camera/share/hik_camera/environment/ament_prefix_path.dsv
[3.632s] -- Installing: /home/ubuntu/桌面/RM26/src/ros2_hik_camera-main/install/hik_camera/share/hik_camera/environment/path.sh
[3.632s] -- Installing: /home/ubuntu/桌面/RM26/src/ros2_hik_camera-main/install/hik_camera/share/hik_camera/environment/path.dsv
[3.632s] -- Installing: /home/ubuntu/桌面/RM26/src/ros2_hik_camera-main/install/hik_camera/share/hik_camera/local_setup.bash
[3.632s] -- Installing: /home/ubuntu/桌面/RM26/src/ros2_hik_camera-main/install/hik_camera/share/hik_camera/local_setup.sh
[3.632s] -- Installing: /home/ubuntu/桌面/RM26/src/ros2_hik_camera-main/install/hik_camera/share/hik_camera/local_setup.zsh
[3.632s] -- Installing: /home/ubuntu/桌面/RM26/src/ros2_hik_camera-main/install/hik_camera/share/hik_camera/local_setup.dsv
[3.632s] -- Installing: /home/ubuntu/桌面/RM26/src/ros2_hik_camera-main/install/hik_camera/share/hik_camera/package.dsv
[3.632s] -- Installing: /home/ubuntu/桌面/RM26/src/ros2_hik_camera-main/install/hik_camera/share/ament_index/resource_index/packages/hik_camera
[3.632s] -- Installing: /home/ubuntu/桌面/RM26/src/ros2_hik_camera-main/install/hik_camera/share/ament_index/resource_index/rclcpp_components/hik_camera
[3.632s] -- Installing: /home/ubuntu/桌面/RM26/src/ros2_hik_camera-main/install/hik_camera/share/hik_camera/cmake/ament_cmake_export_dependencies-extras.cmake
[3.632s] -- Installing: /home/ubuntu/桌面/RM26/src/ros2_hik_camera-main/install/hik_camera/share/hik_camera/cmake/ament_cmake_export_libraries-extras.cmake
[3.632s] -- Installing: /home/ubuntu/桌面/RM26/src/ros2_hik_camera-main/install/hik_camera/share/hik_camera/cmake/hik_cameraConfig.cmake
[3.632s] -- Installing: /home/ubuntu/桌面/RM26/src/ros2_hik_camera-main/install/hik_camera/share/hik_camera/cmake/hik_cameraConfig-version.cmake
[3.632s] -- Installing: /home/ubuntu/桌面/RM26/src/ros2_hik_camera-main/install/hik_camera/share/hik_camera/package.xml
[3.634s] Invoked command in '/home/ubuntu/桌面/RM26/src/ros2_hik_camera-main/build/hik_camera' returned '0': CMAKE_PREFIX_PATH=/opt/ros/humble /usr/bin/cmake --install /home/ubuntu/桌面/RM26/src/ros2_hik_camera-main/build/hik_camera
