[0.017s] Invoking command in '/home/ubuntu/桌面/Robomaster/RM26_ROS2PKG/build/detection': /usr/bin/cmake /home/ubuntu/桌面/Robomaster/RM26_ROS2PKG/src/rm_auto_aim/detection -DCMAKE_INSTALL_PREFIX=/home/ubuntu/桌面/Robomaster/RM26_ROS2PKG/install/detection
[0.079s] -- The C compiler identification is GNU 11.4.0
[0.125s] -- The CXX compiler identification is GNU 11.4.0
[0.132s] -- Detecting C compiler ABI info
[0.178s] -- Detecting C compiler ABI info - done
[0.181s] -- Check for working C compiler: /usr/bin/cc - skipped
[0.181s] -- Detecting C compile features
[0.181s] -- Detecting C compile features - done
[0.184s] -- Detecting CXX compiler ABI info
[0.255s] -- Detecting CXX compiler ABI info - done
[0.259s] -- Check for working CXX compiler: /usr/bin/c++ - skipped
[0.259s] -- Detecting CXX compile features
[0.260s] -- Detecting CXX compile features - done
[0.261s] -- Looking for pthread.h
[0.338s] -- Looking for pthread.h - found
[0.341s] -- Performing Test CMAKE_HAVE_LIBC_PTHREAD
[0.396s] -- Performing Test CMAKE_HAVE_LIBC_PTHREAD - Success
[0.396s] -- Found Threads: TRUE  
[0.402s] -- Found OpenCV: /usr (found version "4.5.4") 
[0.405s] -- Configuring done
[0.408s] -- Generating done
[0.409s] -- Build files have been written to: /home/ubuntu/桌面/Robomaster/RM26_ROS2PKG/build/detection
[0.416s] Invoked command in '/home/ubuntu/桌面/Robomaster/RM26_ROS2PKG/build/detection' returned '0': /usr/bin/cmake /home/ubuntu/桌面/Robomaster/RM26_ROS2PKG/src/rm_auto_aim/detection -DCMAKE_INSTALL_PREFIX=/home/ubuntu/桌面/Robomaster/RM26_ROS2PKG/install/detection
[0.418s] Invoking command in '/home/ubuntu/桌面/Robomaster/RM26_ROS2PKG/build/detection': /usr/bin/cmake --build /home/ubuntu/桌面/Robomaster/RM26_ROS2PKG/build/detection -- -j14 -l14
[0.458s] [ 33%] [32mBuilding CXX object CMakeFiles/detection.dir/TrackerSource/STrack.cpp.o[0m
[0.458s] [ 33%] [32mBuilding CXX object CMakeFiles/detection.dir/main.cpp.o[0m
[0.458s] [ 33%] [32mBuilding CXX object CMakeFiles/detection.dir/TrackerSource/utils.cpp.o[0m
[0.458s] [ 44%] [32mBuilding CXX object CMakeFiles/detection.dir/TrackerSource/lapjv.cpp.o[0m
[0.459s] [ 55%] [32mBuilding CXX object CMakeFiles/detection.dir/TrackerSource/kalmanFilter.cpp.o[0m
[0.459s] [ 66%] [32mBuilding CXX object CMakeFiles/detection.dir/TrackerSource/BYTETracker.cpp.o[0m
[0.459s] [ 77%] [32mBuilding CXX object CMakeFiles/detection.dir/src/yolo_detection.cpp.o[0m
[0.461s] [ 88%] [32mBuilding CXX object CMakeFiles/detection.dir/src/traditional_detector.cpp.o[0m
[9.165s] [100%] [32m[1mLinking CXX executable detection[0m
[9.648s] [100%] Built target detection
[9.661s] Invoked command in '/home/ubuntu/桌面/Robomaster/RM26_ROS2PKG/build/detection' returned '0': /usr/bin/cmake --build /home/ubuntu/桌面/Robomaster/RM26_ROS2PKG/build/detection -- -j14 -l14
