[0.021s] Invoking command in '/home/ubuntu/æ¡Œé¢/RM26/build/hik_camera': CMAKE_PREFIX_PATH=/opt/ros/humble /usr/bin/cmake --build /home/ubuntu/æ¡Œé¢/RM26/build/hik_camera -- -j14 -l14
[0.045s] -- Found ament_cmake_auto: 1.3.12 (/opt/ros/humble/share/ament_cmake_auto/cmake)
[0.269s] -- Found rosidl_generator_c: 3.1.7 (/opt/ros/humble/share/rosidl_generator_c/cmake)
[0.269s] -- Found rosidl_adapter: 3.1.7 (/opt/ros/humble/share/rosidl_adapter/cmake)
[0.273s] -- Found rosidl_generator_cpp: 3.1.7 (/opt/ros/humble/share/rosidl_generator_cpp/cmake)
[0.279s] -- Using all available rosidl_typesupport_c: rosidl_typesupport_fastrtps_c;rosidl_typesupport_introspection_c
[0.286s] -- Using all available rosidl_typesupport_cpp: rosidl_typesupport_fastrtps_cpp;rosidl_typesupport_introspection_cpp
[0.319s] -- Found rmw_implementation_cmake: 6.1.2 (/opt/ros/humble/share/rmw_implementation_cmake/cmake)
[0.320s] -- Found rmw_fastrtps_cpp: 6.2.8 (/opt/ros/humble/share/rmw_fastrtps_cpp/cmake)
[0.421s] -- Using RMW implementation 'rmw_fastrtps_cpp' as default
[0.579s] -- Found ament_lint_auto: 0.12.14 (/opt/ros/humble/share/ament_lint_auto/cmake)
[0.590s] -- Added test 'cppcheck' to perform static code analysis on C / C++ code
[0.591s] -- Configured cppcheck include dirs: /home/ubuntu/æ¡Œé¢/RM26/src/ros2_hik_camera-main/include;/home/ubuntu/æ¡Œé¢/RM26/src/ros2_hik_camera-main/hikSDK/include
[0.591s] -- Configured cppcheck exclude dirs and/or files: 
[0.591s] -- Added test 'flake8' to check Python code syntax and style conventions
[0.591s] -- Added test 'lint_cmake' to check CMake code style
[0.592s] -- Added test 'pep257' to check Python code against some of the docstring style conventions in PEP 257
[0.592s] -- Added test 'xmllint' to check XML markup files
[0.594s] -- Configuring done
[0.601s] [0mWARNING: Target "hik_camera" requests linking to directory "/usr/include/opencv4".  Targets may link only to libraries.  CMake is dropping the item.[0m
[0.606s] -- Generating done
[0.610s] -- Build files have been written to: /home/ubuntu/æ¡Œé¢/RM26/build/hik_camera
[0.651s] [35m[1mConsolidate compiler generated dependencies of target hik_camera_node[0m
[0.651s] [35m[1mConsolidate compiler generated dependencies of target hik_camera[0m
[0.671s] [ 25%] [32mBuilding CXX object CMakeFiles/hik_camera.dir/src/hik_camera_node.cpp.o[0m
[0.675s] [ 75%] Built target hik_camera_node
[3.420s] [100%] [32m[1mLinking CXX shared library libhik_camera.so[0m
[3.549s] [100%] Built target hik_camera
[3.573s] Invoked command in '/home/ubuntu/æ¡Œé¢/RM26/build/hik_camera' returned '0': CMAKE_PREFIX_PATH=/opt/ros/humble /usr/bin/cmake --build /home/ubuntu/æ¡Œé¢/RM26/build/hik_camera -- -j14 -l14
[3.576s] Invoking command in '/home/ubuntu/æ¡Œé¢/RM26/build/hik_camera': CMAKE_PREFIX_PATH=/opt/ros/humble /usr/bin/cmake --install /home/ubuntu/æ¡Œé¢/RM26/build/hik_camera
[3.586s] -- Install configuration: ""
[3.586s] -- Up-to-date: /home/ubuntu/æ¡Œé¢/RM26/install/hik_camera/lib/amd64
[3.586s] -- Installing: /home/ubuntu/æ¡Œé¢/RM26/install/hik_camera/lib/amd64/libMediaProcess.so
[3.592s] -- Installing: /home/ubuntu/æ¡Œé¢/RM26/install/hik_camera/lib/amd64/libMvCameraControl.so
[3.600s] -- Installing: /home/ubuntu/æ¡Œé¢/RM26/install/hik_camera/lib/amd64/libMVRender.so
[3.601s] -- Installing: /home/ubuntu/æ¡Œé¢/RM26/install/hik_camera/lib/amd64/libFormatConversion.so
[3.601s] -- Installing: /home/ubuntu/æ¡Œé¢/RM26/install/hik_camera/lib/amd64/libMvUsb3vTL.so
[3.608s] -- Installing: /home/ubuntu/æ¡Œé¢/RM26/install/hik_camera/lib/hik_camera/hik_camera_node
[3.608s] -- Set runtime path of "/home/ubuntu/æ¡Œé¢/RM26/install/hik_camera/lib/hik_camera/hik_camera_node" to ""
[3.608s] -- Installing: /home/ubuntu/æ¡Œé¢/RM26/install/hik_camera/share/hik_camera/environment/library_path.sh
[3.608s] -- Installing: /home/ubuntu/æ¡Œé¢/RM26/install/hik_camera/share/hik_camera/environment/library_path.dsv
[3.608s] -- Installing: /home/ubuntu/æ¡Œé¢/RM26/install/hik_camera/lib/libhik_camera.so
[3.611s] -- Set runtime path of "/home/ubuntu/æ¡Œé¢/RM26/install/hik_camera/lib/libhik_camera.so" to ""
[3.611s] -- Up-to-date: /home/ubuntu/æ¡Œé¢/RM26/install/hik_camera/share/hik_camera/config
[3.611s] -- Installing: /home/ubuntu/æ¡Œé¢/RM26/install/hik_camera/share/hik_camera/config/camera_info.yaml
[3.611s] -- Up-to-date: /home/ubuntu/æ¡Œé¢/RM26/install/hik_camera/share/hik_camera/config/camera_params.yaml
[3.611s] -- Up-to-date: /home/ubuntu/æ¡Œé¢/RM26/install/hik_camera/share/hik_camera/launch
[3.611s] -- Installing: /home/ubuntu/æ¡Œé¢/RM26/install/hik_camera/share/hik_camera/launch/hik_camera.launch.py
[3.612s] -- Installing: /home/ubuntu/æ¡Œé¢/RM26/install/hik_camera/share/ament_index/resource_index/package_run_dependencies/hik_camera
[3.613s] -- Installing: /home/ubuntu/æ¡Œé¢/RM26/install/hik_camera/share/ament_index/resource_index/parent_prefix_path/hik_camera
[3.613s] -- Installing: /home/ubuntu/æ¡Œé¢/RM26/install/hik_camera/share/hik_camera/environment/ament_prefix_path.sh
[3.613s] -- Installing: /home/ubuntu/æ¡Œé¢/RM26/install/hik_camera/share/hik_camera/environment/ament_prefix_path.dsv
[3.613s] -- Installing: /home/ubuntu/æ¡Œé¢/RM26/install/hik_camera/share/hik_camera/environment/path.sh
[3.613s] -- Installing: /home/ubuntu/æ¡Œé¢/RM26/install/hik_camera/share/hik_camera/environment/path.dsv
[3.613s] -- Installing: /home/ubuntu/æ¡Œé¢/RM26/install/hik_camera/share/hik_camera/local_setup.bash
[3.613s] -- Installing: /home/ubuntu/æ¡Œé¢/RM26/install/hik_camera/share/hik_camera/local_setup.sh
[3.613s] -- Installing: /home/ubuntu/æ¡Œé¢/RM26/install/hik_camera/share/hik_camera/local_setup.zsh
[3.613s] -- Installing: /home/ubuntu/æ¡Œé¢/RM26/install/hik_camera/share/hik_camera/local_setup.dsv
[3.613s] -- Installing: /home/ubuntu/æ¡Œé¢/RM26/install/hik_camera/share/hik_camera/package.dsv
[3.613s] -- Installing: /home/ubuntu/æ¡Œé¢/RM26/install/hik_camera/share/ament_index/resource_index/packages/hik_camera
[3.613s] -- Installing: /home/ubuntu/æ¡Œé¢/RM26/install/hik_camera/share/ament_index/resource_index/rclcpp_components/hik_camera
[3.613s] -- Installing: /home/ubuntu/æ¡Œé¢/RM26/install/hik_camera/share/hik_camera/cmake/ament_cmake_export_dependencies-extras.cmake
[3.613s] -- Installing: /home/ubuntu/æ¡Œé¢/RM26/install/hik_camera/share/hik_camera/cmake/ament_cmake_export_libraries-extras.cmake
[3.613s] -- Installing: /home/ubuntu/æ¡Œé¢/RM26/install/hik_camera/share/hik_camera/cmake/hik_cameraConfig.cmake
[3.613s] -- Installing: /home/ubuntu/æ¡Œé¢/RM26/install/hik_camera/share/hik_camera/cmake/hik_cameraConfig-version.cmake
[3.613s] -- Installing: /home/ubuntu/æ¡Œé¢/RM26/install/hik_camera/share/hik_camera/package.xml
[3.616s] Invoked command in '/home/ubuntu/æ¡Œé¢/RM26/build/hik_camera' returned '0': CMAKE_PREFIX_PATH=/opt/ros/humble /usr/bin/cmake --install /home/ubuntu/æ¡Œé¢/RM26/build/hik_camera
