[ 50%] Built target hik_camera_node
[ 75%] [32mBuilding CXX object CMakeFiles/hik_camera.dir/src/hik_camera_node.cpp.o[0m
[100%] [32m[1mLinking CXX shared library libhik_camera.so[0m
[100%] Built target hik_camera
-- Install configuration: ""
-- Up-to-date: /home/ubuntu/æ¡Œé¢/RM26/src/ros2_hik_camera-main/install/hik_camera/lib/amd64
-- Up-to-date: /home/ubuntu/æ¡Œé¢/RM26/src/ros2_hik_camera-main/install/hik_camera/lib/amd64/libMediaProcess.so
-- Up-to-date: /home/ubuntu/æ¡Œé¢/RM26/src/ros2_hik_camera-main/install/hik_camera/lib/amd64/libMvCameraControl.so
-- Up-to-date: /home/ubuntu/æ¡Œé¢/RM26/src/ros2_hik_camera-main/install/hik_camera/lib/amd64/libMVRender.so
-- Up-to-date: /home/ubuntu/æ¡Œé¢/RM26/src/ros2_hik_camera-main/install/hik_camera/lib/amd64/libFormatConversion.so
-- Up-to-date: /home/ubuntu/æ¡Œé¢/RM26/src/ros2_hik_camera-main/install/hik_camera/lib/amd64/libMvUsb3vTL.so
-- Up-to-date: /home/ubuntu/æ¡Œé¢/RM26/src/ros2_hik_camera-main/install/hik_camera/lib/hik_camera/hik_camera_node
-- Up-to-date: /home/ubuntu/æ¡Œé¢/RM26/src/ros2_hik_camera-main/install/hik_camera/share/hik_camera/environment/library_path.sh
-- Up-to-date: /home/ubuntu/æ¡Œé¢/RM26/src/ros2_hik_camera-main/install/hik_camera/share/hik_camera/environment/library_path.dsv
-- Installing: /home/ubuntu/æ¡Œé¢/RM26/src/ros2_hik_camera-main/install/hik_camera/lib/libhik_camera.so
-- Set runtime path of "/home/ubuntu/æ¡Œé¢/RM26/src/ros2_hik_camera-main/install/hik_camera/lib/libhik_camera.so" to ""
-- Up-to-date: /home/ubuntu/æ¡Œé¢/RM26/src/ros2_hik_camera-main/install/hik_camera/share/hik_camera/config
-- Up-to-date: /home/ubuntu/æ¡Œé¢/RM26/src/ros2_hik_camera-main/install/hik_camera/share/hik_camera/config/camera_info.yaml
-- Up-to-date: /home/ubuntu/æ¡Œé¢/RM26/src/ros2_hik_camera-main/install/hik_camera/share/hik_camera/config/camera_params.yaml
-- Up-to-date: /home/ubuntu/æ¡Œé¢/RM26/src/ros2_hik_camera-main/install/hik_camera/share/hik_camera/launch
-- Installing: /home/ubuntu/æ¡Œé¢/RM26/src/ros2_hik_camera-main/install/hik_camera/share/hik_camera/launch/hik_camera.launch.py
-- Up-to-date: /home/ubuntu/æ¡Œé¢/RM26/src/ros2_hik_camera-main/install/hik_camera/share/ament_index/resource_index/package_run_dependencies/hik_camera
-- Up-to-date: /home/ubuntu/æ¡Œé¢/RM26/src/ros2_hik_camera-main/install/hik_camera/share/ament_index/resource_index/parent_prefix_path/hik_camera
-- Up-to-date: /home/ubuntu/æ¡Œé¢/RM26/src/ros2_hik_camera-main/install/hik_camera/share/hik_camera/environment/ament_prefix_path.sh
-- Up-to-date: /home/ubuntu/æ¡Œé¢/RM26/src/ros2_hik_camera-main/install/hik_camera/share/hik_camera/environment/ament_prefix_path.dsv
-- Up-to-date: /home/ubuntu/æ¡Œé¢/RM26/src/ros2_hik_camera-main/install/hik_camera/share/hik_camera/environment/path.sh
-- Up-to-date: /home/ubuntu/æ¡Œé¢/RM26/src/ros2_hik_camera-main/install/hik_camera/share/hik_camera/environment/path.dsv
-- Up-to-date: /home/ubuntu/æ¡Œé¢/RM26/src/ros2_hik_camera-main/install/hik_camera/share/hik_camera/local_setup.bash
-- Up-to-date: /home/ubuntu/æ¡Œé¢/RM26/src/ros2_hik_camera-main/install/hik_camera/share/hik_camera/local_setup.sh
-- Up-to-date: /home/ubuntu/æ¡Œé¢/RM26/src/ros2_hik_camera-main/install/hik_camera/share/hik_camera/local_setup.zsh
-- Up-to-date: /home/ubuntu/æ¡Œé¢/RM26/src/ros2_hik_camera-main/install/hik_camera/share/hik_camera/local_setup.dsv
-- Installing: /home/ubuntu/æ¡Œé¢/RM26/src/ros2_hik_camera-main/install/hik_camera/share/hik_camera/package.dsv
-- Up-to-date: /home/ubuntu/æ¡Œé¢/RM26/src/ros2_hik_camera-main/install/hik_camera/share/ament_index/resource_index/packages/hik_camera
-- Up-to-date: /home/ubuntu/æ¡Œé¢/RM26/src/ros2_hik_camera-main/install/hik_camera/share/ament_index/resource_index/rclcpp_components/hik_camera
-- Up-to-date: /home/ubuntu/æ¡Œé¢/RM26/src/ros2_hik_camera-main/install/hik_camera/share/hik_camera/cmake/ament_cmake_export_dependencies-extras.cmake
-- Up-to-date: /home/ubuntu/æ¡Œé¢/RM26/src/ros2_hik_camera-main/install/hik_camera/share/hik_camera/cmake/ament_cmake_export_libraries-extras.cmake
-- Up-to-date: /home/ubuntu/æ¡Œé¢/RM26/src/ros2_hik_camera-main/install/hik_camera/share/hik_camera/cmake/hik_cameraConfig.cmake
-- Up-to-date: /home/ubuntu/æ¡Œé¢/RM26/src/ros2_hik_camera-main/install/hik_camera/share/hik_camera/cmake/hik_cameraConfig-version.cmake
-- Up-to-date: /home/ubuntu/æ¡Œé¢/RM26/src/ros2_hik_camera-main/install/hik_camera/share/hik_camera/package.xml
