[0.009s] Invoking command in '/home/ubuntu/æ¡Œé¢/RM26/src/ros2_hik_camera-main/build/hik_camera': CMAKE_PREFIX_PATH=/opt/ros/humble /usr/bin/cmake --build /home/ubuntu/æ¡Œé¢/RM26/src/ros2_hik_camera-main/build/hik_camera -- -j14 -l14
[0.041s] [35m[1mConsolidate compiler generated dependencies of target hik_camera[0m
[0.049s] [ 50%] Built target hik_camera_node
[0.065s] [ 75%] [32mBuilding CXX object CMakeFiles/hik_camera.dir/src/hik_camera_node.cpp.o[0m
[1.950s] [100%] [32m[1mLinking CXX shared library libhik_camera.so[0m
[2.062s] [100%] Built target hik_camera
[2.080s] Invoked command in '/home/ubuntu/æ¡Œé¢/RM26/src/ros2_hik_camera-main/build/hik_camera' returned '0': CMAKE_PREFIX_PATH=/opt/ros/humble /usr/bin/cmake --build /home/ubuntu/æ¡Œé¢/RM26/src/ros2_hik_camera-main/build/hik_camera -- -j14 -l14
[2.091s] Invoking command in '/home/ubuntu/æ¡Œé¢/RM26/src/ros2_hik_camera-main/build/hik_camera': CMAKE_PREFIX_PATH=/opt/ros/humble /usr/bin/cmake --install /home/ubuntu/æ¡Œé¢/RM26/src/ros2_hik_camera-main/build/hik_camera
[2.102s] -- Install configuration: ""
[2.103s] -- Up-to-date: /home/ubuntu/æ¡Œé¢/RM26/src/ros2_hik_camera-main/install/hik_camera/lib/amd64
[2.103s] -- Up-to-date: /home/ubuntu/æ¡Œé¢/RM26/src/ros2_hik_camera-main/install/hik_camera/lib/amd64/libMediaProcess.so
[2.103s] -- Up-to-date: /home/ubuntu/æ¡Œé¢/RM26/src/ros2_hik_camera-main/install/hik_camera/lib/amd64/libMvCameraControl.so
[2.103s] -- Up-to-date: /home/ubuntu/æ¡Œé¢/RM26/src/ros2_hik_camera-main/install/hik_camera/lib/amd64/libMVRender.so
[2.103s] -- Up-to-date: /home/ubuntu/æ¡Œé¢/RM26/src/ros2_hik_camera-main/install/hik_camera/lib/amd64/libFormatConversion.so
[2.103s] -- Up-to-date: /home/ubuntu/æ¡Œé¢/RM26/src/ros2_hik_camera-main/install/hik_camera/lib/amd64/libMvUsb3vTL.so
[2.103s] -- Up-to-date: /home/ubuntu/æ¡Œé¢/RM26/src/ros2_hik_camera-main/install/hik_camera/lib/hik_camera/hik_camera_node
[2.103s] -- Up-to-date: /home/ubuntu/æ¡Œé¢/RM26/src/ros2_hik_camera-main/install/hik_camera/share/hik_camera/environment/library_path.sh
[2.103s] -- Up-to-date: /home/ubuntu/æ¡Œé¢/RM26/src/ros2_hik_camera-main/install/hik_camera/share/hik_camera/environment/library_path.dsv
[2.103s] -- Installing: /home/ubuntu/æ¡Œé¢/RM26/src/ros2_hik_camera-main/install/hik_camera/lib/libhik_camera.so
[2.103s] -- Set runtime path of "/home/ubuntu/æ¡Œé¢/RM26/src/ros2_hik_camera-main/install/hik_camera/lib/libhik_camera.so" to ""
[2.103s] -- Up-to-date: /home/ubuntu/æ¡Œé¢/RM26/src/ros2_hik_camera-main/install/hik_camera/share/hik_camera/config
[2.103s] -- Up-to-date: /home/ubuntu/æ¡Œé¢/RM26/src/ros2_hik_camera-main/install/hik_camera/share/hik_camera/config/camera_info.yaml
[2.103s] -- Up-to-date: /home/ubuntu/æ¡Œé¢/RM26/src/ros2_hik_camera-main/install/hik_camera/share/hik_camera/config/camera_params.yaml
[2.103s] -- Up-to-date: /home/ubuntu/æ¡Œé¢/RM26/src/ros2_hik_camera-main/install/hik_camera/share/hik_camera/launch
[2.103s] -- Up-to-date: /home/ubuntu/æ¡Œé¢/RM26/src/ros2_hik_camera-main/install/hik_camera/share/hik_camera/launch/hik_camera.launch.py
[2.103s] -- Up-to-date: /home/ubuntu/æ¡Œé¢/RM26/src/ros2_hik_camera-main/install/hik_camera/share/ament_index/resource_index/package_run_dependencies/hik_camera
[2.103s] -- Up-to-date: /home/ubuntu/æ¡Œé¢/RM26/src/ros2_hik_camera-main/install/hik_camera/share/ament_index/resource_index/parent_prefix_path/hik_camera
[2.103s] -- Up-to-date: /home/ubuntu/æ¡Œé¢/RM26/src/ros2_hik_camera-main/install/hik_camera/share/hik_camera/environment/ament_prefix_path.sh
[2.103s] -- Up-to-date: /home/ubuntu/æ¡Œé¢/RM26/src/ros2_hik_camera-main/install/hik_camera/share/hik_camera/environment/ament_prefix_path.dsv
[2.103s] -- Up-to-date: /home/ubuntu/æ¡Œé¢/RM26/src/ros2_hik_camera-main/install/hik_camera/share/hik_camera/environment/path.sh
[2.103s] -- Up-to-date: /home/ubuntu/æ¡Œé¢/RM26/src/ros2_hik_camera-main/install/hik_camera/share/hik_camera/environment/path.dsv
[2.103s] -- Up-to-date: /home/ubuntu/æ¡Œé¢/RM26/src/ros2_hik_camera-main/install/hik_camera/share/hik_camera/local_setup.bash
[2.103s] -- Up-to-date: /home/ubuntu/æ¡Œé¢/RM26/src/ros2_hik_camera-main/install/hik_camera/share/hik_camera/local_setup.sh
[2.103s] -- Up-to-date: /home/ubuntu/æ¡Œé¢/RM26/src/ros2_hik_camera-main/install/hik_camera/share/hik_camera/local_setup.zsh
[2.103s] -- Up-to-date: /home/ubuntu/æ¡Œé¢/RM26/src/ros2_hik_camera-main/install/hik_camera/share/hik_camera/local_setup.dsv
[2.103s] -- Installing: /home/ubuntu/æ¡Œé¢/RM26/src/ros2_hik_camera-main/install/hik_camera/share/hik_camera/package.dsv
[2.103s] -- Up-to-date: /home/ubuntu/æ¡Œé¢/RM26/src/ros2_hik_camera-main/install/hik_camera/share/ament_index/resource_index/packages/hik_camera
[2.103s] -- Up-to-date: /home/ubuntu/æ¡Œé¢/RM26/src/ros2_hik_camera-main/install/hik_camera/share/ament_index/resource_index/rclcpp_components/hik_camera
[2.103s] -- Up-to-date: /home/ubuntu/æ¡Œé¢/RM26/src/ros2_hik_camera-main/install/hik_camera/share/hik_camera/cmake/ament_cmake_export_dependencies-extras.cmake
[2.103s] -- Up-to-date: /home/ubuntu/æ¡Œé¢/RM26/src/ros2_hik_camera-main/install/hik_camera/share/hik_camera/cmake/ament_cmake_export_libraries-extras.cmake
[2.103s] -- Up-to-date: /home/ubuntu/æ¡Œé¢/RM26/src/ros2_hik_camera-main/install/hik_camera/share/hik_camera/cmake/hik_cameraConfig.cmake
[2.103s] -- Up-to-date: /home/ubuntu/æ¡Œé¢/RM26/src/ros2_hik_camera-main/install/hik_camera/share/hik_camera/cmake/hik_cameraConfig-version.cmake
[2.103s] -- Up-to-date: /home/ubuntu/æ¡Œé¢/RM26/src/ros2_hik_camera-main/install/hik_camera/share/hik_camera/package.xml
[2.103s] Invoked command in '/home/ubuntu/æ¡Œé¢/RM26/src/ros2_hik_camera-main/build/hik_camera' returned '0': CMAKE_PREFIX_PATH=/opt/ros/humble /usr/bin/cmake --install /home/ubuntu/æ¡Œé¢/RM26/src/ros2_hik_camera-main/build/hik_camera
