[0.025s] Invoking command in '/home/ubuntu/æ¡Œé¢/RM26/build/recive_pkg': CMAKE_PREFIX_PATH=/opt/ros/humble /usr/bin/cmake --build /home/ubuntu/æ¡Œé¢/RM26/build/recive_pkg -- -j14 -l14
[0.087s] [35m[1mConsolidate compiler generated dependencies of target recive_pkg[0m
[0.132s] [ 10%] [32mBuilding CXX object CMakeFiles/recive_pkg.dir/src/image_subscirber_node.cpp.o[0m
[8.523s] [ 20%] [32mBuilding CXX object CMakeFiles/recive_pkg.dir/main.cpp.o[0m
[12.688s] [ 30%] [32m[1mLinking CXX executable recive_pkg[0m
[13.777s] [100%] Built target recive_pkg
[13.793s] Invoked command in '/home/ubuntu/æ¡Œé¢/RM26/build/recive_pkg' returned '0': CMAKE_PREFIX_PATH=/opt/ros/humble /usr/bin/cmake --build /home/ubuntu/æ¡Œé¢/RM26/build/recive_pkg -- -j14 -l14
[13.795s] Invoking command in '/home/ubuntu/æ¡Œé¢/RM26/build/recive_pkg': CMAKE_PREFIX_PATH=/opt/ros/humble /usr/bin/cmake --install /home/ubuntu/æ¡Œé¢/RM26/build/recive_pkg
[13.805s] -- Install configuration: ""
[13.805s] -- Installing: /home/ubuntu/æ¡Œé¢/RM26/install/recive_pkg/lib/recive_pkg/recive_pkg
[13.808s] -- Set runtime path of "/home/ubuntu/æ¡Œé¢/RM26/install/recive_pkg/lib/recive_pkg/recive_pkg" to ""
[13.808s] -- Up-to-date: /home/ubuntu/æ¡Œé¢/RM26/install/recive_pkg/share/ament_index/resource_index/package_run_dependencies/recive_pkg
[13.809s] -- Up-to-date: /home/ubuntu/æ¡Œé¢/RM26/install/recive_pkg/share/ament_index/resource_index/parent_prefix_path/recive_pkg
[13.809s] -- Up-to-date: /home/ubuntu/æ¡Œé¢/RM26/install/recive_pkg/share/recive_pkg/environment/ament_prefix_path.sh
[13.809s] -- Up-to-date: /home/ubuntu/æ¡Œé¢/RM26/install/recive_pkg/share/recive_pkg/environment/ament_prefix_path.dsv
[13.809s] -- Up-to-date: /home/ubuntu/æ¡Œé¢/RM26/install/recive_pkg/share/recive_pkg/environment/path.sh
[13.809s] -- Up-to-date: /home/ubuntu/æ¡Œé¢/RM26/install/recive_pkg/share/recive_pkg/environment/path.dsv
[13.809s] -- Up-to-date: /home/ubuntu/æ¡Œé¢/RM26/install/recive_pkg/share/recive_pkg/local_setup.bash
[13.809s] -- Up-to-date: /home/ubuntu/æ¡Œé¢/RM26/install/recive_pkg/share/recive_pkg/local_setup.sh
[13.809s] -- Up-to-date: /home/ubuntu/æ¡Œé¢/RM26/install/recive_pkg/share/recive_pkg/local_setup.zsh
[13.809s] -- Up-to-date: /home/ubuntu/æ¡Œé¢/RM26/install/recive_pkg/share/recive_pkg/local_setup.dsv
[13.809s] -- Installing: /home/ubuntu/æ¡Œé¢/RM26/install/recive_pkg/share/recive_pkg/package.dsv
[13.809s] -- Up-to-date: /home/ubuntu/æ¡Œé¢/RM26/install/recive_pkg/share/ament_index/resource_index/packages/recive_pkg
[13.809s] -- Up-to-date: /home/ubuntu/æ¡Œé¢/RM26/install/recive_pkg/share/recive_pkg/cmake/recive_pkgConfig.cmake
[13.809s] -- Up-to-date: /home/ubuntu/æ¡Œé¢/RM26/install/recive_pkg/share/recive_pkg/cmake/recive_pkgConfig-version.cmake
[13.809s] -- Up-to-date: /home/ubuntu/æ¡Œé¢/RM26/install/recive_pkg/share/recive_pkg/package.xml
[13.811s] Invoked command in '/home/ubuntu/æ¡Œé¢/RM26/build/recive_pkg' returned '0': CMAKE_PREFIX_PATH=/opt/ros/humble /usr/bin/cmake --install /home/ubuntu/æ¡Œé¢/RM26/build/recive_pkg
