[0.009s] Invoking command in '/home/ubuntu/桌面/RM26/build/recive_pkg': CMAKE_PREFIX_PATH=${CMAKE_PREFIX_PATH}:/opt/ros/humble /usr/bin/cmake --build /home/ubuntu/桌面/RM26/build/recive_pkg -- -j14 -l14
[0.068s] [100%] Built target recive_pkg
[0.089s] Invoked command in '/home/ubuntu/桌面/RM26/build/recive_pkg' returned '0': CMAKE_PREFIX_PATH=${CMAKE_PREFIX_PATH}:/opt/ros/humble /usr/bin/cmake --build /home/ubuntu/桌面/RM26/build/recive_pkg -- -j14 -l14
[0.090s] Invoking command in '/home/ubuntu/桌面/RM26/build/recive_pkg': CMAKE_PREFIX_PATH=${CMAKE_PREFIX_PATH}:/opt/ros/humble /usr/bin/cmake --install /home/ubuntu/桌面/RM26/build/recive_pkg
[0.093s] -- Install configuration: ""
[0.093s] -- Up-to-date: /home/ubuntu/桌面/RM26/install/recive_pkg/lib/recive_pkg/recive_pkg
[0.093s] -- Up-to-date: /home/ubuntu/桌面/RM26/install/recive_pkg/share/ament_index/resource_index/package_run_dependencies/recive_pkg
[0.093s] -- Up-to-date: /home/ubuntu/桌面/RM26/install/recive_pkg/share/ament_index/resource_index/parent_prefix_path/recive_pkg
[0.093s] -- Up-to-date: /home/ubuntu/桌面/RM26/install/recive_pkg/share/recive_pkg/environment/ament_prefix_path.sh
[0.093s] -- Up-to-date: /home/ubuntu/桌面/RM26/install/recive_pkg/share/recive_pkg/environment/ament_prefix_path.dsv
[0.093s] -- Up-to-date: /home/ubuntu/桌面/RM26/install/recive_pkg/share/recive_pkg/environment/path.sh
[0.094s] -- Up-to-date: /home/ubuntu/桌面/RM26/install/recive_pkg/share/recive_pkg/environment/path.dsv
[0.094s] -- Up-to-date: /home/ubuntu/桌面/RM26/install/recive_pkg/share/recive_pkg/local_setup.bash
[0.094s] -- Up-to-date: /home/ubuntu/桌面/RM26/install/recive_pkg/share/recive_pkg/local_setup.sh
[0.094s] -- Up-to-date: /home/ubuntu/桌面/RM26/install/recive_pkg/share/recive_pkg/local_setup.zsh
[0.094s] -- Up-to-date: /home/ubuntu/桌面/RM26/install/recive_pkg/share/recive_pkg/local_setup.dsv
[0.094s] -- Installing: /home/ubuntu/桌面/RM26/install/recive_pkg/share/recive_pkg/package.dsv
[0.094s] -- Up-to-date: /home/ubuntu/桌面/RM26/install/recive_pkg/share/ament_index/resource_index/packages/recive_pkg
[0.094s] -- Up-to-date: /home/ubuntu/桌面/RM26/install/recive_pkg/share/recive_pkg/cmake/recive_pkgConfig.cmake
[0.094s] -- Up-to-date: /home/ubuntu/桌面/RM26/install/recive_pkg/share/recive_pkg/cmake/recive_pkgConfig-version.cmake
[0.094s] -- Up-to-date: /home/ubuntu/桌面/RM26/install/recive_pkg/share/recive_pkg/package.xml
[0.095s] Invoked command in '/home/ubuntu/桌面/RM26/build/recive_pkg' returned '0': CMAKE_PREFIX_PATH=${CMAKE_PREFIX_PATH}:/opt/ros/humble /usr/bin/cmake --install /home/ubuntu/桌面/RM26/build/recive_pkg
