[0.007s] Invoking command in '/home/ubuntu/桌面/RM26_ROS2PKG/build/recive_pkg': CMAKE_PREFIX_PATH=/opt/ros/humble /usr/bin/cmake --build /home/ubuntu/桌面/RM26_ROS2PKG/build/recive_pkg -- -j14 -l14
[0.057s] Consolidate compiler generated dependencies of target recive_pkg
[0.071s] [  9%] Building CXX object CMakeFiles/recive_pkg.dir/src/image_subscirber_node.cpp.o
[0.071s] [ 18%] Building CXX object CMakeFiles/recive_pkg.dir/home/ubuntu/桌面/RM26_ROS2PKG/src/rm_auto_aim/detection/src/traditional_detector.cpp.o
[0.071s] [ 36%] Building CXX object CMakeFiles/recive_pkg.dir/home/ubuntu/桌面/RM26_ROS2PKG/src/rm_auto_aim/detection/src/yolo_detection.cpp.o
[0.071s] [ 36%] Building CXX object CMakeFiles/recive_pkg.dir/main.cpp.o
[1.611s] /home/ubuntu/桌面/RM26_ROS2PKG/src/rm_auto_aim/detection/src/yolo_detection.cpp: In function ‘float calculateInterArea(const CircleF&, const RectF&)’:
[1.611s] /home/ubuntu/桌面/RM26_ROS2PKG/src/rm_auto_aim/detection/src/yolo_detection.cpp:244:11: warning: unused variable ‘rectArea’ [-Wunused-variable]
[1.611s]   244 |     float rectArea = (r.x2 - r.x1) * (r.y2 - r.y1);
[1.611s]       |           ^~~~~~~~
[1.611s] /home/ubuntu/桌面/RM26_ROS2PKG/src/rm_auto_aim/detection/src/yolo_detection.cpp:247:11: warning: unused variable ‘circleArea’ [-Wunused-variable]
[1.611s]   247 |     float circleArea = M_PI * c.r * c.r;
[1.614s]       |           ^~~~~~~~~~
[1.616s] /home/ubuntu/桌面/RM26_ROS2PKG/src/rm_auto_aim/detection/src/yolo_detection.cpp: In member function ‘void detection::DetectionArmor::run()’:
[1.617s] /home/ubuntu/桌面/RM26_ROS2PKG/src/rm_auto_aim/detection/src/yolo_detection.cpp:375:25: warning: comparison of integer expressions of different signedness: ‘size_t’ {aka ‘long unsigned int’} and ‘int’ [-Wsign-compare]
[1.617s]   375 |         if (frame_count == int(cap.get(cv::CAP_PROP_FRAME_COUNT)))
[1.617s]       |             ~~~~~~~~~~~~^~~~~~~~~~~~~~~~~~~~~~~~~~~~~~~~~~~~~~~~~
[1.622s] /home/ubuntu/桌面/RM26_ROS2PKG/src/rm_auto_aim/detection/src/yolo_detection.cpp: In member function ‘void detection::DetectionArmor::drawTracks(cv::Mat&)’:
[1.622s] /home/ubuntu/桌面/RM26_ROS2PKG/src/rm_auto_aim/detection/src/yolo_detection.cpp:550:20: warning: variable ‘color’ set but not used [-Wunused-but-set-variable]
[1.622s]   550 |             Scalar color = tracker.get_color(track.track_id); // 获取跟踪ID对应的颜色
[1.622s]       |                    ^~~~~
[1.622s] /home/ubuntu/桌面/RM26_ROS2PKG/src/rm_auto_aim/detection/src/yolo_detection.cpp:553:19: warning: variable ‘tl’ set but not used [-Wunused-but-set-variable]
[1.622s]   553 |             Point tl = Point(tlwh[0], tlwh[1]); // 左上角   1
[1.622s]       |                   ^~
[1.622s] /home/ubuntu/桌面/RM26_ROS2PKG/src/rm_auto_aim/detection/src/yolo_detection.cpp:554:19: warning: variable ‘br’ set but not used [-Wunused-but-set-variable]
[1.622s]   554 |             Point br = Point(tlwh[0] + tlwh[2], tlwh[1] + tlwh[3]); // 右下角  3
[1.622s]       |                   ^~
[1.622s] /home/ubuntu/桌面/RM26_ROS2PKG/src/rm_auto_aim/detection/src/yolo_detection.cpp: In member function ‘void detection::DetectionArmor::format_print_data_test()’:
[1.622s] /home/ubuntu/桌面/RM26_ROS2PKG/src/rm_auto_aim/detection/src/yolo_detection.cpp:630:15: warning: variable ‘d’ set but not used [-Wunused-but-set-variable]
[1.622s]   630 |     for (auto d : getdata())
[1.622s]       |               ^
[7.164s] [ 45%] Linking CXX executable recive_pkg
[7.969s] [100%] Built target recive_pkg
[7.988s] Invoked command in '/home/ubuntu/桌面/RM26_ROS2PKG/build/recive_pkg' returned '0': CMAKE_PREFIX_PATH=/opt/ros/humble /usr/bin/cmake --build /home/ubuntu/桌面/RM26_ROS2PKG/build/recive_pkg -- -j14 -l14
[7.991s] Invoking command in '/home/ubuntu/桌面/RM26_ROS2PKG/build/recive_pkg': CMAKE_PREFIX_PATH=/opt/ros/humble /usr/bin/cmake --install /home/ubuntu/桌面/RM26_ROS2PKG/build/recive_pkg
[7.997s] -- Install configuration: ""
[7.997s] -- Installing: /home/ubuntu/桌面/RM26_ROS2PKG/install/recive_pkg/lib/recive_pkg/recive_pkg
[8.002s] -- Set runtime path of "/home/ubuntu/桌面/RM26_ROS2PKG/install/recive_pkg/lib/recive_pkg/recive_pkg" to ""
[8.002s] -- Up-to-date: /home/ubuntu/桌面/RM26_ROS2PKG/install/recive_pkg/share/ament_index/resource_index/package_run_dependencies/recive_pkg
[8.002s] -- Up-to-date: /home/ubuntu/桌面/RM26_ROS2PKG/install/recive_pkg/share/ament_index/resource_index/parent_prefix_path/recive_pkg
[8.002s] -- Up-to-date: /home/ubuntu/桌面/RM26_ROS2PKG/install/recive_pkg/share/recive_pkg/environment/ament_prefix_path.sh
[8.002s] -- Up-to-date: /home/ubuntu/桌面/RM26_ROS2PKG/install/recive_pkg/share/recive_pkg/environment/ament_prefix_path.dsv
[8.002s] -- Up-to-date: /home/ubuntu/桌面/RM26_ROS2PKG/install/recive_pkg/share/recive_pkg/environment/path.sh
[8.002s] -- Up-to-date: /home/ubuntu/桌面/RM26_ROS2PKG/install/recive_pkg/share/recive_pkg/environment/path.dsv
[8.002s] -- Up-to-date: /home/ubuntu/桌面/RM26_ROS2PKG/install/recive_pkg/share/recive_pkg/local_setup.bash
[8.002s] -- Up-to-date: /home/ubuntu/桌面/RM26_ROS2PKG/install/recive_pkg/share/recive_pkg/local_setup.sh
[8.002s] -- Up-to-date: /home/ubuntu/桌面/RM26_ROS2PKG/install/recive_pkg/share/recive_pkg/local_setup.zsh
[8.002s] -- Up-to-date: /home/ubuntu/桌面/RM26_ROS2PKG/install/recive_pkg/share/recive_pkg/local_setup.dsv
[8.002s] -- Installing: /home/ubuntu/桌面/RM26_ROS2PKG/install/recive_pkg/share/recive_pkg/package.dsv
[8.002s] -- Up-to-date: /home/ubuntu/桌面/RM26_ROS2PKG/install/recive_pkg/share/ament_index/resource_index/packages/recive_pkg
[8.003s] -- Up-to-date: /home/ubuntu/桌面/RM26_ROS2PKG/install/recive_pkg/share/recive_pkg/cmake/recive_pkgConfig.cmake
[8.006s] -- Up-to-date: /home/ubuntu/桌面/RM26_ROS2PKG/install/recive_pkg/share/recive_pkg/cmake/recive_pkgConfig-version.cmake
[8.011s] -- Up-to-date: /home/ubuntu/桌面/RM26_ROS2PKG/install/recive_pkg/share/recive_pkg/package.xml
[8.011s] Invoked command in '/home/ubuntu/桌面/RM26_ROS2PKG/build/recive_pkg' returned '0': CMAKE_PREFIX_PATH=/opt/ros/humble /usr/bin/cmake --install /home/ubuntu/桌面/RM26_ROS2PKG/build/recive_pkg
