[0.010s] Invoking command in '/home/ubuntu/桌面/RM26/build/ros2_armor_can': /usr/bin/cmake --build /home/ubuntu/桌面/RM26/build/ros2_armor_can -- -j14 -l14
[0.056s] [ 16%] Building CXX object CMakeFiles/armor_send_node.dir/src/armor_send.cpp.o
[0.056s] [ 33%] Building CXX object CMakeFiles/armor_send_node.dir/src/bmcan_bus.cpp.o
[0.056s] [ 50%] Building CXX object CMakeFiles/test_send_node.dir/src/bmcan_bus.cpp.o
[0.379s] [ 66%] Linking CXX executable test_send_node
[0.455s] [ 83%] Built target test_send_node
[1.310s] /home/ubuntu/桌面/RM26/src/ros2_armor_can/src/armor_send.cpp: In member function ‘void ArmorSend::send_motor_cmd(int16_t, int16_t, int16_t, int16_t)’:
[1.310s] /home/ubuntu/桌面/RM26/src/ros2_armor_can/src/armor_send.cpp:80:65: warning: unused parameter ‘motor3’ [-Wunused-parameter]
[1.310s]    80 |     void send_motor_cmd(int16_t motor1, int16_t motor2, int16_t motor3, int16_t motor4) {
[1.310s]       |                                                         ~~~~~~~~^~~~~~
[1.310s] /home/ubuntu/桌面/RM26/src/ros2_armor_can/src/armor_send.cpp:80:81: warning: unused parameter ‘motor4’ [-Wunused-parameter]
[1.310s]    80 |     void send_motor_cmd(int16_t motor1, int16_t motor2, int16_t motor3, int16_t motor4) {
[1.310s]       |                                                                         ~~~~~~~~^~~~~~
[1.310s] /home/ubuntu/桌面/RM26/src/ros2_armor_can/src/armor_send.cpp: In member function ‘void ArmorSend::delta_callback(geometry_msgs::msg::Point_<std::allocator<void> >::SharedPtr)’:
[1.310s] /home/ubuntu/桌面/RM26/src/ros2_armor_can/src/armor_send.cpp:120:68: warning: unused parameter ‘msg’ [-Wunused-parameter]
[1.310s]   120 |     void delta_callback(const geometry_msgs::msg::Point::SharedPtr msg) {
[1.311s]       |                         ~~~~~~~~~~~~~~~~~~~~~~~~~~~~~~~~~~~~~~~~~~~^~~
[5.610s] [100%] Linking CXX executable armor_send_node
[5.915s] [100%] Built target armor_send_node
[5.933s] Invoked command in '/home/ubuntu/桌面/RM26/build/ros2_armor_can' returned '0': /usr/bin/cmake --build /home/ubuntu/桌面/RM26/build/ros2_armor_can -- -j14 -l14
[5.943s] Invoking command in '/home/ubuntu/桌面/RM26/build/ros2_armor_can': /usr/bin/cmake --install /home/ubuntu/桌面/RM26/build/ros2_armor_can
[5.945s] -- Install configuration: ""
[5.945s] -- Installing: /home/ubuntu/桌面/RM26/install/ros2_armor_can/lib/ros2_armor_can/armor_send_node
[5.950s] -- Set runtime path of "/home/ubuntu/桌面/RM26/install/ros2_armor_can/lib/ros2_armor_can/armor_send_node" to ""
[5.950s] -- Installing: /home/ubuntu/桌面/RM26/install/ros2_armor_can/lib/ros2_armor_can/test_send_node
[5.950s] -- Set runtime path of "/home/ubuntu/桌面/RM26/install/ros2_armor_can/lib/ros2_armor_can/test_send_node" to ""
[5.950s] -- Up-to-date: /home/ubuntu/桌面/RM26/install/ros2_armor_can/share/ros2_armor_can//launch
[5.950s] -- Up-to-date: /home/ubuntu/桌面/RM26/install/ros2_armor_can/share/ros2_armor_can//launch/__pycache__
[5.950s] -- Up-to-date: /home/ubuntu/桌面/RM26/install/ros2_armor_can/share/ros2_armor_can//launch/__pycache__/motor_all.launch.cpython-310.pyc
[5.950s] -- Up-to-date: /home/ubuntu/桌面/RM26/install/ros2_armor_can/share/ros2_armor_can//launch/test.launch.py
[5.950s] -- Up-to-date: /home/ubuntu/桌面/RM26/install/ros2_armor_can/share/ros2_armor_can//launch/motor_all.launch.py
[5.950s] -- Up-to-date: /home/ubuntu/桌面/RM26/install/ros2_armor_can/share/ament_index/resource_index/package_run_dependencies/ros2_armor_can
[5.950s] -- Up-to-date: /home/ubuntu/桌面/RM26/install/ros2_armor_can/share/ament_index/resource_index/parent_prefix_path/ros2_armor_can
[5.950s] -- Up-to-date: /home/ubuntu/桌面/RM26/install/ros2_armor_can/share/ros2_armor_can/environment/ament_prefix_path.sh
[5.950s] -- Up-to-date: /home/ubuntu/桌面/RM26/install/ros2_armor_can/share/ros2_armor_can/environment/ament_prefix_path.dsv
[5.950s] -- Up-to-date: /home/ubuntu/桌面/RM26/install/ros2_armor_can/share/ros2_armor_can/environment/path.sh
[5.950s] -- Up-to-date: /home/ubuntu/桌面/RM26/install/ros2_armor_can/share/ros2_armor_can/environment/path.dsv
[5.951s] -- Up-to-date: /home/ubuntu/桌面/RM26/install/ros2_armor_can/share/ros2_armor_can/local_setup.bash
[5.951s] -- Up-to-date: /home/ubuntu/桌面/RM26/install/ros2_armor_can/share/ros2_armor_can/local_setup.sh
[5.951s] -- Up-to-date: /home/ubuntu/桌面/RM26/install/ros2_armor_can/share/ros2_armor_can/local_setup.zsh
[5.951s] -- Up-to-date: /home/ubuntu/桌面/RM26/install/ros2_armor_can/share/ros2_armor_can/local_setup.dsv
[5.951s] -- Installing: /home/ubuntu/桌面/RM26/install/ros2_armor_can/share/ros2_armor_can/package.dsv
[5.951s] -- Up-to-date: /home/ubuntu/桌面/RM26/install/ros2_armor_can/share/ament_index/resource_index/packages/ros2_armor_can
[5.951s] -- Up-to-date: /home/ubuntu/桌面/RM26/install/ros2_armor_can/share/ros2_armor_can/cmake/ros2_armor_canConfig.cmake
[5.951s] -- Up-to-date: /home/ubuntu/桌面/RM26/install/ros2_armor_can/share/ros2_armor_can/cmake/ros2_armor_canConfig-version.cmake
[5.951s] -- Up-to-date: /home/ubuntu/桌面/RM26/install/ros2_armor_can/share/ros2_armor_can/package.xml
[5.951s] Invoked command in '/home/ubuntu/桌面/RM26/build/ros2_armor_can' returned '0': /usr/bin/cmake --install /home/ubuntu/桌面/RM26/build/ros2_armor_can
