[0.016s] Invoking command in '/home/ubuntu/桌面/RM26/build/hik_camera': CMAKE_PREFIX_PATH=/opt/ros/humble /usr/bin/cmake --build /home/ubuntu/桌面/RM26/build/hik_camera -- -j14 -l14
[0.039s] -- Found ament_cmake_auto: 1.3.12 (/opt/ros/humble/share/ament_cmake_auto/cmake)
[0.183s] -- Found rosidl_generator_c: 3.1.7 (/opt/ros/humble/share/rosidl_generator_c/cmake)
[0.183s] -- Found rosidl_adapter: 3.1.7 (/opt/ros/humble/share/rosidl_adapter/cmake)
[0.186s] -- Found rosidl_generator_cpp: 3.1.7 (/opt/ros/humble/share/rosidl_generator_cpp/cmake)
[0.190s] -- Using all available rosidl_typesupport_c: rosidl_typesupport_fastrtps_c;rosidl_typesupport_introspection_c
[0.197s] -- Using all available rosidl_typesupport_cpp: rosidl_typesupport_fastrtps_cpp;rosidl_typesupport_introspection_cpp
[0.212s] -- Found rmw_implementation_cmake: 6.1.2 (/opt/ros/humble/share/rmw_implementation_cmake/cmake)
[0.212s] -- Found rmw_fastrtps_cpp: 6.2.8 (/opt/ros/humble/share/rmw_fastrtps_cpp/cmake)
[0.274s] -- Using RMW implementation 'rmw_fastrtps_cpp' as default
[0.343s] [31mCMake Error at CMakeLists.txt:31 (find_package):
[0.343s]   By not providing "Findcamera_info_manager.cmake" in CMAKE_MODULE_PATH this
[0.344s]   project has asked CMake to find a package configuration file provided by
[0.344s]   "camera_info_manager", but CMake did not find one.
[0.344s] 
[0.344s]   Could not find a package configuration file provided by
[0.344s]   "camera_info_manager" with any of the following names:
[0.344s] 
[0.344s]     camera_info_managerConfig.cmake
[0.344s]     camera_info_manager-config.cmake
[0.344s] 
[0.344s]   Add the installation prefix of "camera_info_manager" to CMAKE_PREFIX_PATH
[0.344s]   or set "camera_info_manager_DIR" to a directory containing one of the above
[0.344s]   files.  If "camera_info_manager" provides a separate development package or
[0.344s]   SDK, be sure it has been installed.
[0.344s] 
[0.344s] [0m
[0.344s] -- Configuring incomplete, errors occurred!
[0.344s] See also "/home/ubuntu/桌面/RM26/build/hik_camera/CMakeFiles/CMakeOutput.log".
[0.348s] gmake: *** [Makefile:308：cmake_check_build_system] 错误 1
[0.350s] Invoked command in '/home/ubuntu/桌面/RM26/build/hik_camera' returned '2': CMAKE_PREFIX_PATH=/opt/ros/humble /usr/bin/cmake --build /home/ubuntu/桌面/RM26/build/hik_camera -- -j14 -l14
