[35m[1mConsolidate compiler generated dependencies of target recive_pkg[0m
[ 10%] [32mBuilding CXX object CMakeFiles/recive_pkg.dir/src/image_subscirber_node.cpp.o[0m
[ 20%] [32mBuilding CXX object CMakeFiles/recive_pkg.dir/home/ubuntu/æ¡Œé¢/RM26/src/rm_auto_aim/detection/src/yolo_detection.cpp.o[0m
[ 30%] [32m[1mLinking CXX executable recive_pkg[0m
[100%] Built target recive_pkg
-- Install configuration: ""
-- Installing: /home/ubuntu/æ¡Œé¢/RM26/install/recive_pkg/lib/recive_pkg/recive_pkg
-- Set runtime path of "/home/ubuntu/æ¡Œé¢/RM26/install/recive_pkg/lib/recive_pkg/recive_pkg" to ""
-- Up-to-date: /home/ubuntu/æ¡Œé¢/RM26/install/recive_pkg/share/ament_index/resource_index/package_run_dependencies/recive_pkg
-- Up-to-date: /home/ubuntu/æ¡Œé¢/RM26/install/recive_pkg/share/ament_index/resource_index/parent_prefix_path/recive_pkg
-- Up-to-date: /home/ubuntu/æ¡Œé¢/RM26/install/recive_pkg/share/recive_pkg/environment/ament_prefix_path.sh
-- Up-to-date: /home/ubuntu/æ¡Œé¢/RM26/install/recive_pkg/share/recive_pkg/environment/ament_prefix_path.dsv
-- Up-to-date: /home/ubuntu/æ¡Œé¢/RM26/install/recive_pkg/share/recive_pkg/environment/path.sh
-- Up-to-date: /home/ubuntu/æ¡Œé¢/RM26/install/recive_pkg/share/recive_pkg/environment/path.dsv
-- Up-to-date: /home/ubuntu/æ¡Œé¢/RM26/install/recive_pkg/share/recive_pkg/local_setup.bash
-- Up-to-date: /home/ubuntu/æ¡Œé¢/RM26/install/recive_pkg/share/recive_pkg/local_setup.sh
-- Up-to-date: /home/ubuntu/æ¡Œé¢/RM26/install/recive_pkg/share/recive_pkg/local_setup.zsh
-- Up-to-date: /home/ubuntu/æ¡Œé¢/RM26/install/recive_pkg/share/recive_pkg/local_setup.dsv
-- Installing: /home/ubuntu/æ¡Œé¢/RM26/install/recive_pkg/share/recive_pkg/package.dsv
-- Up-to-date: /home/ubuntu/æ¡Œé¢/RM26/install/recive_pkg/share/ament_index/resource_index/packages/recive_pkg
-- Up-to-date: /home/ubuntu/æ¡Œé¢/RM26/install/recive_pkg/share/recive_pkg/cmake/recive_pkgConfig.cmake
-- Up-to-date: /home/ubuntu/æ¡Œé¢/RM26/install/recive_pkg/share/recive_pkg/cmake/recive_pkgConfig-version.cmake
-- Up-to-date: /home/ubuntu/æ¡Œé¢/RM26/install/recive_pkg/share/recive_pkg/package.xml
