[0.025s] Invoking command in '/home/ubuntu/桌面/RM26_ROS2PKG/build/recive_pkg': CMAKE_PREFIX_PATH=/opt/ros/humble /usr/bin/cmake --build /home/ubuntu/桌面/RM26_ROS2PKG/build/recive_pkg -- -j14 -l14
[0.049s] -- Found ament_cmake: 1.3.12 (/opt/ros/humble/share/ament_cmake/cmake)
[0.158s] -- Found rclcpp: 16.0.14 (/opt/ros/humble/share/rclcpp/cmake)
[0.177s] -- Found rosidl_generator_c: 3.1.7 (/opt/ros/humble/share/rosidl_generator_c/cmake)
[0.179s] -- Found rosidl_adapter: 3.1.7 (/opt/ros/humble/share/rosidl_adapter/cmake)
[0.182s] -- Found rosidl_generator_cpp: 3.1.7 (/opt/ros/humble/share/rosidl_generator_cpp/cmake)
[0.188s] -- Using all available rosidl_typesupport_c: rosidl_typesupport_fastrtps_c;rosidl_typesupport_introspection_c
[0.194s] -- Using all available rosidl_typesupport_cpp: rosidl_typesupport_fastrtps_cpp;rosidl_typesupport_introspection_cpp
[0.208s] -- Found rmw_implementation_cmake: 6.1.2 (/opt/ros/humble/share/rmw_implementation_cmake/cmake)
[0.210s] -- Found rmw_fastrtps_cpp: 6.2.8 (/opt/ros/humble/share/rmw_fastrtps_cpp/cmake)
[0.274s] -- Using RMW implementation 'rmw_fastrtps_cpp' as default
[0.296s] -- Found sensor_msgs: 4.9.0 (/opt/ros/humble/share/sensor_msgs/cmake)
[0.312s] -- Found cv_bridge: 3.2.1 (/opt/ros/humble/share/cv_bridge/cmake)
[0.314s] -- Found ament_lint_auto: 0.12.14 (/opt/ros/humble/share/ament_lint_auto/cmake)
[0.357s] -- Added test 'cppcheck' to perform static code analysis on C / C++ code
[0.357s] -- Configured cppcheck include dirs: /home/ubuntu/桌面/RM26_ROS2PKG/src/recive_pkg/include
[0.357s] -- Configured cppcheck exclude dirs and/or files: 
[0.358s] -- Added test 'lint_cmake' to check CMake code style
[0.358s] -- Added test 'uncrustify' to check C / C++ code style
[0.358s] -- Configured uncrustify additional arguments: 
[0.358s] -- Added test 'xmllint' to check XML markup files
[0.358s] -- Configuring done
[0.361s] [31mCMake Error at CMakeLists.txt:59 (add_executable):
[0.361s]   Cannot find source file:
[0.361s] 
[0.361s]     /home/ubuntu/桌面/RM26_ROS2PKG/src/rm_auto_aim/detection/TimeCounter/pnp.cpp
[0.361s] 
[0.361s]   Tried extensions .c .C .c++ .cc .cpp .cxx .cu .mpp .m .M .mm .ixx .cppm .h
[0.361s]   .hh .h++ .hm .hpp .hxx .in .txx .f .F .for .f77 .f90 .f95 .f03 .hip .ispc
[0.361s] 
[0.361s] [0m
[0.362s] [31mCMake Error at CMakeLists.txt:59 (add_executable):
[0.362s]   No SOURCES given to target: recive_pkg
[0.362s] 
[0.362s] [0m
[0.362s] [0mCMake Generate step failed.  Build files cannot be regenerated correctly.[0m
[0.366s] gmake: *** [Makefile:483：cmake_check_build_system] 错误 1
[0.370s] Invoked command in '/home/ubuntu/桌面/RM26_ROS2PKG/build/recive_pkg' returned '2': CMAKE_PREFIX_PATH=/opt/ros/humble /usr/bin/cmake --build /home/ubuntu/桌面/RM26_ROS2PKG/build/recive_pkg -- -j14 -l14
