[0.078s] DEBUG:colcon:Command line arguments: ['/usr/bin/colcon', 'build']
[0.078s] DEBUG:colcon:Parsed command line arguments: Namespace(log_base=None, log_level=None, verb_name='build', build_base='build', install_base='install', merge_install=False, symlink_install=False, test_result_base=None, continue_on_error=False, executor='parallel', parallel_workers=14, event_handlers=None, ignore_user_meta=False, metas=['./colcon.meta'], base_paths=['.'], packages_ignore=None, packages_ignore_regex=None, paths=None, packages_up_to=None, packages_up_to_regex=None, packages_above=None, packages_above_and_dependencies=None, packages_above_depth=None, packages_select_by_dep=None, packages_skip_by_dep=None, packages_skip_up_to=None, packages_select_build_failed=False, packages_skip_build_finished=False, packages_select_test_failures=False, packages_skip_test_passed=False, packages_select=None, packages_skip=None, packages_select_regex=None, packages_skip_regex=None, packages_start=None, packages_end=None, allow_overriding=[], cmake_args=None, cmake_target=None, cmake_target_skip_unavailable=False, cmake_clean_cache=False, cmake_clean_first=False, cmake_force_configure=False, ament_cmake_args=None, catkin_cmake_args=None, catkin_skip_building_tests=False, verb_parser=<colcon_defaults.argument_parser.defaults.DefaultArgumentsDecorator object at 0x726b8c527c10>, verb_extension=<colcon_core.verb.build.BuildVerb object at 0x726b8c659060>, main=<bound method BuildVerb.main of <colcon_core.verb.build.BuildVerb object at 0x726b8c659060>>)
[0.227s] Level 1:colcon.colcon_core.package_discovery:discover_packages(colcon_meta) check parameters
[0.227s] Level 1:colcon.colcon_core.package_discovery:discover_packages(recursive) check parameters
[0.227s] Level 1:colcon.colcon_core.package_discovery:discover_packages(ignore) check parameters
[0.227s] Level 1:colcon.colcon_core.package_discovery:discover_packages(path) check parameters
[0.227s] Level 1:colcon.colcon_core.package_discovery:discover_packages(colcon_meta) discover
[0.227s] Level 1:colcon.colcon_core.package_discovery:discover_packages(recursive) discover
[0.227s] INFO:colcon.colcon_core.package_discovery:Crawling recursively for packages in '/home/ubuntu/桌面/RM26_ROS2PKG'
[0.227s] Level 1:colcon.colcon_core.package_identification:_identify(.) by extensions ['ignore', 'ignore_ament_install']
[0.227s] Level 1:colcon.colcon_core.package_identification:_identify(.) by extension 'ignore'
[0.227s] Level 1:colcon.colcon_core.package_identification:_identify(.) by extension 'ignore_ament_install'
[0.227s] Level 1:colcon.colcon_core.package_identification:_identify(.) by extensions ['colcon_pkg']
[0.227s] Level 1:colcon.colcon_core.package_identification:_identify(.) by extension 'colcon_pkg'
[0.227s] Level 1:colcon.colcon_core.package_identification:_identify(.) by extensions ['colcon_meta']
[0.227s] Level 1:colcon.colcon_core.package_identification:_identify(.) by extension 'colcon_meta'
[0.227s] Level 1:colcon.colcon_core.package_identification:_identify(.) by extensions ['ros']
[0.227s] Level 1:colcon.colcon_core.package_identification:_identify(.) by extension 'ros'
[0.233s] Level 1:colcon.colcon_core.package_identification:_identify(.) by extensions ['cmake', 'python']
[0.233s] Level 1:colcon.colcon_core.package_identification:_identify(.) by extension 'cmake'
[0.233s] Level 1:colcon.colcon_core.package_identification:_identify(.) by extension 'python'
[0.233s] Level 1:colcon.colcon_core.package_identification:_identify(.) by extensions ['python_setup_py']
[0.233s] Level 1:colcon.colcon_core.package_identification:_identify(.) by extension 'python_setup_py'
[0.234s] Level 1:colcon.colcon_core.package_identification:_identify(build) by extensions ['ignore', 'ignore_ament_install']
[0.234s] Level 1:colcon.colcon_core.package_identification:_identify(build) by extension 'ignore'
[0.234s] Level 1:colcon.colcon_core.package_identification:_identify(build) ignored
[0.234s] Level 1:colcon.colcon_core.package_identification:_identify(install) by extensions ['ignore', 'ignore_ament_install']
[0.234s] Level 1:colcon.colcon_core.package_identification:_identify(install) by extension 'ignore'
[0.234s] Level 1:colcon.colcon_core.package_identification:_identify(install) ignored
[0.234s] Level 1:colcon.colcon_core.package_identification:_identify(log) by extensions ['ignore', 'ignore_ament_install']
[0.234s] Level 1:colcon.colcon_core.package_identification:_identify(log) by extension 'ignore'
[0.234s] Level 1:colcon.colcon_core.package_identification:_identify(log) ignored
[0.234s] Level 1:colcon.colcon_core.package_identification:_identify(src) by extensions ['ignore', 'ignore_ament_install']
[0.234s] Level 1:colcon.colcon_core.package_identification:_identify(src) by extension 'ignore'
[0.234s] Level 1:colcon.colcon_core.package_identification:_identify(src) by extension 'ignore_ament_install'
[0.234s] Level 1:colcon.colcon_core.package_identification:_identify(src) by extensions ['colcon_pkg']
[0.234s] Level 1:colcon.colcon_core.package_identification:_identify(src) by extension 'colcon_pkg'
[0.234s] Level 1:colcon.colcon_core.package_identification:_identify(src) by extensions ['colcon_meta']
[0.234s] Level 1:colcon.colcon_core.package_identification:_identify(src) by extension 'colcon_meta'
[0.234s] Level 1:colcon.colcon_core.package_identification:_identify(src) by extensions ['ros']
[0.234s] Level 1:colcon.colcon_core.package_identification:_identify(src) by extension 'ros'
[0.234s] Level 1:colcon.colcon_core.package_identification:_identify(src) by extensions ['cmake', 'python']
[0.234s] Level 1:colcon.colcon_core.package_identification:_identify(src) by extension 'cmake'
[0.234s] Level 1:colcon.colcon_core.package_identification:_identify(src) by extension 'python'
[0.234s] Level 1:colcon.colcon_core.package_identification:_identify(src) by extensions ['python_setup_py']
[0.234s] Level 1:colcon.colcon_core.package_identification:_identify(src) by extension 'python_setup_py'
[0.234s] Level 1:colcon.colcon_core.package_identification:_identify(src/recive_pkg) by extensions ['ignore', 'ignore_ament_install']
[0.234s] Level 1:colcon.colcon_core.package_identification:_identify(src/recive_pkg) by extension 'ignore'
[0.234s] Level 1:colcon.colcon_core.package_identification:_identify(src/recive_pkg) by extension 'ignore_ament_install'
[0.234s] Level 1:colcon.colcon_core.package_identification:_identify(src/recive_pkg) by extensions ['colcon_pkg']
[0.234s] Level 1:colcon.colcon_core.package_identification:_identify(src/recive_pkg) by extension 'colcon_pkg'
[0.234s] Level 1:colcon.colcon_core.package_identification:_identify(src/recive_pkg) by extensions ['colcon_meta']
[0.234s] Level 1:colcon.colcon_core.package_identification:_identify(src/recive_pkg) by extension 'colcon_meta'
[0.234s] Level 1:colcon.colcon_core.package_identification:_identify(src/recive_pkg) by extensions ['ros']
[0.234s] Level 1:colcon.colcon_core.package_identification:_identify(src/recive_pkg) by extension 'ros'
[0.236s] DEBUG:colcon.colcon_core.package_identification:Package 'src/recive_pkg' with type 'ros.ament_cmake' and name 'recive_pkg'
[0.236s] Level 1:colcon.colcon_core.package_identification:_identify(src/rm_auto_aim) by extensions ['ignore', 'ignore_ament_install']
[0.236s] Level 1:colcon.colcon_core.package_identification:_identify(src/rm_auto_aim) by extension 'ignore'
[0.236s] Level 1:colcon.colcon_core.package_identification:_identify(src/rm_auto_aim) by extension 'ignore_ament_install'
[0.236s] Level 1:colcon.colcon_core.package_identification:_identify(src/rm_auto_aim) by extensions ['colcon_pkg']
[0.236s] Level 1:colcon.colcon_core.package_identification:_identify(src/rm_auto_aim) by extension 'colcon_pkg'
[0.236s] Level 1:colcon.colcon_core.package_identification:_identify(src/rm_auto_aim) by extensions ['colcon_meta']
[0.236s] Level 1:colcon.colcon_core.package_identification:_identify(src/rm_auto_aim) by extension 'colcon_meta'
[0.236s] Level 1:colcon.colcon_core.package_identification:_identify(src/rm_auto_aim) by extensions ['ros']
[0.236s] Level 1:colcon.colcon_core.package_identification:_identify(src/rm_auto_aim) by extension 'ros'
[0.236s] Level 1:colcon.colcon_core.package_identification:_identify(src/rm_auto_aim) by extensions ['cmake', 'python']
[0.236s] Level 1:colcon.colcon_core.package_identification:_identify(src/rm_auto_aim) by extension 'cmake'
[0.236s] Level 1:colcon.colcon_core.package_identification:_identify(src/rm_auto_aim) by extension 'python'
[0.236s] Level 1:colcon.colcon_core.package_identification:_identify(src/rm_auto_aim) by extensions ['python_setup_py']
[0.236s] Level 1:colcon.colcon_core.package_identification:_identify(src/rm_auto_aim) by extension 'python_setup_py'
[0.236s] Level 1:colcon.colcon_core.package_identification:_identify(src/rm_auto_aim/detection) by extensions ['ignore', 'ignore_ament_install']
[0.236s] Level 1:colcon.colcon_core.package_identification:_identify(src/rm_auto_aim/detection) by extension 'ignore'
[0.236s] Level 1:colcon.colcon_core.package_identification:_identify(src/rm_auto_aim/detection) by extension 'ignore_ament_install'
[0.236s] Level 1:colcon.colcon_core.package_identification:_identify(src/rm_auto_aim/detection) by extensions ['colcon_pkg']
[0.236s] Level 1:colcon.colcon_core.package_identification:_identify(src/rm_auto_aim/detection) by extension 'colcon_pkg'
[0.236s] Level 1:colcon.colcon_core.package_identification:_identify(src/rm_auto_aim/detection) by extensions ['colcon_meta']
[0.236s] Level 1:colcon.colcon_core.package_identification:_identify(src/rm_auto_aim/detection) by extension 'colcon_meta'
[0.236s] Level 1:colcon.colcon_core.package_identification:_identify(src/rm_auto_aim/detection) by extensions ['ros']
[0.236s] Level 1:colcon.colcon_core.package_identification:_identify(src/rm_auto_aim/detection) by extension 'ros'
[0.236s] Level 1:colcon.colcon_core.package_identification:_identify(src/rm_auto_aim/detection) by extensions ['cmake', 'python']
[0.236s] Level 1:colcon.colcon_core.package_identification:_identify(src/rm_auto_aim/detection) by extension 'cmake'
[0.238s] Level 1:colcon.colcon_core.package_identification:_identify(src/rm_auto_aim/detection) by extension 'python'
[0.239s] DEBUG:colcon.colcon_core.package_identification:Package 'src/rm_auto_aim/detection' with type 'cmake' and name 'detection'
[0.239s] Level 1:colcon.colcon_core.package_identification:_identify(src/ros2_armor_can) by extensions ['ignore', 'ignore_ament_install']
[0.239s] Level 1:colcon.colcon_core.package_identification:_identify(src/ros2_armor_can) by extension 'ignore'
[0.239s] Level 1:colcon.colcon_core.package_identification:_identify(src/ros2_armor_can) by extension 'ignore_ament_install'
[0.239s] Level 1:colcon.colcon_core.package_identification:_identify(src/ros2_armor_can) by extensions ['colcon_pkg']
[0.239s] Level 1:colcon.colcon_core.package_identification:_identify(src/ros2_armor_can) by extension 'colcon_pkg'
[0.239s] Level 1:colcon.colcon_core.package_identification:_identify(src/ros2_armor_can) by extensions ['colcon_meta']
[0.239s] Level 1:colcon.colcon_core.package_identification:_identify(src/ros2_armor_can) by extension 'colcon_meta'
[0.239s] Level 1:colcon.colcon_core.package_identification:_identify(src/ros2_armor_can) by extensions ['ros']
[0.239s] Level 1:colcon.colcon_core.package_identification:_identify(src/ros2_armor_can) by extension 'ros'
[0.239s] DEBUG:colcon.colcon_core.package_identification:Package 'src/ros2_armor_can' with type 'ros.catkin' and name 'ros2_armor_can'
[0.239s] Level 1:colcon.colcon_core.package_identification:_identify(src/ros2_hik_camera-main) by extensions ['ignore', 'ignore_ament_install']
[0.239s] Level 1:colcon.colcon_core.package_identification:_identify(src/ros2_hik_camera-main) by extension 'ignore'
[0.239s] Level 1:colcon.colcon_core.package_identification:_identify(src/ros2_hik_camera-main) by extension 'ignore_ament_install'
[0.239s] Level 1:colcon.colcon_core.package_identification:_identify(src/ros2_hik_camera-main) by extensions ['colcon_pkg']
[0.239s] Level 1:colcon.colcon_core.package_identification:_identify(src/ros2_hik_camera-main) by extension 'colcon_pkg'
[0.239s] Level 1:colcon.colcon_core.package_identification:_identify(src/ros2_hik_camera-main) by extensions ['colcon_meta']
[0.239s] Level 1:colcon.colcon_core.package_identification:_identify(src/ros2_hik_camera-main) by extension 'colcon_meta'
[0.239s] Level 1:colcon.colcon_core.package_identification:_identify(src/ros2_hik_camera-main) by extensions ['ros']
[0.239s] Level 1:colcon.colcon_core.package_identification:_identify(src/ros2_hik_camera-main) by extension 'ros'
[0.240s] DEBUG:colcon.colcon_core.package_identification:Package 'src/ros2_hik_camera-main' with type 'ros.ament_cmake' and name 'hik_camera'
[0.240s] Level 1:colcon.colcon_core.package_discovery:discover_packages(recursive) using defaults
[0.240s] Level 1:colcon.colcon_core.package_discovery:discover_packages(ignore) discover
[0.240s] Level 1:colcon.colcon_core.package_discovery:discover_packages(ignore) using defaults
[0.240s] Level 1:colcon.colcon_core.package_discovery:discover_packages(path) discover
[0.240s] Level 1:colcon.colcon_core.package_discovery:discover_packages(path) using defaults
[0.256s] Level 1:colcon.colcon_core.package_discovery:discover_packages(prefix_path) check parameters
[0.256s] Level 1:colcon.colcon_core.package_discovery:discover_packages(prefix_path) discover
[0.258s] DEBUG:colcon.colcon_installed_package_information.package_discovery:Found 280 installed packages in /opt/ros/humble
[0.264s] Level 1:colcon.colcon_core.package_discovery:discover_packages(prefix_path) using defaults
[0.280s] Level 5:colcon.colcon_core.verb:set package 'detection' build argument 'cmake_args' from command line to 'None'
[0.280s] Level 5:colcon.colcon_core.verb:set package 'detection' build argument 'cmake_target' from command line to 'None'
[0.280s] Level 5:colcon.colcon_core.verb:set package 'detection' build argument 'cmake_target_skip_unavailable' from command line to 'False'
[0.280s] Level 5:colcon.colcon_core.verb:set package 'detection' build argument 'cmake_clean_cache' from command line to 'False'
[0.280s] Level 5:colcon.colcon_core.verb:set package 'detection' build argument 'cmake_clean_first' from command line to 'False'
[0.280s] Level 5:colcon.colcon_core.verb:set package 'detection' build argument 'cmake_force_configure' from command line to 'False'
[0.280s] Level 5:colcon.colcon_core.verb:set package 'detection' build argument 'ament_cmake_args' from command line to 'None'
[0.280s] Level 5:colcon.colcon_core.verb:set package 'detection' build argument 'catkin_cmake_args' from command line to 'None'
[0.280s] Level 5:colcon.colcon_core.verb:set package 'detection' build argument 'catkin_skip_building_tests' from command line to 'False'
[0.280s] DEBUG:colcon.colcon_core.verb:Building package 'detection' with the following arguments: {'ament_cmake_args': None, 'build_base': '/home/ubuntu/桌面/RM26_ROS2PKG/build/detection', 'catkin_cmake_args': None, 'catkin_skip_building_tests': False, 'cmake_args': None, 'cmake_clean_cache': False, 'cmake_clean_first': False, 'cmake_force_configure': False, 'cmake_target': None, 'cmake_target_skip_unavailable': False, 'install_base': '/home/ubuntu/桌面/RM26_ROS2PKG/install/detection', 'merge_install': False, 'path': '/home/ubuntu/桌面/RM26_ROS2PKG/src/rm_auto_aim/detection', 'symlink_install': False, 'test_result_base': None}
[0.280s] Level 5:colcon.colcon_core.verb:set package 'hik_camera' build argument 'cmake_args' from command line to 'None'
[0.280s] Level 5:colcon.colcon_core.verb:set package 'hik_camera' build argument 'cmake_target' from command line to 'None'
[0.280s] Level 5:colcon.colcon_core.verb:set package 'hik_camera' build argument 'cmake_target_skip_unavailable' from command line to 'False'
[0.280s] Level 5:colcon.colcon_core.verb:set package 'hik_camera' build argument 'cmake_clean_cache' from command line to 'False'
[0.280s] Level 5:colcon.colcon_core.verb:set package 'hik_camera' build argument 'cmake_clean_first' from command line to 'False'
[0.280s] Level 5:colcon.colcon_core.verb:set package 'hik_camera' build argument 'cmake_force_configure' from command line to 'False'
[0.280s] Level 5:colcon.colcon_core.verb:set package 'hik_camera' build argument 'ament_cmake_args' from command line to 'None'
[0.280s] Level 5:colcon.colcon_core.verb:set package 'hik_camera' build argument 'catkin_cmake_args' from command line to 'None'
[0.280s] Level 5:colcon.colcon_core.verb:set package 'hik_camera' build argument 'catkin_skip_building_tests' from command line to 'False'
[0.280s] DEBUG:colcon.colcon_core.verb:Building package 'hik_camera' with the following arguments: {'ament_cmake_args': None, 'build_base': '/home/ubuntu/桌面/RM26_ROS2PKG/build/hik_camera', 'catkin_cmake_args': None, 'catkin_skip_building_tests': False, 'cmake_args': None, 'cmake_clean_cache': False, 'cmake_clean_first': False, 'cmake_force_configure': False, 'cmake_target': None, 'cmake_target_skip_unavailable': False, 'install_base': '/home/ubuntu/桌面/RM26_ROS2PKG/install/hik_camera', 'merge_install': False, 'path': '/home/ubuntu/桌面/RM26_ROS2PKG/src/ros2_hik_camera-main', 'symlink_install': False, 'test_result_base': None}
[0.280s] Level 5:colcon.colcon_core.verb:set package 'recive_pkg' build argument 'cmake_args' from command line to 'None'
[0.280s] Level 5:colcon.colcon_core.verb:set package 'recive_pkg' build argument 'cmake_target' from command line to 'None'
[0.280s] Level 5:colcon.colcon_core.verb:set package 'recive_pkg' build argument 'cmake_target_skip_unavailable' from command line to 'False'
[0.280s] Level 5:colcon.colcon_core.verb:set package 'recive_pkg' build argument 'cmake_clean_cache' from command line to 'False'
[0.280s] Level 5:colcon.colcon_core.verb:set package 'recive_pkg' build argument 'cmake_clean_first' from command line to 'False'
[0.280s] Level 5:colcon.colcon_core.verb:set package 'recive_pkg' build argument 'cmake_force_configure' from command line to 'False'
[0.280s] Level 5:colcon.colcon_core.verb:set package 'recive_pkg' build argument 'ament_cmake_args' from command line to 'None'
[0.280s] Level 5:colcon.colcon_core.verb:set package 'recive_pkg' build argument 'catkin_cmake_args' from command line to 'None'
[0.280s] Level 5:colcon.colcon_core.verb:set package 'recive_pkg' build argument 'catkin_skip_building_tests' from command line to 'False'
[0.280s] DEBUG:colcon.colcon_core.verb:Building package 'recive_pkg' with the following arguments: {'ament_cmake_args': None, 'build_base': '/home/ubuntu/桌面/RM26_ROS2PKG/build/recive_pkg', 'catkin_cmake_args': None, 'catkin_skip_building_tests': False, 'cmake_args': None, 'cmake_clean_cache': False, 'cmake_clean_first': False, 'cmake_force_configure': False, 'cmake_target': None, 'cmake_target_skip_unavailable': False, 'install_base': '/home/ubuntu/桌面/RM26_ROS2PKG/install/recive_pkg', 'merge_install': False, 'path': '/home/ubuntu/桌面/RM26_ROS2PKG/src/recive_pkg', 'symlink_install': False, 'test_result_base': None}
[0.280s] Level 5:colcon.colcon_core.verb:set package 'ros2_armor_can' build argument 'cmake_args' from command line to 'None'
[0.280s] Level 5:colcon.colcon_core.verb:set package 'ros2_armor_can' build argument 'cmake_target' from command line to 'None'
[0.280s] Level 5:colcon.colcon_core.verb:set package 'ros2_armor_can' build argument 'cmake_target_skip_unavailable' from command line to 'False'
[0.280s] Level 5:colcon.colcon_core.verb:set package 'ros2_armor_can' build argument 'cmake_clean_cache' from command line to 'False'
[0.280s] Level 5:colcon.colcon_core.verb:set package 'ros2_armor_can' build argument 'cmake_clean_first' from command line to 'False'
[0.280s] Level 5:colcon.colcon_core.verb:set package 'ros2_armor_can' build argument 'cmake_force_configure' from command line to 'False'
[0.280s] Level 5:colcon.colcon_core.verb:set package 'ros2_armor_can' build argument 'ament_cmake_args' from command line to 'None'
[0.280s] Level 5:colcon.colcon_core.verb:set package 'ros2_armor_can' build argument 'catkin_cmake_args' from command line to 'None'
[0.280s] Level 5:colcon.colcon_core.verb:set package 'ros2_armor_can' build argument 'catkin_skip_building_tests' from command line to 'False'
[0.280s] DEBUG:colcon.colcon_core.verb:Building package 'ros2_armor_can' with the following arguments: {'ament_cmake_args': None, 'build_base': '/home/ubuntu/桌面/RM26_ROS2PKG/build/ros2_armor_can', 'catkin_cmake_args': None, 'catkin_skip_building_tests': False, 'cmake_args': None, 'cmake_clean_cache': False, 'cmake_clean_first': False, 'cmake_force_configure': False, 'cmake_target': None, 'cmake_target_skip_unavailable': False, 'install_base': '/home/ubuntu/桌面/RM26_ROS2PKG/install/ros2_armor_can', 'merge_install': False, 'path': '/home/ubuntu/桌面/RM26_ROS2PKG/src/ros2_armor_can', 'symlink_install': False, 'test_result_base': None}
[0.280s] INFO:colcon.colcon_core.executor:Executing jobs using 'parallel' executor
[0.281s] DEBUG:colcon.colcon_parallel_executor.executor.parallel:run_until_complete
[0.281s] INFO:colcon.colcon_cmake.task.cmake.build:Building CMake package in '/home/ubuntu/桌面/RM26_ROS2PKG/src/rm_auto_aim/detection'
[0.284s] INFO:colcon.colcon_core.plugin_system:Skipping extension 'colcon_core.shell.bat': Not used on non-Windows systems
[0.284s] INFO:colcon.colcon_core.shell:Skip shell extension 'powershell' for command environment: Not usable outside of PowerShell
[0.284s] DEBUG:colcon.colcon_core.shell:Skip shell extension 'dsv' for command environment
[0.285s] INFO:colcon.colcon_ros.task.ament_cmake.build:Building ROS package in '/home/ubuntu/桌面/RM26_ROS2PKG/src/ros2_hik_camera-main' with build type 'ament_cmake'
[0.285s] INFO:colcon.colcon_cmake.task.cmake.build:Building CMake package in '/home/ubuntu/桌面/RM26_ROS2PKG/src/ros2_hik_camera-main'
[0.285s] INFO:colcon.colcon_core.shell:Skip shell extension 'powershell' for command environment: Not usable outside of PowerShell
[0.285s] DEBUG:colcon.colcon_core.shell:Skip shell extension 'dsv' for command environment
[0.287s] INFO:colcon.colcon_ros.task.ament_cmake.build:Building ROS package in '/home/ubuntu/桌面/RM26_ROS2PKG/src/recive_pkg' with build type 'ament_cmake'
[0.287s] INFO:colcon.colcon_cmake.task.cmake.build:Building CMake package in '/home/ubuntu/桌面/RM26_ROS2PKG/src/recive_pkg'
[0.287s] INFO:colcon.colcon_core.shell:Skip shell extension 'powershell' for command environment: Not usable outside of PowerShell
[0.288s] DEBUG:colcon.colcon_core.shell:Skip shell extension 'dsv' for command environment
[0.289s] INFO:colcon.colcon_ros.task.catkin.build:Building ROS package in '/home/ubuntu/桌面/RM26_ROS2PKG/src/ros2_armor_can' with build type 'catkin'
[0.289s] INFO:colcon.colcon_cmake.task.cmake.build:Building CMake package in '/home/ubuntu/桌面/RM26_ROS2PKG/src/ros2_armor_can'
[0.289s] INFO:colcon.colcon_core.shell:Skip shell extension 'powershell' for command environment: Not usable outside of PowerShell
[0.289s] DEBUG:colcon.colcon_core.shell:Skip shell extension 'dsv' for command environment
[0.295s] DEBUG:colcon.colcon_core.event_handler.log_command:Invoking command in '/home/ubuntu/桌面/RM26_ROS2PKG/build/detection': /usr/bin/cmake --build /home/ubuntu/桌面/RM26_ROS2PKG/build/detection -- -j14 -l14
[0.302s] DEBUG:colcon.colcon_core.event_handler.log_command:Invoking command in '/home/ubuntu/桌面/RM26_ROS2PKG/build/hik_camera': CMAKE_PREFIX_PATH=/opt/ros/humble /usr/bin/cmake --build /home/ubuntu/桌面/RM26_ROS2PKG/build/hik_camera -- -j14 -l14
[0.311s] DEBUG:colcon.colcon_core.event_handler.log_command:Invoking command in '/home/ubuntu/桌面/RM26_ROS2PKG/build/recive_pkg': CMAKE_PREFIX_PATH=/opt/ros/humble /usr/bin/cmake --build /home/ubuntu/桌面/RM26_ROS2PKG/build/recive_pkg -- -j14 -l14
[0.321s] DEBUG:colcon.colcon_core.event_handler.log_command:Invoking command in '/home/ubuntu/桌面/RM26_ROS2PKG/build/ros2_armor_can': /usr/bin/cmake --build /home/ubuntu/桌面/RM26_ROS2PKG/build/ros2_armor_can -- -j14 -l14
[0.397s] DEBUG:colcon.colcon_core.event_handler.log_command:Invoked command in '/home/ubuntu/桌面/RM26_ROS2PKG/build/ros2_armor_can' returned '0': /usr/bin/cmake --build /home/ubuntu/桌面/RM26_ROS2PKG/build/ros2_armor_can -- -j14 -l14
[0.405s] DEBUG:colcon.colcon_core.event_handler.log_command:Invoking command in '/home/ubuntu/桌面/RM26_ROS2PKG/build/ros2_armor_can': /usr/bin/cmake --install /home/ubuntu/桌面/RM26_ROS2PKG/build/ros2_armor_can
[0.410s] DEBUG:colcon.colcon_core.event_handler.log_command:Invoked command in '/home/ubuntu/桌面/RM26_ROS2PKG/build/detection' returned '0': /usr/bin/cmake --build /home/ubuntu/桌面/RM26_ROS2PKG/build/detection -- -j14 -l14
[0.410s] WARNING:colcon.colcon_cmake.task.cmake.build:Could not run installation step for package 'detection' because it has no 'install' target
[0.410s] Level 1:colcon.colcon_core.environment:create_environment_scripts_only(detection)
[0.419s] Level 1:colcon.colcon_core.environment:checking '/home/ubuntu/桌面/RM26_ROS2PKG/install/detection' for CMake module files
[0.421s] Level 1:colcon.colcon_core.environment:checking '/home/ubuntu/桌面/RM26_ROS2PKG/install/detection' for CMake config files
[0.421s] Level 1:colcon.colcon_core.environment:checking '/home/ubuntu/桌面/RM26_ROS2PKG/install/detection/bin'
[0.421s] Level 1:colcon.colcon_core.environment:checking '/home/ubuntu/桌面/RM26_ROS2PKG/install/detection/lib/pkgconfig/detection.pc'
[0.422s] Level 1:colcon.colcon_core.environment:checking '/home/ubuntu/桌面/RM26_ROS2PKG/install/detection/lib/python3.10/site-packages'
[0.422s] Level 1:colcon.colcon_core.environment:checking '/home/ubuntu/桌面/RM26_ROS2PKG/install/detection/bin'
[0.422s] INFO:colcon.colcon_core.shell:Creating package script '/home/ubuntu/桌面/RM26_ROS2PKG/install/detection/share/detection/package.ps1'
[0.423s] INFO:colcon.colcon_core.shell:Creating package descriptor '/home/ubuntu/桌面/RM26_ROS2PKG/install/detection/share/detection/package.dsv'
[0.423s] INFO:colcon.colcon_core.shell:Creating package script '/home/ubuntu/桌面/RM26_ROS2PKG/install/detection/share/detection/package.sh'
[0.424s] INFO:colcon.colcon_core.shell:Creating package script '/home/ubuntu/桌面/RM26_ROS2PKG/install/detection/share/detection/package.bash'
[0.424s] INFO:colcon.colcon_core.shell:Creating package script '/home/ubuntu/桌面/RM26_ROS2PKG/install/detection/share/detection/package.zsh'
[0.425s] Level 1:colcon.colcon_core.environment:create_file_with_runtime_dependencies(/home/ubuntu/桌面/RM26_ROS2PKG/install/detection/share/colcon-core/packages/detection)
[0.427s] DEBUG:colcon.colcon_core.event_handler.log_command:Invoked command in '/home/ubuntu/桌面/RM26_ROS2PKG/build/hik_camera' returned '0': CMAKE_PREFIX_PATH=/opt/ros/humble /usr/bin/cmake --build /home/ubuntu/桌面/RM26_ROS2PKG/build/hik_camera -- -j14 -l14
[0.428s] DEBUG:colcon.colcon_core.event_handler.log_command:Invoking command in '/home/ubuntu/桌面/RM26_ROS2PKG/build/hik_camera': CMAKE_PREFIX_PATH=/opt/ros/humble /usr/bin/cmake --install /home/ubuntu/桌面/RM26_ROS2PKG/build/hik_camera
[0.428s] DEBUG:colcon.colcon_core.event_handler.log_command:Invoked command in '/home/ubuntu/桌面/RM26_ROS2PKG/build/ros2_armor_can' returned '0': /usr/bin/cmake --install /home/ubuntu/桌面/RM26_ROS2PKG/build/ros2_armor_can
[0.429s] Level 1:colcon.colcon_core.shell:create_environment_hook('ros2_armor_can', 'ros_package_path')
[0.429s] INFO:colcon.colcon_core.shell:Creating environment hook '/home/ubuntu/桌面/RM26_ROS2PKG/install/ros2_armor_can/share/ros2_armor_can/hook/ros_package_path.ps1'
[0.431s] INFO:colcon.colcon_core.shell:Creating environment descriptor '/home/ubuntu/桌面/RM26_ROS2PKG/install/ros2_armor_can/share/ros2_armor_can/hook/ros_package_path.dsv'
[0.431s] INFO:colcon.colcon_core.shell:Creating environment hook '/home/ubuntu/桌面/RM26_ROS2PKG/install/ros2_armor_can/share/ros2_armor_can/hook/ros_package_path.sh'
[0.433s] Level 1:colcon.colcon_core.shell:create_environment_hook('ros2_armor_can', 'pkg_config_path')
[0.433s] INFO:colcon.colcon_core.shell:Creating environment hook '/home/ubuntu/桌面/RM26_ROS2PKG/install/ros2_armor_can/share/ros2_armor_can/hook/pkg_config_path.ps1'
[0.433s] INFO:colcon.colcon_core.shell:Creating environment descriptor '/home/ubuntu/桌面/RM26_ROS2PKG/install/ros2_armor_can/share/ros2_armor_can/hook/pkg_config_path.dsv'
[0.433s] INFO:colcon.colcon_core.shell:Creating environment hook '/home/ubuntu/桌面/RM26_ROS2PKG/install/ros2_armor_can/share/ros2_armor_can/hook/pkg_config_path.sh'
[0.434s] Level 1:colcon.colcon_core.shell:create_environment_hook('ros2_armor_can', 'pkg_config_path_multiarch')
[0.435s] INFO:colcon.colcon_core.shell:Creating environment hook '/home/ubuntu/桌面/RM26_ROS2PKG/install/ros2_armor_can/share/ros2_armor_can/hook/pkg_config_path_multiarch.ps1'
[0.435s] INFO:colcon.colcon_core.shell:Creating environment descriptor '/home/ubuntu/桌面/RM26_ROS2PKG/install/ros2_armor_can/share/ros2_armor_can/hook/pkg_config_path_multiarch.dsv'
[0.435s] INFO:colcon.colcon_core.shell:Creating environment hook '/home/ubuntu/桌面/RM26_ROS2PKG/install/ros2_armor_can/share/ros2_armor_can/hook/pkg_config_path_multiarch.sh'
[0.436s] Level 1:colcon.colcon_core.environment:create_environment_scripts_only(ros2_armor_can)
[0.436s] Level 1:colcon.colcon_core.environment:checking '/home/ubuntu/桌面/RM26_ROS2PKG/install/ros2_armor_can' for CMake module files
[0.436s] Level 1:colcon.colcon_core.environment:checking '/home/ubuntu/桌面/RM26_ROS2PKG/install/ros2_armor_can' for CMake config files
[0.436s] Level 1:colcon.colcon_core.shell:create_environment_hook('ros2_armor_can', 'cmake_prefix_path')
[0.437s] INFO:colcon.colcon_core.shell:Creating environment hook '/home/ubuntu/桌面/RM26_ROS2PKG/install/ros2_armor_can/share/ros2_armor_can/hook/cmake_prefix_path.ps1'
[0.437s] INFO:colcon.colcon_core.shell:Creating environment descriptor '/home/ubuntu/桌面/RM26_ROS2PKG/install/ros2_armor_can/share/ros2_armor_can/hook/cmake_prefix_path.dsv'
[0.437s] INFO:colcon.colcon_core.shell:Creating environment hook '/home/ubuntu/桌面/RM26_ROS2PKG/install/ros2_armor_can/share/ros2_armor_can/hook/cmake_prefix_path.sh'
[0.438s] Level 1:colcon.colcon_core.environment:checking '/home/ubuntu/桌面/RM26_ROS2PKG/install/ros2_armor_can/lib'
[0.438s] Level 1:colcon.colcon_core.environment:checking '/home/ubuntu/桌面/RM26_ROS2PKG/install/ros2_armor_can/bin'
[0.439s] Level 1:colcon.colcon_core.environment:checking '/home/ubuntu/桌面/RM26_ROS2PKG/install/ros2_armor_can/lib/pkgconfig/ros2_armor_can.pc'
[0.439s] Level 1:colcon.colcon_core.environment:checking '/home/ubuntu/桌面/RM26_ROS2PKG/install/ros2_armor_can/lib/python3.10/site-packages'
[0.439s] Level 1:colcon.colcon_core.environment:checking '/home/ubuntu/桌面/RM26_ROS2PKG/install/ros2_armor_can/bin'
[0.439s] INFO:colcon.colcon_core.shell:Creating package script '/home/ubuntu/桌面/RM26_ROS2PKG/install/ros2_armor_can/share/ros2_armor_can/package.ps1'
[0.439s] INFO:colcon.colcon_core.shell:Creating package descriptor '/home/ubuntu/桌面/RM26_ROS2PKG/install/ros2_armor_can/share/ros2_armor_can/package.dsv'
[0.440s] INFO:colcon.colcon_core.shell:Creating package script '/home/ubuntu/桌面/RM26_ROS2PKG/install/ros2_armor_can/share/ros2_armor_can/package.sh'
[0.441s] INFO:colcon.colcon_core.shell:Creating package script '/home/ubuntu/桌面/RM26_ROS2PKG/install/ros2_armor_can/share/ros2_armor_can/package.bash'
[0.441s] INFO:colcon.colcon_core.shell:Creating package script '/home/ubuntu/桌面/RM26_ROS2PKG/install/ros2_armor_can/share/ros2_armor_can/package.zsh'
[0.441s] Level 1:colcon.colcon_core.environment:create_file_with_runtime_dependencies(/home/ubuntu/桌面/RM26_ROS2PKG/install/ros2_armor_can/share/colcon-core/packages/ros2_armor_can)
[0.442s] DEBUG:colcon.colcon_core.event_handler.log_command:Invoked command in '/home/ubuntu/桌面/RM26_ROS2PKG/build/recive_pkg' returned '0': CMAKE_PREFIX_PATH=/opt/ros/humble /usr/bin/cmake --build /home/ubuntu/桌面/RM26_ROS2PKG/build/recive_pkg -- -j14 -l14
[0.443s] DEBUG:colcon.colcon_core.event_handler.log_command:Invoking command in '/home/ubuntu/桌面/RM26_ROS2PKG/build/recive_pkg': CMAKE_PREFIX_PATH=/opt/ros/humble /usr/bin/cmake --install /home/ubuntu/桌面/RM26_ROS2PKG/build/recive_pkg
[0.443s] Level 1:colcon.colcon_core.environment:create_environment_scripts_only(hik_camera)
[0.444s] Level 1:colcon.colcon_core.environment:checking '/home/ubuntu/桌面/RM26_ROS2PKG/install/hik_camera' for CMake module files
[0.444s] DEBUG:colcon.colcon_core.event_handler.log_command:Invoked command in '/home/ubuntu/桌面/RM26_ROS2PKG/build/hik_camera' returned '0': CMAKE_PREFIX_PATH=/opt/ros/humble /usr/bin/cmake --install /home/ubuntu/桌面/RM26_ROS2PKG/build/hik_camera
[0.444s] Level 1:colcon.colcon_core.environment:checking '/home/ubuntu/桌面/RM26_ROS2PKG/install/hik_camera' for CMake config files
[0.444s] Level 1:colcon.colcon_core.shell:create_environment_hook('hik_camera', 'cmake_prefix_path')
[0.444s] INFO:colcon.colcon_core.shell:Creating environment hook '/home/ubuntu/桌面/RM26_ROS2PKG/install/hik_camera/share/hik_camera/hook/cmake_prefix_path.ps1'
[0.444s] INFO:colcon.colcon_core.shell:Creating environment descriptor '/home/ubuntu/桌面/RM26_ROS2PKG/install/hik_camera/share/hik_camera/hook/cmake_prefix_path.dsv'
[0.445s] INFO:colcon.colcon_core.shell:Creating environment hook '/home/ubuntu/桌面/RM26_ROS2PKG/install/hik_camera/share/hik_camera/hook/cmake_prefix_path.sh'
[0.446s] Level 1:colcon.colcon_core.environment:checking '/home/ubuntu/桌面/RM26_ROS2PKG/install/hik_camera/lib'
[0.446s] Level 1:colcon.colcon_core.shell:create_environment_hook('hik_camera', 'ld_library_path_lib')
[0.446s] INFO:colcon.colcon_core.shell:Creating environment hook '/home/ubuntu/桌面/RM26_ROS2PKG/install/hik_camera/share/hik_camera/hook/ld_library_path_lib.ps1'
[0.446s] INFO:colcon.colcon_core.shell:Creating environment descriptor '/home/ubuntu/桌面/RM26_ROS2PKG/install/hik_camera/share/hik_camera/hook/ld_library_path_lib.dsv'
[0.447s] INFO:colcon.colcon_core.shell:Creating environment hook '/home/ubuntu/桌面/RM26_ROS2PKG/install/hik_camera/share/hik_camera/hook/ld_library_path_lib.sh'
[0.448s] Level 1:colcon.colcon_core.environment:checking '/home/ubuntu/桌面/RM26_ROS2PKG/install/hik_camera/bin'
[0.448s] Level 1:colcon.colcon_core.environment:checking '/home/ubuntu/桌面/RM26_ROS2PKG/install/hik_camera/lib/pkgconfig/hik_camera.pc'
[0.448s] Level 1:colcon.colcon_core.environment:checking '/home/ubuntu/桌面/RM26_ROS2PKG/install/hik_camera/lib/python3.10/site-packages'
[0.448s] Level 1:colcon.colcon_core.environment:checking '/home/ubuntu/桌面/RM26_ROS2PKG/install/hik_camera/bin'
[0.448s] INFO:colcon.colcon_core.shell:Creating package script '/home/ubuntu/桌面/RM26_ROS2PKG/install/hik_camera/share/hik_camera/package.ps1'
[0.448s] INFO:colcon.colcon_core.shell:Creating package descriptor '/home/ubuntu/桌面/RM26_ROS2PKG/install/hik_camera/share/hik_camera/package.dsv'
[0.449s] INFO:colcon.colcon_core.shell:Creating package script '/home/ubuntu/桌面/RM26_ROS2PKG/install/hik_camera/share/hik_camera/package.sh'
[0.449s] INFO:colcon.colcon_core.shell:Creating package script '/home/ubuntu/桌面/RM26_ROS2PKG/install/hik_camera/share/hik_camera/package.bash'
[0.449s] INFO:colcon.colcon_core.shell:Creating package script '/home/ubuntu/桌面/RM26_ROS2PKG/install/hik_camera/share/hik_camera/package.zsh'
[0.449s] Level 1:colcon.colcon_core.environment:create_file_with_runtime_dependencies(/home/ubuntu/桌面/RM26_ROS2PKG/install/hik_camera/share/colcon-core/packages/hik_camera)
[0.450s] Level 1:colcon.colcon_core.environment:create_environment_scripts_only(hik_camera)
[0.450s] Level 1:colcon.colcon_core.environment:checking '/home/ubuntu/桌面/RM26_ROS2PKG/install/hik_camera' for CMake module files
[0.450s] Level 1:colcon.colcon_core.environment:checking '/home/ubuntu/桌面/RM26_ROS2PKG/install/hik_camera' for CMake config files
[0.450s] Level 1:colcon.colcon_core.shell:create_environment_hook('hik_camera', 'cmake_prefix_path')
[0.450s] INFO:colcon.colcon_core.shell:Creating environment hook '/home/ubuntu/桌面/RM26_ROS2PKG/install/hik_camera/share/hik_camera/hook/cmake_prefix_path.ps1'
[0.450s] INFO:colcon.colcon_core.shell:Creating environment descriptor '/home/ubuntu/桌面/RM26_ROS2PKG/install/hik_camera/share/hik_camera/hook/cmake_prefix_path.dsv'
[0.450s] INFO:colcon.colcon_core.shell:Creating environment hook '/home/ubuntu/桌面/RM26_ROS2PKG/install/hik_camera/share/hik_camera/hook/cmake_prefix_path.sh'
[0.451s] Level 1:colcon.colcon_core.environment:checking '/home/ubuntu/桌面/RM26_ROS2PKG/install/hik_camera/lib'
[0.451s] Level 1:colcon.colcon_core.shell:create_environment_hook('hik_camera', 'ld_library_path_lib')
[0.451s] INFO:colcon.colcon_core.shell:Creating environment hook '/home/ubuntu/桌面/RM26_ROS2PKG/install/hik_camera/share/hik_camera/hook/ld_library_path_lib.ps1'
[0.451s] INFO:colcon.colcon_core.shell:Creating environment descriptor '/home/ubuntu/桌面/RM26_ROS2PKG/install/hik_camera/share/hik_camera/hook/ld_library_path_lib.dsv'
[0.451s] INFO:colcon.colcon_core.shell:Creating environment hook '/home/ubuntu/桌面/RM26_ROS2PKG/install/hik_camera/share/hik_camera/hook/ld_library_path_lib.sh'
[0.451s] Level 1:colcon.colcon_core.environment:checking '/home/ubuntu/桌面/RM26_ROS2PKG/install/hik_camera/bin'
[0.451s] Level 1:colcon.colcon_core.environment:checking '/home/ubuntu/桌面/RM26_ROS2PKG/install/hik_camera/lib/pkgconfig/hik_camera.pc'
[0.452s] Level 1:colcon.colcon_core.environment:checking '/home/ubuntu/桌面/RM26_ROS2PKG/install/hik_camera/lib/python3.10/site-packages'
[0.452s] Level 1:colcon.colcon_core.environment:checking '/home/ubuntu/桌面/RM26_ROS2PKG/install/hik_camera/bin'
[0.452s] INFO:colcon.colcon_core.shell:Creating package script '/home/ubuntu/桌面/RM26_ROS2PKG/install/hik_camera/share/hik_camera/package.ps1'
[0.452s] INFO:colcon.colcon_core.shell:Creating package descriptor '/home/ubuntu/桌面/RM26_ROS2PKG/install/hik_camera/share/hik_camera/package.dsv'
[0.452s] INFO:colcon.colcon_core.shell:Creating package script '/home/ubuntu/桌面/RM26_ROS2PKG/install/hik_camera/share/hik_camera/package.sh'
[0.453s] INFO:colcon.colcon_core.shell:Creating package script '/home/ubuntu/桌面/RM26_ROS2PKG/install/hik_camera/share/hik_camera/package.bash'
[0.453s] INFO:colcon.colcon_core.shell:Creating package script '/home/ubuntu/桌面/RM26_ROS2PKG/install/hik_camera/share/hik_camera/package.zsh'
[0.453s] Level 1:colcon.colcon_core.environment:create_file_with_runtime_dependencies(/home/ubuntu/桌面/RM26_ROS2PKG/install/hik_camera/share/colcon-core/packages/hik_camera)
[0.459s] Level 1:colcon.colcon_core.environment:create_environment_scripts_only(recive_pkg)
[0.459s] Level 1:colcon.colcon_core.environment:checking '/home/ubuntu/桌面/RM26_ROS2PKG/install/recive_pkg' for CMake module files
[0.460s] DEBUG:colcon.colcon_core.event_handler.log_command:Invoked command in '/home/ubuntu/桌面/RM26_ROS2PKG/build/recive_pkg' returned '0': CMAKE_PREFIX_PATH=/opt/ros/humble /usr/bin/cmake --install /home/ubuntu/桌面/RM26_ROS2PKG/build/recive_pkg
[0.460s] Level 1:colcon.colcon_core.environment:checking '/home/ubuntu/桌面/RM26_ROS2PKG/install/recive_pkg' for CMake config files
[0.460s] Level 1:colcon.colcon_core.shell:create_environment_hook('recive_pkg', 'cmake_prefix_path')
[0.460s] INFO:colcon.colcon_core.shell:Creating environment hook '/home/ubuntu/桌面/RM26_ROS2PKG/install/recive_pkg/share/recive_pkg/hook/cmake_prefix_path.ps1'
[0.460s] INFO:colcon.colcon_core.shell:Creating environment descriptor '/home/ubuntu/桌面/RM26_ROS2PKG/install/recive_pkg/share/recive_pkg/hook/cmake_prefix_path.dsv'
[0.461s] INFO:colcon.colcon_core.shell:Creating environment hook '/home/ubuntu/桌面/RM26_ROS2PKG/install/recive_pkg/share/recive_pkg/hook/cmake_prefix_path.sh'
[0.461s] Level 1:colcon.colcon_core.environment:checking '/home/ubuntu/桌面/RM26_ROS2PKG/install/recive_pkg/lib'
[0.461s] Level 1:colcon.colcon_core.environment:checking '/home/ubuntu/桌面/RM26_ROS2PKG/install/recive_pkg/bin'
[0.461s] Level 1:colcon.colcon_core.environment:checking '/home/ubuntu/桌面/RM26_ROS2PKG/install/recive_pkg/lib/pkgconfig/recive_pkg.pc'
[0.461s] Level 1:colcon.colcon_core.environment:checking '/home/ubuntu/桌面/RM26_ROS2PKG/install/recive_pkg/lib/python3.10/site-packages'
[0.461s] Level 1:colcon.colcon_core.environment:checking '/home/ubuntu/桌面/RM26_ROS2PKG/install/recive_pkg/bin'
[0.461s] INFO:colcon.colcon_core.shell:Creating package script '/home/ubuntu/桌面/RM26_ROS2PKG/install/recive_pkg/share/recive_pkg/package.ps1'
[0.462s] INFO:colcon.colcon_core.shell:Creating package descriptor '/home/ubuntu/桌面/RM26_ROS2PKG/install/recive_pkg/share/recive_pkg/package.dsv'
[0.462s] INFO:colcon.colcon_core.shell:Creating package script '/home/ubuntu/桌面/RM26_ROS2PKG/install/recive_pkg/share/recive_pkg/package.sh'
[0.462s] INFO:colcon.colcon_core.shell:Creating package script '/home/ubuntu/桌面/RM26_ROS2PKG/install/recive_pkg/share/recive_pkg/package.bash'
[0.462s] INFO:colcon.colcon_core.shell:Creating package script '/home/ubuntu/桌面/RM26_ROS2PKG/install/recive_pkg/share/recive_pkg/package.zsh'
[0.462s] Level 1:colcon.colcon_core.environment:create_file_with_runtime_dependencies(/home/ubuntu/桌面/RM26_ROS2PKG/install/recive_pkg/share/colcon-core/packages/recive_pkg)
[0.463s] Level 1:colcon.colcon_core.environment:create_environment_scripts_only(recive_pkg)
[0.463s] Level 1:colcon.colcon_core.environment:checking '/home/ubuntu/桌面/RM26_ROS2PKG/install/recive_pkg' for CMake module files
[0.463s] Level 1:colcon.colcon_core.environment:checking '/home/ubuntu/桌面/RM26_ROS2PKG/install/recive_pkg' for CMake config files
[0.463s] Level 1:colcon.colcon_core.shell:create_environment_hook('recive_pkg', 'cmake_prefix_path')
[0.463s] INFO:colcon.colcon_core.shell:Creating environment hook '/home/ubuntu/桌面/RM26_ROS2PKG/install/recive_pkg/share/recive_pkg/hook/cmake_prefix_path.ps1'
[0.463s] INFO:colcon.colcon_core.shell:Creating environment descriptor '/home/ubuntu/桌面/RM26_ROS2PKG/install/recive_pkg/share/recive_pkg/hook/cmake_prefix_path.dsv'
[0.464s] INFO:colcon.colcon_core.shell:Creating environment hook '/home/ubuntu/桌面/RM26_ROS2PKG/install/recive_pkg/share/recive_pkg/hook/cmake_prefix_path.sh'
[0.464s] Level 1:colcon.colcon_core.environment:checking '/home/ubuntu/桌面/RM26_ROS2PKG/install/recive_pkg/lib'
[0.464s] Level 1:colcon.colcon_core.environment:checking '/home/ubuntu/桌面/RM26_ROS2PKG/install/recive_pkg/bin'
[0.464s] Level 1:colcon.colcon_core.environment:checking '/home/ubuntu/桌面/RM26_ROS2PKG/install/recive_pkg/lib/pkgconfig/recive_pkg.pc'
[0.464s] Level 1:colcon.colcon_core.environment:checking '/home/ubuntu/桌面/RM26_ROS2PKG/install/recive_pkg/lib/python3.10/site-packages'
[0.464s] Level 1:colcon.colcon_core.environment:checking '/home/ubuntu/桌面/RM26_ROS2PKG/install/recive_pkg/bin'
[0.464s] INFO:colcon.colcon_core.shell:Creating package script '/home/ubuntu/桌面/RM26_ROS2PKG/install/recive_pkg/share/recive_pkg/package.ps1'
[0.465s] INFO:colcon.colcon_core.shell:Creating package descriptor '/home/ubuntu/桌面/RM26_ROS2PKG/install/recive_pkg/share/recive_pkg/package.dsv'
[0.465s] INFO:colcon.colcon_core.shell:Creating package script '/home/ubuntu/桌面/RM26_ROS2PKG/install/recive_pkg/share/recive_pkg/package.sh'
[0.465s] INFO:colcon.colcon_core.shell:Creating package script '/home/ubuntu/桌面/RM26_ROS2PKG/install/recive_pkg/share/recive_pkg/package.bash'
[0.465s] INFO:colcon.colcon_core.shell:Creating package script '/home/ubuntu/桌面/RM26_ROS2PKG/install/recive_pkg/share/recive_pkg/package.zsh'
[0.465s] Level 1:colcon.colcon_core.environment:create_file_with_runtime_dependencies(/home/ubuntu/桌面/RM26_ROS2PKG/install/recive_pkg/share/colcon-core/packages/recive_pkg)
[0.466s] DEBUG:colcon.colcon_parallel_executor.executor.parallel:closing loop
[0.466s] DEBUG:colcon.colcon_parallel_executor.executor.parallel:loop closed
[0.466s] DEBUG:colcon.colcon_parallel_executor.executor.parallel:run_until_complete finished with '0'
[0.466s] DEBUG:colcon.colcon_core.event_reactor:joining thread
[0.469s] INFO:colcon.colcon_core.plugin_system:Skipping extension 'colcon_notification.desktop_notification.terminal_notifier': Not used on non-Darwin systems
[0.469s] INFO:colcon.colcon_core.plugin_system:Skipping extension 'colcon_notification.desktop_notification.win32': Not used on non-Windows systems
[0.469s] INFO:colcon.colcon_notification.desktop_notification:Sending desktop notification using 'notify2'
[0.486s] DEBUG:colcon.colcon_core.event_reactor:joined thread
[0.487s] INFO:colcon.colcon_core.shell:Creating prefix script '/home/ubuntu/桌面/RM26_ROS2PKG/install/local_setup.ps1'
[0.487s] INFO:colcon.colcon_core.shell:Creating prefix util module '/home/ubuntu/桌面/RM26_ROS2PKG/install/_local_setup_util_ps1.py'
[0.488s] INFO:colcon.colcon_core.shell:Creating prefix chain script '/home/ubuntu/桌面/RM26_ROS2PKG/install/setup.ps1'
[0.489s] INFO:colcon.colcon_core.shell:Creating prefix script '/home/ubuntu/桌面/RM26_ROS2PKG/install/local_setup.sh'
[0.490s] INFO:colcon.colcon_core.shell:Creating prefix util module '/home/ubuntu/桌面/RM26_ROS2PKG/install/_local_setup_util_sh.py'
[0.490s] INFO:colcon.colcon_core.shell:Creating prefix chain script '/home/ubuntu/桌面/RM26_ROS2PKG/install/setup.sh'
[0.491s] INFO:colcon.colcon_core.shell:Creating prefix script '/home/ubuntu/桌面/RM26_ROS2PKG/install/local_setup.bash'
[0.493s] INFO:colcon.colcon_core.shell:Creating prefix chain script '/home/ubuntu/桌面/RM26_ROS2PKG/install/setup.bash'
[0.495s] INFO:colcon.colcon_core.shell:Creating prefix script '/home/ubuntu/桌面/RM26_ROS2PKG/install/local_setup.zsh'
[0.495s] INFO:colcon.colcon_core.shell:Creating prefix chain script '/home/ubuntu/桌面/RM26_ROS2PKG/install/setup.zsh'
