[0.022s] Invoking command in '/home/ubuntu/桌面/Robomaster/RM26_ROS2PKG/build/hik_camera': CMAKE_PREFIX_PATH=/opt/ros/humble /usr/bin/cmake --build /home/ubuntu/桌面/Robomaster/RM26_ROS2PKG/build/hik_camera -- -j14 -l14
[0.069s] [ 50%] Built target hik_camera
[0.069s] [100%] Built target hik_camera_node
[0.080s] Invoked command in '/home/ubuntu/桌面/Robomaster/RM26_ROS2PKG/build/hik_camera' returned '0': CMAKE_PREFIX_PATH=/opt/ros/humble /usr/bin/cmake --build /home/ubuntu/桌面/Robomaster/RM26_ROS2PKG/build/hik_camera -- -j14 -l14
[0.093s] Invoking command in '/home/ubuntu/桌面/Robomaster/RM26_ROS2PKG/build/hik_camera': CMAKE_PREFIX_PATH=/opt/ros/humble /usr/bin/cmake --install /home/ubuntu/桌面/Robomaster/RM26_ROS2PKG/build/hik_camera
[0.094s] -- Install configuration: ""
[0.095s] -- Up-to-date: /home/ubuntu/桌面/Robomaster/RM26_ROS2PKG/install/hik_camera/lib/amd64
[0.095s] -- Up-to-date: /home/ubuntu/桌面/Robomaster/RM26_ROS2PKG/install/hik_camera/lib/amd64/libFormatConversion.so
[0.095s] -- Up-to-date: /home/ubuntu/桌面/Robomaster/RM26_ROS2PKG/install/hik_camera/lib/amd64/libMvCameraControl.so
[0.095s] -- Up-to-date: /home/ubuntu/桌面/Robomaster/RM26_ROS2PKG/install/hik_camera/lib/amd64/libMvUsb3vTL.so
[0.095s] -- Up-to-date: /home/ubuntu/桌面/Robomaster/RM26_ROS2PKG/install/hik_camera/lib/amd64/libMVRender.so
[0.095s] -- Up-to-date: /home/ubuntu/桌面/Robomaster/RM26_ROS2PKG/install/hik_camera/lib/amd64/libMediaProcess.so
[0.095s] -- Up-to-date: /home/ubuntu/桌面/Robomaster/RM26_ROS2PKG/install/hik_camera/lib/hik_camera/hik_camera_node
[0.095s] -- Up-to-date: /home/ubuntu/桌面/Robomaster/RM26_ROS2PKG/install/hik_camera/share/hik_camera/environment/library_path.sh
[0.095s] -- Up-to-date: /home/ubuntu/桌面/Robomaster/RM26_ROS2PKG/install/hik_camera/share/hik_camera/environment/library_path.dsv
[0.095s] -- Up-to-date: /home/ubuntu/桌面/Robomaster/RM26_ROS2PKG/install/hik_camera/lib/libhik_camera.so
[0.096s] -- Up-to-date: /home/ubuntu/桌面/Robomaster/RM26_ROS2PKG/install/hik_camera/share/hik_camera/config
[0.101s] -- Up-to-date: /home/ubuntu/桌面/Robomaster/RM26_ROS2PKG/install/hik_camera/share/hik_camera/config/camera_info.yaml
[0.101s] -- Up-to-date: /home/ubuntu/桌面/Robomaster/RM26_ROS2PKG/install/hik_camera/share/hik_camera/config/camera_params.yaml
[0.101s] -- Up-to-date: /home/ubuntu/桌面/Robomaster/RM26_ROS2PKG/install/hik_camera/share/hik_camera/launch
[0.101s] -- Up-to-date: /home/ubuntu/桌面/Robomaster/RM26_ROS2PKG/install/hik_camera/share/hik_camera/launch/hik_camera.launch.py
[0.101s] -- Up-to-date: /home/ubuntu/桌面/Robomaster/RM26_ROS2PKG/install/hik_camera/share/ament_index/resource_index/package_run_dependencies/hik_camera
[0.101s] -- Up-to-date: /home/ubuntu/桌面/Robomaster/RM26_ROS2PKG/install/hik_camera/share/ament_index/resource_index/parent_prefix_path/hik_camera
[0.101s] -- Up-to-date: /home/ubuntu/桌面/Robomaster/RM26_ROS2PKG/install/hik_camera/share/hik_camera/environment/ament_prefix_path.sh
[0.101s] -- Up-to-date: /home/ubuntu/桌面/Robomaster/RM26_ROS2PKG/install/hik_camera/share/hik_camera/environment/ament_prefix_path.dsv
[0.101s] -- Up-to-date: /home/ubuntu/桌面/Robomaster/RM26_ROS2PKG/install/hik_camera/share/hik_camera/environment/path.sh
[0.101s] -- Up-to-date: /home/ubuntu/桌面/Robomaster/RM26_ROS2PKG/install/hik_camera/share/hik_camera/environment/path.dsv
[0.101s] -- Up-to-date: /home/ubuntu/桌面/Robomaster/RM26_ROS2PKG/install/hik_camera/share/hik_camera/local_setup.bash
[0.101s] -- Up-to-date: /home/ubuntu/桌面/Robomaster/RM26_ROS2PKG/install/hik_camera/share/hik_camera/local_setup.sh
[0.101s] -- Up-to-date: /home/ubuntu/桌面/Robomaster/RM26_ROS2PKG/install/hik_camera/share/hik_camera/local_setup.zsh
[0.101s] -- Up-to-date: /home/ubuntu/桌面/Robomaster/RM26_ROS2PKG/install/hik_camera/share/hik_camera/local_setup.dsv
[0.101s] -- Installing: /home/ubuntu/桌面/Robomaster/RM26_ROS2PKG/install/hik_camera/share/hik_camera/package.dsv
[0.101s] -- Up-to-date: /home/ubuntu/桌面/Robomaster/RM26_ROS2PKG/install/hik_camera/share/ament_index/resource_index/packages/hik_camera
[0.101s] -- Up-to-date: /home/ubuntu/桌面/Robomaster/RM26_ROS2PKG/install/hik_camera/share/ament_index/resource_index/rclcpp_components/hik_camera
[0.101s] -- Up-to-date: /home/ubuntu/桌面/Robomaster/RM26_ROS2PKG/install/hik_camera/share/hik_camera/cmake/ament_cmake_export_dependencies-extras.cmake
[0.101s] -- Up-to-date: /home/ubuntu/桌面/Robomaster/RM26_ROS2PKG/install/hik_camera/share/hik_camera/cmake/ament_cmake_export_libraries-extras.cmake
[0.101s] -- Up-to-date: /home/ubuntu/桌面/Robomaster/RM26_ROS2PKG/install/hik_camera/share/hik_camera/cmake/hik_cameraConfig.cmake
[0.101s] -- Up-to-date: /home/ubuntu/桌面/Robomaster/RM26_ROS2PKG/install/hik_camera/share/hik_camera/cmake/hik_cameraConfig-version.cmake
[0.101s] -- Up-to-date: /home/ubuntu/桌面/Robomaster/RM26_ROS2PKG/install/hik_camera/share/hik_camera/package.xml
[0.104s] Invoked command in '/home/ubuntu/桌面/Robomaster/RM26_ROS2PKG/build/hik_camera' returned '0': CMAKE_PREFIX_PATH=/opt/ros/humble /usr/bin/cmake --install /home/ubuntu/桌面/Robomaster/RM26_ROS2PKG/build/hik_camera
