-- The C compiler identification is GNU 11.4.0
-- The CXX compiler identification is GNU 11.4.0
-- Detecting C compiler ABI info
-- Detecting C compiler ABI info - done
-- Check for working C compiler: /usr/bin/cc - skipped
-- Detecting C compile features
-- Detecting C compile features - done
-- Detecting CXX compiler ABI info
-- Detecting CXX compiler ABI info - done
-- Check for working CXX compiler: /usr/bin/c++ - skipped
-- Detecting CXX compile features
-- Detecting CXX compile features - done
-- Looking for pthread.h
-- Looking for pthread.h - found
-- Performing Test CMAKE_HAVE_LIBC_PTHREAD
-- Performing Test CMAKE_HAVE_LIBC_PTHREAD - Success
-- Found Threads: TRUE  
-- Found OpenCV: /usr (found version "4.5.4") 
-- Configuring done
-- Generating done
-- Build files have been written to: /home/ubuntu/桌面/RM26/build/detection
[ 11%] [32mBuilding CXX object CMakeFiles/detection.dir/main.cpp.o[0m
[ 22%] [32mBuilding CXX object CMakeFiles/detection.dir/TrackerSource/BYTETracker.cpp.o[0m
[ 33%] [32mBuilding CXX object CMakeFiles/detection.dir/TrackerSource/kalmanFilter.cpp.o[0m
[ 44%] [32mBuilding CXX object CMakeFiles/detection.dir/TrackerSource/STrack.cpp.o[0m
[ 55%] [32mBuilding CXX object CMakeFiles/detection.dir/TrackerSource/lapjv.cpp.o[0m
[ 66%] [32mBuilding CXX object CMakeFiles/detection.dir/TrackerSource/utils.cpp.o[0m
[ 77%] [32mBuilding CXX object CMakeFiles/detection.dir/src/traditional_detector.cpp.o[0m
[ 88%] [32mBuilding CXX object CMakeFiles/detection.dir/src/yolo_detection.cpp.o[0m
[100%] [32m[1mLinking CXX executable detection[0m
[100%] Built target detection
