[0.010s] Invoking command in '/home/ubuntu/桌面/RM26/build/detection': /usr/bin/cmake /home/ubuntu/桌面/RM26/src/rm_auto_aim/detection -DCMAKE_INSTALL_PREFIX=/home/ubuntu/桌面/RM26/install/detection
[0.066s] -- The C compiler identification is GNU 11.4.0
[0.101s] -- The CXX compiler identification is GNU 11.4.0
[0.106s] -- Detecting C compiler ABI info
[0.165s] -- Detecting C compiler ABI info - done
[0.166s] -- Check for working C compiler: /usr/bin/cc - skipped
[0.166s] -- Detecting C compile features
[0.166s] -- Detecting C compile features - done
[0.167s] -- Detecting CXX compiler ABI info
[0.226s] -- Detecting CXX compiler ABI info - done
[0.230s] -- Check for working CXX compiler: /usr/bin/c++ - skipped
[0.231s] -- Detecting CXX compile features
[0.231s] -- Detecting CXX compile features - done
[0.232s] -- Looking for pthread.h
[0.286s] -- Looking for pthread.h - found
[0.286s] -- Performing Test CMAKE_HAVE_LIBC_PTHREAD
[0.334s] -- Performing Test CMAKE_HAVE_LIBC_PTHREAD - Success
[0.336s] -- Found Threads: TRUE  
[0.339s] -- Found OpenCV: /usr (found version "4.5.4") 
[0.343s] -- Configuring done
[0.346s] -- Generating done
[0.347s] -- Build files have been written to: /home/ubuntu/桌面/RM26/build/detection
[0.351s] Invoked command in '/home/ubuntu/桌面/RM26/build/detection' returned '0': /usr/bin/cmake /home/ubuntu/桌面/RM26/src/rm_auto_aim/detection -DCMAKE_INSTALL_PREFIX=/home/ubuntu/桌面/RM26/install/detection
[0.351s] Invoking command in '/home/ubuntu/桌面/RM26/build/detection': /usr/bin/cmake --build /home/ubuntu/桌面/RM26/build/detection -- -j14 -l14
[0.379s] [ 11%] [32mBuilding CXX object CMakeFiles/detection.dir/main.cpp.o[0m
[0.380s] [ 22%] [32mBuilding CXX object CMakeFiles/detection.dir/TrackerSource/BYTETracker.cpp.o[0m
[0.383s] [ 33%] [32mBuilding CXX object CMakeFiles/detection.dir/TrackerSource/kalmanFilter.cpp.o[0m
[0.383s] [ 44%] [32mBuilding CXX object CMakeFiles/detection.dir/TrackerSource/STrack.cpp.o[0m
[0.384s] [ 55%] [32mBuilding CXX object CMakeFiles/detection.dir/TrackerSource/lapjv.cpp.o[0m
[0.386s] [ 66%] [32mBuilding CXX object CMakeFiles/detection.dir/TrackerSource/utils.cpp.o[0m
[0.386s] [ 77%] [32mBuilding CXX object CMakeFiles/detection.dir/src/traditional_detector.cpp.o[0m
[0.388s] [ 88%] [32mBuilding CXX object CMakeFiles/detection.dir/src/yolo_detection.cpp.o[0m
[6.853s] [100%] [32m[1mLinking CXX executable detection[0m
[7.327s] [100%] Built target detection
