[0.013s] Invoking command in '/home/ubuntu/桌面/RM26_ROS2PKG/build/recive_pkg': CMAKE_PREFIX_PATH=/opt/ros/humble /usr/bin/cmake --build /home/ubuntu/桌面/RM26_ROS2PKG/build/recive_pkg -- -j14 -l14
[0.032s] -- Found ament_cmake: 1.3.12 (/opt/ros/humble/share/ament_cmake/cmake)
[0.116s] -- Found rclcpp: 16.0.14 (/opt/ros/humble/share/rclcpp/cmake)
[0.133s] -- Found rosidl_generator_c: 3.1.7 (/opt/ros/humble/share/rosidl_generator_c/cmake)
[0.134s] -- Found rosidl_adapter: 3.1.7 (/opt/ros/humble/share/rosidl_adapter/cmake)
[0.137s] -- Found rosidl_generator_cpp: 3.1.7 (/opt/ros/humble/share/rosidl_generator_cpp/cmake)
[0.142s] -- Using all available rosidl_typesupport_c: rosidl_typesupport_fastrtps_c;rosidl_typesupport_introspection_c
[0.148s] -- Using all available rosidl_typesupport_cpp: rosidl_typesupport_fastrtps_cpp;rosidl_typesupport_introspection_cpp
[0.166s] -- Found rmw_implementation_cmake: 6.1.2 (/opt/ros/humble/share/rmw_implementation_cmake/cmake)
[0.167s] -- Found rmw_fastrtps_cpp: 6.2.8 (/opt/ros/humble/share/rmw_fastrtps_cpp/cmake)
[0.227s] -- Using RMW implementation 'rmw_fastrtps_cpp' as default
[0.252s] -- Found sensor_msgs: 4.9.0 (/opt/ros/humble/share/sensor_msgs/cmake)
[0.269s] -- Found OpenCV: /usr (found version "4.5.4") found components: core imgproc highgui videoio dnn calib3d 
[0.270s] -- Found cv_bridge: 3.2.1 (/opt/ros/humble/share/cv_bridge/cmake)
[0.272s] -- Found ament_lint_auto: 0.12.14 (/opt/ros/humble/share/ament_lint_auto/cmake)
[0.327s] -- Added test 'cppcheck' to perform static code analysis on C / C++ code
[0.327s] -- Configured cppcheck include dirs: /home/ubuntu/桌面/RM26_ROS2PKG/src/recive_pkg/include
[0.327s] -- Configured cppcheck exclude dirs and/or files: 
[0.327s] -- Added test 'lint_cmake' to check CMake code style
[0.327s] -- Added test 'uncrustify' to check C / C++ code style
[0.327s] -- Configured uncrustify additional arguments: 
[0.327s] -- Added test 'xmllint' to check XML markup files
[0.328s] -- Configuring done
[0.333s] -- Generating done
[0.335s] -- Build files have been written to: /home/ubuntu/桌面/RM26_ROS2PKG/build/recive_pkg
[0.364s] [35m[1mConsolidate compiler generated dependencies of target recive_pkg[0m
[0.392s] [  9%] [32m[1mLinking CXX executable recive_pkg[0m
[1.091s] [100%] Built target recive_pkg
[1.108s] Invoked command in '/home/ubuntu/桌面/RM26_ROS2PKG/build/recive_pkg' returned '0': CMAKE_PREFIX_PATH=/opt/ros/humble /usr/bin/cmake --build /home/ubuntu/桌面/RM26_ROS2PKG/build/recive_pkg -- -j14 -l14
[1.111s] Invoking command in '/home/ubuntu/桌面/RM26_ROS2PKG/build/recive_pkg': CMAKE_PREFIX_PATH=/opt/ros/humble /usr/bin/cmake --install /home/ubuntu/桌面/RM26_ROS2PKG/build/recive_pkg
[1.121s] -- Install configuration: ""
[1.121s] -- Installing: /home/ubuntu/桌面/RM26_ROS2PKG/install/recive_pkg/lib/recive_pkg/recive_pkg
[1.125s] -- Set runtime path of "/home/ubuntu/桌面/RM26_ROS2PKG/install/recive_pkg/lib/recive_pkg/recive_pkg" to ""
[1.125s] -- Up-to-date: /home/ubuntu/桌面/RM26_ROS2PKG/install/recive_pkg/share/ament_index/resource_index/package_run_dependencies/recive_pkg
[1.125s] -- Up-to-date: /home/ubuntu/桌面/RM26_ROS2PKG/install/recive_pkg/share/ament_index/resource_index/parent_prefix_path/recive_pkg
[1.125s] -- Up-to-date: /home/ubuntu/桌面/RM26_ROS2PKG/install/recive_pkg/share/recive_pkg/environment/ament_prefix_path.sh
[1.125s] -- Installing: /home/ubuntu/桌面/RM26_ROS2PKG/install/recive_pkg/share/recive_pkg/environment/ament_prefix_path.dsv
[1.130s] -- Up-to-date: /home/ubuntu/桌面/RM26_ROS2PKG/install/recive_pkg/share/recive_pkg/environment/path.sh
[1.130s] -- Installing: /home/ubuntu/桌面/RM26_ROS2PKG/install/recive_pkg/share/recive_pkg/environment/path.dsv
[1.131s] -- Up-to-date: /home/ubuntu/桌面/RM26_ROS2PKG/install/recive_pkg/share/recive_pkg/local_setup.bash
[1.131s] -- Up-to-date: /home/ubuntu/桌面/RM26_ROS2PKG/install/recive_pkg/share/recive_pkg/local_setup.sh
[1.132s] -- Up-to-date: /home/ubuntu/桌面/RM26_ROS2PKG/install/recive_pkg/share/recive_pkg/local_setup.zsh
[1.132s] -- Installing: /home/ubuntu/桌面/RM26_ROS2PKG/install/recive_pkg/share/recive_pkg/local_setup.dsv
[1.132s] -- Installing: /home/ubuntu/桌面/RM26_ROS2PKG/install/recive_pkg/share/recive_pkg/package.dsv
[1.132s] -- Up-to-date: /home/ubuntu/桌面/RM26_ROS2PKG/install/recive_pkg/share/ament_index/resource_index/packages/recive_pkg
[1.132s] -- Up-to-date: /home/ubuntu/桌面/RM26_ROS2PKG/install/recive_pkg/share/recive_pkg/cmake/recive_pkgConfig.cmake
[1.133s] -- Up-to-date: /home/ubuntu/桌面/RM26_ROS2PKG/install/recive_pkg/share/recive_pkg/cmake/recive_pkgConfig-version.cmake
[1.133s] -- Up-to-date: /home/ubuntu/桌面/RM26_ROS2PKG/install/recive_pkg/share/recive_pkg/package.xml
[1.135s] Invoked command in '/home/ubuntu/桌面/RM26_ROS2PKG/build/recive_pkg' returned '0': CMAKE_PREFIX_PATH=/opt/ros/humble /usr/bin/cmake --install /home/ubuntu/桌面/RM26_ROS2PKG/build/recive_pkg
