[0.009s] Invoking command in '/home/ubuntu/桌面/RM26_ROS2PKG/build/detection': /usr/bin/cmake /home/ubuntu/桌面/RM26_ROS2PKG/src/rm_auto_aim/detection -DCMAKE_INSTALL_PREFIX=/home/ubuntu/桌面/RM26_ROS2PKG/install/detection
[0.064s] -- The C compiler identification is GNU 11.4.0
[0.105s] -- The CXX compiler identification is GNU 11.4.0
[0.110s] -- Detecting C compiler ABI info
[0.163s] -- Detecting C compiler ABI info - done
[0.168s] -- Check for working C compiler: /usr/bin/cc - skipped
[0.168s] -- Detecting C compile features
[0.168s] -- Detecting C compile features - done
[0.170s] -- Detecting CXX compiler ABI info
[0.231s] -- Detecting CXX compiler ABI info - done
[0.235s] -- Check for working CXX compiler: /usr/bin/c++ - skipped
[0.236s] -- Detecting CXX compile features
[0.236s] -- Detecting CXX compile features - done
[0.238s] -- Looking for pthread.h
[0.288s] -- Looking for pthread.h - found
[0.288s] -- Performing Test CMAKE_HAVE_LIBC_PTHREAD
[0.352s] -- Performing Test CMAKE_HAVE_LIBC_PTHREAD - Success
[0.352s] -- Found Threads: TRUE  
[0.356s] -- Found OpenCV: /usr (found version "4.5.4") 
[0.359s] -- Configuring done
[0.365s] -- Generating done
[0.367s] -- Build files have been written to: /home/ubuntu/桌面/RM26_ROS2PKG/build/detection
[0.371s] Invoked command in '/home/ubuntu/桌面/RM26_ROS2PKG/build/detection' returned '0': /usr/bin/cmake /home/ubuntu/桌面/RM26_ROS2PKG/src/rm_auto_aim/detection -DCMAKE_INSTALL_PREFIX=/home/ubuntu/桌面/RM26_ROS2PKG/install/detection
[0.372s] Invoking command in '/home/ubuntu/桌面/RM26_ROS2PKG/build/detection': /usr/bin/cmake --build /home/ubuntu/桌面/RM26_ROS2PKG/build/detection -- -j14 -l14
[0.409s] [ 11%] [32mBuilding CXX object CMakeFiles/detection.dir/TrackerSource/BYTETracker.cpp.o[0m
[0.409s] [ 44%] [32mBuilding CXX object CMakeFiles/detection.dir/TrackerSource/STrack.cpp.o[0m
[0.409s] [ 44%] [32mBuilding CXX object CMakeFiles/detection.dir/main.cpp.o[0m
[0.409s] [ 44%] [32mBuilding CXX object CMakeFiles/detection.dir/src/traditional_detector.cpp.o[0m
[0.409s] [ 66%] [32mBuilding CXX object CMakeFiles/detection.dir/TrackerSource/lapjv.cpp.o[0m
[0.409s] [ 66%] [32mBuilding CXX object CMakeFiles/detection.dir/TrackerSource/utils.cpp.o[0m
[0.412s] [ 77%] [32mBuilding CXX object CMakeFiles/detection.dir/src/yolo_detection.cpp.o[0m
[0.414s] [ 88%] [32mBuilding CXX object CMakeFiles/detection.dir/TrackerSource/kalmanFilter.cpp.o[0m
[6.581s] [100%] [32m[1mLinking CXX executable detection[0m
[7.067s] [100%] Built target detection
[7.080s] Invoked command in '/home/ubuntu/桌面/RM26_ROS2PKG/build/detection' returned '0': /usr/bin/cmake --build /home/ubuntu/桌面/RM26_ROS2PKG/build/detection -- -j14 -l14
