[0.027s] Invoking command in '/home/ubuntu/桌面/RM26/build/ros2_armor_can': /usr/bin/cmake --build /home/ubuntu/桌面/RM26/build/ros2_armor_can -- -j14 -l14
[0.066s] [100%] Built target test_send_node
[0.066s] [100%] Built target armor_send_node
[0.083s] Invoked command in '/home/ubuntu/桌面/RM26/build/ros2_armor_can' returned '0': /usr/bin/cmake --build /home/ubuntu/桌面/RM26/build/ros2_armor_can -- -j14 -l14
[0.085s] Invoking command in '/home/ubuntu/桌面/RM26/build/ros2_armor_can': /usr/bin/cmake --install /home/ubuntu/桌面/RM26/build/ros2_armor_can
[0.090s] -- Install configuration: ""
[0.091s] -- Up-to-date: /home/ubuntu/桌面/RM26/install/ros2_armor_can/lib/ros2_armor_can/armor_send_node
[0.091s] -- Up-to-date: /home/ubuntu/桌面/RM26/install/ros2_armor_can/lib/ros2_armor_can/test_send_node
[0.091s] -- Up-to-date: /home/ubuntu/桌面/RM26/install/ros2_armor_can/share/ros2_armor_can//launch
[0.091s] -- Up-to-date: /home/ubuntu/桌面/RM26/install/ros2_armor_can/share/ros2_armor_can//launch/__pycache__
[0.091s] -- Up-to-date: /home/ubuntu/桌面/RM26/install/ros2_armor_can/share/ros2_armor_can//launch/__pycache__/motor_all.launch.cpython-310.pyc
[0.091s] -- Up-to-date: /home/ubuntu/桌面/RM26/install/ros2_armor_can/share/ros2_armor_can//launch/test.launch.py
[0.091s] -- Up-to-date: /home/ubuntu/桌面/RM26/install/ros2_armor_can/share/ros2_armor_can//launch/motor_all.launch.py
[0.092s] -- Up-to-date: /home/ubuntu/桌面/RM26/install/ros2_armor_can/share/ament_index/resource_index/package_run_dependencies/ros2_armor_can
[0.092s] -- Up-to-date: /home/ubuntu/桌面/RM26/install/ros2_armor_can/share/ament_index/resource_index/parent_prefix_path/ros2_armor_can
[0.092s] -- Up-to-date: /home/ubuntu/桌面/RM26/install/ros2_armor_can/share/ros2_armor_can/environment/ament_prefix_path.sh
[0.092s] -- Up-to-date: /home/ubuntu/桌面/RM26/install/ros2_armor_can/share/ros2_armor_can/environment/ament_prefix_path.dsv
[0.092s] -- Up-to-date: /home/ubuntu/桌面/RM26/install/ros2_armor_can/share/ros2_armor_can/environment/path.sh
[0.093s] -- Up-to-date: /home/ubuntu/桌面/RM26/install/ros2_armor_can/share/ros2_armor_can/environment/path.dsv
[0.094s] -- Up-to-date: /home/ubuntu/桌面/RM26/install/ros2_armor_can/share/ros2_armor_can/local_setup.bash
[0.094s] -- Up-to-date: /home/ubuntu/桌面/RM26/install/ros2_armor_can/share/ros2_armor_can/local_setup.sh
[0.094s] -- Up-to-date: /home/ubuntu/桌面/RM26/install/ros2_armor_can/share/ros2_armor_can/local_setup.zsh
[0.094s] -- Up-to-date: /home/ubuntu/桌面/RM26/install/ros2_armor_can/share/ros2_armor_can/local_setup.dsv
[0.094s] -- Installing: /home/ubuntu/桌面/RM26/install/ros2_armor_can/share/ros2_armor_can/package.dsv
[0.095s] -- Up-to-date: /home/ubuntu/桌面/RM26/install/ros2_armor_can/share/ament_index/resource_index/packages/ros2_armor_can
[0.095s] -- Up-to-date: /home/ubuntu/桌面/RM26/install/ros2_armor_can/share/ros2_armor_can/cmake/ros2_armor_canConfig.cmake
[0.095s] -- Up-to-date: /home/ubuntu/桌面/RM26/install/ros2_armor_can/share/ros2_armor_can/cmake/ros2_armor_canConfig-version.cmake
[0.095s] -- Up-to-date: /home/ubuntu/桌面/RM26/install/ros2_armor_can/share/ros2_armor_can/package.xml
[0.107s] Invoked command in '/home/ubuntu/桌面/RM26/build/ros2_armor_can' returned '0': /usr/bin/cmake --install /home/ubuntu/桌面/RM26/build/ros2_armor_can
