[0.011s] Invoking command in '/home/ubuntu/桌面/RM26/build/recive_pkg': CMAKE_PREFIX_PATH=/opt/ros/humble /usr/bin/cmake --build /home/ubuntu/桌面/RM26/build/recive_pkg -- -j14 -l14
[0.062s] Consolidate compiler generated dependencies of target recive_pkg
[0.077s] [ 10%] Building CXX object CMakeFiles/recive_pkg.dir/src/image_subscirber_node.cpp.o
[11.675s] [ 20%] Building CXX object CMakeFiles/recive_pkg.dir/home/ubuntu/桌面/RM26/src/rm_auto_aim/detection/src/yolo_detection.cpp.o
[14.302s] /home/ubuntu/桌面/RM26/src/rm_auto_aim/detection/src/yolo_detection.cpp: In member function ‘void detection::DetectionArmor::run()’:
[14.302s] /home/ubuntu/桌面/RM26/src/rm_auto_aim/detection/src/yolo_detection.cpp:204:25: warning: comparison of integer expressions of different signedness: ‘size_t’ {aka ‘long unsigned int’} and ‘int’ [-Wsign-compare]
[14.302s]   204 |         if (frame_count == int(cap.get(cv::CAP_PROP_FRAME_COUNT)))
[14.302s]       |             ~~~~~~~~~~~~^~~~~~~~~~~~~~~~~~~~~~~~~~~~~~~~~~~~~~~~~
[14.315s] /home/ubuntu/桌面/RM26/src/rm_auto_aim/detection/src/yolo_detection.cpp: In member function ‘void detection::DetectionArmor::drawTracks(cv::Mat&)’:
[14.316s] /home/ubuntu/桌面/RM26/src/rm_auto_aim/detection/src/yolo_detection.cpp:379:20: warning: variable ‘color’ set but not used [-Wunused-but-set-variable]
[14.316s]   379 |             Scalar color = tracker.get_color(track.track_id); // 获取跟踪ID对应的颜色
[14.316s]       |                    ^~~~~
[14.316s] /home/ubuntu/桌面/RM26/src/rm_auto_aim/detection/src/yolo_detection.cpp:382:19: warning: variable ‘tl’ set but not used [-Wunused-but-set-variable]
[14.316s]   382 |             Point tl = Point(tlwh[0], tlwh[1]); // 左上角   1
[14.316s]       |                   ^~
[14.316s] /home/ubuntu/桌面/RM26/src/rm_auto_aim/detection/src/yolo_detection.cpp:383:19: warning: variable ‘br’ set but not used [-Wunused-but-set-variable]
[14.316s]   383 |             Point br = Point(tlwh[0] + tlwh[2], tlwh[1] + tlwh[3]); // 右下角  3
[14.316s]       |                   ^~
[14.318s] /home/ubuntu/桌面/RM26/src/rm_auto_aim/detection/src/yolo_detection.cpp: In member function ‘void detection::DetectionArmor::format_print_data_test()’:
[14.318s] /home/ubuntu/桌面/RM26/src/rm_auto_aim/detection/src/yolo_detection.cpp:459:15: warning: variable ‘d’ set but not used [-Wunused-but-set-variable]
[14.318s]   459 |     for (auto d : getdata())
[14.318s]       |               ^
[15.612s] [ 30%] Building CXX object CMakeFiles/recive_pkg.dir/main.cpp.o
[21.131s] [ 40%] Linking CXX executable recive_pkg
[22.590s] [100%] Built target recive_pkg
[22.608s] Invoked command in '/home/ubuntu/桌面/RM26/build/recive_pkg' returned '0': CMAKE_PREFIX_PATH=/opt/ros/humble /usr/bin/cmake --build /home/ubuntu/桌面/RM26/build/recive_pkg -- -j14 -l14
[22.615s] Invoking command in '/home/ubuntu/桌面/RM26/build/recive_pkg': CMAKE_PREFIX_PATH=/opt/ros/humble /usr/bin/cmake --install /home/ubuntu/桌面/RM26/build/recive_pkg
[22.629s] -- Install configuration: ""
[22.629s] -- Installing: /home/ubuntu/桌面/RM26/install/recive_pkg/lib/recive_pkg/recive_pkg
[22.643s] -- Set runtime path of "/home/ubuntu/桌面/RM26/install/recive_pkg/lib/recive_pkg/recive_pkg" to ""
[22.643s] -- Up-to-date: /home/ubuntu/桌面/RM26/install/recive_pkg/share/ament_index/resource_index/package_run_dependencies/recive_pkg
[22.643s] -- Up-to-date: /home/ubuntu/桌面/RM26/install/recive_pkg/share/ament_index/resource_index/parent_prefix_path/recive_pkg
[22.643s] -- Up-to-date: /home/ubuntu/桌面/RM26/install/recive_pkg/share/recive_pkg/environment/ament_prefix_path.sh
[22.643s] -- Up-to-date: /home/ubuntu/桌面/RM26/install/recive_pkg/share/recive_pkg/environment/ament_prefix_path.dsv
[22.645s] -- Up-to-date: /home/ubuntu/桌面/RM26/install/recive_pkg/share/recive_pkg/environment/path.sh
[22.645s] -- Up-to-date: /home/ubuntu/桌面/RM26/install/recive_pkg/share/recive_pkg/environment/path.dsv
[22.646s] -- Up-to-date: /home/ubuntu/桌面/RM26/install/recive_pkg/share/recive_pkg/local_setup.bash
[22.646s] -- Up-to-date: /home/ubuntu/桌面/RM26/install/recive_pkg/share/recive_pkg/local_setup.sh
[22.646s] -- Up-to-date: /home/ubuntu/桌面/RM26/install/recive_pkg/share/recive_pkg/local_setup.zsh
[22.646s] -- Up-to-date: /home/ubuntu/桌面/RM26/install/recive_pkg/share/recive_pkg/local_setup.dsv
[22.646s] -- Installing: /home/ubuntu/桌面/RM26/install/recive_pkg/share/recive_pkg/package.dsv
[22.646s] -- Up-to-date: /home/ubuntu/桌面/RM26/install/recive_pkg/share/ament_index/resource_index/packages/recive_pkg
[22.646s] -- Up-to-date: /home/ubuntu/桌面/RM26/install/recive_pkg/share/recive_pkg/cmake/recive_pkgConfig.cmake
[22.646s] -- Up-to-date: /home/ubuntu/桌面/RM26/install/recive_pkg/share/recive_pkg/cmake/recive_pkgConfig-version.cmake
[22.646s] -- Up-to-date: /home/ubuntu/桌面/RM26/install/recive_pkg/share/recive_pkg/package.xml
[22.647s] Invoked command in '/home/ubuntu/桌面/RM26/build/recive_pkg' returned '0': CMAKE_PREFIX_PATH=/opt/ros/humble /usr/bin/cmake --install /home/ubuntu/桌面/RM26/build/recive_pkg
