[0.007s] Invoking command in '/home/ubuntu/桌面/RM26_ROS2PKG/build/recive_pkg': CMAKE_PREFIX_PATH=/opt/ros/humble /usr/bin/cmake --build /home/ubuntu/桌面/RM26_ROS2PKG/build/recive_pkg -- -j14 -l14
[0.054s] Consolidate compiler generated dependencies of target recive_pkg
[0.067s] [  9%] Building CXX object CMakeFiles/recive_pkg.dir/src/image_subscirber_node.cpp.o
[0.067s] [ 18%] Building CXX object CMakeFiles/recive_pkg.dir/main.cpp.o
[6.445s] [ 27%] Linking CXX executable recive_pkg
[7.169s] [100%] Built target recive_pkg
[7.185s] Invoked command in '/home/ubuntu/桌面/RM26_ROS2PKG/build/recive_pkg' returned '0': CMAKE_PREFIX_PATH=/opt/ros/humble /usr/bin/cmake --build /home/ubuntu/桌面/RM26_ROS2PKG/build/recive_pkg -- -j14 -l14
[7.199s] Invoking command in '/home/ubuntu/桌面/RM26_ROS2PKG/build/recive_pkg': CMAKE_PREFIX_PATH=/opt/ros/humble /usr/bin/cmake --install /home/ubuntu/桌面/RM26_ROS2PKG/build/recive_pkg
[7.209s] -- Install configuration: ""
[7.210s] -- Installing: /home/ubuntu/桌面/RM26_ROS2PKG/install/recive_pkg/lib/recive_pkg/recive_pkg
[7.218s] -- Set runtime path of "/home/ubuntu/桌面/RM26_ROS2PKG/install/recive_pkg/lib/recive_pkg/recive_pkg" to ""
[7.218s] -- Up-to-date: /home/ubuntu/桌面/RM26_ROS2PKG/install/recive_pkg/share/ament_index/resource_index/package_run_dependencies/recive_pkg
[7.218s] -- Up-to-date: /home/ubuntu/桌面/RM26_ROS2PKG/install/recive_pkg/share/ament_index/resource_index/parent_prefix_path/recive_pkg
[7.218s] -- Up-to-date: /home/ubuntu/桌面/RM26_ROS2PKG/install/recive_pkg/share/recive_pkg/environment/ament_prefix_path.sh
[7.218s] -- Up-to-date: /home/ubuntu/桌面/RM26_ROS2PKG/install/recive_pkg/share/recive_pkg/environment/ament_prefix_path.dsv
[7.218s] -- Up-to-date: /home/ubuntu/桌面/RM26_ROS2PKG/install/recive_pkg/share/recive_pkg/environment/path.sh
[7.218s] -- Up-to-date: /home/ubuntu/桌面/RM26_ROS2PKG/install/recive_pkg/share/recive_pkg/environment/path.dsv
[7.218s] -- Up-to-date: /home/ubuntu/桌面/RM26_ROS2PKG/install/recive_pkg/share/recive_pkg/local_setup.bash
[7.218s] -- Up-to-date: /home/ubuntu/桌面/RM26_ROS2PKG/install/recive_pkg/share/recive_pkg/local_setup.sh
[7.219s] -- Up-to-date: /home/ubuntu/桌面/RM26_ROS2PKG/install/recive_pkg/share/recive_pkg/local_setup.zsh
[7.220s] -- Up-to-date: /home/ubuntu/桌面/RM26_ROS2PKG/install/recive_pkg/share/recive_pkg/local_setup.dsv
[7.220s] -- Installing: /home/ubuntu/桌面/RM26_ROS2PKG/install/recive_pkg/share/recive_pkg/package.dsv
[7.220s] -- Up-to-date: /home/ubuntu/桌面/RM26_ROS2PKG/install/recive_pkg/share/ament_index/resource_index/packages/recive_pkg
[7.220s] -- Up-to-date: /home/ubuntu/桌面/RM26_ROS2PKG/install/recive_pkg/share/recive_pkg/cmake/recive_pkgConfig.cmake
[7.220s] -- Up-to-date: /home/ubuntu/桌面/RM26_ROS2PKG/install/recive_pkg/share/recive_pkg/cmake/recive_pkgConfig-version.cmake
[7.220s] -- Up-to-date: /home/ubuntu/桌面/RM26_ROS2PKG/install/recive_pkg/share/recive_pkg/package.xml
[7.221s] Invoked command in '/home/ubuntu/桌面/RM26_ROS2PKG/build/recive_pkg' returned '0': CMAKE_PREFIX_PATH=/opt/ros/humble /usr/bin/cmake --install /home/ubuntu/桌面/RM26_ROS2PKG/build/recive_pkg
